[1.909s] Invoking command in '/home/orhan/ros2_ws/src/py_srvcli': PYTHONPATH=/home/orhan/ros2_ws/build/py_srvcli/prefix_override:/usr/lib/python3/dist-packages/colcon_core/task/python/colcon_distutils_commands:/home/orhan/ros2_ws/install/py_srvcli/lib/python3.8/site-packages:${PYTHONPATH} /usr/bin/python3 -W ignore:setup.py install is deprecated -W ignore:easy_install command is deprecated setup.py egg_info --egg-base ../../build/py_srvcli build --build-base /home/orhan/ros2_ws/build/py_srvcli/build install --record /home/orhan/ros2_ws/build/py_srvcli/install.log --install-scripts $base/lib/py_srvcli --single-version-externally-managed install_data
[2.388s] running egg_info
[2.392s] writing ../../build/py_srvcli/py_srvcli.egg-info/PKG-INFO
[2.393s] writing dependency_links to ../../build/py_srvcli/py_srvcli.egg-info/dependency_links.txt
[2.393s] writing entry points to ../../build/py_srvcli/py_srvcli.egg-info/entry_points.txt
[2.393s] writing requirements to ../../build/py_srvcli/py_srvcli.egg-info/requires.txt
[2.394s] writing top-level names to ../../build/py_srvcli/py_srvcli.egg-info/top_level.txt
[2.446s] reading manifest file '../../build/py_srvcli/py_srvcli.egg-info/SOURCES.txt'
[2.448s] writing manifest file '../../build/py_srvcli/py_srvcli.egg-info/SOURCES.txt'
[2.448s] running build
[2.448s] running build_py
[2.449s] running install
[2.451s] running install_lib
[2.453s] running install_data
[2.453s] running install_egg_info
[2.456s] removing '/home/orhan/ros2_ws/install/py_srvcli/lib/python3.8/site-packages/py_srvcli-0.0.0-py3.8.egg-info' (and everything under it)
[2.457s] Copying ../../build/py_srvcli/py_srvcli.egg-info to /home/orhan/ros2_ws/install/py_srvcli/lib/python3.8/site-packages/py_srvcli-0.0.0-py3.8.egg-info
[2.458s] running install_scripts
[2.505s] Installing client script to /home/orhan/ros2_ws/install/py_srvcli/lib/py_srvcli
[2.505s] Installing service script to /home/orhan/ros2_ws/install/py_srvcli/lib/py_srvcli
[2.506s] writing list of installed files to '/home/orhan/ros2_ws/build/py_srvcli/install.log'
[2.549s] Invoked command in '/home/orhan/ros2_ws/src/py_srvcli' returned '0': PYTHONPATH=/home/orhan/ros2_ws/build/py_srvcli/prefix_override:/usr/lib/python3/dist-packages/colcon_core/task/python/colcon_distutils_commands:/home/orhan/ros2_ws/install/py_srvcli/lib/python3.8/site-packages:${PYTHONPATH} /usr/bin/python3 -W ignore:setup.py install is deprecated -W ignore:easy_install command is deprecated setup.py egg_info --egg-base ../../build/py_srvcli build --build-base /home/orhan/ros2_ws/build/py_srvcli/build install --record /home/orhan/ros2_ws/build/py_srvcli/install.log --install-scripts $base/lib/py_srvcli --single-version-externally-managed install_data
