[0.298s] DEBUG:colcon:Command line arguments: ['/usr/bin/colcon', 'build', '--packages-select', 'bringup']
[0.298s] DEBUG:colcon:Parsed command line arguments: Namespace(allow_overriding=[], ament_cmake_args=None, base_paths=['.'], build_base='build', catkin_cmake_args=None, catkin_skip_building_tests=False, cmake_args=None, cmake_clean_cache=False, cmake_clean_first=False, cmake_force_configure=False, cmake_target=None, cmake_target_skip_unavailable=False, continue_on_error=False, event_handlers=None, executor='parallel', ignore_user_meta=False, install_base='install', log_base=None, log_level=None, main=<bound method BuildVerb.main of <colcon_core.verb.build.BuildVerb object at 0x7fb07b370880>>, merge_install=False, metas=['./colcon.meta'], mixin=None, mixin_files=None, mixin_verb=('build',), packages_above=None, packages_above_and_dependencies=None, packages_above_depth=None, packages_end=None, packages_ignore=None, packages_ignore_regex=None, packages_select=['bringup'], packages_select_build_failed=False, packages_select_by_dep=None, packages_select_regex=None, packages_select_test_failures=False, packages_skip=None, packages_skip_build_finished=False, packages_skip_by_dep=None, packages_skip_regex=None, packages_skip_test_passed=False, packages_skip_up_to=None, packages_start=None, packages_up_to=None, packages_up_to_regex=None, parallel_workers=4, paths=None, symlink_install=False, test_result_base=None, verb_extension=<colcon_core.verb.build.BuildVerb object at 0x7fb07b370880>, verb_name='build', verb_parser=<colcon_mixin.mixin.mixin_argument.MixinArgumentDecorator object at 0x7fb07b3000d0>)
[0.558s] Level 1:colcon.colcon_core.package_discovery:discover_packages(colcon_meta) check parameters
[0.558s] Level 1:colcon.colcon_core.package_discovery:discover_packages(recursive) check parameters
[0.558s] Level 1:colcon.colcon_core.package_discovery:discover_packages(ignore) check parameters
[0.558s] Level 1:colcon.colcon_core.package_discovery:discover_packages(path) check parameters
[0.558s] Level 1:colcon.colcon_core.package_discovery:discover_packages(colcon_meta) discover
[0.558s] Level 1:colcon.colcon_core.package_discovery:discover_packages(recursive) discover
[0.558s] INFO:colcon.colcon_core.package_discovery:Crawling recursively for packages in '/home/orhan/ros2_ws'
[0.559s] Level 1:colcon.colcon_core.package_identification:_identify(.) by extensions ['ignore', 'ignore_ament_install']
[0.559s] Level 1:colcon.colcon_core.package_identification:_identify(.) by extension 'ignore'
[0.559s] Level 1:colcon.colcon_core.package_identification:_identify(.) by extension 'ignore_ament_install'
[0.559s] Level 1:colcon.colcon_core.package_identification:_identify(.) by extensions ['colcon_pkg']
[0.559s] Level 1:colcon.colcon_core.package_identification:_identify(.) by extension 'colcon_pkg'
[0.559s] Level 1:colcon.colcon_core.package_identification:_identify(.) by extensions ['colcon_meta']
[0.560s] Level 1:colcon.colcon_core.package_identification:_identify(.) by extension 'colcon_meta'
[0.560s] Level 1:colcon.colcon_core.package_identification:_identify(.) by extensions ['ros']
[0.560s] Level 1:colcon.colcon_core.package_identification:_identify(.) by extension 'ros'
[0.575s] Level 1:colcon.colcon_core.package_identification:_identify(.) by extensions ['cmake', 'python']
[0.576s] Level 1:colcon.colcon_core.package_identification:_identify(.) by extension 'cmake'
[0.576s] Level 1:colcon.colcon_core.package_identification:_identify(.) by extension 'python'
[0.576s] Level 1:colcon.colcon_core.package_identification:_identify(.) by extensions ['python_setup_py']
[0.576s] Level 1:colcon.colcon_core.package_identification:_identify(.) by extension 'python_setup_py'
[0.576s] Level 1:colcon.colcon_core.package_identification:_identify(build) by extensions ['ignore', 'ignore_ament_install']
[0.576s] Level 1:colcon.colcon_core.package_identification:_identify(build) by extension 'ignore'
[0.577s] Level 1:colcon.colcon_core.package_identification:_identify(build) ignored
[0.577s] Level 1:colcon.colcon_core.package_identification:_identify(install) by extensions ['ignore', 'ignore_ament_install']
[0.577s] Level 1:colcon.colcon_core.package_identification:_identify(install) by extension 'ignore'
[0.577s] Level 1:colcon.colcon_core.package_identification:_identify(install) ignored
[0.578s] Level 1:colcon.colcon_core.package_identification:_identify(log) by extensions ['ignore', 'ignore_ament_install']
[0.578s] Level 1:colcon.colcon_core.package_identification:_identify(log) by extension 'ignore'
[0.578s] Level 1:colcon.colcon_core.package_identification:_identify(log) ignored
[0.578s] Level 1:colcon.colcon_core.package_identification:_identify(src) by extensions ['ignore', 'ignore_ament_install']
[0.578s] Level 1:colcon.colcon_core.package_identification:_identify(src) by extension 'ignore'
[0.578s] Level 1:colcon.colcon_core.package_identification:_identify(src) by extension 'ignore_ament_install'
[0.579s] Level 1:colcon.colcon_core.package_identification:_identify(src) by extensions ['colcon_pkg']
[0.579s] Level 1:colcon.colcon_core.package_identification:_identify(src) by extension 'colcon_pkg'
[0.579s] Level 1:colcon.colcon_core.package_identification:_identify(src) by extensions ['colcon_meta']
[0.579s] Level 1:colcon.colcon_core.package_identification:_identify(src) by extension 'colcon_meta'
[0.579s] Level 1:colcon.colcon_core.package_identification:_identify(src) by extensions ['ros']
[0.579s] Level 1:colcon.colcon_core.package_identification:_identify(src) by extension 'ros'
[0.579s] Level 1:colcon.colcon_core.package_identification:_identify(src) by extensions ['cmake', 'python']
[0.579s] Level 1:colcon.colcon_core.package_identification:_identify(src) by extension 'cmake'
[0.579s] Level 1:colcon.colcon_core.package_identification:_identify(src) by extension 'python'
[0.579s] Level 1:colcon.colcon_core.package_identification:_identify(src) by extensions ['python_setup_py']
[0.579s] Level 1:colcon.colcon_core.package_identification:_identify(src) by extension 'python_setup_py'
[0.580s] Level 1:colcon.colcon_core.package_identification:_identify(src/bringup) by extensions ['ignore', 'ignore_ament_install']
[0.580s] Level 1:colcon.colcon_core.package_identification:_identify(src/bringup) by extension 'ignore'
[0.580s] Level 1:colcon.colcon_core.package_identification:_identify(src/bringup) by extension 'ignore_ament_install'
[0.580s] Level 1:colcon.colcon_core.package_identification:_identify(src/bringup) by extensions ['colcon_pkg']
[0.580s] Level 1:colcon.colcon_core.package_identification:_identify(src/bringup) by extension 'colcon_pkg'
[0.580s] Level 1:colcon.colcon_core.package_identification:_identify(src/bringup) by extensions ['colcon_meta']
[0.580s] Level 1:colcon.colcon_core.package_identification:_identify(src/bringup) by extension 'colcon_meta'
[0.580s] Level 1:colcon.colcon_core.package_identification:_identify(src/bringup) by extensions ['ros']
[0.580s] Level 1:colcon.colcon_core.package_identification:_identify(src/bringup) by extension 'ros'
[0.595s] DEBUG:colcon.colcon_core.package_identification:Package 'src/bringup' with type 'ros.ament_cmake' and name 'bringup'
[0.596s] Level 1:colcon.colcon_core.package_identification:_identify(src/cift_sayi) by extensions ['ignore', 'ignore_ament_install']
[0.596s] Level 1:colcon.colcon_core.package_identification:_identify(src/cift_sayi) by extension 'ignore'
[0.596s] Level 1:colcon.colcon_core.package_identification:_identify(src/cift_sayi) by extension 'ignore_ament_install'
[0.596s] Level 1:colcon.colcon_core.package_identification:_identify(src/cift_sayi) by extensions ['colcon_pkg']
[0.596s] Level 1:colcon.colcon_core.package_identification:_identify(src/cift_sayi) by extension 'colcon_pkg'
[0.597s] Level 1:colcon.colcon_core.package_identification:_identify(src/cift_sayi) by extensions ['colcon_meta']
[0.597s] Level 1:colcon.colcon_core.package_identification:_identify(src/cift_sayi) by extension 'colcon_meta'
[0.597s] Level 1:colcon.colcon_core.package_identification:_identify(src/cift_sayi) by extensions ['ros']
[0.597s] Level 1:colcon.colcon_core.package_identification:_identify(src/cift_sayi) by extension 'ros'
[0.598s] DEBUG:colcon.colcon_core.package_identification:Package 'src/cift_sayi' with type 'ros.ament_python' and name 'cift_sayi'
[0.598s] Level 1:colcon.colcon_core.package_identification:_identify(src/custom_interfaces) by extensions ['ignore', 'ignore_ament_install']
[0.598s] Level 1:colcon.colcon_core.package_identification:_identify(src/custom_interfaces) by extension 'ignore'
[0.598s] Level 1:colcon.colcon_core.package_identification:_identify(src/custom_interfaces) by extension 'ignore_ament_install'
[0.598s] Level 1:colcon.colcon_core.package_identification:_identify(src/custom_interfaces) by extensions ['colcon_pkg']
[0.598s] Level 1:colcon.colcon_core.package_identification:_identify(src/custom_interfaces) by extension 'colcon_pkg'
[0.599s] Level 1:colcon.colcon_core.package_identification:_identify(src/custom_interfaces) by extensions ['colcon_meta']
[0.599s] Level 1:colcon.colcon_core.package_identification:_identify(src/custom_interfaces) by extension 'colcon_meta'
[0.599s] Level 1:colcon.colcon_core.package_identification:_identify(src/custom_interfaces) by extensions ['ros']
[0.599s] Level 1:colcon.colcon_core.package_identification:_identify(src/custom_interfaces) by extension 'ros'
[0.600s] DEBUG:colcon.colcon_core.package_identification:Package 'src/custom_interfaces' with type 'ros.ament_cmake' and name 'custom_interfaces'
[0.600s] Level 1:colcon.colcon_core.package_identification:_identify(src/ros_tutorials) by extensions ['ignore', 'ignore_ament_install']
[0.600s] Level 1:colcon.colcon_core.package_identification:_identify(src/ros_tutorials) by extension 'ignore'
[0.600s] Level 1:colcon.colcon_core.package_identification:_identify(src/ros_tutorials) by extension 'ignore_ament_install'
[0.600s] Level 1:colcon.colcon_core.package_identification:_identify(src/ros_tutorials) by extensions ['colcon_pkg']
[0.600s] Level 1:colcon.colcon_core.package_identification:_identify(src/ros_tutorials) by extension 'colcon_pkg'
[0.600s] Level 1:colcon.colcon_core.package_identification:_identify(src/ros_tutorials) by extensions ['colcon_meta']
[0.601s] Level 1:colcon.colcon_core.package_identification:_identify(src/ros_tutorials) by extension 'colcon_meta'
[0.601s] Level 1:colcon.colcon_core.package_identification:_identify(src/ros_tutorials) by extensions ['ros']
[0.601s] Level 1:colcon.colcon_core.package_identification:_identify(src/ros_tutorials) by extension 'ros'
[0.601s] Level 1:colcon.colcon_core.package_identification:_identify(src/ros_tutorials) by extensions ['cmake', 'python']
[0.601s] Level 1:colcon.colcon_core.package_identification:_identify(src/ros_tutorials) by extension 'cmake'
[0.601s] Level 1:colcon.colcon_core.package_identification:_identify(src/ros_tutorials) by extension 'python'
[0.601s] Level 1:colcon.colcon_core.package_identification:_identify(src/ros_tutorials) by extensions ['python_setup_py']
[0.601s] Level 1:colcon.colcon_core.package_identification:_identify(src/ros_tutorials) by extension 'python_setup_py'
[0.601s] Level 1:colcon.colcon_core.package_identification:_identify(src/ros_tutorials/ros_tutorials) by extensions ['ignore', 'ignore_ament_install']
[0.602s] Level 1:colcon.colcon_core.package_identification:_identify(src/ros_tutorials/ros_tutorials) by extension 'ignore'
[0.602s] Level 1:colcon.colcon_core.package_identification:_identify(src/ros_tutorials/ros_tutorials) ignored
[0.602s] Level 1:colcon.colcon_core.package_identification:_identify(src/ros_tutorials/roscpp_tutorials) by extensions ['ignore', 'ignore_ament_install']
[0.602s] Level 1:colcon.colcon_core.package_identification:_identify(src/ros_tutorials/roscpp_tutorials) by extension 'ignore'
[0.602s] Level 1:colcon.colcon_core.package_identification:_identify(src/ros_tutorials/roscpp_tutorials) ignored
[0.602s] Level 1:colcon.colcon_core.package_identification:_identify(src/ros_tutorials/turtlesim) by extensions ['ignore', 'ignore_ament_install']
[0.603s] Level 1:colcon.colcon_core.package_identification:_identify(src/ros_tutorials/turtlesim) by extension 'ignore'
[0.603s] Level 1:colcon.colcon_core.package_identification:_identify(src/ros_tutorials/turtlesim) by extension 'ignore_ament_install'
[0.603s] Level 1:colcon.colcon_core.package_identification:_identify(src/ros_tutorials/turtlesim) by extensions ['colcon_pkg']
[0.603s] Level 1:colcon.colcon_core.package_identification:_identify(src/ros_tutorials/turtlesim) by extension 'colcon_pkg'
[0.603s] Level 1:colcon.colcon_core.package_identification:_identify(src/ros_tutorials/turtlesim) by extensions ['colcon_meta']
[0.603s] Level 1:colcon.colcon_core.package_identification:_identify(src/ros_tutorials/turtlesim) by extension 'colcon_meta'
[0.603s] Level 1:colcon.colcon_core.package_identification:_identify(src/ros_tutorials/turtlesim) by extensions ['ros']
[0.603s] Level 1:colcon.colcon_core.package_identification:_identify(src/ros_tutorials/turtlesim) by extension 'ros'
[0.605s] DEBUG:colcon.colcon_core.package_identification:Package 'src/ros_tutorials/turtlesim' with type 'ros.ament_cmake' and name 'turtlesim'
[0.605s] Level 1:colcon.colcon_core.package_identification:_identify(src/triangle) by extensions ['ignore', 'ignore_ament_install']
[0.605s] Level 1:colcon.colcon_core.package_identification:_identify(src/triangle) by extension 'ignore'
[0.606s] Level 1:colcon.colcon_core.package_identification:_identify(src/triangle) by extension 'ignore_ament_install'
[0.606s] Level 1:colcon.colcon_core.package_identification:_identify(src/triangle) by extensions ['colcon_pkg']
[0.606s] Level 1:colcon.colcon_core.package_identification:_identify(src/triangle) by extension 'colcon_pkg'
[0.606s] Level 1:colcon.colcon_core.package_identification:_identify(src/triangle) by extensions ['colcon_meta']
[0.606s] Level 1:colcon.colcon_core.package_identification:_identify(src/triangle) by extension 'colcon_meta'
[0.606s] Level 1:colcon.colcon_core.package_identification:_identify(src/triangle) by extensions ['ros']
[0.606s] Level 1:colcon.colcon_core.package_identification:_identify(src/triangle) by extension 'ros'
[0.607s] DEBUG:colcon.colcon_core.package_identification:Package 'src/triangle' with type 'ros.ament_python' and name 'triangle'
[0.607s] Level 1:colcon.colcon_core.package_discovery:discover_packages(recursive) using defaults
[0.607s] Level 1:colcon.colcon_core.package_discovery:discover_packages(ignore) discover
[0.607s] Level 1:colcon.colcon_core.package_discovery:discover_packages(ignore) using defaults
[0.607s] Level 1:colcon.colcon_core.package_discovery:discover_packages(path) discover
[0.607s] Level 1:colcon.colcon_core.package_discovery:discover_packages(path) using defaults
[0.632s] INFO:colcon.colcon_core.package_selection:Skipping not selected package 'cift_sayi' in 'src/cift_sayi'
[0.632s] INFO:colcon.colcon_core.package_selection:Skipping not selected package 'custom_interfaces' in 'src/custom_interfaces'
[0.632s] INFO:colcon.colcon_core.package_selection:Skipping not selected package 'turtlesim' in 'src/ros_tutorials/turtlesim'
[0.632s] INFO:colcon.colcon_core.package_selection:Skipping not selected package 'triangle' in 'src/triangle'
[0.633s] Level 1:colcon.colcon_core.package_discovery:discover_packages(prefix_path) check parameters
[0.633s] Level 1:colcon.colcon_core.package_discovery:discover_packages(prefix_path) discover
[0.638s] DEBUG:colcon.colcon_installed_package_information.package_discovery:Found 27 installed packages in /home/orhan/ros2_ws/install
[0.639s] DEBUG:colcon.colcon_installed_package_information.package_discovery:Found 5 installed packages in /home/orhan/udemy_ros/install
[0.641s] DEBUG:colcon.colcon_installed_package_information.package_discovery:Found 263 installed packages in /opt/ros/foxy
[0.644s] Level 1:colcon.colcon_core.package_discovery:discover_packages(prefix_path) using defaults
[0.737s] Level 5:colcon.colcon_core.verb:set package 'bringup' build argument 'cmake_args' from command line to 'None'
[0.737s] Level 5:colcon.colcon_core.verb:set package 'bringup' build argument 'cmake_target' from command line to 'None'
[0.737s] Level 5:colcon.colcon_core.verb:set package 'bringup' build argument 'cmake_target_skip_unavailable' from command line to 'False'
[0.737s] Level 5:colcon.colcon_core.verb:set package 'bringup' build argument 'cmake_clean_cache' from command line to 'False'
[0.737s] Level 5:colcon.colcon_core.verb:set package 'bringup' build argument 'cmake_clean_first' from command line to 'False'
[0.737s] Level 5:colcon.colcon_core.verb:set package 'bringup' build argument 'cmake_force_configure' from command line to 'False'
[0.738s] Level 5:colcon.colcon_core.verb:set package 'bringup' build argument 'ament_cmake_args' from command line to 'None'
[0.738s] Level 5:colcon.colcon_core.verb:set package 'bringup' build argument 'catkin_cmake_args' from command line to 'None'
[0.738s] Level 5:colcon.colcon_core.verb:set package 'bringup' build argument 'catkin_skip_building_tests' from command line to 'False'
[0.738s] DEBUG:colcon.colcon_core.verb:Building package 'bringup' with the following arguments: {'ament_cmake_args': None, 'build_base': '/home/orhan/ros2_ws/build/bringup', 'catkin_cmake_args': None, 'catkin_skip_building_tests': False, 'cmake_args': None, 'cmake_clean_cache': False, 'cmake_clean_first': False, 'cmake_force_configure': False, 'cmake_target': None, 'cmake_target_skip_unavailable': False, 'install_base': '/home/orhan/ros2_ws/install/bringup', 'merge_install': False, 'path': '/home/orhan/ros2_ws/src/bringup', 'symlink_install': False, 'test_result_base': None}
[0.738s] INFO:colcon.colcon_core.executor:Executing jobs using 'parallel' executor
[0.740s] DEBUG:colcon.colcon_parallel_executor.executor.parallel:run_until_complete
[0.740s] INFO:colcon.colcon_ros.task.ament_cmake.build:Building ROS package in '/home/orhan/ros2_ws/src/bringup' with build type 'ament_cmake'
[0.740s] INFO:colcon.colcon_cmake.task.cmake.build:Building CMake package in '/home/orhan/ros2_ws/src/bringup'
[0.744s] INFO:colcon.colcon_core.plugin_system:Skipping extension 'colcon_core.shell.bat': Not used on non-Windows systems
[0.745s] INFO:colcon.colcon_core.shell:Skip shell extension 'powershell' for command environment: Not usable outside of PowerShell
[0.745s] DEBUG:colcon.colcon_core.shell:Skip shell extension 'dsv' for command environment
[0.777s] DEBUG:colcon.colcon_core.event_handler.log_command:Invoking command in '/home/orhan/ros2_ws/build/bringup': AMENT_PREFIX_PATH=/home/orhan/ros2_ws/install/triangle:/home/orhan/ros2_ws/install/cift_sayi:/home/orhan/ros2_ws/install/tti_deneme:/home/orhan/ros2_ws/install/tutorial_interfaces:/home/orhan/ros2_ws/install/turtlesim:/home/orhan/ros2_ws/install/bringup:/home/orhan/ros2_ws/install/py_srvcli:/home/orhan/ros2_ws/install/more_interfaces:/home/orhan/ros2_ws/install/iki:/home/orhan/ros2_ws/install/first_package:/home/orhan/ros2_ws/install/examples_rclpy_minimal_subscriber:/home/orhan/ros2_ws/install/examples_rclpy_minimal_service:/home/orhan/ros2_ws/install/examples_rclpy_minimal_publisher:/home/orhan/ros2_ws/install/examples_rclpy_minimal_client:/home/orhan/ros2_ws/install/examples_rclpy_minimal_action_server:/home/orhan/ros2_ws/install/examples_rclpy_minimal_action_client:/home/orhan/ros2_ws/install/examples_rclpy_executors:/home/orhan/ros2_ws/install/examples_rclcpp_multithreaded_executor:/home/orhan/ros2_ws/install/examples_rclcpp_minimal_timer:/home/orhan/ros2_ws/install/examples_rclcpp_minimal_subscriber:/home/orhan/ros2_ws/install/examples_rclcpp_minimal_service:/home/orhan/ros2_ws/install/examples_rclcpp_minimal_publisher:/home/orhan/ros2_ws/install/examples_rclcpp_minimal_composition:/home/orhan/ros2_ws/install/examples_rclcpp_minimal_client:/home/orhan/ros2_ws/install/examples_rclcpp_minimal_action_server:/home/orhan/ros2_ws/install/examples_rclcpp_minimal_action_client:/home/orhan/ros2_ws/install/custom_interfaces:/home/orhan/udemy_ros/install/rand_two_int:/home/orhan/udemy_ros/install/simple_interfaces:/home/orhan/udemy_ros/install/bringup:/home/orhan/udemy_ros/install/py_deneme:/home/orhan/udemy_ros/install/add_two_ints_srv:/opt/ros/foxy CMAKE_PREFIX_PATH=/home/orhan/ros2_ws/install/custom_interfaces:/home/orhan/ros2_ws/install/tutorial_interfaces:/home/orhan/ros2_ws/install/turtlesim:/home/orhan/ros2_ws/install/bringup:/home/orhan/ros2_ws/install/more_interfaces:/home/orhan/ros2_ws/install/examples_rclcpp_multithreaded_executor:/home/orhan/ros2_ws/install/examples_rclcpp_minimal_timer:/home/orhan/ros2_ws/install/examples_rclcpp_minimal_subscriber:/home/orhan/ros2_ws/install/examples_rclcpp_minimal_service:/home/orhan/ros2_ws/install/examples_rclcpp_minimal_publisher:/home/orhan/ros2_ws/install/examples_rclcpp_minimal_composition:/home/orhan/ros2_ws/install/examples_rclcpp_minimal_client:/home/orhan/ros2_ws/install/examples_rclcpp_minimal_action_server:/home/orhan/ros2_ws/install/examples_rclcpp_minimal_action_client:/home/orhan/udemy_ros/install/simple_interfaces:/home/orhan/udemy_ros/install/bringup:/home/orhan/ros2_ws/install/tti_deneme:/home/orhan/ros2_ws/install/triangle:/home/orhan/ros2_ws/install/py_srvcli:/home/orhan/ros2_ws/install/iki:/home/orhan/ros2_ws/install/first_package:/home/orhan/ros2_ws/install/examples_rclpy_minimal_subscriber:/home/orhan/ros2_ws/install/examples_rclpy_minimal_service:/home/orhan/ros2_ws/install/examples_rclpy_minimal_publisher:/home/orhan/ros2_ws/install/examples_rclpy_minimal_client:/home/orhan/ros2_ws/install/examples_rclpy_minimal_action_server:/home/orhan/ros2_ws/install/examples_rclpy_minimal_action_client:/home/orhan/ros2_ws/install/examples_rclpy_executors:/home/orhan/ros2_ws/install/cift_sayi:/home/orhan/udemy_ros/install/rand_two_int:/home/orhan/udemy_ros/install/py_deneme:/home/orhan/udemy_ros/install/add_two_ints_srv:/opt/ros/foxy LD_LIBRARY_PATH=/home/orhan/ros2_ws/install/custom_interfaces/lib:/home/orhan/ros2_ws/install/tutorial_interfaces/lib:/home/orhan/ros2_ws/install/turtlesim/lib:/home/orhan/ros2_ws/install/examples_rclcpp_minimal_composition/lib:/home/orhan/udemy_ros/install/simple_interfaces/lib:/opt/ros/foxy/opt/yaml_cpp_vendor/lib:/opt/ros/foxy/opt/rviz_ogre_vendor/lib:/opt/ros/foxy/lib/x86_64-linux-gnu:/opt/ros/foxy/lib PYTHONPATH=/home/orhan/ros2_ws/install/triangle/lib/python3.8/site-packages:/home/orhan/ros2_ws/install/custom_interfaces/lib/python3.8/site-packages:/home/orhan/ros2_ws/install/cift_sayi/lib/python3.8/site-packages:/home/orhan/ros2_ws/install/tti_deneme/lib/python3.8/site-packages:/home/orhan/ros2_ws/install/tutorial_interfaces/lib/python3.8/site-packages:/home/orhan/ros2_ws/install/turtlesim/lib/python3.8/site-packages:/home/orhan/ros2_ws/install/py_srvcli/lib/python3.8/site-packages:/home/orhan/ros2_ws/install/iki/lib/python3.8/site-packages:/home/orhan/ros2_ws/install/first_package/lib/python3.8/site-packages:/home/orhan/ros2_ws/install/examples_rclpy_minimal_subscriber/lib/python3.8/site-packages:/home/orhan/ros2_ws/install/examples_rclpy_minimal_service/lib/python3.8/site-packages:/home/orhan/ros2_ws/install/examples_rclpy_minimal_publisher/lib/python3.8/site-packages:/home/orhan/ros2_ws/install/examples_rclpy_minimal_client/lib/python3.8/site-packages:/home/orhan/ros2_ws/install/examples_rclpy_minimal_action_server/lib/python3.8/site-packages:/home/orhan/ros2_ws/install/examples_rclpy_minimal_action_client/lib/python3.8/site-packages:/home/orhan/ros2_ws/install/examples_rclpy_executors/lib/python3.8/site-packages:/home/orhan/udemy_ros/install/rand_two_int/lib/python3.8/site-packages:/home/orhan/udemy_ros/install/simple_interfaces/lib/python3.8/site-packages:/home/orhan/udemy_ros/install/py_deneme/lib/python3.8/site-packages:/home/orhan/udemy_ros/install/add_two_ints_srv/lib/python3.8/site-packages:/opt/ros/foxy/lib/python3.8/site-packages /usr/bin/cmake --build /home/orhan/ros2_ws/build/bringup -- -j4 -l4
[0.835s] DEBUG:colcon.colcon_core.event_handler.log_command:Invoked command in '/home/orhan/ros2_ws/build/bringup' returned '0': AMENT_PREFIX_PATH=/home/orhan/ros2_ws/install/triangle:/home/orhan/ros2_ws/install/cift_sayi:/home/orhan/ros2_ws/install/tti_deneme:/home/orhan/ros2_ws/install/tutorial_interfaces:/home/orhan/ros2_ws/install/turtlesim:/home/orhan/ros2_ws/install/bringup:/home/orhan/ros2_ws/install/py_srvcli:/home/orhan/ros2_ws/install/more_interfaces:/home/orhan/ros2_ws/install/iki:/home/orhan/ros2_ws/install/first_package:/home/orhan/ros2_ws/install/examples_rclpy_minimal_subscriber:/home/orhan/ros2_ws/install/examples_rclpy_minimal_service:/home/orhan/ros2_ws/install/examples_rclpy_minimal_publisher:/home/orhan/ros2_ws/install/examples_rclpy_minimal_client:/home/orhan/ros2_ws/install/examples_rclpy_minimal_action_server:/home/orhan/ros2_ws/install/examples_rclpy_minimal_action_client:/home/orhan/ros2_ws/install/examples_rclpy_executors:/home/orhan/ros2_ws/install/examples_rclcpp_multithreaded_executor:/home/orhan/ros2_ws/install/examples_rclcpp_minimal_timer:/home/orhan/ros2_ws/install/examples_rclcpp_minimal_subscriber:/home/orhan/ros2_ws/install/examples_rclcpp_minimal_service:/home/orhan/ros2_ws/install/examples_rclcpp_minimal_publisher:/home/orhan/ros2_ws/install/examples_rclcpp_minimal_composition:/home/orhan/ros2_ws/install/examples_rclcpp_minimal_client:/home/orhan/ros2_ws/install/examples_rclcpp_minimal_action_server:/home/orhan/ros2_ws/install/examples_rclcpp_minimal_action_client:/home/orhan/ros2_ws/install/custom_interfaces:/home/orhan/udemy_ros/install/rand_two_int:/home/orhan/udemy_ros/install/simple_interfaces:/home/orhan/udemy_ros/install/bringup:/home/orhan/udemy_ros/install/py_deneme:/home/orhan/udemy_ros/install/add_two_ints_srv:/opt/ros/foxy CMAKE_PREFIX_PATH=/home/orhan/ros2_ws/install/custom_interfaces:/home/orhan/ros2_ws/install/tutorial_interfaces:/home/orhan/ros2_ws/install/turtlesim:/home/orhan/ros2_ws/install/bringup:/home/orhan/ros2_ws/install/more_interfaces:/home/orhan/ros2_ws/install/examples_rclcpp_multithreaded_executor:/home/orhan/ros2_ws/install/examples_rclcpp_minimal_timer:/home/orhan/ros2_ws/install/examples_rclcpp_minimal_subscriber:/home/orhan/ros2_ws/install/examples_rclcpp_minimal_service:/home/orhan/ros2_ws/install/examples_rclcpp_minimal_publisher:/home/orhan/ros2_ws/install/examples_rclcpp_minimal_composition:/home/orhan/ros2_ws/install/examples_rclcpp_minimal_client:/home/orhan/ros2_ws/install/examples_rclcpp_minimal_action_server:/home/orhan/ros2_ws/install/examples_rclcpp_minimal_action_client:/home/orhan/udemy_ros/install/simple_interfaces:/home/orhan/udemy_ros/install/bringup:/home/orhan/ros2_ws/install/tti_deneme:/home/orhan/ros2_ws/install/triangle:/home/orhan/ros2_ws/install/py_srvcli:/home/orhan/ros2_ws/install/iki:/home/orhan/ros2_ws/install/first_package:/home/orhan/ros2_ws/install/examples_rclpy_minimal_subscriber:/home/orhan/ros2_ws/install/examples_rclpy_minimal_service:/home/orhan/ros2_ws/install/examples_rclpy_minimal_publisher:/home/orhan/ros2_ws/install/examples_rclpy_minimal_client:/home/orhan/ros2_ws/install/examples_rclpy_minimal_action_server:/home/orhan/ros2_ws/install/examples_rclpy_minimal_action_client:/home/orhan/ros2_ws/install/examples_rclpy_executors:/home/orhan/ros2_ws/install/cift_sayi:/home/orhan/udemy_ros/install/rand_two_int:/home/orhan/udemy_ros/install/py_deneme:/home/orhan/udemy_ros/install/add_two_ints_srv:/opt/ros/foxy LD_LIBRARY_PATH=/home/orhan/ros2_ws/install/custom_interfaces/lib:/home/orhan/ros2_ws/install/tutorial_interfaces/lib:/home/orhan/ros2_ws/install/turtlesim/lib:/home/orhan/ros2_ws/install/examples_rclcpp_minimal_composition/lib:/home/orhan/udemy_ros/install/simple_interfaces/lib:/opt/ros/foxy/opt/yaml_cpp_vendor/lib:/opt/ros/foxy/opt/rviz_ogre_vendor/lib:/opt/ros/foxy/lib/x86_64-linux-gnu:/opt/ros/foxy/lib PYTHONPATH=/home/orhan/ros2_ws/install/triangle/lib/python3.8/site-packages:/home/orhan/ros2_ws/install/custom_interfaces/lib/python3.8/site-packages:/home/orhan/ros2_ws/install/cift_sayi/lib/python3.8/site-packages:/home/orhan/ros2_ws/install/tti_deneme/lib/python3.8/site-packages:/home/orhan/ros2_ws/install/tutorial_interfaces/lib/python3.8/site-packages:/home/orhan/ros2_ws/install/turtlesim/lib/python3.8/site-packages:/home/orhan/ros2_ws/install/py_srvcli/lib/python3.8/site-packages:/home/orhan/ros2_ws/install/iki/lib/python3.8/site-packages:/home/orhan/ros2_ws/install/first_package/lib/python3.8/site-packages:/home/orhan/ros2_ws/install/examples_rclpy_minimal_subscriber/lib/python3.8/site-packages:/home/orhan/ros2_ws/install/examples_rclpy_minimal_service/lib/python3.8/site-packages:/home/orhan/ros2_ws/install/examples_rclpy_minimal_publisher/lib/python3.8/site-packages:/home/orhan/ros2_ws/install/examples_rclpy_minimal_client/lib/python3.8/site-packages:/home/orhan/ros2_ws/install/examples_rclpy_minimal_action_server/lib/python3.8/site-packages:/home/orhan/ros2_ws/install/examples_rclpy_minimal_action_client/lib/python3.8/site-packages:/home/orhan/ros2_ws/install/examples_rclpy_executors/lib/python3.8/site-packages:/home/orhan/udemy_ros/install/rand_two_int/lib/python3.8/site-packages:/home/orhan/udemy_ros/install/simple_interfaces/lib/python3.8/site-packages:/home/orhan/udemy_ros/install/py_deneme/lib/python3.8/site-packages:/home/orhan/udemy_ros/install/add_two_ints_srv/lib/python3.8/site-packages:/opt/ros/foxy/lib/python3.8/site-packages /usr/bin/cmake --build /home/orhan/ros2_ws/build/bringup -- -j4 -l4
[0.856s] DEBUG:colcon.colcon_core.event_handler.log_command:Invoking command in '/home/orhan/ros2_ws/build/bringup': AMENT_PREFIX_PATH=/home/orhan/ros2_ws/install/triangle:/home/orhan/ros2_ws/install/cift_sayi:/home/orhan/ros2_ws/install/tti_deneme:/home/orhan/ros2_ws/install/tutorial_interfaces:/home/orhan/ros2_ws/install/turtlesim:/home/orhan/ros2_ws/install/bringup:/home/orhan/ros2_ws/install/py_srvcli:/home/orhan/ros2_ws/install/more_interfaces:/home/orhan/ros2_ws/install/iki:/home/orhan/ros2_ws/install/first_package:/home/orhan/ros2_ws/install/examples_rclpy_minimal_subscriber:/home/orhan/ros2_ws/install/examples_rclpy_minimal_service:/home/orhan/ros2_ws/install/examples_rclpy_minimal_publisher:/home/orhan/ros2_ws/install/examples_rclpy_minimal_client:/home/orhan/ros2_ws/install/examples_rclpy_minimal_action_server:/home/orhan/ros2_ws/install/examples_rclpy_minimal_action_client:/home/orhan/ros2_ws/install/examples_rclpy_executors:/home/orhan/ros2_ws/install/examples_rclcpp_multithreaded_executor:/home/orhan/ros2_ws/install/examples_rclcpp_minimal_timer:/home/orhan/ros2_ws/install/examples_rclcpp_minimal_subscriber:/home/orhan/ros2_ws/install/examples_rclcpp_minimal_service:/home/orhan/ros2_ws/install/examples_rclcpp_minimal_publisher:/home/orhan/ros2_ws/install/examples_rclcpp_minimal_composition:/home/orhan/ros2_ws/install/examples_rclcpp_minimal_client:/home/orhan/ros2_ws/install/examples_rclcpp_minimal_action_server:/home/orhan/ros2_ws/install/examples_rclcpp_minimal_action_client:/home/orhan/ros2_ws/install/custom_interfaces:/home/orhan/udemy_ros/install/rand_two_int:/home/orhan/udemy_ros/install/simple_interfaces:/home/orhan/udemy_ros/install/bringup:/home/orhan/udemy_ros/install/py_deneme:/home/orhan/udemy_ros/install/add_two_ints_srv:/opt/ros/foxy CMAKE_PREFIX_PATH=/home/orhan/ros2_ws/install/custom_interfaces:/home/orhan/ros2_ws/install/tutorial_interfaces:/home/orhan/ros2_ws/install/turtlesim:/home/orhan/ros2_ws/install/bringup:/home/orhan/ros2_ws/install/more_interfaces:/home/orhan/ros2_ws/install/examples_rclcpp_multithreaded_executor:/home/orhan/ros2_ws/install/examples_rclcpp_minimal_timer:/home/orhan/ros2_ws/install/examples_rclcpp_minimal_subscriber:/home/orhan/ros2_ws/install/examples_rclcpp_minimal_service:/home/orhan/ros2_ws/install/examples_rclcpp_minimal_publisher:/home/orhan/ros2_ws/install/examples_rclcpp_minimal_composition:/home/orhan/ros2_ws/install/examples_rclcpp_minimal_client:/home/orhan/ros2_ws/install/examples_rclcpp_minimal_action_server:/home/orhan/ros2_ws/install/examples_rclcpp_minimal_action_client:/home/orhan/udemy_ros/install/simple_interfaces:/home/orhan/udemy_ros/install/bringup:/home/orhan/ros2_ws/install/tti_deneme:/home/orhan/ros2_ws/install/triangle:/home/orhan/ros2_ws/install/py_srvcli:/home/orhan/ros2_ws/install/iki:/home/orhan/ros2_ws/install/first_package:/home/orhan/ros2_ws/install/examples_rclpy_minimal_subscriber:/home/orhan/ros2_ws/install/examples_rclpy_minimal_service:/home/orhan/ros2_ws/install/examples_rclpy_minimal_publisher:/home/orhan/ros2_ws/install/examples_rclpy_minimal_client:/home/orhan/ros2_ws/install/examples_rclpy_minimal_action_server:/home/orhan/ros2_ws/install/examples_rclpy_minimal_action_client:/home/orhan/ros2_ws/install/examples_rclpy_executors:/home/orhan/ros2_ws/install/cift_sayi:/home/orhan/udemy_ros/install/rand_two_int:/home/orhan/udemy_ros/install/py_deneme:/home/orhan/udemy_ros/install/add_two_ints_srv:/opt/ros/foxy LD_LIBRARY_PATH=/home/orhan/ros2_ws/install/custom_interfaces/lib:/home/orhan/ros2_ws/install/tutorial_interfaces/lib:/home/orhan/ros2_ws/install/turtlesim/lib:/home/orhan/ros2_ws/install/examples_rclcpp_minimal_composition/lib:/home/orhan/udemy_ros/install/simple_interfaces/lib:/opt/ros/foxy/opt/yaml_cpp_vendor/lib:/opt/ros/foxy/opt/rviz_ogre_vendor/lib:/opt/ros/foxy/lib/x86_64-linux-gnu:/opt/ros/foxy/lib PYTHONPATH=/home/orhan/ros2_ws/install/triangle/lib/python3.8/site-packages:/home/orhan/ros2_ws/install/custom_interfaces/lib/python3.8/site-packages:/home/orhan/ros2_ws/install/cift_sayi/lib/python3.8/site-packages:/home/orhan/ros2_ws/install/tti_deneme/lib/python3.8/site-packages:/home/orhan/ros2_ws/install/tutorial_interfaces/lib/python3.8/site-packages:/home/orhan/ros2_ws/install/turtlesim/lib/python3.8/site-packages:/home/orhan/ros2_ws/install/py_srvcli/lib/python3.8/site-packages:/home/orhan/ros2_ws/install/iki/lib/python3.8/site-packages:/home/orhan/ros2_ws/install/first_package/lib/python3.8/site-packages:/home/orhan/ros2_ws/install/examples_rclpy_minimal_subscriber/lib/python3.8/site-packages:/home/orhan/ros2_ws/install/examples_rclpy_minimal_service/lib/python3.8/site-packages:/home/orhan/ros2_ws/install/examples_rclpy_minimal_publisher/lib/python3.8/site-packages:/home/orhan/ros2_ws/install/examples_rclpy_minimal_client/lib/python3.8/site-packages:/home/orhan/ros2_ws/install/examples_rclpy_minimal_action_server/lib/python3.8/site-packages:/home/orhan/ros2_ws/install/examples_rclpy_minimal_action_client/lib/python3.8/site-packages:/home/orhan/ros2_ws/install/examples_rclpy_executors/lib/python3.8/site-packages:/home/orhan/udemy_ros/install/rand_two_int/lib/python3.8/site-packages:/home/orhan/udemy_ros/install/simple_interfaces/lib/python3.8/site-packages:/home/orhan/udemy_ros/install/py_deneme/lib/python3.8/site-packages:/home/orhan/udemy_ros/install/add_two_ints_srv/lib/python3.8/site-packages:/opt/ros/foxy/lib/python3.8/site-packages /usr/bin/cmake --install /home/orhan/ros2_ws/build/bringup
[0.878s] Level 1:colcon.colcon_core.environment:create_environment_scripts_only(bringup)
[0.886s] DEBUG:colcon.colcon_core.event_handler.log_command:Invoked command in '/home/orhan/ros2_ws/build/bringup' returned '0': AMENT_PREFIX_PATH=/home/orhan/ros2_ws/install/triangle:/home/orhan/ros2_ws/install/cift_sayi:/home/orhan/ros2_ws/install/tti_deneme:/home/orhan/ros2_ws/install/tutorial_interfaces:/home/orhan/ros2_ws/install/turtlesim:/home/orhan/ros2_ws/install/bringup:/home/orhan/ros2_ws/install/py_srvcli:/home/orhan/ros2_ws/install/more_interfaces:/home/orhan/ros2_ws/install/iki:/home/orhan/ros2_ws/install/first_package:/home/orhan/ros2_ws/install/examples_rclpy_minimal_subscriber:/home/orhan/ros2_ws/install/examples_rclpy_minimal_service:/home/orhan/ros2_ws/install/examples_rclpy_minimal_publisher:/home/orhan/ros2_ws/install/examples_rclpy_minimal_client:/home/orhan/ros2_ws/install/examples_rclpy_minimal_action_server:/home/orhan/ros2_ws/install/examples_rclpy_minimal_action_client:/home/orhan/ros2_ws/install/examples_rclpy_executors:/home/orhan/ros2_ws/install/examples_rclcpp_multithreaded_executor:/home/orhan/ros2_ws/install/examples_rclcpp_minimal_timer:/home/orhan/ros2_ws/install/examples_rclcpp_minimal_subscriber:/home/orhan/ros2_ws/install/examples_rclcpp_minimal_service:/home/orhan/ros2_ws/install/examples_rclcpp_minimal_publisher:/home/orhan/ros2_ws/install/examples_rclcpp_minimal_composition:/home/orhan/ros2_ws/install/examples_rclcpp_minimal_client:/home/orhan/ros2_ws/install/examples_rclcpp_minimal_action_server:/home/orhan/ros2_ws/install/examples_rclcpp_minimal_action_client:/home/orhan/ros2_ws/install/custom_interfaces:/home/orhan/udemy_ros/install/rand_two_int:/home/orhan/udemy_ros/install/simple_interfaces:/home/orhan/udemy_ros/install/bringup:/home/orhan/udemy_ros/install/py_deneme:/home/orhan/udemy_ros/install/add_two_ints_srv:/opt/ros/foxy CMAKE_PREFIX_PATH=/home/orhan/ros2_ws/install/custom_interfaces:/home/orhan/ros2_ws/install/tutorial_interfaces:/home/orhan/ros2_ws/install/turtlesim:/home/orhan/ros2_ws/install/bringup:/home/orhan/ros2_ws/install/more_interfaces:/home/orhan/ros2_ws/install/examples_rclcpp_multithreaded_executor:/home/orhan/ros2_ws/install/examples_rclcpp_minimal_timer:/home/orhan/ros2_ws/install/examples_rclcpp_minimal_subscriber:/home/orhan/ros2_ws/install/examples_rclcpp_minimal_service:/home/orhan/ros2_ws/install/examples_rclcpp_minimal_publisher:/home/orhan/ros2_ws/install/examples_rclcpp_minimal_composition:/home/orhan/ros2_ws/install/examples_rclcpp_minimal_client:/home/orhan/ros2_ws/install/examples_rclcpp_minimal_action_server:/home/orhan/ros2_ws/install/examples_rclcpp_minimal_action_client:/home/orhan/udemy_ros/install/simple_interfaces:/home/orhan/udemy_ros/install/bringup:/home/orhan/ros2_ws/install/tti_deneme:/home/orhan/ros2_ws/install/triangle:/home/orhan/ros2_ws/install/py_srvcli:/home/orhan/ros2_ws/install/iki:/home/orhan/ros2_ws/install/first_package:/home/orhan/ros2_ws/install/examples_rclpy_minimal_subscriber:/home/orhan/ros2_ws/install/examples_rclpy_minimal_service:/home/orhan/ros2_ws/install/examples_rclpy_minimal_publisher:/home/orhan/ros2_ws/install/examples_rclpy_minimal_client:/home/orhan/ros2_ws/install/examples_rclpy_minimal_action_server:/home/orhan/ros2_ws/install/examples_rclpy_minimal_action_client:/home/orhan/ros2_ws/install/examples_rclpy_executors:/home/orhan/ros2_ws/install/cift_sayi:/home/orhan/udemy_ros/install/rand_two_int:/home/orhan/udemy_ros/install/py_deneme:/home/orhan/udemy_ros/install/add_two_ints_srv:/opt/ros/foxy LD_LIBRARY_PATH=/home/orhan/ros2_ws/install/custom_interfaces/lib:/home/orhan/ros2_ws/install/tutorial_interfaces/lib:/home/orhan/ros2_ws/install/turtlesim/lib:/home/orhan/ros2_ws/install/examples_rclcpp_minimal_composition/lib:/home/orhan/udemy_ros/install/simple_interfaces/lib:/opt/ros/foxy/opt/yaml_cpp_vendor/lib:/opt/ros/foxy/opt/rviz_ogre_vendor/lib:/opt/ros/foxy/lib/x86_64-linux-gnu:/opt/ros/foxy/lib PYTHONPATH=/home/orhan/ros2_ws/install/triangle/lib/python3.8/site-packages:/home/orhan/ros2_ws/install/custom_interfaces/lib/python3.8/site-packages:/home/orhan/ros2_ws/install/cift_sayi/lib/python3.8/site-packages:/home/orhan/ros2_ws/install/tti_deneme/lib/python3.8/site-packages:/home/orhan/ros2_ws/install/tutorial_interfaces/lib/python3.8/site-packages:/home/orhan/ros2_ws/install/turtlesim/lib/python3.8/site-packages:/home/orhan/ros2_ws/install/py_srvcli/lib/python3.8/site-packages:/home/orhan/ros2_ws/install/iki/lib/python3.8/site-packages:/home/orhan/ros2_ws/install/first_package/lib/python3.8/site-packages:/home/orhan/ros2_ws/install/examples_rclpy_minimal_subscriber/lib/python3.8/site-packages:/home/orhan/ros2_ws/install/examples_rclpy_minimal_service/lib/python3.8/site-packages:/home/orhan/ros2_ws/install/examples_rclpy_minimal_publisher/lib/python3.8/site-packages:/home/orhan/ros2_ws/install/examples_rclpy_minimal_client/lib/python3.8/site-packages:/home/orhan/ros2_ws/install/examples_rclpy_minimal_action_server/lib/python3.8/site-packages:/home/orhan/ros2_ws/install/examples_rclpy_minimal_action_client/lib/python3.8/site-packages:/home/orhan/ros2_ws/install/examples_rclpy_executors/lib/python3.8/site-packages:/home/orhan/udemy_ros/install/rand_two_int/lib/python3.8/site-packages:/home/orhan/udemy_ros/install/simple_interfaces/lib/python3.8/site-packages:/home/orhan/udemy_ros/install/py_deneme/lib/python3.8/site-packages:/home/orhan/udemy_ros/install/add_two_ints_srv/lib/python3.8/site-packages:/opt/ros/foxy/lib/python3.8/site-packages /usr/bin/cmake --install /home/orhan/ros2_ws/build/bringup
[0.891s] Level 1:colcon.colcon_core.environment:checking '/home/orhan/ros2_ws/install/bringup' for CMake module files
[0.893s] Level 1:colcon.colcon_core.environment:checking '/home/orhan/ros2_ws/install/bringup' for CMake config files
[0.894s] Level 1:colcon.colcon_core.shell:create_environment_hook('bringup', 'cmake_prefix_path')
[0.895s] INFO:colcon.colcon_core.shell:Creating environment hook '/home/orhan/ros2_ws/install/bringup/share/bringup/hook/cmake_prefix_path.ps1'
[0.896s] INFO:colcon.colcon_core.shell:Creating environment descriptor '/home/orhan/ros2_ws/install/bringup/share/bringup/hook/cmake_prefix_path.dsv'
[0.898s] INFO:colcon.colcon_core.shell:Creating environment hook '/home/orhan/ros2_ws/install/bringup/share/bringup/hook/cmake_prefix_path.sh'
[0.900s] Level 1:colcon.colcon_core.environment:checking '/home/orhan/ros2_ws/install/bringup/bin'
[0.901s] Level 1:colcon.colcon_core.environment:checking '/home/orhan/ros2_ws/install/bringup/lib/pkgconfig/bringup.pc'
[0.901s] Level 1:colcon.colcon_core.environment:checking '/home/orhan/ros2_ws/install/bringup/lib/python3.8/site-packages'
[0.902s] Level 1:colcon.colcon_core.environment:checking '/home/orhan/ros2_ws/install/bringup/bin'
[0.903s] INFO:colcon.colcon_core.shell:Creating package script '/home/orhan/ros2_ws/install/bringup/share/bringup/package.ps1'
[0.905s] INFO:colcon.colcon_core.shell:Creating package descriptor '/home/orhan/ros2_ws/install/bringup/share/bringup/package.dsv'
[0.906s] INFO:colcon.colcon_core.shell:Creating package script '/home/orhan/ros2_ws/install/bringup/share/bringup/package.sh'
[0.908s] INFO:colcon.colcon_core.shell:Creating package script '/home/orhan/ros2_ws/install/bringup/share/bringup/package.bash'
[0.910s] INFO:colcon.colcon_core.shell:Creating package script '/home/orhan/ros2_ws/install/bringup/share/bringup/package.zsh'
[0.912s] Level 1:colcon.colcon_core.environment:create_file_with_runtime_dependencies(/home/orhan/ros2_ws/install/bringup/share/colcon-core/packages/bringup)
[0.914s] Level 1:colcon.colcon_core.environment:create_environment_scripts_only(bringup)
[0.914s] Level 1:colcon.colcon_core.environment:checking '/home/orhan/ros2_ws/install/bringup' for CMake module files
[0.916s] Level 1:colcon.colcon_core.environment:checking '/home/orhan/ros2_ws/install/bringup' for CMake config files
[0.916s] Level 1:colcon.colcon_core.shell:create_environment_hook('bringup', 'cmake_prefix_path')
[0.917s] INFO:colcon.colcon_core.shell:Creating environment hook '/home/orhan/ros2_ws/install/bringup/share/bringup/hook/cmake_prefix_path.ps1'
[0.918s] INFO:colcon.colcon_core.shell:Creating environment descriptor '/home/orhan/ros2_ws/install/bringup/share/bringup/hook/cmake_prefix_path.dsv'
[0.919s] INFO:colcon.colcon_core.shell:Creating environment hook '/home/orhan/ros2_ws/install/bringup/share/bringup/hook/cmake_prefix_path.sh'
[0.920s] Level 1:colcon.colcon_core.environment:checking '/home/orhan/ros2_ws/install/bringup/bin'
[0.920s] Level 1:colcon.colcon_core.environment:checking '/home/orhan/ros2_ws/install/bringup/lib/pkgconfig/bringup.pc'
[0.921s] Level 1:colcon.colcon_core.environment:checking '/home/orhan/ros2_ws/install/bringup/lib/python3.8/site-packages'
[0.921s] Level 1:colcon.colcon_core.environment:checking '/home/orhan/ros2_ws/install/bringup/bin'
[0.922s] INFO:colcon.colcon_core.shell:Creating package script '/home/orhan/ros2_ws/install/bringup/share/bringup/package.ps1'
[0.923s] INFO:colcon.colcon_core.shell:Creating package descriptor '/home/orhan/ros2_ws/install/bringup/share/bringup/package.dsv'
[0.925s] INFO:colcon.colcon_core.shell:Creating package script '/home/orhan/ros2_ws/install/bringup/share/bringup/package.sh'
[0.926s] INFO:colcon.colcon_core.shell:Creating package script '/home/orhan/ros2_ws/install/bringup/share/bringup/package.bash'
[0.928s] INFO:colcon.colcon_core.shell:Creating package script '/home/orhan/ros2_ws/install/bringup/share/bringup/package.zsh'
[0.929s] Level 1:colcon.colcon_core.environment:create_file_with_runtime_dependencies(/home/orhan/ros2_ws/install/bringup/share/colcon-core/packages/bringup)
[0.930s] DEBUG:colcon.colcon_parallel_executor.executor.parallel:closing loop
[0.931s] DEBUG:colcon.colcon_parallel_executor.executor.parallel:loop closed
[0.931s] DEBUG:colcon.colcon_parallel_executor.executor.parallel:run_until_complete finished with '0'
[0.932s] DEBUG:colcon.colcon_core.event_reactor:joining thread
[0.959s] INFO:colcon.colcon_core.plugin_system:Skipping extension 'colcon_notification.desktop_notification.terminal_notifier': Not used on non-Darwin systems
[0.959s] INFO:colcon.colcon_core.plugin_system:Skipping extension 'colcon_notification.desktop_notification.win32': Not used on non-Windows systems
[0.959s] INFO:colcon.colcon_notification.desktop_notification:Sending desktop notification using 'notify2'
[0.991s] DEBUG:colcon.colcon_core.event_reactor:joined thread
[0.992s] INFO:colcon.colcon_core.shell:Creating prefix script '/home/orhan/ros2_ws/install/local_setup.ps1'
[0.995s] INFO:colcon.colcon_core.shell:Creating prefix util module '/home/orhan/ros2_ws/install/_local_setup_util_ps1.py'
[0.999s] INFO:colcon.colcon_core.shell:Creating prefix chain script '/home/orhan/ros2_ws/install/setup.ps1'
[1.004s] INFO:colcon.colcon_core.shell:Creating prefix script '/home/orhan/ros2_ws/install/local_setup.sh'
[1.006s] INFO:colcon.colcon_core.shell:Creating prefix util module '/home/orhan/ros2_ws/install/_local_setup_util_sh.py'
[1.007s] INFO:colcon.colcon_core.shell:Creating prefix chain script '/home/orhan/ros2_ws/install/setup.sh'
[1.012s] INFO:colcon.colcon_core.shell:Creating prefix script '/home/orhan/ros2_ws/install/local_setup.bash'
[1.014s] INFO:colcon.colcon_core.shell:Creating prefix chain script '/home/orhan/ros2_ws/install/setup.bash'
[1.021s] INFO:colcon.colcon_core.shell:Creating prefix script '/home/orhan/ros2_ws/install/local_setup.zsh'
[1.023s] INFO:colcon.colcon_core.shell:Creating prefix chain script '/home/orhan/ros2_ws/install/setup.zsh'
