[1.652s] Invoking command in '/home/orhan/ros2_ws/src/examples/rclpy/actions/minimal_action_server': PYTHONPATH=/home/orhan/ros2_ws/build/examples_rclpy_minimal_action_server/prefix_override:/usr/lib/python3/dist-packages/colcon_core/task/python/colcon_distutils_commands:/home/orhan/ros2_ws/install/examples_rclpy_minimal_action_server/lib/python3.8/site-packages:${PYTHONPATH} /usr/bin/python3 -W ignore:setup.py install is deprecated -W ignore:easy_install command is deprecated setup.py egg_info --egg-base ../../../../../build/examples_rclpy_minimal_action_server build --build-base /home/orhan/ros2_ws/build/examples_rclpy_minimal_action_server/build install --record /home/orhan/ros2_ws/build/examples_rclpy_minimal_action_server/install.log --install-scripts $base/lib/examples_rclpy_minimal_action_server --single-version-externally-managed install_data
[2.108s] running egg_info
[2.116s] writing ../../../../../build/examples_rclpy_minimal_action_server/examples_rclpy_minimal_action_server.egg-info/PKG-INFO
[2.117s] writing dependency_links to ../../../../../build/examples_rclpy_minimal_action_server/examples_rclpy_minimal_action_server.egg-info/dependency_links.txt
[2.118s] writing entry points to ../../../../../build/examples_rclpy_minimal_action_server/examples_rclpy_minimal_action_server.egg-info/entry_points.txt
[2.119s] writing requirements to ../../../../../build/examples_rclpy_minimal_action_server/examples_rclpy_minimal_action_server.egg-info/requires.txt
[2.119s] writing top-level names to ../../../../../build/examples_rclpy_minimal_action_server/examples_rclpy_minimal_action_server.egg-info/top_level.txt
[2.226s] reading manifest file '../../../../../build/examples_rclpy_minimal_action_server/examples_rclpy_minimal_action_server.egg-info/SOURCES.txt'
[2.229s] writing manifest file '../../../../../build/examples_rclpy_minimal_action_server/examples_rclpy_minimal_action_server.egg-info/SOURCES.txt'
[2.229s] running build
[2.229s] running build_py
[2.230s] running install
[2.232s] running install_lib
[2.236s] running install_data
[2.237s] running install_egg_info
[2.241s] removing '/home/orhan/ros2_ws/install/examples_rclpy_minimal_action_server/lib/python3.8/site-packages/examples_rclpy_minimal_action_server-0.9.4-py3.8.egg-info' (and everything under it)
[2.242s] Copying ../../../../../build/examples_rclpy_minimal_action_server/examples_rclpy_minimal_action_server.egg-info to /home/orhan/ros2_ws/install/examples_rclpy_minimal_action_server/lib/python3.8/site-packages/examples_rclpy_minimal_action_server-0.9.4-py3.8.egg-info
[2.244s] running install_scripts
[2.286s] Installing server script to /home/orhan/ros2_ws/install/examples_rclpy_minimal_action_server/lib/examples_rclpy_minimal_action_server
[2.286s] Installing server_defer script to /home/orhan/ros2_ws/install/examples_rclpy_minimal_action_server/lib/examples_rclpy_minimal_action_server
[2.287s] Installing server_not_composable script to /home/orhan/ros2_ws/install/examples_rclpy_minimal_action_server/lib/examples_rclpy_minimal_action_server
[2.287s] Installing server_queue_goals script to /home/orhan/ros2_ws/install/examples_rclpy_minimal_action_server/lib/examples_rclpy_minimal_action_server
[2.287s] Installing server_single_goal script to /home/orhan/ros2_ws/install/examples_rclpy_minimal_action_server/lib/examples_rclpy_minimal_action_server
[2.288s] writing list of installed files to '/home/orhan/ros2_ws/build/examples_rclpy_minimal_action_server/install.log'
[2.777s] Invoked command in '/home/orhan/ros2_ws/src/examples/rclpy/actions/minimal_action_server' returned '0': PYTHONPATH=/home/orhan/ros2_ws/build/examples_rclpy_minimal_action_server/prefix_override:/usr/lib/python3/dist-packages/colcon_core/task/python/colcon_distutils_commands:/home/orhan/ros2_ws/install/examples_rclpy_minimal_action_server/lib/python3.8/site-packages:${PYTHONPATH} /usr/bin/python3 -W ignore:setup.py install is deprecated -W ignore:easy_install command is deprecated setup.py egg_info --egg-base ../../../../../build/examples_rclpy_minimal_action_server build --build-base /home/orhan/ros2_ws/build/examples_rclpy_minimal_action_server/build install --record /home/orhan/ros2_ws/build/examples_rclpy_minimal_action_server/install.log --install-scripts $base/lib/examples_rclpy_minimal_action_server --single-version-externally-managed install_data
