[0.038s] Invoking command in '/home/orhan/ros2_ws/build/bringup': AMENT_PREFIX_PATH=/home/orhan/ros2_ws/install/triangle:/home/orhan/ros2_ws/install/turtles:/home/orhan/ros2_ws/install/custom_interfaces:/home/orhan/ros2_ws/install/cift_sayi:${AMENT_PREFIX_PATH} CMAKE_PREFIX_PATH=/home/orhan/ros2_ws/install/custom_interfaces:/opt/ros/foxy LD_LIBRARY_PATH=/home/orhan/ros2_ws/install/custom_interfaces/lib:${LD_LIBRARY_PATH} PYTHONPATH=/home/orhan/ros2_ws/install/triangle/lib/python3.8/site-packages:/home/orhan/ros2_ws/install/turtles/lib/python3.8/site-packages:/home/orhan/ros2_ws/install/custom_interfaces/lib/python3.8/site-packages:/home/orhan/ros2_ws/install/cift_sayi/lib/python3.8/site-packages:${PYTHONPATH} /usr/bin/cmake --build /home/orhan/ros2_ws/build/bringup -- -j4 -l4
[0.114s] -- Found ament_cmake: 0.9.12 (/opt/ros/foxy/share/ament_cmake/cmake)
[0.177s] -- Using PYTHON_EXECUTABLE: /usr/bin/python3
[0.810s] -- Found ament_lint_auto: 0.9.8 (/opt/ros/foxy/share/ament_lint_auto/cmake)
[1.012s] -- Added test 'copyright' to check source files copyright and LICENSE
[1.015s] -- Added test 'flake8' to check Python code syntax and style conventions
[1.017s] -- Added test 'lint_cmake' to check CMake code style
[1.018s] -- Added test 'pep257' to check Python code against some of the style conventions in PEP 257
[1.020s] -- Added test 'xmllint' to check XML markup files
[1.024s] -- Configuring done
[1.032s] -- Generating done
[1.037s] -- Build files have been written to: /home/orhan/ros2_ws/build/bringup
[1.093s] Invoked command in '/home/orhan/ros2_ws/build/bringup' returned '0': AMENT_PREFIX_PATH=/home/orhan/ros2_ws/install/triangle:/home/orhan/ros2_ws/install/turtles:/home/orhan/ros2_ws/install/custom_interfaces:/home/orhan/ros2_ws/install/cift_sayi:${AMENT_PREFIX_PATH} CMAKE_PREFIX_PATH=/home/orhan/ros2_ws/install/custom_interfaces:/opt/ros/foxy LD_LIBRARY_PATH=/home/orhan/ros2_ws/install/custom_interfaces/lib:${LD_LIBRARY_PATH} PYTHONPATH=/home/orhan/ros2_ws/install/triangle/lib/python3.8/site-packages:/home/orhan/ros2_ws/install/turtles/lib/python3.8/site-packages:/home/orhan/ros2_ws/install/custom_interfaces/lib/python3.8/site-packages:/home/orhan/ros2_ws/install/cift_sayi/lib/python3.8/site-packages:${PYTHONPATH} /usr/bin/cmake --build /home/orhan/ros2_ws/build/bringup -- -j4 -l4
[1.098s] Invoking command in '/home/orhan/ros2_ws/build/bringup': AMENT_PREFIX_PATH=/home/orhan/ros2_ws/install/triangle:/home/orhan/ros2_ws/install/turtles:/home/orhan/ros2_ws/install/custom_interfaces:/home/orhan/ros2_ws/install/cift_sayi:${AMENT_PREFIX_PATH} CMAKE_PREFIX_PATH=/home/orhan/ros2_ws/install/custom_interfaces:/opt/ros/foxy LD_LIBRARY_PATH=/home/orhan/ros2_ws/install/custom_interfaces/lib:${LD_LIBRARY_PATH} PYTHONPATH=/home/orhan/ros2_ws/install/triangle/lib/python3.8/site-packages:/home/orhan/ros2_ws/install/turtles/lib/python3.8/site-packages:/home/orhan/ros2_ws/install/custom_interfaces/lib/python3.8/site-packages:/home/orhan/ros2_ws/install/cift_sayi/lib/python3.8/site-packages:${PYTHONPATH} /usr/bin/cmake --install /home/orhan/ros2_ws/build/bringup
[1.125s] -- Install configuration: ""
[1.126s] -- Up-to-date: /home/orhan/ros2_ws/install/bringup/share/bringup/launch
[1.126s] -- Installing: /home/orhan/ros2_ws/install/bringup/share/bringup/launch/homework.launch.py
[1.126s] -- Installing: /home/orhan/ros2_ws/install/bringup/share/ament_index/resource_index/package_run_dependencies/bringup
[1.127s] -- Installing: /home/orhan/ros2_ws/install/bringup/share/ament_index/resource_index/parent_prefix_path/bringup
[1.128s] -- Up-to-date: /home/orhan/ros2_ws/install/bringup/share/bringup/environment/ament_prefix_path.sh
[1.128s] -- Installing: /home/orhan/ros2_ws/install/bringup/share/bringup/environment/ament_prefix_path.dsv
[1.130s] -- Up-to-date: /home/orhan/ros2_ws/install/bringup/share/bringup/environment/path.sh
[1.130s] -- Installing: /home/orhan/ros2_ws/install/bringup/share/bringup/environment/path.dsv
[1.130s] -- Up-to-date: /home/orhan/ros2_ws/install/bringup/share/bringup/local_setup.bash
[1.131s] -- Up-to-date: /home/orhan/ros2_ws/install/bringup/share/bringup/local_setup.sh
[1.131s] -- Up-to-date: /home/orhan/ros2_ws/install/bringup/share/bringup/local_setup.zsh
[1.131s] -- Installing: /home/orhan/ros2_ws/install/bringup/share/bringup/local_setup.dsv
[1.131s] -- Installing: /home/orhan/ros2_ws/install/bringup/share/bringup/package.dsv
[1.132s] -- Up-to-date: /home/orhan/ros2_ws/install/bringup/share/ament_index/resource_index/packages/bringup
[1.132s] -- Up-to-date: /home/orhan/ros2_ws/install/bringup/share/bringup/cmake/bringupConfig.cmake
[1.132s] -- Up-to-date: /home/orhan/ros2_ws/install/bringup/share/bringup/cmake/bringupConfig-version.cmake
[1.132s] -- Installing: /home/orhan/ros2_ws/install/bringup/share/bringup/package.xml
[1.139s] Invoked command in '/home/orhan/ros2_ws/build/bringup' returned '0': AMENT_PREFIX_PATH=/home/orhan/ros2_ws/install/triangle:/home/orhan/ros2_ws/install/turtles:/home/orhan/ros2_ws/install/custom_interfaces:/home/orhan/ros2_ws/install/cift_sayi:${AMENT_PREFIX_PATH} CMAKE_PREFIX_PATH=/home/orhan/ros2_ws/install/custom_interfaces:/opt/ros/foxy LD_LIBRARY_PATH=/home/orhan/ros2_ws/install/custom_interfaces/lib:${LD_LIBRARY_PATH} PYTHONPATH=/home/orhan/ros2_ws/install/triangle/lib/python3.8/site-packages:/home/orhan/ros2_ws/install/turtles/lib/python3.8/site-packages:/home/orhan/ros2_ws/install/custom_interfaces/lib/python3.8/site-packages:/home/orhan/ros2_ws/install/cift_sayi/lib/python3.8/site-packages:${PYTHONPATH} /usr/bin/cmake --install /home/orhan/ros2_ws/build/bringup
