[2.268s] Invoking command in '/home/orhan/ros2_ws/src/examples/rclpy/services/minimal_service': PYTHONPATH=/home/orhan/ros2_ws/build/examples_rclpy_minimal_service/prefix_override:/usr/lib/python3/dist-packages/colcon_core/task/python/colcon_distutils_commands:/home/orhan/ros2_ws/install/examples_rclpy_minimal_service/lib/python3.8/site-packages:${PYTHONPATH} /usr/bin/python3 -W ignore:setup.py install is deprecated setup.py egg_info --egg-base ../../../../../build/examples_rclpy_minimal_service build --build-base /home/orhan/ros2_ws/build/examples_rclpy_minimal_service/build install --record /home/orhan/ros2_ws/build/examples_rclpy_minimal_service/install.log --install-scripts $base/lib/examples_rclpy_minimal_service --single-version-externally-managed install_data
[2.966s] running egg_info
[2.968s] writing ../../../../../build/examples_rclpy_minimal_service/examples_rclpy_minimal_service.egg-info/PKG-INFO
[2.968s] writing dependency_links to ../../../../../build/examples_rclpy_minimal_service/examples_rclpy_minimal_service.egg-info/dependency_links.txt
[2.969s] writing entry points to ../../../../../build/examples_rclpy_minimal_service/examples_rclpy_minimal_service.egg-info/entry_points.txt
[2.969s] writing requirements to ../../../../../build/examples_rclpy_minimal_service/examples_rclpy_minimal_service.egg-info/requires.txt
[2.969s] writing top-level names to ../../../../../build/examples_rclpy_minimal_service/examples_rclpy_minimal_service.egg-info/top_level.txt
[3.058s] reading manifest file '../../../../../build/examples_rclpy_minimal_service/examples_rclpy_minimal_service.egg-info/SOURCES.txt'
[3.060s] writing manifest file '../../../../../build/examples_rclpy_minimal_service/examples_rclpy_minimal_service.egg-info/SOURCES.txt'
[3.061s] running build
[3.061s] running build_py
[3.061s] running install
[3.063s] running install_lib
[3.067s] running install_data
[3.067s] running install_egg_info
[3.071s] removing '/home/orhan/ros2_ws/install/examples_rclpy_minimal_service/lib/python3.8/site-packages/examples_rclpy_minimal_service-0.9.4-py3.8.egg-info' (and everything under it)
[3.072s] Copying ../../../../../build/examples_rclpy_minimal_service/examples_rclpy_minimal_service.egg-info to /home/orhan/ros2_ws/install/examples_rclpy_minimal_service/lib/python3.8/site-packages/examples_rclpy_minimal_service-0.9.4-py3.8.egg-info
[3.075s] running install_scripts
[3.120s] Installing service script to /home/orhan/ros2_ws/install/examples_rclpy_minimal_service/lib/examples_rclpy_minimal_service
[3.120s] Installing service_member_function script to /home/orhan/ros2_ws/install/examples_rclpy_minimal_service/lib/examples_rclpy_minimal_service
[3.121s] writing list of installed files to '/home/orhan/ros2_ws/build/examples_rclpy_minimal_service/install.log'
[3.194s] Invoked command in '/home/orhan/ros2_ws/src/examples/rclpy/services/minimal_service' returned '0': PYTHONPATH=/home/orhan/ros2_ws/build/examples_rclpy_minimal_service/prefix_override:/usr/lib/python3/dist-packages/colcon_core/task/python/colcon_distutils_commands:/home/orhan/ros2_ws/install/examples_rclpy_minimal_service/lib/python3.8/site-packages:${PYTHONPATH} /usr/bin/python3 -W ignore:setup.py install is deprecated setup.py egg_info --egg-base ../../../../../build/examples_rclpy_minimal_service build --build-base /home/orhan/ros2_ws/build/examples_rclpy_minimal_service/build install --record /home/orhan/ros2_ws/build/examples_rclpy_minimal_service/install.log --install-scripts $base/lib/examples_rclpy_minimal_service --single-version-externally-managed install_data
