[0.956s] Invoking command in '/home/orhan/ros2_ws/src/py_srvcli': PYTHONPATH=/home/orhan/ros2_ws/build/py_srvcli/prefix_override:/usr/lib/python3/dist-packages/colcon_core/task/python/colcon_distutils_commands:/home/orhan/ros2_ws/install/py_srvcli/lib/python3.8/site-packages:${PYTHONPATH} /usr/bin/python3 -W ignore:setup.py install is deprecated -W ignore:easy_install command is deprecated setup.py egg_info --egg-base ../../build/py_srvcli build --build-base /home/orhan/ros2_ws/build/py_srvcli/build install --record /home/orhan/ros2_ws/build/py_srvcli/install.log --install-scripts $base/lib/py_srvcli --single-version-externally-managed install_data
[1.254s] running egg_info
[1.255s] creating ../../build/py_srvcli/py_srvcli.egg-info
[1.256s] writing ../../build/py_srvcli/py_srvcli.egg-info/PKG-INFO
[1.256s] writing dependency_links to ../../build/py_srvcli/py_srvcli.egg-info/dependency_links.txt
[1.257s] writing entry points to ../../build/py_srvcli/py_srvcli.egg-info/entry_points.txt
[1.257s] writing requirements to ../../build/py_srvcli/py_srvcli.egg-info/requires.txt
[1.257s] writing top-level names to ../../build/py_srvcli/py_srvcli.egg-info/top_level.txt
[1.263s] writing manifest file '../../build/py_srvcli/py_srvcli.egg-info/SOURCES.txt'
[1.309s] reading manifest file '../../build/py_srvcli/py_srvcli.egg-info/SOURCES.txt'
[1.310s] writing manifest file '../../build/py_srvcli/py_srvcli.egg-info/SOURCES.txt'
[1.310s] running build
[1.311s] running build_py
[1.311s] creating /home/orhan/ros2_ws/build/py_srvcli/build
[1.311s] creating /home/orhan/ros2_ws/build/py_srvcli/build/lib
[1.311s] creating /home/orhan/ros2_ws/build/py_srvcli/build/lib/py_srvcli
[1.312s] copying py_srvcli/client_member_function.py -> /home/orhan/ros2_ws/build/py_srvcli/build/lib/py_srvcli
[1.312s] copying py_srvcli/service_member_function.py -> /home/orhan/ros2_ws/build/py_srvcli/build/lib/py_srvcli
[1.312s] copying py_srvcli/__init__.py -> /home/orhan/ros2_ws/build/py_srvcli/build/lib/py_srvcli
[1.312s] running install
[1.313s] running install_lib
[1.314s] creating /home/orhan/ros2_ws/install/py_srvcli/lib/python3.8/site-packages/py_srvcli
[1.315s] copying /home/orhan/ros2_ws/build/py_srvcli/build/lib/py_srvcli/client_member_function.py -> /home/orhan/ros2_ws/install/py_srvcli/lib/python3.8/site-packages/py_srvcli
[1.315s] copying /home/orhan/ros2_ws/build/py_srvcli/build/lib/py_srvcli/service_member_function.py -> /home/orhan/ros2_ws/install/py_srvcli/lib/python3.8/site-packages/py_srvcli
[1.315s] copying /home/orhan/ros2_ws/build/py_srvcli/build/lib/py_srvcli/__init__.py -> /home/orhan/ros2_ws/install/py_srvcli/lib/python3.8/site-packages/py_srvcli
[1.316s] byte-compiling /home/orhan/ros2_ws/install/py_srvcli/lib/python3.8/site-packages/py_srvcli/client_member_function.py to client_member_function.cpython-38.pyc
[1.318s] byte-compiling /home/orhan/ros2_ws/install/py_srvcli/lib/python3.8/site-packages/py_srvcli/service_member_function.py to service_member_function.cpython-38.pyc
[1.318s] byte-compiling /home/orhan/ros2_ws/install/py_srvcli/lib/python3.8/site-packages/py_srvcli/__init__.py to __init__.cpython-38.pyc
[1.319s] running install_data
[1.319s] creating /home/orhan/ros2_ws/install/py_srvcli/share/ament_index
[1.319s] creating /home/orhan/ros2_ws/install/py_srvcli/share/ament_index/resource_index
[1.319s] creating /home/orhan/ros2_ws/install/py_srvcli/share/ament_index/resource_index/packages
[1.320s] copying resource/py_srvcli -> /home/orhan/ros2_ws/install/py_srvcli/share/ament_index/resource_index/packages
[1.320s] copying package.xml -> /home/orhan/ros2_ws/install/py_srvcli/share/py_srvcli
[1.320s] running install_egg_info
[1.322s] Copying ../../build/py_srvcli/py_srvcli.egg-info to /home/orhan/ros2_ws/install/py_srvcli/lib/python3.8/site-packages/py_srvcli-0.0.0-py3.8.egg-info
[1.323s] running install_scripts
[1.348s] Installing client script to /home/orhan/ros2_ws/install/py_srvcli/lib/py_srvcli
[1.348s] Installing service script to /home/orhan/ros2_ws/install/py_srvcli/lib/py_srvcli
[1.349s] writing list of installed files to '/home/orhan/ros2_ws/build/py_srvcli/install.log'
[1.380s] Invoked command in '/home/orhan/ros2_ws/src/py_srvcli' returned '0': PYTHONPATH=/home/orhan/ros2_ws/build/py_srvcli/prefix_override:/usr/lib/python3/dist-packages/colcon_core/task/python/colcon_distutils_commands:/home/orhan/ros2_ws/install/py_srvcli/lib/python3.8/site-packages:${PYTHONPATH} /usr/bin/python3 -W ignore:setup.py install is deprecated -W ignore:easy_install command is deprecated setup.py egg_info --egg-base ../../build/py_srvcli build --build-base /home/orhan/ros2_ws/build/py_srvcli/build install --record /home/orhan/ros2_ws/build/py_srvcli/install.log --install-scripts $base/lib/py_srvcli --single-version-externally-managed install_data
