[0.015s] Invoking command in '/home/orhan/ros2_ws/build/custom_interfaces': CMAKE_PREFIX_PATH=${CMAKE_PREFIX_PATH}:/home/orhan/udemy_ros/install/rand_two_int:/home/orhan/udemy_ros/install/py_deneme:/home/orhan/udemy_ros/install/add_two_ints_srv:/opt/ros/foxy /usr/bin/cmake /home/orhan/ros2_ws/src/custom_interfaces -DCMAKE_INSTALL_PREFIX=/home/orhan/ros2_ws/install/custom_interfaces
[0.105s] -- The C compiler identification is GNU 9.4.0
[0.188s] -- The CXX compiler identification is GNU 9.4.0
[0.196s] -- Check for working C compiler: /usr/bin/cc
[0.299s] -- Check for working C compiler: /usr/bin/cc -- works
[0.301s] -- Detecting C compiler ABI info
[0.397s] -- Detecting C compiler ABI info - done
[0.415s] -- Detecting C compile features
[0.416s] -- Detecting C compile features - done
[0.420s] -- Check for working CXX compiler: /usr/bin/c++
[0.532s] -- Check for working CXX compiler: /usr/bin/c++ -- works
[0.534s] -- Detecting CXX compiler ABI info
[0.668s] -- Detecting CXX compiler ABI info - done
[0.685s] -- Detecting CXX compile features
[0.686s] -- Detecting CXX compile features - done
[0.693s] -- Found ament_cmake: 0.9.12 (/opt/ros/foxy/share/ament_cmake/cmake)
[0.729s] -- Found PythonInterp: /usr/bin/python3 (found suitable version "3.8.10", minimum required is "3") 
[0.729s] -- Using PYTHON_EXECUTABLE: /usr/bin/python3
[1.042s] -- Found rosidl_default_generators: 1.0.1 (/opt/ros/foxy/share/rosidl_default_generators/cmake)
[1.059s] -- Using all available rosidl_typesupport_c: rosidl_typesupport_fastrtps_c;rosidl_typesupport_introspection_c
[1.067s] -- Found rosidl_adapter: 1.3.1 (/opt/ros/foxy/share/rosidl_adapter/cmake)
[1.215s] -- Found OpenSSL: /usr/lib/x86_64-linux-gnu/libcrypto.so (found version "1.1.1f")  
[1.259s] -- Found FastRTPS: /opt/ros/foxy/include  
[1.373s] -- Using all available rosidl_typesupport_cpp: rosidl_typesupport_fastrtps_cpp;rosidl_typesupport_introspection_cpp
[1.461s] -- Found PythonInterp: /usr/bin/python3 (found version "3.8.10") 
[1.680s] -- Found ament_cmake_ros: 0.9.2 (/opt/ros/foxy/share/ament_cmake_ros/cmake)
[1.815s] -- Using all available rosidl_typesupport_c: rosidl_typesupport_fastrtps_c;rosidl_typesupport_introspection_c
[1.826s] -- Using all available rosidl_typesupport_cpp: rosidl_typesupport_fastrtps_cpp;rosidl_typesupport_introspection_cpp
[1.863s] -- Found PythonInterp: /usr/bin/python3 (found suitable version "3.8.10", minimum required is "3.5") 
[1.865s] -- Found python_cmake_module: 0.8.1 (/opt/ros/foxy/share/python_cmake_module/cmake)
[1.906s] -- Found PythonLibs: /usr/lib/x86_64-linux-gnu/libpython3.8.so (found suitable version "3.8.10", minimum required is "3.5") 
[1.907s] -- Using PYTHON_EXECUTABLE: /usr/bin/python3
[1.907s] -- Using PYTHON_INCLUDE_DIRS: /usr/include/python3.8
[1.907s] -- Using PYTHON_LIBRARIES: /usr/lib/x86_64-linux-gnu/libpython3.8.so
[1.941s] -- Found PythonExtra: .so  
[2.004s] -- Found ament_lint_auto: 0.9.8 (/opt/ros/foxy/share/ament_lint_auto/cmake)
[2.033s] -- Added test 'copyright' to check source files copyright and LICENSE
[2.036s] -- Added test 'lint_cmake' to check CMake code style
[2.038s] -- Added test 'xmllint' to check XML markup files
[2.045s] -- Configuring done
[2.087s] -- Generating done
[2.102s] -- Build files have been written to: /home/orhan/ros2_ws/build/custom_interfaces
[2.111s] Invoked command in '/home/orhan/ros2_ws/build/custom_interfaces' returned '0': CMAKE_PREFIX_PATH=${CMAKE_PREFIX_PATH}:/home/orhan/udemy_ros/install/rand_two_int:/home/orhan/udemy_ros/install/py_deneme:/home/orhan/udemy_ros/install/add_two_ints_srv:/opt/ros/foxy /usr/bin/cmake /home/orhan/ros2_ws/src/custom_interfaces -DCMAKE_INSTALL_PREFIX=/home/orhan/ros2_ws/install/custom_interfaces
[2.115s] Invoking command in '/home/orhan/ros2_ws/build/custom_interfaces': CMAKE_PREFIX_PATH=${CMAKE_PREFIX_PATH}:/home/orhan/udemy_ros/install/rand_two_int:/home/orhan/udemy_ros/install/py_deneme:/home/orhan/udemy_ros/install/add_two_ints_srv:/opt/ros/foxy /usr/bin/cmake --build /home/orhan/ros2_ws/build/custom_interfaces -- -j4 -l4
[2.172s] [  3%] [34m[1mGenerating C code for ROS interfaces[0m
[2.173s] [35m[1mScanning dependencies of target custom_interfaces__cpp[0m
[2.188s] [  6%] [34m[1mGenerating C++ code for ROS interfaces[0m
[2.634s] [35m[1mScanning dependencies of target custom_interfaces__rosidl_generator_c[0m
[2.651s] [  9%] [32mBuilding C object CMakeFiles/custom_interfaces__rosidl_generator_c.dir/rosidl_generator_c/custom_interfaces/srv/detail/triangle__functions.c.o[0m
[2.654s] [  9%] Built target custom_interfaces__cpp
[2.673s] [ 16%] [34m[1mGenerating C++ type support dispatch for ROS interfaces[0m
[2.674s] [ 16%] [34m[1mGenerating C++ introspection for ROS interfaces[0m
[2.682s] [ 19%] [34m[1mGenerating C++ type support for eProsima Fast-RTPS[0m
[2.791s] [ 22%] [32m[1mLinking C shared library libcustom_interfaces__rosidl_generator_c.so[0m
[2.867s] [ 22%] Built target custom_interfaces__rosidl_generator_c
[2.890s] [ 25%] [34m[1mGenerating C type support dispatch for ROS interfaces[0m
[3.243s] [35m[1mScanning dependencies of target custom_interfaces__rosidl_typesupport_cpp[0m
[3.279s] [ 29%] [32mBuilding CXX object CMakeFiles/custom_interfaces__rosidl_typesupport_cpp.dir/rosidl_typesupport_cpp/custom_interfaces/srv/triangle__type_support.cpp.o[0m
[3.308s] [35m[1mScanning dependencies of target custom_interfaces__rosidl_typesupport_introspection_cpp[0m
[3.354s] [ 32%] [32mBuilding CXX object CMakeFiles/custom_interfaces__rosidl_typesupport_introspection_cpp.dir/rosidl_typesupport_introspection_cpp/custom_interfaces/srv/detail/triangle__type_support.cpp.o[0m
[3.379s] [35m[1mScanning dependencies of target custom_interfaces__rosidl_typesupport_fastrtps_cpp[0m
[3.425s] [ 35%] [32mBuilding CXX object CMakeFiles/custom_interfaces__rosidl_typesupport_fastrtps_cpp.dir/rosidl_typesupport_fastrtps_cpp/custom_interfaces/srv/detail/dds_fastrtps/triangle__type_support.cpp.o[0m
[3.442s] [35m[1mScanning dependencies of target custom_interfaces__rosidl_typesupport_c[0m
[3.468s] [ 38%] [32mBuilding CXX object CMakeFiles/custom_interfaces__rosidl_typesupport_c.dir/rosidl_typesupport_c/custom_interfaces/srv/triangle__type_support.cpp.o[0m
[3.561s] [ 41%] [32m[1mLinking CXX shared library libcustom_interfaces__rosidl_typesupport_c.so[0m
[3.656s] [ 41%] Built target custom_interfaces__rosidl_typesupport_c
[3.678s] [ 45%] [34m[1mGenerating C introspection for ROS interfaces[0m
[4.304s] [ 48%] [32m[1mLinking CXX shared library libcustom_interfaces__rosidl_typesupport_cpp.so[0m
[4.317s] [ 51%] [32m[1mLinking CXX shared library libcustom_interfaces__rosidl_typesupport_introspection_cpp.so[0m
[4.493s] [ 51%] Built target custom_interfaces__rosidl_typesupport_introspection_cpp
[4.512s] [ 51%] Built target custom_interfaces__rosidl_typesupport_cpp
[4.592s] [35m[1mScanning dependencies of target custom_interfaces__rosidl_typesupport_introspection_c[0m
[4.618s] [ 54%] [32mBuilding C object CMakeFiles/custom_interfaces__rosidl_typesupport_introspection_c.dir/rosidl_typesupport_introspection_c/custom_interfaces/srv/detail/triangle__type_support.c.o[0m
[4.673s] [ 58%] [32m[1mLinking CXX shared library libcustom_interfaces__rosidl_typesupport_fastrtps_cpp.so[0m
[4.698s] [ 61%] [32m[1mLinking C shared library libcustom_interfaces__rosidl_typesupport_introspection_c.so[0m
[4.752s] [ 61%] Built target custom_interfaces__rosidl_typesupport_introspection_c
[4.843s] [ 61%] Built target custom_interfaces__rosidl_typesupport_fastrtps_cpp
[4.857s] [ 64%] [34m[1mGenerating C type support for eProsima Fast-RTPS[0m
[5.219s] [35m[1mScanning dependencies of target custom_interfaces__rosidl_typesupport_fastrtps_c[0m
[5.251s] [ 67%] [32mBuilding CXX object CMakeFiles/custom_interfaces__rosidl_typesupport_fastrtps_c.dir/rosidl_typesupport_fastrtps_c/custom_interfaces/srv/detail/triangle__type_support_c.cpp.o[0m
[5.772s] [ 70%] [32m[1mLinking CXX shared library libcustom_interfaces__rosidl_typesupport_fastrtps_c.so[0m
[5.898s] [ 70%] Built target custom_interfaces__rosidl_typesupport_fastrtps_c
[5.912s] [35m[1mScanning dependencies of target custom_interfaces[0m
[5.930s] [ 70%] Built target custom_interfaces
[5.948s] [35m[1mScanning dependencies of target custom_interfaces__py[0m
[5.963s] [ 74%] [34m[1mGenerating Python code for ROS interfaces[0m
[6.603s] [ 74%] Built target custom_interfaces__py
[6.619s] [35m[1mScanning dependencies of target custom_interfaces__python[0m
[6.647s] [ 77%] [32mBuilding C object CMakeFiles/custom_interfaces__python.dir/rosidl_generator_py/custom_interfaces/srv/_triangle_s.c.o[0m
[6.783s] [ 80%] [32m[1mLinking C shared library rosidl_generator_py/custom_interfaces/libcustom_interfaces__python.so[0m
[6.845s] [ 80%] Built target custom_interfaces__python
[6.862s] [35m[1mScanning dependencies of target custom_interfaces__rosidl_typesupport_fastrtps_c__pyext[0m
[6.868s] [35m[1mScanning dependencies of target custom_interfaces__rosidl_typesupport_introspection_c__pyext[0m
[6.875s] [35m[1mScanning dependencies of target custom_interfaces__rosidl_typesupport_c__pyext[0m
[6.900s] [ 83%] [32mBuilding C object CMakeFiles/custom_interfaces__rosidl_typesupport_fastrtps_c__pyext.dir/rosidl_generator_py/custom_interfaces/_custom_interfaces_s.ep.rosidl_typesupport_fastrtps_c.c.o[0m
[6.910s] [ 87%] [32mBuilding C object CMakeFiles/custom_interfaces__rosidl_typesupport_introspection_c__pyext.dir/rosidl_generator_py/custom_interfaces/_custom_interfaces_s.ep.rosidl_typesupport_introspection_c.c.o[0m
[6.916s] [ 90%] [32mBuilding C object CMakeFiles/custom_interfaces__rosidl_typesupport_c__pyext.dir/rosidl_generator_py/custom_interfaces/_custom_interfaces_s.ep.rosidl_typesupport_c.c.o[0m
[7.102s] [ 93%] [32m[1mLinking CXX shared library rosidl_generator_py/custom_interfaces/custom_interfaces_s__rosidl_typesupport_fastrtps_c.cpython-38-x86_64-linux-gnu.so[0m
[7.106s] [ 96%] [32m[1mLinking C shared library rosidl_generator_py/custom_interfaces/custom_interfaces_s__rosidl_typesupport_introspection_c.cpython-38-x86_64-linux-gnu.so[0m
[7.121s] [100%] [32m[1mLinking C shared library rosidl_generator_py/custom_interfaces/custom_interfaces_s__rosidl_typesupport_c.cpython-38-x86_64-linux-gnu.so[0m
[7.178s] [100%] Built target custom_interfaces__rosidl_typesupport_introspection_c__pyext
[7.193s] [100%] Built target custom_interfaces__rosidl_typesupport_c__pyext
[7.224s] [100%] Built target custom_interfaces__rosidl_typesupport_fastrtps_c__pyext
[7.238s] Invoked command in '/home/orhan/ros2_ws/build/custom_interfaces' returned '0': CMAKE_PREFIX_PATH=${CMAKE_PREFIX_PATH}:/home/orhan/udemy_ros/install/rand_two_int:/home/orhan/udemy_ros/install/py_deneme:/home/orhan/udemy_ros/install/add_two_ints_srv:/opt/ros/foxy /usr/bin/cmake --build /home/orhan/ros2_ws/build/custom_interfaces -- -j4 -l4
[7.260s] Invoking command in '/home/orhan/ros2_ws/build/custom_interfaces': CMAKE_PREFIX_PATH=${CMAKE_PREFIX_PATH}:/home/orhan/udemy_ros/install/rand_two_int:/home/orhan/udemy_ros/install/py_deneme:/home/orhan/udemy_ros/install/add_two_ints_srv:/opt/ros/foxy /usr/bin/cmake --install /home/orhan/ros2_ws/build/custom_interfaces
[7.278s] -- Install configuration: ""
[7.280s] -- Installing: /home/orhan/ros2_ws/install/custom_interfaces/share/ament_index/resource_index/rosidl_interfaces/custom_interfaces
[7.282s] -- Installing: /home/orhan/ros2_ws/install/custom_interfaces/include/custom_interfaces
[7.282s] -- Installing: /home/orhan/ros2_ws/install/custom_interfaces/include/custom_interfaces/msg
[7.283s] -- Installing: /home/orhan/ros2_ws/install/custom_interfaces/include/custom_interfaces/msg/rosidl_generator_c__visibility_control.h
[7.285s] -- Installing: /home/orhan/ros2_ws/install/custom_interfaces/include/custom_interfaces/srv
[7.285s] -- Installing: /home/orhan/ros2_ws/install/custom_interfaces/include/custom_interfaces/srv/detail
[7.286s] -- Installing: /home/orhan/ros2_ws/install/custom_interfaces/include/custom_interfaces/srv/detail/triangle__struct.h
[7.286s] -- Installing: /home/orhan/ros2_ws/install/custom_interfaces/include/custom_interfaces/srv/detail/triangle__functions.c
[7.286s] -- Installing: /home/orhan/ros2_ws/install/custom_interfaces/include/custom_interfaces/srv/detail/triangle__functions.h
[7.286s] -- Installing: /home/orhan/ros2_ws/install/custom_interfaces/include/custom_interfaces/srv/detail/triangle__type_support.h
[7.286s] -- Installing: /home/orhan/ros2_ws/install/custom_interfaces/include/custom_interfaces/srv/triangle.h
[7.286s] -- Installing: /home/orhan/ros2_ws/install/custom_interfaces/share/custom_interfaces/environment/library_path.sh
[7.286s] -- Installing: /home/orhan/ros2_ws/install/custom_interfaces/share/custom_interfaces/environment/library_path.dsv
[7.286s] -- Installing: /home/orhan/ros2_ws/install/custom_interfaces/lib/libcustom_interfaces__rosidl_generator_c.so
[7.287s] -- Set runtime path of "/home/orhan/ros2_ws/install/custom_interfaces/lib/libcustom_interfaces__rosidl_generator_c.so" to ""
[7.287s] -- Up-to-date: /home/orhan/ros2_ws/install/custom_interfaces/include/custom_interfaces
[7.287s] -- Up-to-date: /home/orhan/ros2_ws/install/custom_interfaces/include/custom_interfaces/msg
[7.287s] -- Installing: /home/orhan/ros2_ws/install/custom_interfaces/include/custom_interfaces/msg/rosidl_typesupport_fastrtps_c__visibility_control.h
[7.287s] -- Up-to-date: /home/orhan/ros2_ws/install/custom_interfaces/include/custom_interfaces/srv
[7.287s] -- Up-to-date: /home/orhan/ros2_ws/install/custom_interfaces/include/custom_interfaces/srv/detail
[7.287s] -- Installing: /home/orhan/ros2_ws/install/custom_interfaces/include/custom_interfaces/srv/detail/triangle__rosidl_typesupport_fastrtps_c.h
[7.287s] -- Installing: /home/orhan/ros2_ws/install/custom_interfaces/lib/libcustom_interfaces__rosidl_typesupport_fastrtps_c.so
[7.287s] -- Set runtime path of "/home/orhan/ros2_ws/install/custom_interfaces/lib/libcustom_interfaces__rosidl_typesupport_fastrtps_c.so" to ""
[7.288s] -- Up-to-date: /home/orhan/ros2_ws/install/custom_interfaces/include/custom_interfaces
[7.288s] -- Up-to-date: /home/orhan/ros2_ws/install/custom_interfaces/include/custom_interfaces/msg
[7.288s] -- Installing: /home/orhan/ros2_ws/install/custom_interfaces/include/custom_interfaces/msg/rosidl_typesupport_fastrtps_cpp__visibility_control.h
[7.288s] -- Up-to-date: /home/orhan/ros2_ws/install/custom_interfaces/include/custom_interfaces/srv
[7.288s] -- Up-to-date: /home/orhan/ros2_ws/install/custom_interfaces/include/custom_interfaces/srv/detail
[7.288s] -- Installing: /home/orhan/ros2_ws/install/custom_interfaces/include/custom_interfaces/srv/detail/triangle__rosidl_typesupport_fastrtps_cpp.hpp
[7.288s] -- Installing: /home/orhan/ros2_ws/install/custom_interfaces/include/custom_interfaces/srv/detail/dds_fastrtps
[7.289s] -- Installing: /home/orhan/ros2_ws/install/custom_interfaces/lib/libcustom_interfaces__rosidl_typesupport_fastrtps_cpp.so
[7.289s] -- Set runtime path of "/home/orhan/ros2_ws/install/custom_interfaces/lib/libcustom_interfaces__rosidl_typesupport_fastrtps_cpp.so" to ""
[7.289s] -- Up-to-date: /home/orhan/ros2_ws/install/custom_interfaces/include/custom_interfaces
[7.289s] -- Up-to-date: /home/orhan/ros2_ws/install/custom_interfaces/include/custom_interfaces/msg
[7.289s] -- Installing: /home/orhan/ros2_ws/install/custom_interfaces/include/custom_interfaces/msg/rosidl_typesupport_introspection_c__visibility_control.h
[7.289s] -- Up-to-date: /home/orhan/ros2_ws/install/custom_interfaces/include/custom_interfaces/srv
[7.289s] -- Up-to-date: /home/orhan/ros2_ws/install/custom_interfaces/include/custom_interfaces/srv/detail
[7.289s] -- Installing: /home/orhan/ros2_ws/install/custom_interfaces/include/custom_interfaces/srv/detail/triangle__type_support.c
[7.289s] -- Installing: /home/orhan/ros2_ws/install/custom_interfaces/include/custom_interfaces/srv/detail/triangle__rosidl_typesupport_introspection_c.h
[7.289s] -- Installing: /home/orhan/ros2_ws/install/custom_interfaces/lib/libcustom_interfaces__rosidl_typesupport_introspection_c.so
[7.290s] -- Set runtime path of "/home/orhan/ros2_ws/install/custom_interfaces/lib/libcustom_interfaces__rosidl_typesupport_introspection_c.so" to ""
[7.290s] -- Installing: /home/orhan/ros2_ws/install/custom_interfaces/lib/libcustom_interfaces__rosidl_typesupport_c.so
[7.291s] -- Set runtime path of "/home/orhan/ros2_ws/install/custom_interfaces/lib/libcustom_interfaces__rosidl_typesupport_c.so" to ""
[7.291s] -- Up-to-date: /home/orhan/ros2_ws/install/custom_interfaces/include/custom_interfaces
[7.291s] -- Up-to-date: /home/orhan/ros2_ws/install/custom_interfaces/include/custom_interfaces/msg
[7.291s] -- Installing: /home/orhan/ros2_ws/install/custom_interfaces/include/custom_interfaces/msg/rosidl_generator_cpp__visibility_control.hpp
[7.292s] -- Up-to-date: /home/orhan/ros2_ws/install/custom_interfaces/include/custom_interfaces/srv
[7.292s] -- Up-to-date: /home/orhan/ros2_ws/install/custom_interfaces/include/custom_interfaces/srv/detail
[7.292s] -- Installing: /home/orhan/ros2_ws/install/custom_interfaces/include/custom_interfaces/srv/detail/triangle__struct.hpp
[7.292s] -- Installing: /home/orhan/ros2_ws/install/custom_interfaces/include/custom_interfaces/srv/detail/triangle__traits.hpp
[7.292s] -- Installing: /home/orhan/ros2_ws/install/custom_interfaces/include/custom_interfaces/srv/detail/triangle__type_support.hpp
[7.292s] -- Installing: /home/orhan/ros2_ws/install/custom_interfaces/include/custom_interfaces/srv/detail/triangle__builder.hpp
[7.292s] -- Installing: /home/orhan/ros2_ws/install/custom_interfaces/include/custom_interfaces/srv/triangle.hpp
[7.293s] -- Up-to-date: /home/orhan/ros2_ws/install/custom_interfaces/include/custom_interfaces
[7.293s] -- Up-to-date: /home/orhan/ros2_ws/install/custom_interfaces/include/custom_interfaces/srv
[7.293s] -- Up-to-date: /home/orhan/ros2_ws/install/custom_interfaces/include/custom_interfaces/srv/detail
[7.293s] -- Installing: /home/orhan/ros2_ws/install/custom_interfaces/include/custom_interfaces/srv/detail/triangle__rosidl_typesupport_introspection_cpp.hpp
[7.293s] -- Installing: /home/orhan/ros2_ws/install/custom_interfaces/include/custom_interfaces/srv/detail/triangle__type_support.cpp
[7.293s] -- Installing: /home/orhan/ros2_ws/install/custom_interfaces/lib/libcustom_interfaces__rosidl_typesupport_introspection_cpp.so
[7.294s] -- Set runtime path of "/home/orhan/ros2_ws/install/custom_interfaces/lib/libcustom_interfaces__rosidl_typesupport_introspection_cpp.so" to ""
[7.294s] -- Installing: /home/orhan/ros2_ws/install/custom_interfaces/lib/libcustom_interfaces__rosidl_typesupport_cpp.so
[7.295s] -- Set runtime path of "/home/orhan/ros2_ws/install/custom_interfaces/lib/libcustom_interfaces__rosidl_typesupport_cpp.so" to ""
[7.295s] -- Installing: /home/orhan/ros2_ws/install/custom_interfaces/share/custom_interfaces/environment/pythonpath.sh
[7.295s] -- Installing: /home/orhan/ros2_ws/install/custom_interfaces/share/custom_interfaces/environment/pythonpath.dsv
[7.297s] -- Installing: /home/orhan/ros2_ws/install/custom_interfaces/lib/python3.8/site-packages/custom_interfaces/__init__.py
[7.341s] Compiling '/home/orhan/ros2_ws/install/custom_interfaces/lib/python3.8/site-packages/custom_interfaces/__init__.py'...
[7.348s] -- Installing: /home/orhan/ros2_ws/install/custom_interfaces/lib/python3.8/site-packages/custom_interfaces/srv
[7.348s] -- Installing: /home/orhan/ros2_ws/install/custom_interfaces/lib/python3.8/site-packages/custom_interfaces/srv/_triangle.py
[7.348s] -- Installing: /home/orhan/ros2_ws/install/custom_interfaces/lib/python3.8/site-packages/custom_interfaces/srv/__init__.py
[7.348s] -- Installing: /home/orhan/ros2_ws/install/custom_interfaces/lib/python3.8/site-packages/custom_interfaces/srv/_triangle_s.c
[7.349s] -- Installing: /home/orhan/ros2_ws/install/custom_interfaces/lib/python3.8/site-packages/custom_interfaces/custom_interfaces_s__rosidl_typesupport_fastrtps_c.cpython-38-x86_64-linux-gnu.so
[7.350s] -- Set runtime path of "/home/orhan/ros2_ws/install/custom_interfaces/lib/python3.8/site-packages/custom_interfaces/custom_interfaces_s__rosidl_typesupport_fastrtps_c.cpython-38-x86_64-linux-gnu.so" to ""
[7.350s] -- Installing: /home/orhan/ros2_ws/install/custom_interfaces/lib/python3.8/site-packages/custom_interfaces/custom_interfaces_s__rosidl_typesupport_introspection_c.cpython-38-x86_64-linux-gnu.so
[7.351s] -- Set runtime path of "/home/orhan/ros2_ws/install/custom_interfaces/lib/python3.8/site-packages/custom_interfaces/custom_interfaces_s__rosidl_typesupport_introspection_c.cpython-38-x86_64-linux-gnu.so" to ""
[7.352s] -- Installing: /home/orhan/ros2_ws/install/custom_interfaces/lib/python3.8/site-packages/custom_interfaces/custom_interfaces_s__rosidl_typesupport_c.cpython-38-x86_64-linux-gnu.so
[7.353s] -- Set runtime path of "/home/orhan/ros2_ws/install/custom_interfaces/lib/python3.8/site-packages/custom_interfaces/custom_interfaces_s__rosidl_typesupport_c.cpython-38-x86_64-linux-gnu.so" to ""
[7.353s] -- Installing: /home/orhan/ros2_ws/install/custom_interfaces/lib/libcustom_interfaces__python.so
[7.354s] -- Set runtime path of "/home/orhan/ros2_ws/install/custom_interfaces/lib/libcustom_interfaces__python.so" to ""
[7.354s] -- Installing: /home/orhan/ros2_ws/install/custom_interfaces/share/custom_interfaces/srv/Triangle.idl
[7.354s] -- Installing: /home/orhan/ros2_ws/install/custom_interfaces/share/custom_interfaces/srv/Triangle.srv
[7.354s] -- Installing: /home/orhan/ros2_ws/install/custom_interfaces/share/custom_interfaces/srv/Triangle_Request.msg
[7.355s] -- Installing: /home/orhan/ros2_ws/install/custom_interfaces/share/custom_interfaces/srv/Triangle_Response.msg
[7.355s] -- Installing: /home/orhan/ros2_ws/install/custom_interfaces/share/ament_index/resource_index/package_run_dependencies/custom_interfaces
[7.355s] -- Installing: /home/orhan/ros2_ws/install/custom_interfaces/share/ament_index/resource_index/parent_prefix_path/custom_interfaces
[7.356s] -- Installing: /home/orhan/ros2_ws/install/custom_interfaces/share/custom_interfaces/environment/ament_prefix_path.sh
[7.356s] -- Installing: /home/orhan/ros2_ws/install/custom_interfaces/share/custom_interfaces/environment/ament_prefix_path.dsv
[7.356s] -- Installing: /home/orhan/ros2_ws/install/custom_interfaces/share/custom_interfaces/environment/path.sh
[7.356s] -- Installing: /home/orhan/ros2_ws/install/custom_interfaces/share/custom_interfaces/environment/path.dsv
[7.357s] -- Installing: /home/orhan/ros2_ws/install/custom_interfaces/share/custom_interfaces/local_setup.bash
[7.357s] -- Installing: /home/orhan/ros2_ws/install/custom_interfaces/share/custom_interfaces/local_setup.sh
[7.357s] -- Installing: /home/orhan/ros2_ws/install/custom_interfaces/share/custom_interfaces/local_setup.zsh
[7.357s] -- Installing: /home/orhan/ros2_ws/install/custom_interfaces/share/custom_interfaces/local_setup.dsv
[7.358s] -- Installing: /home/orhan/ros2_ws/install/custom_interfaces/share/custom_interfaces/package.dsv
[7.358s] -- Installing: /home/orhan/ros2_ws/install/custom_interfaces/share/ament_index/resource_index/packages/custom_interfaces
[7.359s] -- Installing: /home/orhan/ros2_ws/install/custom_interfaces/share/custom_interfaces/cmake/custom_interfaces__rosidl_generator_cExport.cmake
[7.359s] -- Installing: /home/orhan/ros2_ws/install/custom_interfaces/share/custom_interfaces/cmake/custom_interfaces__rosidl_generator_cExport-noconfig.cmake
[7.359s] -- Installing: /home/orhan/ros2_ws/install/custom_interfaces/share/custom_interfaces/cmake/custom_interfaces__rosidl_typesupport_introspection_cExport.cmake
[7.359s] -- Installing: /home/orhan/ros2_ws/install/custom_interfaces/share/custom_interfaces/cmake/custom_interfaces__rosidl_typesupport_introspection_cExport-noconfig.cmake
[7.360s] -- Installing: /home/orhan/ros2_ws/install/custom_interfaces/share/custom_interfaces/cmake/custom_interfaces__rosidl_typesupport_cExport.cmake
[7.360s] -- Installing: /home/orhan/ros2_ws/install/custom_interfaces/share/custom_interfaces/cmake/custom_interfaces__rosidl_typesupport_cExport-noconfig.cmake
[7.360s] -- Installing: /home/orhan/ros2_ws/install/custom_interfaces/share/custom_interfaces/cmake/custom_interfaces__rosidl_generator_cppExport.cmake
[7.361s] -- Installing: /home/orhan/ros2_ws/install/custom_interfaces/share/custom_interfaces/cmake/custom_interfaces__rosidl_typesupport_introspection_cppExport.cmake
[7.361s] -- Installing: /home/orhan/ros2_ws/install/custom_interfaces/share/custom_interfaces/cmake/custom_interfaces__rosidl_typesupport_introspection_cppExport-noconfig.cmake
[7.361s] -- Installing: /home/orhan/ros2_ws/install/custom_interfaces/share/custom_interfaces/cmake/custom_interfaces__rosidl_typesupport_cppExport.cmake
[7.362s] -- Installing: /home/orhan/ros2_ws/install/custom_interfaces/share/custom_interfaces/cmake/custom_interfaces__rosidl_typesupport_cppExport-noconfig.cmake
[7.362s] -- Installing: /home/orhan/ros2_ws/install/custom_interfaces/share/custom_interfaces/cmake/rosidl_cmake-extras.cmake
[7.362s] -- Installing: /home/orhan/ros2_ws/install/custom_interfaces/share/custom_interfaces/cmake/ament_cmake_export_dependencies-extras.cmake
[7.363s] -- Installing: /home/orhan/ros2_ws/install/custom_interfaces/share/custom_interfaces/cmake/ament_cmake_export_libraries-extras.cmake
[7.363s] -- Installing: /home/orhan/ros2_ws/install/custom_interfaces/share/custom_interfaces/cmake/ament_cmake_export_targets-extras.cmake
[7.363s] -- Installing: /home/orhan/ros2_ws/install/custom_interfaces/share/custom_interfaces/cmake/ament_cmake_export_include_directories-extras.cmake
[7.363s] -- Installing: /home/orhan/ros2_ws/install/custom_interfaces/share/custom_interfaces/cmake/rosidl_cmake_export_typesupport_libraries-extras.cmake
[7.364s] -- Installing: /home/orhan/ros2_ws/install/custom_interfaces/share/custom_interfaces/cmake/rosidl_cmake_export_typesupport_targets-extras.cmake
[7.364s] -- Installing: /home/orhan/ros2_ws/install/custom_interfaces/share/custom_interfaces/cmake/custom_interfacesConfig.cmake
[7.364s] -- Installing: /home/orhan/ros2_ws/install/custom_interfaces/share/custom_interfaces/cmake/custom_interfacesConfig-version.cmake
[7.364s] -- Installing: /home/orhan/ros2_ws/install/custom_interfaces/share/custom_interfaces/package.xml
[7.369s] Invoked command in '/home/orhan/ros2_ws/build/custom_interfaces' returned '0': CMAKE_PREFIX_PATH=${CMAKE_PREFIX_PATH}:/home/orhan/udemy_ros/install/rand_two_int:/home/orhan/udemy_ros/install/py_deneme:/home/orhan/udemy_ros/install/add_two_ints_srv:/opt/ros/foxy /usr/bin/cmake --install /home/orhan/ros2_ws/build/custom_interfaces
