[0.046s] Invoking command in '/home/orhan/ros2_ws/build/custom_interfaces': CMAKE_PREFIX_PATH=/opt/ros/foxy /usr/bin/cmake --build /home/orhan/ros2_ws/build/custom_interfaces -- -j4 -l4
[0.596s] [  3%] Built target custom_interfaces__cpp
[0.598s] [ 12%] Built target custom_interfaces__rosidl_generator_c
[0.598s] [ 22%] Built target custom_interfaces__rosidl_typesupport_cpp
[0.599s] [ 32%] Built target custom_interfaces__rosidl_typesupport_fastrtps_cpp
[0.599s] [ 41%] Built target custom_interfaces__rosidl_typesupport_introspection_cpp
[0.600s] [ 51%] Built target custom_interfaces__rosidl_typesupport_c
[0.602s] [ 61%] Built target custom_interfaces__rosidl_typesupport_introspection_c
[0.603s] [ 70%] Built target custom_interfaces__rosidl_typesupport_fastrtps_c
[0.604s] [ 70%] Built target custom_interfaces
[0.604s] [ 74%] Built target custom_interfaces__py
[0.604s] [ 80%] Built target custom_interfaces__python
[0.604s] [ 90%] Built target custom_interfaces__rosidl_typesupport_c__pyext
[0.604s] [ 93%] Built target custom_interfaces__rosidl_typesupport_introspection_c__pyext
[0.605s] [100%] Built target custom_interfaces__rosidl_typesupport_fastrtps_c__pyext
[0.605s] Invoked command in '/home/orhan/ros2_ws/build/custom_interfaces' returned '0': CMAKE_PREFIX_PATH=/opt/ros/foxy /usr/bin/cmake --build /home/orhan/ros2_ws/build/custom_interfaces -- -j4 -l4
[0.627s] Invoking command in '/home/orhan/ros2_ws/build/custom_interfaces': CMAKE_PREFIX_PATH=/opt/ros/foxy /usr/bin/cmake --install /home/orhan/ros2_ws/build/custom_interfaces
[0.643s] -- Install configuration: ""
[0.643s] -- Up-to-date: /home/orhan/ros2_ws/install/custom_interfaces/share/ament_index/resource_index/rosidl_interfaces/custom_interfaces
[0.643s] -- Up-to-date: /home/orhan/ros2_ws/install/custom_interfaces/include/custom_interfaces
[0.644s] -- Up-to-date: /home/orhan/ros2_ws/install/custom_interfaces/include/custom_interfaces/msg
[0.644s] -- Up-to-date: /home/orhan/ros2_ws/install/custom_interfaces/include/custom_interfaces/msg/rosidl_generator_c__visibility_control.h
[0.644s] -- Up-to-date: /home/orhan/ros2_ws/install/custom_interfaces/include/custom_interfaces/srv
[0.645s] -- Up-to-date: /home/orhan/ros2_ws/install/custom_interfaces/include/custom_interfaces/srv/detail
[0.645s] -- Up-to-date: /home/orhan/ros2_ws/install/custom_interfaces/include/custom_interfaces/srv/detail/triangle__struct.h
[0.645s] -- Up-to-date: /home/orhan/ros2_ws/install/custom_interfaces/include/custom_interfaces/srv/detail/triangle__functions.c
[0.645s] -- Up-to-date: /home/orhan/ros2_ws/install/custom_interfaces/include/custom_interfaces/srv/detail/triangle__functions.h
[0.645s] -- Up-to-date: /home/orhan/ros2_ws/install/custom_interfaces/include/custom_interfaces/srv/detail/triangle__type_support.h
[0.646s] -- Up-to-date: /home/orhan/ros2_ws/install/custom_interfaces/include/custom_interfaces/srv/triangle.h
[0.646s] -- Up-to-date: /home/orhan/ros2_ws/install/custom_interfaces/share/custom_interfaces/environment/library_path.sh
[0.646s] -- Up-to-date: /home/orhan/ros2_ws/install/custom_interfaces/share/custom_interfaces/environment/library_path.dsv
[0.651s] -- Up-to-date: /home/orhan/ros2_ws/install/custom_interfaces/lib/libcustom_interfaces__rosidl_generator_c.so
[0.652s] -- Up-to-date: /home/orhan/ros2_ws/install/custom_interfaces/include/custom_interfaces
[0.652s] -- Up-to-date: /home/orhan/ros2_ws/install/custom_interfaces/include/custom_interfaces/msg
[0.652s] -- Up-to-date: /home/orhan/ros2_ws/install/custom_interfaces/include/custom_interfaces/msg/rosidl_typesupport_fastrtps_c__visibility_control.h
[0.653s] -- Up-to-date: /home/orhan/ros2_ws/install/custom_interfaces/include/custom_interfaces/srv
[0.653s] -- Up-to-date: /home/orhan/ros2_ws/install/custom_interfaces/include/custom_interfaces/srv/detail
[0.653s] -- Up-to-date: /home/orhan/ros2_ws/install/custom_interfaces/include/custom_interfaces/srv/detail/triangle__rosidl_typesupport_fastrtps_c.h
[0.653s] -- Up-to-date: /home/orhan/ros2_ws/install/custom_interfaces/lib/libcustom_interfaces__rosidl_typesupport_fastrtps_c.so
[0.654s] -- Up-to-date: /home/orhan/ros2_ws/install/custom_interfaces/include/custom_interfaces
[0.654s] -- Up-to-date: /home/orhan/ros2_ws/install/custom_interfaces/include/custom_interfaces/msg
[0.655s] -- Up-to-date: /home/orhan/ros2_ws/install/custom_interfaces/include/custom_interfaces/msg/rosidl_typesupport_fastrtps_cpp__visibility_control.h
[0.655s] -- Up-to-date: /home/orhan/ros2_ws/install/custom_interfaces/include/custom_interfaces/srv
[0.655s] -- Up-to-date: /home/orhan/ros2_ws/install/custom_interfaces/include/custom_interfaces/srv/detail
[0.655s] -- Up-to-date: /home/orhan/ros2_ws/install/custom_interfaces/include/custom_interfaces/srv/detail/triangle__rosidl_typesupport_fastrtps_cpp.hpp
[0.656s] -- Up-to-date: /home/orhan/ros2_ws/install/custom_interfaces/include/custom_interfaces/srv/detail/dds_fastrtps
[0.660s] -- Up-to-date: /home/orhan/ros2_ws/install/custom_interfaces/lib/libcustom_interfaces__rosidl_typesupport_fastrtps_cpp.so
[0.660s] -- Up-to-date: /home/orhan/ros2_ws/install/custom_interfaces/include/custom_interfaces
[0.660s] -- Up-to-date: /home/orhan/ros2_ws/install/custom_interfaces/include/custom_interfaces/msg
[0.665s] -- Up-to-date: /home/orhan/ros2_ws/install/custom_interfaces/include/custom_interfaces/msg/rosidl_typesupport_introspection_c__visibility_control.h
[0.665s] -- Up-to-date: /home/orhan/ros2_ws/install/custom_interfaces/include/custom_interfaces/srv
[0.665s] -- Up-to-date: /home/orhan/ros2_ws/install/custom_interfaces/include/custom_interfaces/srv/detail
[0.665s] -- Up-to-date: /home/orhan/ros2_ws/install/custom_interfaces/include/custom_interfaces/srv/detail/triangle__type_support.c
[0.666s] -- Up-to-date: /home/orhan/ros2_ws/install/custom_interfaces/include/custom_interfaces/srv/detail/triangle__rosidl_typesupport_introspection_c.h
[0.666s] -- Up-to-date: /home/orhan/ros2_ws/install/custom_interfaces/lib/libcustom_interfaces__rosidl_typesupport_introspection_c.so
[0.667s] -- Up-to-date: /home/orhan/ros2_ws/install/custom_interfaces/lib/libcustom_interfaces__rosidl_typesupport_c.so
[0.667s] -- Up-to-date: /home/orhan/ros2_ws/install/custom_interfaces/include/custom_interfaces
[0.667s] -- Up-to-date: /home/orhan/ros2_ws/install/custom_interfaces/include/custom_interfaces/msg
[0.667s] -- Up-to-date: /home/orhan/ros2_ws/install/custom_interfaces/include/custom_interfaces/msg/rosidl_generator_cpp__visibility_control.hpp
[0.667s] -- Up-to-date: /home/orhan/ros2_ws/install/custom_interfaces/include/custom_interfaces/srv
[0.667s] -- Up-to-date: /home/orhan/ros2_ws/install/custom_interfaces/include/custom_interfaces/srv/detail
[0.667s] -- Up-to-date: /home/orhan/ros2_ws/install/custom_interfaces/include/custom_interfaces/srv/detail/triangle__struct.hpp
[0.667s] -- Up-to-date: /home/orhan/ros2_ws/install/custom_interfaces/include/custom_interfaces/srv/detail/triangle__traits.hpp
[0.668s] -- Up-to-date: /home/orhan/ros2_ws/install/custom_interfaces/include/custom_interfaces/srv/detail/triangle__type_support.hpp
[0.668s] -- Up-to-date: /home/orhan/ros2_ws/install/custom_interfaces/include/custom_interfaces/srv/detail/triangle__builder.hpp
[0.668s] -- Up-to-date: /home/orhan/ros2_ws/install/custom_interfaces/include/custom_interfaces/srv/triangle.hpp
[0.668s] -- Up-to-date: /home/orhan/ros2_ws/install/custom_interfaces/include/custom_interfaces
[0.668s] -- Up-to-date: /home/orhan/ros2_ws/install/custom_interfaces/include/custom_interfaces/srv
[0.668s] -- Up-to-date: /home/orhan/ros2_ws/install/custom_interfaces/include/custom_interfaces/srv/detail
[0.668s] -- Up-to-date: /home/orhan/ros2_ws/install/custom_interfaces/include/custom_interfaces/srv/detail/triangle__rosidl_typesupport_introspection_cpp.hpp
[0.668s] -- Up-to-date: /home/orhan/ros2_ws/install/custom_interfaces/include/custom_interfaces/srv/detail/triangle__type_support.cpp
[0.669s] -- Up-to-date: /home/orhan/ros2_ws/install/custom_interfaces/lib/libcustom_interfaces__rosidl_typesupport_introspection_cpp.so
[0.670s] -- Up-to-date: /home/orhan/ros2_ws/install/custom_interfaces/lib/libcustom_interfaces__rosidl_typesupport_cpp.so
[0.671s] -- Up-to-date: /home/orhan/ros2_ws/install/custom_interfaces/share/custom_interfaces/environment/pythonpath.sh
[0.671s] -- Up-to-date: /home/orhan/ros2_ws/install/custom_interfaces/share/custom_interfaces/environment/pythonpath.dsv
[0.671s] -- Up-to-date: /home/orhan/ros2_ws/install/custom_interfaces/lib/python3.8/site-packages/custom_interfaces/__init__.py
[0.761s] -- Up-to-date: /home/orhan/ros2_ws/install/custom_interfaces/lib/python3.8/site-packages/custom_interfaces/srv
[0.762s] -- Up-to-date: /home/orhan/ros2_ws/install/custom_interfaces/lib/python3.8/site-packages/custom_interfaces/srv/_triangle.py
[0.762s] -- Up-to-date: /home/orhan/ros2_ws/install/custom_interfaces/lib/python3.8/site-packages/custom_interfaces/srv/__init__.py
[0.762s] -- Up-to-date: /home/orhan/ros2_ws/install/custom_interfaces/lib/python3.8/site-packages/custom_interfaces/srv/_triangle_s.c
[0.769s] -- Up-to-date: /home/orhan/ros2_ws/install/custom_interfaces/lib/python3.8/site-packages/custom_interfaces/custom_interfaces_s__rosidl_typesupport_fastrtps_c.cpython-38-x86_64-linux-gnu.so
[0.771s] -- Up-to-date: /home/orhan/ros2_ws/install/custom_interfaces/lib/python3.8/site-packages/custom_interfaces/custom_interfaces_s__rosidl_typesupport_introspection_c.cpython-38-x86_64-linux-gnu.so
[0.783s] -- Up-to-date: /home/orhan/ros2_ws/install/custom_interfaces/lib/python3.8/site-packages/custom_interfaces/custom_interfaces_s__rosidl_typesupport_c.cpython-38-x86_64-linux-gnu.so
[0.785s] -- Up-to-date: /home/orhan/ros2_ws/install/custom_interfaces/lib/libcustom_interfaces__python.so
[0.787s] -- Up-to-date: /home/orhan/ros2_ws/install/custom_interfaces/share/custom_interfaces/srv/Triangle.idl
[0.789s] -- Up-to-date: /home/orhan/ros2_ws/install/custom_interfaces/share/custom_interfaces/srv/Triangle.srv
[0.790s] -- Up-to-date: /home/orhan/ros2_ws/install/custom_interfaces/share/custom_interfaces/srv/Triangle_Request.msg
[0.790s] -- Up-to-date: /home/orhan/ros2_ws/install/custom_interfaces/share/custom_interfaces/srv/Triangle_Response.msg
[0.791s] -- Up-to-date: /home/orhan/ros2_ws/install/custom_interfaces/share/ament_index/resource_index/package_run_dependencies/custom_interfaces
[0.792s] -- Up-to-date: /home/orhan/ros2_ws/install/custom_interfaces/share/ament_index/resource_index/parent_prefix_path/custom_interfaces
[0.792s] -- Up-to-date: /home/orhan/ros2_ws/install/custom_interfaces/share/custom_interfaces/environment/ament_prefix_path.sh
[0.793s] -- Up-to-date: /home/orhan/ros2_ws/install/custom_interfaces/share/custom_interfaces/environment/ament_prefix_path.dsv
[0.793s] -- Up-to-date: /home/orhan/ros2_ws/install/custom_interfaces/share/custom_interfaces/environment/path.sh
[0.794s] -- Up-to-date: /home/orhan/ros2_ws/install/custom_interfaces/share/custom_interfaces/environment/path.dsv
[0.795s] -- Up-to-date: /home/orhan/ros2_ws/install/custom_interfaces/share/custom_interfaces/local_setup.bash
[0.796s] -- Up-to-date: /home/orhan/ros2_ws/install/custom_interfaces/share/custom_interfaces/local_setup.sh
[0.796s] -- Up-to-date: /home/orhan/ros2_ws/install/custom_interfaces/share/custom_interfaces/local_setup.zsh
[0.797s] -- Up-to-date: /home/orhan/ros2_ws/install/custom_interfaces/share/custom_interfaces/local_setup.dsv
[0.797s] -- Installing: /home/orhan/ros2_ws/install/custom_interfaces/share/custom_interfaces/package.dsv
[0.798s] -- Up-to-date: /home/orhan/ros2_ws/install/custom_interfaces/share/ament_index/resource_index/packages/custom_interfaces
[0.799s] -- Up-to-date: /home/orhan/ros2_ws/install/custom_interfaces/share/custom_interfaces/cmake/custom_interfaces__rosidl_generator_cExport.cmake
[0.800s] -- Up-to-date: /home/orhan/ros2_ws/install/custom_interfaces/share/custom_interfaces/cmake/custom_interfaces__rosidl_generator_cExport-noconfig.cmake
[0.801s] -- Up-to-date: /home/orhan/ros2_ws/install/custom_interfaces/share/custom_interfaces/cmake/custom_interfaces__rosidl_typesupport_introspection_cExport.cmake
[0.802s] -- Up-to-date: /home/orhan/ros2_ws/install/custom_interfaces/share/custom_interfaces/cmake/custom_interfaces__rosidl_typesupport_introspection_cExport-noconfig.cmake
[0.803s] -- Up-to-date: /home/orhan/ros2_ws/install/custom_interfaces/share/custom_interfaces/cmake/custom_interfaces__rosidl_typesupport_cExport.cmake
[0.804s] -- Up-to-date: /home/orhan/ros2_ws/install/custom_interfaces/share/custom_interfaces/cmake/custom_interfaces__rosidl_typesupport_cExport-noconfig.cmake
[0.805s] -- Up-to-date: /home/orhan/ros2_ws/install/custom_interfaces/share/custom_interfaces/cmake/custom_interfaces__rosidl_generator_cppExport.cmake
[0.806s] -- Up-to-date: /home/orhan/ros2_ws/install/custom_interfaces/share/custom_interfaces/cmake/custom_interfaces__rosidl_typesupport_introspection_cppExport.cmake
[0.807s] -- Up-to-date: /home/orhan/ros2_ws/install/custom_interfaces/share/custom_interfaces/cmake/custom_interfaces__rosidl_typesupport_introspection_cppExport-noconfig.cmake
[0.808s] -- Up-to-date: /home/orhan/ros2_ws/install/custom_interfaces/share/custom_interfaces/cmake/custom_interfaces__rosidl_typesupport_cppExport.cmake
[0.809s] -- Up-to-date: /home/orhan/ros2_ws/install/custom_interfaces/share/custom_interfaces/cmake/custom_interfaces__rosidl_typesupport_cppExport-noconfig.cmake
[0.810s] -- Up-to-date: /home/orhan/ros2_ws/install/custom_interfaces/share/custom_interfaces/cmake/rosidl_cmake-extras.cmake
[0.810s] -- Up-to-date: /home/orhan/ros2_ws/install/custom_interfaces/share/custom_interfaces/cmake/ament_cmake_export_dependencies-extras.cmake
[0.811s] -- Up-to-date: /home/orhan/ros2_ws/install/custom_interfaces/share/custom_interfaces/cmake/ament_cmake_export_libraries-extras.cmake
[0.811s] -- Up-to-date: /home/orhan/ros2_ws/install/custom_interfaces/share/custom_interfaces/cmake/ament_cmake_export_targets-extras.cmake
[0.812s] -- Up-to-date: /home/orhan/ros2_ws/install/custom_interfaces/share/custom_interfaces/cmake/ament_cmake_export_include_directories-extras.cmake
[0.812s] -- Up-to-date: /home/orhan/ros2_ws/install/custom_interfaces/share/custom_interfaces/cmake/rosidl_cmake_export_typesupport_libraries-extras.cmake
[0.813s] -- Up-to-date: /home/orhan/ros2_ws/install/custom_interfaces/share/custom_interfaces/cmake/rosidl_cmake_export_typesupport_targets-extras.cmake
[0.814s] -- Up-to-date: /home/orhan/ros2_ws/install/custom_interfaces/share/custom_interfaces/cmake/custom_interfacesConfig.cmake
[0.814s] -- Up-to-date: /home/orhan/ros2_ws/install/custom_interfaces/share/custom_interfaces/cmake/custom_interfacesConfig-version.cmake
[0.815s] -- Up-to-date: /home/orhan/ros2_ws/install/custom_interfaces/share/custom_interfaces/package.xml
[0.830s] Invoked command in '/home/orhan/ros2_ws/build/custom_interfaces' returned '0': CMAKE_PREFIX_PATH=/opt/ros/foxy /usr/bin/cmake --install /home/orhan/ros2_ws/build/custom_interfaces
