[0.913s] Invoking command in '/home/orhan/ros2_ws/src/cift_sayi': PYTHONPATH=/home/orhan/ros2_ws/build/cift_sayi/prefix_override:/usr/lib/python3/dist-packages/colcon_core/task/python/colcon_distutils_commands:/home/orhan/ros2_ws/install/cift_sayi/lib/python3.8/site-packages:${PYTHONPATH} /usr/bin/python3 -W ignore:setup.py install is deprecated setup.py egg_info --egg-base ../../build/cift_sayi build --build-base /home/orhan/ros2_ws/build/cift_sayi/build install --record /home/orhan/ros2_ws/build/cift_sayi/install.log --install-scripts $base/lib/cift_sayi --single-version-externally-managed install_data
[1.222s] running egg_info
[1.223s] writing ../../build/cift_sayi/cift_sayi.egg-info/PKG-INFO
[1.224s] writing dependency_links to ../../build/cift_sayi/cift_sayi.egg-info/dependency_links.txt
[1.224s] writing entry points to ../../build/cift_sayi/cift_sayi.egg-info/entry_points.txt
[1.224s] writing requirements to ../../build/cift_sayi/cift_sayi.egg-info/requires.txt
[1.224s] writing top-level names to ../../build/cift_sayi/cift_sayi.egg-info/top_level.txt
[1.270s] reading manifest file '../../build/cift_sayi/cift_sayi.egg-info/SOURCES.txt'
[1.272s] writing manifest file '../../build/cift_sayi/cift_sayi.egg-info/SOURCES.txt'
[1.272s] running build
[1.272s] running build_py
[1.272s] copying cift_sayi/subscriber_member_function.py -> /home/orhan/ros2_ws/build/cift_sayi/build/lib/cift_sayi
[1.272s] running install
[1.273s] running install_lib
[1.275s] copying /home/orhan/ros2_ws/build/cift_sayi/build/lib/cift_sayi/subscriber_member_function.py -> /home/orhan/ros2_ws/install/cift_sayi/lib/python3.8/site-packages/cift_sayi
[1.276s] byte-compiling /home/orhan/ros2_ws/install/cift_sayi/lib/python3.8/site-packages/cift_sayi/subscriber_member_function.py to subscriber_member_function.cpython-38.pyc
[1.279s] running install_data
[1.279s] running install_egg_info
[1.283s] removing '/home/orhan/ros2_ws/install/cift_sayi/lib/python3.8/site-packages/cift_sayi-0.0.0-py3.8.egg-info' (and everything under it)
[1.283s] Copying ../../build/cift_sayi/cift_sayi.egg-info to /home/orhan/ros2_ws/install/cift_sayi/lib/python3.8/site-packages/cift_sayi-0.0.0-py3.8.egg-info
[1.285s] running install_scripts
[1.308s] Installing listener script to /home/orhan/ros2_ws/install/cift_sayi/lib/cift_sayi
[1.308s] Installing talker script to /home/orhan/ros2_ws/install/cift_sayi/lib/cift_sayi
[1.309s] writing list of installed files to '/home/orhan/ros2_ws/build/cift_sayi/install.log'
[1.340s] Invoked command in '/home/orhan/ros2_ws/src/cift_sayi' returned '0': PYTHONPATH=/home/orhan/ros2_ws/build/cift_sayi/prefix_override:/usr/lib/python3/dist-packages/colcon_core/task/python/colcon_distutils_commands:/home/orhan/ros2_ws/install/cift_sayi/lib/python3.8/site-packages:${PYTHONPATH} /usr/bin/python3 -W ignore:setup.py install is deprecated setup.py egg_info --egg-base ../../build/cift_sayi build --build-base /home/orhan/ros2_ws/build/cift_sayi/build install --record /home/orhan/ros2_ws/build/cift_sayi/install.log --install-scripts $base/lib/cift_sayi --single-version-externally-managed install_data
