[1.848s] Invoking command in '/home/orhan/ros2_ws/build/examples_rclpy_minimal_service': PYTHONPATH=/home/orhan/ros2_ws/build/examples_rclpy_minimal_service/prefix_override:/usr/lib/python3/dist-packages/colcon_core/task/python/colcon_distutils_commands:/home/orhan/ros2_ws/install/examples_rclpy_minimal_service/lib/python3.8/site-packages:${PYTHONPATH} /usr/bin/python3 -W ignore:setup.py install is deprecated setup.py develop --editable --build-directory /home/orhan/ros2_ws/build/examples_rclpy_minimal_service/build --no-deps symlink_data
[2.572s] running develop
[3.009s] running egg_info
[3.009s] creating examples_rclpy_minimal_service.egg-info
[3.010s] writing examples_rclpy_minimal_service.egg-info/PKG-INFO
[3.010s] writing dependency_links to examples_rclpy_minimal_service.egg-info/dependency_links.txt
[3.010s] writing entry points to examples_rclpy_minimal_service.egg-info/entry_points.txt
[3.011s] writing requirements to examples_rclpy_minimal_service.egg-info/requires.txt
[3.011s] writing top-level names to examples_rclpy_minimal_service.egg-info/top_level.txt
[3.014s] writing manifest file 'examples_rclpy_minimal_service.egg-info/SOURCES.txt'
[3.104s] reading manifest file 'examples_rclpy_minimal_service.egg-info/SOURCES.txt'
[3.106s] writing manifest file 'examples_rclpy_minimal_service.egg-info/SOURCES.txt'
[3.214s] running build_ext
[3.215s] Creating /home/orhan/ros2_ws/install/examples_rclpy_minimal_service/lib/python3.8/site-packages/site.py
[3.221s] Creating /home/orhan/ros2_ws/install/examples_rclpy_minimal_service/lib/python3.8/site-packages/examples-rclpy-minimal-service.egg-link (link to .)
[3.223s] Installing service script to /home/orhan/ros2_ws/install/examples_rclpy_minimal_service/lib/examples_rclpy_minimal_service
[3.224s] Installing service_member_function script to /home/orhan/ros2_ws/install/examples_rclpy_minimal_service/lib/examples_rclpy_minimal_service
[3.225s] 
[3.226s] Installed /home/orhan/ros2_ws/build/examples_rclpy_minimal_service
[3.227s] running symlink_data
[3.227s] creating /home/orhan/ros2_ws/install/examples_rclpy_minimal_service/share/ament_index
[3.228s] creating /home/orhan/ros2_ws/install/examples_rclpy_minimal_service/share/ament_index/resource_index
[3.228s] creating /home/orhan/ros2_ws/install/examples_rclpy_minimal_service/share/ament_index/resource_index/packages
[3.228s] symbolically linking /home/orhan/ros2_ws/build/examples_rclpy_minimal_service/resource/examples_rclpy_minimal_service -> /home/orhan/ros2_ws/install/examples_rclpy_minimal_service/share/ament_index/resource_index/packages
[3.229s] symbolically linking /home/orhan/ros2_ws/build/examples_rclpy_minimal_service/package.xml -> /home/orhan/ros2_ws/install/examples_rclpy_minimal_service/share/examples_rclpy_minimal_service
[3.308s] Invoked command in '/home/orhan/ros2_ws/build/examples_rclpy_minimal_service' returned '0': PYTHONPATH=/home/orhan/ros2_ws/build/examples_rclpy_minimal_service/prefix_override:/usr/lib/python3/dist-packages/colcon_core/task/python/colcon_distutils_commands:/home/orhan/ros2_ws/install/examples_rclpy_minimal_service/lib/python3.8/site-packages:${PYTHONPATH} /usr/bin/python3 -W ignore:setup.py install is deprecated setup.py develop --editable --build-directory /home/orhan/ros2_ws/build/examples_rclpy_minimal_service/build --no-deps symlink_data
