[0.977s] Invoking command in '/home/orhan/ros2_ws/src/cift_sayi': PYTHONPATH=/home/orhan/ros2_ws/build/cift_sayi/prefix_override:/usr/lib/python3/dist-packages/colcon_core/task/python/colcon_distutils_commands:/home/orhan/ros2_ws/install/cift_sayi/lib/python3.8/site-packages:${PYTHONPATH} /usr/bin/python3 -W ignore:setup.py install is deprecated -W ignore:easy_install command is deprecated setup.py egg_info --egg-base ../../build/cift_sayi build --build-base /home/orhan/ros2_ws/build/cift_sayi/build install --record /home/orhan/ros2_ws/build/cift_sayi/install.log --install-scripts $base/lib/cift_sayi --single-version-externally-managed install_data
[1.318s] running egg_info
[1.319s] writing ../../build/cift_sayi/cift_sayi.egg-info/PKG-INFO
[1.319s] writing dependency_links to ../../build/cift_sayi/cift_sayi.egg-info/dependency_links.txt
[1.320s] writing entry points to ../../build/cift_sayi/cift_sayi.egg-info/entry_points.txt
[1.320s] writing requirements to ../../build/cift_sayi/cift_sayi.egg-info/requires.txt
[1.320s] writing top-level names to ../../build/cift_sayi/cift_sayi.egg-info/top_level.txt
[1.369s] reading manifest file '../../build/cift_sayi/cift_sayi.egg-info/SOURCES.txt'
[1.371s] writing manifest file '../../build/cift_sayi/cift_sayi.egg-info/SOURCES.txt'
[1.371s] running build
[1.371s] running build_py
[1.371s] running install
[1.372s] running install_lib
[1.375s] running install_data
[1.375s] running install_egg_info
[1.377s] removing '/home/orhan/ros2_ws/install/cift_sayi/lib/python3.8/site-packages/cift_sayi-0.0.0-py3.8.egg-info' (and everything under it)
[1.378s] Copying ../../build/cift_sayi/cift_sayi.egg-info to /home/orhan/ros2_ws/install/cift_sayi/lib/python3.8/site-packages/cift_sayi-0.0.0-py3.8.egg-info
[1.379s] running install_scripts
[1.401s] Installing listener script to /home/orhan/ros2_ws/install/cift_sayi/lib/cift_sayi
[1.401s] Installing talker script to /home/orhan/ros2_ws/install/cift_sayi/lib/cift_sayi
[1.401s] writing list of installed files to '/home/orhan/ros2_ws/build/cift_sayi/install.log'
[1.430s] Invoked command in '/home/orhan/ros2_ws/src/cift_sayi' returned '0': PYTHONPATH=/home/orhan/ros2_ws/build/cift_sayi/prefix_override:/usr/lib/python3/dist-packages/colcon_core/task/python/colcon_distutils_commands:/home/orhan/ros2_ws/install/cift_sayi/lib/python3.8/site-packages:${PYTHONPATH} /usr/bin/python3 -W ignore:setup.py install is deprecated -W ignore:easy_install command is deprecated setup.py egg_info --egg-base ../../build/cift_sayi build --build-base /home/orhan/ros2_ws/build/cift_sayi/build install --record /home/orhan/ros2_ws/build/cift_sayi/install.log --install-scripts $base/lib/cift_sayi --single-version-externally-managed install_data
