running egg_info
creating ../../build/iki/iki.egg-info
writing ../../build/iki/iki.egg-info/PKG-INFO
writing dependency_links to ../../build/iki/iki.egg-info/dependency_links.txt
writing entry points to ../../build/iki/iki.egg-info/entry_points.txt
writing requirements to ../../build/iki/iki.egg-info/requires.txt
writing top-level names to ../../build/iki/iki.egg-info/top_level.txt
writing manifest file '../../build/iki/iki.egg-info/SOURCES.txt'
reading manifest file '../../build/iki/iki.egg-info/SOURCES.txt'
writing manifest file '../../build/iki/iki.egg-info/SOURCES.txt'
running build
running build_py
creating /home/orhan/ros2_ws/build/iki/build
creating /home/orhan/ros2_ws/build/iki/build/lib
creating /home/orhan/ros2_ws/build/iki/build/lib/iki
copying iki/__init__.py -> /home/orhan/ros2_ws/build/iki/build/lib/iki
running install
running install_lib
creating /home/orhan/ros2_ws/install/iki/lib/python3.8/site-packages/iki
copying /home/orhan/ros2_ws/build/iki/build/lib/iki/__init__.py -> /home/orhan/ros2_ws/install/iki/lib/python3.8/site-packages/iki
byte-compiling /home/orhan/ros2_ws/install/iki/lib/python3.8/site-packages/iki/__init__.py to __init__.cpython-38.pyc
running install_data
creating /home/orhan/ros2_ws/install/iki/share/ament_index
creating /home/orhan/ros2_ws/install/iki/share/ament_index/resource_index
creating /home/orhan/ros2_ws/install/iki/share/ament_index/resource_index/packages
copying resource/iki -> /home/orhan/ros2_ws/install/iki/share/ament_index/resource_index/packages
copying package.xml -> /home/orhan/ros2_ws/install/iki/share/iki
running install_egg_info
Copying ../../build/iki/iki.egg-info to /home/orhan/ros2_ws/install/iki/lib/python3.8/site-packages/iki-0.0.0-py3.8.egg-info
running install_scripts
writing list of installed files to '/home/orhan/ros2_ws/build/iki/install.log'
