[0.395s] Invoking command in '/home/orhan/ros2_ws/build/examples_rclcpp_minimal_action_server': CMAKE_PREFIX_PATH=${CMAKE_PREFIX_PATH}:/home/orhan/ros2_ws/install/first_package:/home/orhan/ros2_ws/install/examples_rclpy_minimal_subscriber:/home/orhan/ros2_ws/install/examples_rclpy_minimal_service:/home/orhan/ros2_ws/install/examples_rclpy_minimal_publisher:/home/orhan/ros2_ws/install/examples_rclpy_minimal_client:/home/orhan/ros2_ws/install/examples_rclpy_minimal_action_server:/home/orhan/ros2_ws/install/examples_rclpy_minimal_action_client:/home/orhan/ros2_ws/install/examples_rclpy_executors:/opt/ros/foxy /usr/bin/cmake --build /home/orhan/ros2_ws/build/examples_rclcpp_minimal_action_server -- -j4 -l4
[0.592s] [ 50%] Built target action_server_member_functions
[0.598s] [100%] Built target action_server_not_composable
[0.625s] Invoked command in '/home/orhan/ros2_ws/build/examples_rclcpp_minimal_action_server' returned '0': CMAKE_PREFIX_PATH=${CMAKE_PREFIX_PATH}:/home/orhan/ros2_ws/install/first_package:/home/orhan/ros2_ws/install/examples_rclpy_minimal_subscriber:/home/orhan/ros2_ws/install/examples_rclpy_minimal_service:/home/orhan/ros2_ws/install/examples_rclpy_minimal_publisher:/home/orhan/ros2_ws/install/examples_rclpy_minimal_client:/home/orhan/ros2_ws/install/examples_rclpy_minimal_action_server:/home/orhan/ros2_ws/install/examples_rclpy_minimal_action_client:/home/orhan/ros2_ws/install/examples_rclpy_executors:/opt/ros/foxy /usr/bin/cmake --build /home/orhan/ros2_ws/build/examples_rclcpp_minimal_action_server -- -j4 -l4
[0.705s] Invoking command in '/home/orhan/ros2_ws/build/examples_rclcpp_minimal_action_server': CMAKE_PREFIX_PATH=${CMAKE_PREFIX_PATH}:/home/orhan/ros2_ws/install/first_package:/home/orhan/ros2_ws/install/examples_rclpy_minimal_subscriber:/home/orhan/ros2_ws/install/examples_rclpy_minimal_service:/home/orhan/ros2_ws/install/examples_rclpy_minimal_publisher:/home/orhan/ros2_ws/install/examples_rclpy_minimal_client:/home/orhan/ros2_ws/install/examples_rclpy_minimal_action_server:/home/orhan/ros2_ws/install/examples_rclpy_minimal_action_client:/home/orhan/ros2_ws/install/examples_rclpy_executors:/opt/ros/foxy /usr/bin/cmake --install /home/orhan/ros2_ws/build/examples_rclcpp_minimal_action_server
[0.723s] -- Install configuration: ""
[0.724s] -- Execute custom install script
[0.726s] -- Up-to-date symlink: /home/orhan/ros2_ws/install/examples_rclcpp_minimal_action_server/lib/examples_rclcpp_minimal_action_server/action_server_not_composable
[0.726s] -- Up-to-date symlink: /home/orhan/ros2_ws/install/examples_rclcpp_minimal_action_server/lib/examples_rclcpp_minimal_action_server/action_server_member_functions
[0.727s] -- Up-to-date symlink: /home/orhan/ros2_ws/install/examples_rclcpp_minimal_action_server/share/ament_index/resource_index/package_run_dependencies/examples_rclcpp_minimal_action_server
[0.728s] -- Up-to-date symlink: /home/orhan/ros2_ws/install/examples_rclcpp_minimal_action_server/share/ament_index/resource_index/parent_prefix_path/examples_rclcpp_minimal_action_server
[0.734s] -- Up-to-date symlink: /home/orhan/ros2_ws/install/examples_rclcpp_minimal_action_server/share/examples_rclcpp_minimal_action_server/environment/ament_prefix_path.sh
[0.734s] -- Up-to-date symlink: /home/orhan/ros2_ws/install/examples_rclcpp_minimal_action_server/share/examples_rclcpp_minimal_action_server/environment/ament_prefix_path.dsv
[0.735s] -- Up-to-date symlink: /home/orhan/ros2_ws/install/examples_rclcpp_minimal_action_server/share/examples_rclcpp_minimal_action_server/environment/path.sh
[0.735s] -- Up-to-date symlink: /home/orhan/ros2_ws/install/examples_rclcpp_minimal_action_server/share/examples_rclcpp_minimal_action_server/environment/path.dsv
[0.735s] -- Up-to-date symlink: /home/orhan/ros2_ws/install/examples_rclcpp_minimal_action_server/share/examples_rclcpp_minimal_action_server/local_setup.bash
[0.735s] -- Up-to-date symlink: /home/orhan/ros2_ws/install/examples_rclcpp_minimal_action_server/share/examples_rclcpp_minimal_action_server/local_setup.sh
[0.736s] -- Up-to-date symlink: /home/orhan/ros2_ws/install/examples_rclcpp_minimal_action_server/share/examples_rclcpp_minimal_action_server/local_setup.zsh
[0.739s] -- Up-to-date symlink: /home/orhan/ros2_ws/install/examples_rclcpp_minimal_action_server/share/examples_rclcpp_minimal_action_server/local_setup.dsv
[0.743s] -- Symlinking: /home/orhan/ros2_ws/install/examples_rclcpp_minimal_action_server/share/examples_rclcpp_minimal_action_server/package.dsv
[0.774s] -- Up-to-date symlink: /home/orhan/ros2_ws/install/examples_rclcpp_minimal_action_server/share/ament_index/resource_index/packages/examples_rclcpp_minimal_action_server
[0.778s] -- Up-to-date symlink: /home/orhan/ros2_ws/install/examples_rclcpp_minimal_action_server/share/examples_rclcpp_minimal_action_server/cmake/examples_rclcpp_minimal_action_serverConfig.cmake
[0.778s] -- Up-to-date symlink: /home/orhan/ros2_ws/install/examples_rclcpp_minimal_action_server/share/examples_rclcpp_minimal_action_server/cmake/examples_rclcpp_minimal_action_serverConfig-version.cmake
[0.778s] -- Up-to-date symlink: /home/orhan/ros2_ws/install/examples_rclcpp_minimal_action_server/share/examples_rclcpp_minimal_action_server/package.xml
[0.821s] Invoked command in '/home/orhan/ros2_ws/build/examples_rclcpp_minimal_action_server' returned '0': CMAKE_PREFIX_PATH=${CMAKE_PREFIX_PATH}:/home/orhan/ros2_ws/install/first_package:/home/orhan/ros2_ws/install/examples_rclpy_minimal_subscriber:/home/orhan/ros2_ws/install/examples_rclpy_minimal_service:/home/orhan/ros2_ws/install/examples_rclpy_minimal_publisher:/home/orhan/ros2_ws/install/examples_rclpy_minimal_client:/home/orhan/ros2_ws/install/examples_rclpy_minimal_action_server:/home/orhan/ros2_ws/install/examples_rclpy_minimal_action_client:/home/orhan/ros2_ws/install/examples_rclpy_executors:/opt/ros/foxy /usr/bin/cmake --install /home/orhan/ros2_ws/build/examples_rclcpp_minimal_action_server
