[0.019s] Invoking command in '/home/orhan/ros2_ws/build/tutorial_interfaces': CMAKE_PREFIX_PATH=${CMAKE_PREFIX_PATH}:/home/orhan/ros2_ws/install/py_srvcli:/home/orhan/ros2_ws/install/iki:/home/orhan/ros2_ws/install/first_package:/home/orhan/ros2_ws/install/examples_rclpy_minimal_subscriber:/home/orhan/ros2_ws/install/examples_rclpy_minimal_service:/home/orhan/ros2_ws/install/examples_rclpy_minimal_publisher:/home/orhan/ros2_ws/install/examples_rclpy_minimal_client:/home/orhan/ros2_ws/install/examples_rclpy_minimal_action_server:/home/orhan/ros2_ws/install/examples_rclpy_minimal_action_client:/home/orhan/ros2_ws/install/examples_rclpy_executors:/home/orhan/ros2_ws/install/cift_sayi:/opt/ros/foxy /usr/bin/cmake --build /home/orhan/ros2_ws/build/tutorial_interfaces -- -j4 -l4
[0.066s] -- Found ament_cmake: 0.9.12 (/opt/ros/foxy/share/ament_cmake/cmake)
[0.108s] -- Using PYTHON_EXECUTABLE: /usr/bin/python3
[0.400s] -- Found geometry_msgs: 2.0.5 (/opt/ros/foxy/share/geometry_msgs/cmake)
[0.432s] -- Using all available rosidl_typesupport_c: rosidl_typesupport_fastrtps_c;rosidl_typesupport_introspection_c
[0.437s] -- Found rosidl_adapter: 1.3.1 (/opt/ros/foxy/share/rosidl_adapter/cmake)
[0.601s] -- Using all available rosidl_typesupport_cpp: rosidl_typesupport_fastrtps_cpp;rosidl_typesupport_introspection_cpp
[0.711s] -- Found rosidl_default_generators: 1.0.1 (/opt/ros/foxy/share/rosidl_default_generators/cmake)
[0.771s] -- Found PythonInterp: /usr/bin/python3 (found version "3.8.10") 
[1.063s] -- Found ament_cmake_ros: 0.9.2 (/opt/ros/foxy/share/ament_cmake_ros/cmake)
[1.411s] -- Using all available rosidl_typesupport_c: rosidl_typesupport_fastrtps_c;rosidl_typesupport_introspection_c
[1.566s] -- Using all available rosidl_typesupport_cpp: rosidl_typesupport_fastrtps_cpp;rosidl_typesupport_introspection_cpp
[1.617s] -- Found PythonInterp: /usr/bin/python3 (found suitable version "3.8.10", minimum required is "3.5") 
[1.622s] -- Found python_cmake_module: 0.8.1 (/opt/ros/foxy/share/python_cmake_module/cmake)
[1.683s] -- Found PythonLibs: /usr/lib/x86_64-linux-gnu/libpython3.8.so (found suitable version "3.8.10", minimum required is "3.5") 
[1.684s] -- Using PYTHON_EXECUTABLE: /usr/bin/python3
[1.684s] -- Using PYTHON_INCLUDE_DIRS: /usr/include/python3.8
[1.684s] -- Using PYTHON_LIBRARIES: /usr/lib/x86_64-linux-gnu/libpython3.8.so
[1.734s] -- Found PythonExtra: .so  
[1.867s] -- Found ament_lint_auto: 0.9.8 (/opt/ros/foxy/share/ament_lint_auto/cmake)
[1.881s] -- Added test 'copyright' to check source files copyright and LICENSE
[1.884s] -- Added test 'lint_cmake' to check CMake code style
[1.885s] -- Added test 'xmllint' to check XML markup files
[1.891s] -- Configuring done
[1.975s] -- Generating done
[2.003s] -- Build files have been written to: /home/orhan/ros2_ws/build/tutorial_interfaces
[2.040s] [35m[1mScanning dependencies of target tutorial_interfaces__cpp[0m
[2.042s] [  2%] [34m[1mGenerating C code for ROS interfaces[0m
[2.056s] [  4%] [34m[1mGenerating C++ code for ROS interfaces[0m
[2.606s] [  4%] Built target tutorial_interfaces__cpp
[2.628s] [  6%] [34m[1mGenerating C++ type support dispatch for ROS interfaces[0m
[2.643s] [  8%] [34m[1mGenerating C++ type support for eProsima Fast-RTPS[0m
[2.676s] [ 10%] [34m[1mGenerating C++ introspection for ROS interfaces[0m
[2.677s] [35m[1mScanning dependencies of target tutorial_interfaces__rosidl_generator_c[0m
[2.713s] [ 12%] [32mBuilding C object CMakeFiles/tutorial_interfaces__rosidl_generator_c.dir/rosidl_generator_c/tutorial_interfaces/msg/detail/num__functions.c.o[0m
[2.843s] [ 14%] [32mBuilding C object CMakeFiles/tutorial_interfaces__rosidl_generator_c.dir/rosidl_generator_c/tutorial_interfaces/msg/detail/sphere__functions.c.o[0m
[2.944s] [ 17%] [32mBuilding C object CMakeFiles/tutorial_interfaces__rosidl_generator_c.dir/rosidl_generator_c/tutorial_interfaces/srv/detail/add_three_ints__functions.c.o[0m
[3.072s] [ 19%] [32m[1mLinking C shared library libtutorial_interfaces__rosidl_generator_c.so[0m
[3.163s] [ 19%] Built target tutorial_interfaces__rosidl_generator_c
[3.191s] [ 21%] [34m[1mGenerating C introspection for ROS interfaces[0m
[3.293s] [35m[1mScanning dependencies of target tutorial_interfaces__rosidl_typesupport_cpp[0m
[3.327s] [ 23%] [32mBuilding CXX object CMakeFiles/tutorial_interfaces__rosidl_typesupport_cpp.dir/rosidl_typesupport_cpp/tutorial_interfaces/msg/num__type_support.cpp.o[0m
[3.495s] [35m[1mScanning dependencies of target tutorial_interfaces__rosidl_typesupport_introspection_cpp[0m
[3.507s] [35m[1mScanning dependencies of target tutorial_interfaces__rosidl_typesupport_fastrtps_cpp[0m
[3.528s] [ 25%] [32mBuilding CXX object CMakeFiles/tutorial_interfaces__rosidl_typesupport_introspection_cpp.dir/rosidl_typesupport_introspection_cpp/tutorial_interfaces/msg/detail/num__type_support.cpp.o[0m
[3.555s] [ 27%] [32mBuilding CXX object CMakeFiles/tutorial_interfaces__rosidl_typesupport_fastrtps_cpp.dir/rosidl_typesupport_fastrtps_cpp/tutorial_interfaces/msg/detail/dds_fastrtps/num__type_support.cpp.o[0m
[4.031s] [ 29%] [32mBuilding CXX object CMakeFiles/tutorial_interfaces__rosidl_typesupport_cpp.dir/rosidl_typesupport_cpp/tutorial_interfaces/msg/sphere__type_support.cpp.o[0m
[4.067s] [35m[1mScanning dependencies of target tutorial_interfaces__rosidl_typesupport_introspection_c[0m
[4.104s] [ 31%] [32mBuilding C object CMakeFiles/tutorial_interfaces__rosidl_typesupport_introspection_c.dir/rosidl_typesupport_introspection_c/tutorial_interfaces/msg/detail/num__type_support.c.o[0m
[4.176s] [ 36%] [32mBuilding CXX object CMakeFiles/tutorial_interfaces__rosidl_typesupport_introspection_cpp.dir/rosidl_typesupport_introspection_cpp/tutorial_interfaces/msg/detail/sphere__type_support.cpp.o[0m
[4.177s] [ 36%] [32mBuilding C object CMakeFiles/tutorial_interfaces__rosidl_typesupport_introspection_c.dir/rosidl_typesupport_introspection_c/tutorial_interfaces/msg/detail/sphere__type_support.c.o[0m
[4.252s] [ 38%] [32mBuilding C object CMakeFiles/tutorial_interfaces__rosidl_typesupport_introspection_c.dir/rosidl_typesupport_introspection_c/tutorial_interfaces/srv/detail/add_three_ints__type_support.c.o[0m
[4.331s] [ 40%] [32m[1mLinking C shared library libtutorial_interfaces__rosidl_typesupport_introspection_c.so[0m
[4.408s] [ 40%] Built target tutorial_interfaces__rosidl_typesupport_introspection_c
[4.429s] [ 42%] [32mBuilding CXX object CMakeFiles/tutorial_interfaces__rosidl_typesupport_fastrtps_cpp.dir/rosidl_typesupport_fastrtps_cpp/tutorial_interfaces/msg/detail/dds_fastrtps/sphere__type_support.cpp.o[0m
[4.585s] [ 44%] [32mBuilding CXX object CMakeFiles/tutorial_interfaces__rosidl_typesupport_fastrtps_cpp.dir/rosidl_typesupport_fastrtps_cpp/tutorial_interfaces/srv/detail/dds_fastrtps/add_three_ints__type_support.cpp.o[0m
[4.700s] [ 46%] [32mBuilding CXX object CMakeFiles/tutorial_interfaces__rosidl_typesupport_cpp.dir/rosidl_typesupport_cpp/tutorial_interfaces/srv/add_three_ints__type_support.cpp.o[0m
[4.830s] [ 48%] [32mBuilding CXX object CMakeFiles/tutorial_interfaces__rosidl_typesupport_introspection_cpp.dir/rosidl_typesupport_introspection_cpp/tutorial_interfaces/srv/detail/add_three_ints__type_support.cpp.o[0m
[5.362s] [ 51%] [32m[1mLinking CXX shared library libtutorial_interfaces__rosidl_typesupport_cpp.so[0m
[5.432s] [ 53%] [34m[1mGenerating C type support dispatch for ROS interfaces[0m
[5.459s] [ 53%] Built target tutorial_interfaces__rosidl_typesupport_cpp
[5.503s] [ 55%] [32m[1mLinking CXX shared library libtutorial_interfaces__rosidl_typesupport_introspection_cpp.so[0m
[5.534s] [ 57%] [32m[1mLinking CXX shared library libtutorial_interfaces__rosidl_typesupport_fastrtps_cpp.so[0m
[5.657s] [ 57%] Built target tutorial_interfaces__rosidl_typesupport_introspection_cpp
[5.680s] [ 57%] Built target tutorial_interfaces__rosidl_typesupport_fastrtps_cpp
[5.695s] [ 59%] [34m[1mGenerating C type support for eProsima Fast-RTPS[0m
[5.894s] [35m[1mScanning dependencies of target tutorial_interfaces__rosidl_typesupport_c[0m
[5.918s] [ 61%] [32mBuilding CXX object CMakeFiles/tutorial_interfaces__rosidl_typesupport_c.dir/rosidl_typesupport_c/tutorial_interfaces/msg/num__type_support.cpp.o[0m
[5.918s] [ 63%] [32mBuilding CXX object CMakeFiles/tutorial_interfaces__rosidl_typesupport_c.dir/rosidl_typesupport_c/tutorial_interfaces/msg/sphere__type_support.cpp.o[0m
[5.920s] [ 65%] [32mBuilding CXX object CMakeFiles/tutorial_interfaces__rosidl_typesupport_c.dir/rosidl_typesupport_c/tutorial_interfaces/srv/add_three_ints__type_support.cpp.o[0m
[5.979s] [ 68%] [32m[1mLinking CXX shared library libtutorial_interfaces__rosidl_typesupport_c.so[0m
[6.038s] [ 68%] Built target tutorial_interfaces__rosidl_typesupport_c
[6.188s] [35m[1mScanning dependencies of target tutorial_interfaces__rosidl_typesupport_fastrtps_c[0m
[6.222s] [ 70%] [32mBuilding CXX object CMakeFiles/tutorial_interfaces__rosidl_typesupport_fastrtps_c.dir/rosidl_typesupport_fastrtps_c/tutorial_interfaces/srv/detail/add_three_ints__type_support_c.cpp.o[0m
[6.222s] [ 72%] [32mBuilding CXX object CMakeFiles/tutorial_interfaces__rosidl_typesupport_fastrtps_c.dir/rosidl_typesupport_fastrtps_c/tutorial_interfaces/msg/detail/num__type_support_c.cpp.o[0m
[6.224s] [ 74%] [32mBuilding CXX object CMakeFiles/tutorial_interfaces__rosidl_typesupport_fastrtps_c.dir/rosidl_typesupport_fastrtps_c/tutorial_interfaces/msg/detail/sphere__type_support_c.cpp.o[0m
[6.936s] [ 76%] [32m[1mLinking CXX shared library libtutorial_interfaces__rosidl_typesupport_fastrtps_c.so[0m
[7.070s] [ 76%] Built target tutorial_interfaces__rosidl_typesupport_fastrtps_c
[7.087s] [35m[1mScanning dependencies of target tutorial_interfaces[0m
[7.103s] [ 76%] Built target tutorial_interfaces
[7.120s] [35m[1mScanning dependencies of target tutorial_interfaces__py[0m
[7.135s] [ 78%] [34m[1mGenerating Python code for ROS interfaces[0m
[7.961s] [ 78%] Built target tutorial_interfaces__py
[7.978s] [35m[1mScanning dependencies of target tutorial_interfaces__python[0m
[8.025s] [ 80%] [32mBuilding C object CMakeFiles/tutorial_interfaces__python.dir/rosidl_generator_py/tutorial_interfaces/msg/_num_s.c.o[0m
[8.027s] [ 82%] [32mBuilding C object CMakeFiles/tutorial_interfaces__python.dir/rosidl_generator_py/tutorial_interfaces/msg/_sphere_s.c.o[0m
[8.031s] [ 85%] [32mBuilding C object CMakeFiles/tutorial_interfaces__python.dir/rosidl_generator_py/tutorial_interfaces/srv/_add_three_ints_s.c.o[0m
[8.209s] [ 87%] [32m[1mLinking C shared library rosidl_generator_py/tutorial_interfaces/libtutorial_interfaces__python.so[0m
[8.276s] [ 87%] Built target tutorial_interfaces__python
[8.291s] [35m[1mScanning dependencies of target tutorial_interfaces__rosidl_typesupport_introspection_c__pyext[0m
[8.296s] [35m[1mScanning dependencies of target tutorial_interfaces__rosidl_typesupport_c__pyext[0m
[8.296s] [35m[1mScanning dependencies of target tutorial_interfaces__rosidl_typesupport_fastrtps_c__pyext[0m
[8.320s] [ 89%] [32mBuilding C object CMakeFiles/tutorial_interfaces__rosidl_typesupport_introspection_c__pyext.dir/rosidl_generator_py/tutorial_interfaces/_tutorial_interfaces_s.ep.rosidl_typesupport_introspection_c.c.o[0m
[8.333s] [ 91%] [32mBuilding C object CMakeFiles/tutorial_interfaces__rosidl_typesupport_c__pyext.dir/rosidl_generator_py/tutorial_interfaces/_tutorial_interfaces_s.ep.rosidl_typesupport_c.c.o[0m
[8.341s] [ 93%] [32mBuilding C object CMakeFiles/tutorial_interfaces__rosidl_typesupport_fastrtps_c__pyext.dir/rosidl_generator_py/tutorial_interfaces/_tutorial_interfaces_s.ep.rosidl_typesupport_fastrtps_c.c.o[0m
[8.470s] [ 95%] [32m[1mLinking CXX shared library rosidl_generator_py/tutorial_interfaces/tutorial_interfaces_s__rosidl_typesupport_fastrtps_c.cpython-38-x86_64-linux-gnu.so[0m
[8.518s] [ 97%] [32m[1mLinking C shared library rosidl_generator_py/tutorial_interfaces/tutorial_interfaces_s__rosidl_typesupport_introspection_c.cpython-38-x86_64-linux-gnu.so[0m
[8.525s] [100%] [32m[1mLinking C shared library rosidl_generator_py/tutorial_interfaces/tutorial_interfaces_s__rosidl_typesupport_c.cpython-38-x86_64-linux-gnu.so[0m
[8.583s] [100%] Built target tutorial_interfaces__rosidl_typesupport_introspection_c__pyext
[8.600s] [100%] Built target tutorial_interfaces__rosidl_typesupport_c__pyext
[8.605s] [100%] Built target tutorial_interfaces__rosidl_typesupport_fastrtps_c__pyext
[8.623s] Invoked command in '/home/orhan/ros2_ws/build/tutorial_interfaces' returned '0': CMAKE_PREFIX_PATH=${CMAKE_PREFIX_PATH}:/home/orhan/ros2_ws/install/py_srvcli:/home/orhan/ros2_ws/install/iki:/home/orhan/ros2_ws/install/first_package:/home/orhan/ros2_ws/install/examples_rclpy_minimal_subscriber:/home/orhan/ros2_ws/install/examples_rclpy_minimal_service:/home/orhan/ros2_ws/install/examples_rclpy_minimal_publisher:/home/orhan/ros2_ws/install/examples_rclpy_minimal_client:/home/orhan/ros2_ws/install/examples_rclpy_minimal_action_server:/home/orhan/ros2_ws/install/examples_rclpy_minimal_action_client:/home/orhan/ros2_ws/install/examples_rclpy_executors:/home/orhan/ros2_ws/install/cift_sayi:/opt/ros/foxy /usr/bin/cmake --build /home/orhan/ros2_ws/build/tutorial_interfaces -- -j4 -l4
[8.642s] Invoking command in '/home/orhan/ros2_ws/build/tutorial_interfaces': CMAKE_PREFIX_PATH=${CMAKE_PREFIX_PATH}:/home/orhan/ros2_ws/install/py_srvcli:/home/orhan/ros2_ws/install/iki:/home/orhan/ros2_ws/install/first_package:/home/orhan/ros2_ws/install/examples_rclpy_minimal_subscriber:/home/orhan/ros2_ws/install/examples_rclpy_minimal_service:/home/orhan/ros2_ws/install/examples_rclpy_minimal_publisher:/home/orhan/ros2_ws/install/examples_rclpy_minimal_client:/home/orhan/ros2_ws/install/examples_rclpy_minimal_action_server:/home/orhan/ros2_ws/install/examples_rclpy_minimal_action_client:/home/orhan/ros2_ws/install/examples_rclpy_executors:/home/orhan/ros2_ws/install/cift_sayi:/opt/ros/foxy /usr/bin/cmake --install /home/orhan/ros2_ws/build/tutorial_interfaces
[8.656s] -- Install configuration: ""
[8.656s] -- Installing: /home/orhan/ros2_ws/install/tutorial_interfaces/share/ament_index/resource_index/rosidl_interfaces/tutorial_interfaces
[8.657s] -- Installing: /home/orhan/ros2_ws/install/tutorial_interfaces/include/tutorial_interfaces
[8.657s] -- Installing: /home/orhan/ros2_ws/install/tutorial_interfaces/include/tutorial_interfaces/msg
[8.657s] -- Installing: /home/orhan/ros2_ws/install/tutorial_interfaces/include/tutorial_interfaces/msg/num.h
[8.657s] -- Installing: /home/orhan/ros2_ws/install/tutorial_interfaces/include/tutorial_interfaces/msg/sphere.h
[8.658s] -- Installing: /home/orhan/ros2_ws/install/tutorial_interfaces/include/tutorial_interfaces/msg/rosidl_generator_c__visibility_control.h
[8.658s] -- Installing: /home/orhan/ros2_ws/install/tutorial_interfaces/include/tutorial_interfaces/msg/detail
[8.658s] -- Installing: /home/orhan/ros2_ws/install/tutorial_interfaces/include/tutorial_interfaces/msg/detail/num__struct.h
[8.658s] -- Installing: /home/orhan/ros2_ws/install/tutorial_interfaces/include/tutorial_interfaces/msg/detail/num__type_support.h
[8.658s] -- Installing: /home/orhan/ros2_ws/install/tutorial_interfaces/include/tutorial_interfaces/msg/detail/sphere__functions.c
[8.659s] -- Installing: /home/orhan/ros2_ws/install/tutorial_interfaces/include/tutorial_interfaces/msg/detail/sphere__struct.h
[8.659s] -- Installing: /home/orhan/ros2_ws/install/tutorial_interfaces/include/tutorial_interfaces/msg/detail/sphere__functions.h
[8.659s] -- Installing: /home/orhan/ros2_ws/install/tutorial_interfaces/include/tutorial_interfaces/msg/detail/num__functions.c
[8.659s] -- Installing: /home/orhan/ros2_ws/install/tutorial_interfaces/include/tutorial_interfaces/msg/detail/sphere__type_support.h
[8.660s] -- Installing: /home/orhan/ros2_ws/install/tutorial_interfaces/include/tutorial_interfaces/msg/detail/num__functions.h
[8.660s] -- Installing: /home/orhan/ros2_ws/install/tutorial_interfaces/include/tutorial_interfaces/srv
[8.660s] -- Installing: /home/orhan/ros2_ws/install/tutorial_interfaces/include/tutorial_interfaces/srv/add_three_ints.h
[8.660s] -- Installing: /home/orhan/ros2_ws/install/tutorial_interfaces/include/tutorial_interfaces/srv/detail
[8.661s] -- Installing: /home/orhan/ros2_ws/install/tutorial_interfaces/include/tutorial_interfaces/srv/detail/add_three_ints__type_support.h
[8.661s] -- Installing: /home/orhan/ros2_ws/install/tutorial_interfaces/include/tutorial_interfaces/srv/detail/add_three_ints__functions.c
[8.661s] -- Installing: /home/orhan/ros2_ws/install/tutorial_interfaces/include/tutorial_interfaces/srv/detail/add_three_ints__struct.h
[8.661s] -- Installing: /home/orhan/ros2_ws/install/tutorial_interfaces/include/tutorial_interfaces/srv/detail/add_three_ints__functions.h
[8.661s] -- Installing: /home/orhan/ros2_ws/install/tutorial_interfaces/share/tutorial_interfaces/environment/library_path.sh
[8.661s] -- Installing: /home/orhan/ros2_ws/install/tutorial_interfaces/share/tutorial_interfaces/environment/library_path.dsv
[8.662s] -- Installing: /home/orhan/ros2_ws/install/tutorial_interfaces/lib/libtutorial_interfaces__rosidl_generator_c.so
[8.662s] -- Set runtime path of "/home/orhan/ros2_ws/install/tutorial_interfaces/lib/libtutorial_interfaces__rosidl_generator_c.so" to ""
[8.662s] -- Up-to-date: /home/orhan/ros2_ws/install/tutorial_interfaces/include/tutorial_interfaces
[8.662s] -- Up-to-date: /home/orhan/ros2_ws/install/tutorial_interfaces/include/tutorial_interfaces/msg
[8.662s] -- Up-to-date: /home/orhan/ros2_ws/install/tutorial_interfaces/include/tutorial_interfaces/msg/detail
[8.663s] -- Installing: /home/orhan/ros2_ws/install/tutorial_interfaces/include/tutorial_interfaces/msg/detail/num__rosidl_typesupport_fastrtps_c.h
[8.663s] -- Installing: /home/orhan/ros2_ws/install/tutorial_interfaces/include/tutorial_interfaces/msg/detail/sphere__rosidl_typesupport_fastrtps_c.h
[8.663s] -- Installing: /home/orhan/ros2_ws/install/tutorial_interfaces/include/tutorial_interfaces/msg/rosidl_typesupport_fastrtps_c__visibility_control.h
[8.663s] -- Up-to-date: /home/orhan/ros2_ws/install/tutorial_interfaces/include/tutorial_interfaces/srv
[8.663s] -- Up-to-date: /home/orhan/ros2_ws/install/tutorial_interfaces/include/tutorial_interfaces/srv/detail
[8.663s] -- Installing: /home/orhan/ros2_ws/install/tutorial_interfaces/include/tutorial_interfaces/srv/detail/add_three_ints__rosidl_typesupport_fastrtps_c.h
[8.663s] -- Installing: /home/orhan/ros2_ws/install/tutorial_interfaces/lib/libtutorial_interfaces__rosidl_typesupport_fastrtps_c.so
[8.664s] -- Set runtime path of "/home/orhan/ros2_ws/install/tutorial_interfaces/lib/libtutorial_interfaces__rosidl_typesupport_fastrtps_c.so" to ""
[8.664s] -- Up-to-date: /home/orhan/ros2_ws/install/tutorial_interfaces/include/tutorial_interfaces
[8.664s] -- Up-to-date: /home/orhan/ros2_ws/install/tutorial_interfaces/include/tutorial_interfaces/msg
[8.664s] -- Installing: /home/orhan/ros2_ws/install/tutorial_interfaces/include/tutorial_interfaces/msg/rosidl_typesupport_fastrtps_cpp__visibility_control.h
[8.664s] -- Up-to-date: /home/orhan/ros2_ws/install/tutorial_interfaces/include/tutorial_interfaces/msg/detail
[8.665s] -- Installing: /home/orhan/ros2_ws/install/tutorial_interfaces/include/tutorial_interfaces/msg/detail/sphere__rosidl_typesupport_fastrtps_cpp.hpp
[8.665s] -- Installing: /home/orhan/ros2_ws/install/tutorial_interfaces/include/tutorial_interfaces/msg/detail/num__rosidl_typesupport_fastrtps_cpp.hpp
[8.665s] -- Installing: /home/orhan/ros2_ws/install/tutorial_interfaces/include/tutorial_interfaces/msg/detail/dds_fastrtps
[8.665s] -- Up-to-date: /home/orhan/ros2_ws/install/tutorial_interfaces/include/tutorial_interfaces/srv
[8.665s] -- Up-to-date: /home/orhan/ros2_ws/install/tutorial_interfaces/include/tutorial_interfaces/srv/detail
[8.665s] -- Installing: /home/orhan/ros2_ws/install/tutorial_interfaces/include/tutorial_interfaces/srv/detail/add_three_ints__rosidl_typesupport_fastrtps_cpp.hpp
[8.665s] -- Installing: /home/orhan/ros2_ws/install/tutorial_interfaces/include/tutorial_interfaces/srv/detail/dds_fastrtps
[8.665s] -- Installing: /home/orhan/ros2_ws/install/tutorial_interfaces/lib/libtutorial_interfaces__rosidl_typesupport_fastrtps_cpp.so
[8.666s] -- Set runtime path of "/home/orhan/ros2_ws/install/tutorial_interfaces/lib/libtutorial_interfaces__rosidl_typesupport_fastrtps_cpp.so" to ""
[8.666s] -- Up-to-date: /home/orhan/ros2_ws/install/tutorial_interfaces/include/tutorial_interfaces
[8.666s] -- Up-to-date: /home/orhan/ros2_ws/install/tutorial_interfaces/include/tutorial_interfaces/msg
[8.666s] -- Up-to-date: /home/orhan/ros2_ws/install/tutorial_interfaces/include/tutorial_interfaces/msg/detail
[8.666s] -- Installing: /home/orhan/ros2_ws/install/tutorial_interfaces/include/tutorial_interfaces/msg/detail/num__type_support.c
[8.666s] -- Installing: /home/orhan/ros2_ws/install/tutorial_interfaces/include/tutorial_interfaces/msg/detail/sphere__rosidl_typesupport_introspection_c.h
[8.667s] -- Installing: /home/orhan/ros2_ws/install/tutorial_interfaces/include/tutorial_interfaces/msg/detail/num__rosidl_typesupport_introspection_c.h
[8.667s] -- Installing: /home/orhan/ros2_ws/install/tutorial_interfaces/include/tutorial_interfaces/msg/detail/sphere__type_support.c
[8.667s] -- Installing: /home/orhan/ros2_ws/install/tutorial_interfaces/include/tutorial_interfaces/msg/rosidl_typesupport_introspection_c__visibility_control.h
[8.667s] -- Up-to-date: /home/orhan/ros2_ws/install/tutorial_interfaces/include/tutorial_interfaces/srv
[8.667s] -- Up-to-date: /home/orhan/ros2_ws/install/tutorial_interfaces/include/tutorial_interfaces/srv/detail
[8.667s] -- Installing: /home/orhan/ros2_ws/install/tutorial_interfaces/include/tutorial_interfaces/srv/detail/add_three_ints__rosidl_typesupport_introspection_c.h
[8.667s] -- Installing: /home/orhan/ros2_ws/install/tutorial_interfaces/include/tutorial_interfaces/srv/detail/add_three_ints__type_support.c
[8.667s] -- Installing: /home/orhan/ros2_ws/install/tutorial_interfaces/lib/libtutorial_interfaces__rosidl_typesupport_introspection_c.so
[8.668s] -- Set runtime path of "/home/orhan/ros2_ws/install/tutorial_interfaces/lib/libtutorial_interfaces__rosidl_typesupport_introspection_c.so" to ""
[8.668s] -- Installing: /home/orhan/ros2_ws/install/tutorial_interfaces/lib/libtutorial_interfaces__rosidl_typesupport_c.so
[8.668s] -- Set runtime path of "/home/orhan/ros2_ws/install/tutorial_interfaces/lib/libtutorial_interfaces__rosidl_typesupport_c.so" to ""
[8.669s] -- Up-to-date: /home/orhan/ros2_ws/install/tutorial_interfaces/include/tutorial_interfaces
[8.669s] -- Up-to-date: /home/orhan/ros2_ws/install/tutorial_interfaces/include/tutorial_interfaces/msg
[8.669s] -- Installing: /home/orhan/ros2_ws/install/tutorial_interfaces/include/tutorial_interfaces/msg/num.hpp
[8.669s] -- Up-to-date: /home/orhan/ros2_ws/install/tutorial_interfaces/include/tutorial_interfaces/msg/detail
[8.669s] -- Installing: /home/orhan/ros2_ws/install/tutorial_interfaces/include/tutorial_interfaces/msg/detail/sphere__builder.hpp
[8.669s] -- Installing: /home/orhan/ros2_ws/install/tutorial_interfaces/include/tutorial_interfaces/msg/detail/num__builder.hpp
[8.670s] -- Installing: /home/orhan/ros2_ws/install/tutorial_interfaces/include/tutorial_interfaces/msg/detail/sphere__traits.hpp
[8.670s] -- Installing: /home/orhan/ros2_ws/install/tutorial_interfaces/include/tutorial_interfaces/msg/detail/num__traits.hpp
[8.670s] -- Installing: /home/orhan/ros2_ws/install/tutorial_interfaces/include/tutorial_interfaces/msg/detail/sphere__type_support.hpp
[8.670s] -- Installing: /home/orhan/ros2_ws/install/tutorial_interfaces/include/tutorial_interfaces/msg/detail/sphere__struct.hpp
[8.670s] -- Installing: /home/orhan/ros2_ws/install/tutorial_interfaces/include/tutorial_interfaces/msg/detail/num__type_support.hpp
[8.670s] -- Installing: /home/orhan/ros2_ws/install/tutorial_interfaces/include/tutorial_interfaces/msg/detail/num__struct.hpp
[8.670s] -- Installing: /home/orhan/ros2_ws/install/tutorial_interfaces/include/tutorial_interfaces/msg/rosidl_generator_cpp__visibility_control.hpp
[8.671s] -- Installing: /home/orhan/ros2_ws/install/tutorial_interfaces/include/tutorial_interfaces/msg/sphere.hpp
[8.671s] -- Up-to-date: /home/orhan/ros2_ws/install/tutorial_interfaces/include/tutorial_interfaces/srv
[8.671s] -- Up-to-date: /home/orhan/ros2_ws/install/tutorial_interfaces/include/tutorial_interfaces/srv/detail
[8.671s] -- Installing: /home/orhan/ros2_ws/install/tutorial_interfaces/include/tutorial_interfaces/srv/detail/add_three_ints__type_support.hpp
[8.671s] -- Installing: /home/orhan/ros2_ws/install/tutorial_interfaces/include/tutorial_interfaces/srv/detail/add_three_ints__builder.hpp
[8.671s] -- Installing: /home/orhan/ros2_ws/install/tutorial_interfaces/include/tutorial_interfaces/srv/detail/add_three_ints__traits.hpp
[8.671s] -- Installing: /home/orhan/ros2_ws/install/tutorial_interfaces/include/tutorial_interfaces/srv/detail/add_three_ints__struct.hpp
[8.672s] -- Installing: /home/orhan/ros2_ws/install/tutorial_interfaces/include/tutorial_interfaces/srv/add_three_ints.hpp
[8.672s] -- Up-to-date: /home/orhan/ros2_ws/install/tutorial_interfaces/include/tutorial_interfaces
[8.672s] -- Up-to-date: /home/orhan/ros2_ws/install/tutorial_interfaces/include/tutorial_interfaces/msg
[8.672s] -- Up-to-date: /home/orhan/ros2_ws/install/tutorial_interfaces/include/tutorial_interfaces/msg/detail
[8.672s] -- Installing: /home/orhan/ros2_ws/install/tutorial_interfaces/include/tutorial_interfaces/msg/detail/sphere__type_support.cpp
[8.672s] -- Installing: /home/orhan/ros2_ws/install/tutorial_interfaces/include/tutorial_interfaces/msg/detail/num__rosidl_typesupport_introspection_cpp.hpp
[8.672s] -- Installing: /home/orhan/ros2_ws/install/tutorial_interfaces/include/tutorial_interfaces/msg/detail/num__type_support.cpp
[8.672s] -- Installing: /home/orhan/ros2_ws/install/tutorial_interfaces/include/tutorial_interfaces/msg/detail/sphere__rosidl_typesupport_introspection_cpp.hpp
[8.673s] -- Up-to-date: /home/orhan/ros2_ws/install/tutorial_interfaces/include/tutorial_interfaces/srv
[8.673s] -- Up-to-date: /home/orhan/ros2_ws/install/tutorial_interfaces/include/tutorial_interfaces/srv/detail
[8.673s] -- Installing: /home/orhan/ros2_ws/install/tutorial_interfaces/include/tutorial_interfaces/srv/detail/add_three_ints__type_support.cpp
[8.673s] -- Installing: /home/orhan/ros2_ws/install/tutorial_interfaces/include/tutorial_interfaces/srv/detail/add_three_ints__rosidl_typesupport_introspection_cpp.hpp
[8.673s] -- Installing: /home/orhan/ros2_ws/install/tutorial_interfaces/lib/libtutorial_interfaces__rosidl_typesupport_introspection_cpp.so
[8.674s] -- Set runtime path of "/home/orhan/ros2_ws/install/tutorial_interfaces/lib/libtutorial_interfaces__rosidl_typesupport_introspection_cpp.so" to ""
[8.674s] -- Installing: /home/orhan/ros2_ws/install/tutorial_interfaces/lib/libtutorial_interfaces__rosidl_typesupport_cpp.so
[8.674s] -- Set runtime path of "/home/orhan/ros2_ws/install/tutorial_interfaces/lib/libtutorial_interfaces__rosidl_typesupport_cpp.so" to ""
[8.675s] -- Installing: /home/orhan/ros2_ws/install/tutorial_interfaces/share/tutorial_interfaces/environment/pythonpath.sh
[8.675s] -- Installing: /home/orhan/ros2_ws/install/tutorial_interfaces/share/tutorial_interfaces/environment/pythonpath.dsv
[8.675s] -- Installing: /home/orhan/ros2_ws/install/tutorial_interfaces/lib/python3.8/site-packages/tutorial_interfaces/__init__.py
[8.726s] Compiling '/home/orhan/ros2_ws/install/tutorial_interfaces/lib/python3.8/site-packages/tutorial_interfaces/__init__.py'...
[8.732s] -- Installing: /home/orhan/ros2_ws/install/tutorial_interfaces/lib/python3.8/site-packages/tutorial_interfaces/msg
[8.732s] -- Installing: /home/orhan/ros2_ws/install/tutorial_interfaces/lib/python3.8/site-packages/tutorial_interfaces/msg/_sphere.py
[8.733s] -- Installing: /home/orhan/ros2_ws/install/tutorial_interfaces/lib/python3.8/site-packages/tutorial_interfaces/msg/_sphere_s.c
[8.733s] -- Installing: /home/orhan/ros2_ws/install/tutorial_interfaces/lib/python3.8/site-packages/tutorial_interfaces/msg/_num_s.c
[8.733s] -- Installing: /home/orhan/ros2_ws/install/tutorial_interfaces/lib/python3.8/site-packages/tutorial_interfaces/msg/__init__.py
[8.733s] -- Installing: /home/orhan/ros2_ws/install/tutorial_interfaces/lib/python3.8/site-packages/tutorial_interfaces/msg/_num.py
[8.733s] -- Installing: /home/orhan/ros2_ws/install/tutorial_interfaces/lib/python3.8/site-packages/tutorial_interfaces/srv
[8.733s] -- Installing: /home/orhan/ros2_ws/install/tutorial_interfaces/lib/python3.8/site-packages/tutorial_interfaces/srv/_add_three_ints.py
[8.734s] -- Installing: /home/orhan/ros2_ws/install/tutorial_interfaces/lib/python3.8/site-packages/tutorial_interfaces/srv/_add_three_ints_s.c
[8.734s] -- Installing: /home/orhan/ros2_ws/install/tutorial_interfaces/lib/python3.8/site-packages/tutorial_interfaces/srv/__init__.py
[8.734s] -- Installing: /home/orhan/ros2_ws/install/tutorial_interfaces/lib/python3.8/site-packages/tutorial_interfaces/tutorial_interfaces_s__rosidl_typesupport_fastrtps_c.cpython-38-x86_64-linux-gnu.so
[8.735s] -- Set runtime path of "/home/orhan/ros2_ws/install/tutorial_interfaces/lib/python3.8/site-packages/tutorial_interfaces/tutorial_interfaces_s__rosidl_typesupport_fastrtps_c.cpython-38-x86_64-linux-gnu.so" to ""
[8.735s] -- Installing: /home/orhan/ros2_ws/install/tutorial_interfaces/lib/python3.8/site-packages/tutorial_interfaces/tutorial_interfaces_s__rosidl_typesupport_introspection_c.cpython-38-x86_64-linux-gnu.so
[8.736s] -- Set runtime path of "/home/orhan/ros2_ws/install/tutorial_interfaces/lib/python3.8/site-packages/tutorial_interfaces/tutorial_interfaces_s__rosidl_typesupport_introspection_c.cpython-38-x86_64-linux-gnu.so" to ""
[8.736s] -- Installing: /home/orhan/ros2_ws/install/tutorial_interfaces/lib/python3.8/site-packages/tutorial_interfaces/tutorial_interfaces_s__rosidl_typesupport_c.cpython-38-x86_64-linux-gnu.so
[8.737s] -- Set runtime path of "/home/orhan/ros2_ws/install/tutorial_interfaces/lib/python3.8/site-packages/tutorial_interfaces/tutorial_interfaces_s__rosidl_typesupport_c.cpython-38-x86_64-linux-gnu.so" to ""
[8.737s] -- Installing: /home/orhan/ros2_ws/install/tutorial_interfaces/lib/libtutorial_interfaces__python.so
[8.738s] -- Set runtime path of "/home/orhan/ros2_ws/install/tutorial_interfaces/lib/libtutorial_interfaces__python.so" to ""
[8.738s] -- Installing: /home/orhan/ros2_ws/install/tutorial_interfaces/share/tutorial_interfaces/msg/Num.idl
[8.738s] -- Installing: /home/orhan/ros2_ws/install/tutorial_interfaces/share/tutorial_interfaces/msg/Sphere.idl
[8.739s] -- Installing: /home/orhan/ros2_ws/install/tutorial_interfaces/share/tutorial_interfaces/srv/AddThreeInts.idl
[8.739s] -- Installing: /home/orhan/ros2_ws/install/tutorial_interfaces/share/tutorial_interfaces/msg/Num.msg
[8.739s] -- Installing: /home/orhan/ros2_ws/install/tutorial_interfaces/share/tutorial_interfaces/msg/Sphere.msg
[8.739s] -- Installing: /home/orhan/ros2_ws/install/tutorial_interfaces/share/tutorial_interfaces/srv/AddThreeInts.srv
[8.739s] -- Installing: /home/orhan/ros2_ws/install/tutorial_interfaces/share/tutorial_interfaces/srv/AddThreeInts_Request.msg
[8.740s] -- Installing: /home/orhan/ros2_ws/install/tutorial_interfaces/share/tutorial_interfaces/srv/AddThreeInts_Response.msg
[8.740s] -- Installing: /home/orhan/ros2_ws/install/tutorial_interfaces/share/ament_index/resource_index/package_run_dependencies/tutorial_interfaces
[8.740s] -- Up-to-date: /home/orhan/ros2_ws/install/tutorial_interfaces/share/ament_index/resource_index/parent_prefix_path/tutorial_interfaces
[8.740s] -- Up-to-date: /home/orhan/ros2_ws/install/tutorial_interfaces/share/tutorial_interfaces/environment/ament_prefix_path.sh
[8.741s] -- Installing: /home/orhan/ros2_ws/install/tutorial_interfaces/share/tutorial_interfaces/environment/ament_prefix_path.dsv
[8.741s] -- Up-to-date: /home/orhan/ros2_ws/install/tutorial_interfaces/share/tutorial_interfaces/environment/path.sh
[8.741s] -- Installing: /home/orhan/ros2_ws/install/tutorial_interfaces/share/tutorial_interfaces/environment/path.dsv
[8.741s] -- Up-to-date: /home/orhan/ros2_ws/install/tutorial_interfaces/share/tutorial_interfaces/local_setup.bash
[8.741s] -- Installing: /home/orhan/ros2_ws/install/tutorial_interfaces/share/tutorial_interfaces/local_setup.sh
[8.741s] -- Up-to-date: /home/orhan/ros2_ws/install/tutorial_interfaces/share/tutorial_interfaces/local_setup.zsh
[8.742s] -- Installing: /home/orhan/ros2_ws/install/tutorial_interfaces/share/tutorial_interfaces/local_setup.dsv
[8.742s] -- Installing: /home/orhan/ros2_ws/install/tutorial_interfaces/share/tutorial_interfaces/package.dsv
[8.742s] -- Up-to-date: /home/orhan/ros2_ws/install/tutorial_interfaces/share/ament_index/resource_index/packages/tutorial_interfaces
[8.742s] -- Installing: /home/orhan/ros2_ws/install/tutorial_interfaces/share/tutorial_interfaces/cmake/tutorial_interfaces__rosidl_generator_cExport.cmake
[8.742s] -- Installing: /home/orhan/ros2_ws/install/tutorial_interfaces/share/tutorial_interfaces/cmake/tutorial_interfaces__rosidl_generator_cExport-noconfig.cmake
[8.743s] -- Installing: /home/orhan/ros2_ws/install/tutorial_interfaces/share/tutorial_interfaces/cmake/tutorial_interfaces__rosidl_typesupport_introspection_cExport.cmake
[8.743s] -- Installing: /home/orhan/ros2_ws/install/tutorial_interfaces/share/tutorial_interfaces/cmake/tutorial_interfaces__rosidl_typesupport_introspection_cExport-noconfig.cmake
[8.743s] -- Installing: /home/orhan/ros2_ws/install/tutorial_interfaces/share/tutorial_interfaces/cmake/tutorial_interfaces__rosidl_typesupport_cExport.cmake
[8.743s] -- Installing: /home/orhan/ros2_ws/install/tutorial_interfaces/share/tutorial_interfaces/cmake/tutorial_interfaces__rosidl_typesupport_cExport-noconfig.cmake
[8.744s] -- Installing: /home/orhan/ros2_ws/install/tutorial_interfaces/share/tutorial_interfaces/cmake/tutorial_interfaces__rosidl_generator_cppExport.cmake
[8.744s] -- Installing: /home/orhan/ros2_ws/install/tutorial_interfaces/share/tutorial_interfaces/cmake/tutorial_interfaces__rosidl_typesupport_introspection_cppExport.cmake
[8.744s] -- Installing: /home/orhan/ros2_ws/install/tutorial_interfaces/share/tutorial_interfaces/cmake/tutorial_interfaces__rosidl_typesupport_introspection_cppExport-noconfig.cmake
[8.744s] -- Installing: /home/orhan/ros2_ws/install/tutorial_interfaces/share/tutorial_interfaces/cmake/tutorial_interfaces__rosidl_typesupport_cppExport.cmake
[8.745s] -- Installing: /home/orhan/ros2_ws/install/tutorial_interfaces/share/tutorial_interfaces/cmake/tutorial_interfaces__rosidl_typesupport_cppExport-noconfig.cmake
[8.745s] -- Installing: /home/orhan/ros2_ws/install/tutorial_interfaces/share/tutorial_interfaces/cmake/rosidl_cmake-extras.cmake
[8.745s] -- Installing: /home/orhan/ros2_ws/install/tutorial_interfaces/share/tutorial_interfaces/cmake/ament_cmake_export_dependencies-extras.cmake
[8.745s] -- Installing: /home/orhan/ros2_ws/install/tutorial_interfaces/share/tutorial_interfaces/cmake/ament_cmake_export_libraries-extras.cmake
[8.746s] -- Installing: /home/orhan/ros2_ws/install/tutorial_interfaces/share/tutorial_interfaces/cmake/ament_cmake_export_targets-extras.cmake
[8.746s] -- Installing: /home/orhan/ros2_ws/install/tutorial_interfaces/share/tutorial_interfaces/cmake/ament_cmake_export_include_directories-extras.cmake
[8.747s] -- Installing: /home/orhan/ros2_ws/install/tutorial_interfaces/share/tutorial_interfaces/cmake/rosidl_cmake_export_typesupport_libraries-extras.cmake
[8.747s] -- Installing: /home/orhan/ros2_ws/install/tutorial_interfaces/share/tutorial_interfaces/cmake/rosidl_cmake_export_typesupport_targets-extras.cmake
[8.747s] -- Installing: /home/orhan/ros2_ws/install/tutorial_interfaces/share/tutorial_interfaces/cmake/tutorial_interfacesConfig.cmake
[8.747s] -- Up-to-date: /home/orhan/ros2_ws/install/tutorial_interfaces/share/tutorial_interfaces/cmake/tutorial_interfacesConfig-version.cmake
[8.747s] -- Installing: /home/orhan/ros2_ws/install/tutorial_interfaces/share/tutorial_interfaces/package.xml
[8.751s] Invoked command in '/home/orhan/ros2_ws/build/tutorial_interfaces' returned '0': CMAKE_PREFIX_PATH=${CMAKE_PREFIX_PATH}:/home/orhan/ros2_ws/install/py_srvcli:/home/orhan/ros2_ws/install/iki:/home/orhan/ros2_ws/install/first_package:/home/orhan/ros2_ws/install/examples_rclpy_minimal_subscriber:/home/orhan/ros2_ws/install/examples_rclpy_minimal_service:/home/orhan/ros2_ws/install/examples_rclpy_minimal_publisher:/home/orhan/ros2_ws/install/examples_rclpy_minimal_client:/home/orhan/ros2_ws/install/examples_rclpy_minimal_action_server:/home/orhan/ros2_ws/install/examples_rclpy_minimal_action_client:/home/orhan/ros2_ws/install/examples_rclpy_executors:/home/orhan/ros2_ws/install/cift_sayi:/opt/ros/foxy /usr/bin/cmake --install /home/orhan/ros2_ws/build/tutorial_interfaces
