[0.084s] Invoking command in '/home/orhan/ros2_ws/build/examples_rclcpp_minimal_publisher': CMAKE_PREFIX_PATH=/opt/ros/foxy /usr/bin/cmake /home/orhan/ros2_ws/src/examples/rclcpp/topics/minimal_publisher -DAMENT_CMAKE_SYMLINK_INSTALL=1 -DCMAKE_INSTALL_PREFIX=/home/orhan/ros2_ws/install/examples_rclcpp_minimal_publisher
[0.487s] -- The C compiler identification is GNU 9.4.0
[0.845s] -- The CXX compiler identification is GNU 9.4.0
[0.856s] -- Check for working C compiler: /usr/bin/cc
[1.355s] -- Check for working C compiler: /usr/bin/cc -- works
[1.357s] -- Detecting C compiler ABI info
[1.820s] -- Detecting C compiler ABI info - done
[1.873s] -- Detecting C compile features
[1.874s] -- Detecting C compile features - done
[1.906s] -- Check for working CXX compiler: /usr/bin/c++
[2.472s] -- Check for working CXX compiler: /usr/bin/c++ -- works
[2.474s] -- Detecting CXX compiler ABI info
[2.955s] -- Detecting CXX compiler ABI info - done
[3.009s] -- Detecting CXX compile features
[3.011s] -- Detecting CXX compile features - done
[3.016s] -- Found ament_cmake: 0.9.12 (/opt/ros/foxy/share/ament_cmake/cmake)
[3.071s] -- Found PythonInterp: /usr/bin/python3 (found suitable version "3.8.10", minimum required is "3") 
[3.071s] -- Using PYTHON_EXECUTABLE: /usr/bin/python3
[3.662s] -- Override CMake install command with custom implementation using symlinks instead of copying resources
[3.710s] -- Found rclcpp: 2.4.3 (/opt/ros/foxy/share/rclcpp/cmake)
[3.845s] -- Using all available rosidl_typesupport_c: rosidl_typesupport_fastrtps_c;rosidl_typesupport_introspection_c
[3.861s] -- Found rosidl_adapter: 1.3.1 (/opt/ros/foxy/share/rosidl_adapter/cmake)
[4.117s] -- Found OpenSSL: /usr/lib/x86_64-linux-gnu/libcrypto.so (found version "1.1.1f")  
[4.206s] -- Found FastRTPS: /opt/ros/foxy/include  
[4.419s] -- Using all available rosidl_typesupport_cpp: rosidl_typesupport_fastrtps_cpp;rosidl_typesupport_introspection_cpp
[4.565s] -- Found rmw_implementation_cmake: 1.0.4 (/opt/ros/foxy/share/rmw_implementation_cmake/cmake)
[4.571s] -- Using RMW implementation 'rmw_fastrtps_cpp' as default
[4.573s] -- Looking for pthread.h
[4.729s] -- Looking for pthread.h - found
[4.730s] -- Performing Test CMAKE_HAVE_LIBC_PTHREAD
[4.891s] -- Performing Test CMAKE_HAVE_LIBC_PTHREAD - Failed
[4.891s] -- Looking for pthread_create in pthreads
[5.023s] -- Looking for pthread_create in pthreads - not found
[5.023s] -- Looking for pthread_create in pthread
[5.180s] -- Looking for pthread_create in pthread - found
[5.183s] -- Found Threads: TRUE  
[5.627s] -- Found ament_lint_auto: 0.9.8 (/opt/ros/foxy/share/ament_lint_auto/cmake)
[5.852s] -- Added test 'copyright' to check source files copyright and LICENSE
[5.854s] -- Added test 'cppcheck' to perform static code analysis on C / C++ code
[5.854s] -- Configured cppcheck include dirs: 
[5.855s] -- Configured cppcheck exclude dirs and/or files: 
[5.858s] -- Added test 'cpplint' to check C / C++ code against the Google style
[5.859s] -- Configured cpplint exclude dirs and/or files: 
[5.860s] -- Added test 'lint_cmake' to check CMake code style
[5.862s] -- Added test 'uncrustify' to check C / C++ code style
[5.862s] -- Configured uncrustify additional arguments: 
[5.863s] -- Added test 'xmllint' to check XML markup files
[5.871s] -- Configuring done
[5.911s] -- Generating done
[5.916s] -- Build files have been written to: /home/orhan/ros2_ws/build/examples_rclcpp_minimal_publisher
[5.936s] Invoked command in '/home/orhan/ros2_ws/build/examples_rclcpp_minimal_publisher' returned '0': CMAKE_PREFIX_PATH=/opt/ros/foxy /usr/bin/cmake /home/orhan/ros2_ws/src/examples/rclcpp/topics/minimal_publisher -DAMENT_CMAKE_SYMLINK_INSTALL=1 -DCMAKE_INSTALL_PREFIX=/home/orhan/ros2_ws/install/examples_rclcpp_minimal_publisher
[5.937s] Invoking command in '/home/orhan/ros2_ws/build/examples_rclcpp_minimal_publisher': CMAKE_PREFIX_PATH=/opt/ros/foxy /usr/bin/cmake --build /home/orhan/ros2_ws/build/examples_rclcpp_minimal_publisher -- -j4 -l4
[6.021s] [35m[1mScanning dependencies of target publisher_not_composable[0m
[6.073s] [35m[1mScanning dependencies of target publisher_member_function[0m
[6.097s] [35m[1mScanning dependencies of target publisher_lambda[0m
[6.161s] [ 16%] [32mBuilding CXX object CMakeFiles/publisher_not_composable.dir/not_composable.cpp.o[0m
[6.236s] [ 33%] [32mBuilding CXX object CMakeFiles/publisher_lambda.dir/lambda.cpp.o[0m
[6.246s] [ 50%] [32mBuilding CXX object CMakeFiles/publisher_member_function.dir/member_function.cpp.o[0m
[21.236s] [ 66%] [32m[1mLinking CXX executable publisher_lambda[0m
[22.107s] [ 66%] Built target publisher_lambda
[23.654s] [ 83%] [32m[1mLinking CXX executable publisher_not_composable[0m
[24.052s] [100%] [32m[1mLinking CXX executable publisher_member_function[0m
[24.374s] [100%] Built target publisher_not_composable
[24.547s] [100%] Built target publisher_member_function
[24.572s] Invoked command in '/home/orhan/ros2_ws/build/examples_rclcpp_minimal_publisher' returned '0': CMAKE_PREFIX_PATH=/opt/ros/foxy /usr/bin/cmake --build /home/orhan/ros2_ws/build/examples_rclcpp_minimal_publisher -- -j4 -l4
[24.802s] Invoking command in '/home/orhan/ros2_ws/build/examples_rclcpp_minimal_publisher': CMAKE_PREFIX_PATH=/opt/ros/foxy /usr/bin/cmake --install /home/orhan/ros2_ws/build/examples_rclcpp_minimal_publisher
[24.845s] -- Install configuration: ""
[24.846s] -- Execute custom install script
[24.847s] -- Symlinking: /home/orhan/ros2_ws/install/examples_rclcpp_minimal_publisher/lib/examples_rclcpp_minimal_publisher/publisher_lambda
[24.895s] -- Symlinking: /home/orhan/ros2_ws/install/examples_rclcpp_minimal_publisher/lib/examples_rclcpp_minimal_publisher/publisher_member_function
[24.944s] -- Symlinking: /home/orhan/ros2_ws/install/examples_rclcpp_minimal_publisher/lib/examples_rclcpp_minimal_publisher/publisher_not_composable
[24.978s] -- Symlinking: /home/orhan/ros2_ws/install/examples_rclcpp_minimal_publisher/share/ament_index/resource_index/package_run_dependencies/examples_rclcpp_minimal_publisher
[25.028s] -- Symlinking: /home/orhan/ros2_ws/install/examples_rclcpp_minimal_publisher/share/ament_index/resource_index/parent_prefix_path/examples_rclcpp_minimal_publisher
[25.068s] -- Symlinking: /home/orhan/ros2_ws/install/examples_rclcpp_minimal_publisher/share/examples_rclcpp_minimal_publisher/environment/ament_prefix_path.sh
[25.094s] -- Symlinking: /home/orhan/ros2_ws/install/examples_rclcpp_minimal_publisher/share/examples_rclcpp_minimal_publisher/environment/ament_prefix_path.dsv
[25.146s] -- Symlinking: /home/orhan/ros2_ws/install/examples_rclcpp_minimal_publisher/share/examples_rclcpp_minimal_publisher/environment/path.sh
[25.195s] -- Symlinking: /home/orhan/ros2_ws/install/examples_rclcpp_minimal_publisher/share/examples_rclcpp_minimal_publisher/environment/path.dsv
[25.242s] -- Symlinking: /home/orhan/ros2_ws/install/examples_rclcpp_minimal_publisher/share/examples_rclcpp_minimal_publisher/local_setup.bash
[25.260s] -- Symlinking: /home/orhan/ros2_ws/install/examples_rclcpp_minimal_publisher/share/examples_rclcpp_minimal_publisher/local_setup.sh
[25.283s] -- Symlinking: /home/orhan/ros2_ws/install/examples_rclcpp_minimal_publisher/share/examples_rclcpp_minimal_publisher/local_setup.zsh
[25.337s] -- Symlinking: /home/orhan/ros2_ws/install/examples_rclcpp_minimal_publisher/share/examples_rclcpp_minimal_publisher/local_setup.dsv
[25.382s] -- Symlinking: /home/orhan/ros2_ws/install/examples_rclcpp_minimal_publisher/share/examples_rclcpp_minimal_publisher/package.dsv
[25.421s] -- Symlinking: /home/orhan/ros2_ws/install/examples_rclcpp_minimal_publisher/share/ament_index/resource_index/packages/examples_rclcpp_minimal_publisher
[25.461s] -- Symlinking: /home/orhan/ros2_ws/install/examples_rclcpp_minimal_publisher/share/examples_rclcpp_minimal_publisher/cmake/examples_rclcpp_minimal_publisherConfig.cmake
[25.516s] -- Symlinking: /home/orhan/ros2_ws/install/examples_rclcpp_minimal_publisher/share/examples_rclcpp_minimal_publisher/cmake/examples_rclcpp_minimal_publisherConfig-version.cmake
[25.539s] -- Symlinking: /home/orhan/ros2_ws/install/examples_rclcpp_minimal_publisher/share/examples_rclcpp_minimal_publisher/package.xml
[25.591s] Invoked command in '/home/orhan/ros2_ws/build/examples_rclcpp_minimal_publisher' returned '0': CMAKE_PREFIX_PATH=/opt/ros/foxy /usr/bin/cmake --install /home/orhan/ros2_ws/build/examples_rclcpp_minimal_publisher
