running egg_info
creating ../../build/turtles/turtles.egg-info
writing ../../build/turtles/turtles.egg-info/PKG-INFO
writing dependency_links to ../../build/turtles/turtles.egg-info/dependency_links.txt
writing entry points to ../../build/turtles/turtles.egg-info/entry_points.txt
writing requirements to ../../build/turtles/turtles.egg-info/requires.txt
writing top-level names to ../../build/turtles/turtles.egg-info/top_level.txt
writing manifest file '../../build/turtles/turtles.egg-info/SOURCES.txt'
reading manifest file '../../build/turtles/turtles.egg-info/SOURCES.txt'
writing manifest file '../../build/turtles/turtles.egg-info/SOURCES.txt'
running build
running build_py
creating /home/orhan/ros2_ws/build/turtles/build
creating /home/orhan/ros2_ws/build/turtles/build/lib
creating /home/orhan/ros2_ws/build/turtles/build/lib/turtles
copying turtles/turtles.py -> /home/orhan/ros2_ws/build/turtles/build/lib/turtles
copying turtles/__init__.py -> /home/orhan/ros2_ws/build/turtles/build/lib/turtles
running install
running install_lib
creating /home/orhan/ros2_ws/install/turtles/lib/python3.8/site-packages/turtles
copying /home/orhan/ros2_ws/build/turtles/build/lib/turtles/turtles.py -> /home/orhan/ros2_ws/install/turtles/lib/python3.8/site-packages/turtles
copying /home/orhan/ros2_ws/build/turtles/build/lib/turtles/__init__.py -> /home/orhan/ros2_ws/install/turtles/lib/python3.8/site-packages/turtles
byte-compiling /home/orhan/ros2_ws/install/turtles/lib/python3.8/site-packages/turtles/turtles.py to turtles.cpython-38.pyc
byte-compiling /home/orhan/ros2_ws/install/turtles/lib/python3.8/site-packages/turtles/__init__.py to __init__.cpython-38.pyc
running install_data
creating /home/orhan/ros2_ws/install/turtles/share/ament_index
creating /home/orhan/ros2_ws/install/turtles/share/ament_index/resource_index
creating /home/orhan/ros2_ws/install/turtles/share/ament_index/resource_index/packages
copying resource/turtles -> /home/orhan/ros2_ws/install/turtles/share/ament_index/resource_index/packages
copying package.xml -> /home/orhan/ros2_ws/install/turtles/share/turtles
running install_egg_info
Copying ../../build/turtles/turtles.egg-info to /home/orhan/ros2_ws/install/turtles/lib/python3.8/site-packages/turtles-0.0.0-py3.8.egg-info
running install_scripts
Installing turtles script to /home/orhan/ros2_ws/install/turtles/lib/turtles
writing list of installed files to '/home/orhan/ros2_ws/build/turtles/install.log'
