[0.052s] Invoking command in '/home/orhan/ros2_ws/build/custom_interfaces': CMAKE_PREFIX_PATH=/opt/ros/foxy /usr/bin/cmake --build /home/orhan/ros2_ws/build/custom_interfaces -- -j4 -l4
[0.984s] [  3%] Built target custom_interfaces__cpp
[0.984s] [ 12%] Built target custom_interfaces__rosidl_generator_c
[0.985s] [ 25%] Built target custom_interfaces__rosidl_typesupport_introspection_cpp
[0.985s] [ 35%] Built target custom_interfaces__rosidl_typesupport_c
[0.985s] [ 41%] Built target custom_interfaces__rosidl_typesupport_cpp
[0.985s] [ 51%] Built target custom_interfaces__rosidl_typesupport_fastrtps_cpp
[0.985s] [ 61%] Built target custom_interfaces__rosidl_typesupport_introspection_c
[0.985s] [ 70%] Built target custom_interfaces__rosidl_typesupport_fastrtps_c
[0.986s] [ 70%] Built target custom_interfaces
[0.986s] [ 74%] Built target custom_interfaces__py
[0.986s] [ 80%] Built target custom_interfaces__python
[0.986s] [ 87%] Built target custom_interfaces__rosidl_typesupport_introspection_c__pyext
[0.986s] [ 93%] Built target custom_interfaces__rosidl_typesupport_fastrtps_c__pyext
[0.986s] [100%] Built target custom_interfaces__rosidl_typesupport_c__pyext
[0.990s] Invoked command in '/home/orhan/ros2_ws/build/custom_interfaces' returned '0': CMAKE_PREFIX_PATH=/opt/ros/foxy /usr/bin/cmake --build /home/orhan/ros2_ws/build/custom_interfaces -- -j4 -l4
[1.023s] Invoking command in '/home/orhan/ros2_ws/build/custom_interfaces': CMAKE_PREFIX_PATH=/opt/ros/foxy /usr/bin/cmake --install /home/orhan/ros2_ws/build/custom_interfaces
[1.045s] -- Install configuration: ""
[1.046s] -- Up-to-date: /home/orhan/ros2_ws/install/custom_interfaces/share/ament_index/resource_index/rosidl_interfaces/custom_interfaces
[1.047s] -- Up-to-date: /home/orhan/ros2_ws/install/custom_interfaces/include/custom_interfaces
[1.047s] -- Up-to-date: /home/orhan/ros2_ws/install/custom_interfaces/include/custom_interfaces/msg
[1.047s] -- Up-to-date: /home/orhan/ros2_ws/install/custom_interfaces/include/custom_interfaces/msg/rosidl_generator_c__visibility_control.h
[1.047s] -- Up-to-date: /home/orhan/ros2_ws/install/custom_interfaces/include/custom_interfaces/srv
[1.048s] -- Up-to-date: /home/orhan/ros2_ws/install/custom_interfaces/include/custom_interfaces/srv/detail
[1.048s] -- Up-to-date: /home/orhan/ros2_ws/install/custom_interfaces/include/custom_interfaces/srv/detail/triangle__struct.h
[1.049s] -- Up-to-date: /home/orhan/ros2_ws/install/custom_interfaces/include/custom_interfaces/srv/detail/triangle__functions.c
[1.059s] -- Up-to-date: /home/orhan/ros2_ws/install/custom_interfaces/include/custom_interfaces/srv/detail/triangle__functions.h
[1.060s] -- Up-to-date: /home/orhan/ros2_ws/install/custom_interfaces/include/custom_interfaces/srv/detail/triangle__type_support.h
[1.060s] -- Up-to-date: /home/orhan/ros2_ws/install/custom_interfaces/include/custom_interfaces/srv/triangle.h
[1.061s] -- Up-to-date: /home/orhan/ros2_ws/install/custom_interfaces/share/custom_interfaces/environment/library_path.sh
[1.061s] -- Up-to-date: /home/orhan/ros2_ws/install/custom_interfaces/share/custom_interfaces/environment/library_path.dsv
[1.061s] -- Up-to-date: /home/orhan/ros2_ws/install/custom_interfaces/lib/libcustom_interfaces__rosidl_generator_c.so
[1.069s] -- Up-to-date: /home/orhan/ros2_ws/install/custom_interfaces/include/custom_interfaces
[1.077s] -- Up-to-date: /home/orhan/ros2_ws/install/custom_interfaces/include/custom_interfaces/msg
[1.078s] -- Up-to-date: /home/orhan/ros2_ws/install/custom_interfaces/include/custom_interfaces/msg/rosidl_typesupport_fastrtps_c__visibility_control.h
[1.078s] -- Up-to-date: /home/orhan/ros2_ws/install/custom_interfaces/include/custom_interfaces/srv
[1.085s] -- Up-to-date: /home/orhan/ros2_ws/install/custom_interfaces/include/custom_interfaces/srv/detail
[1.085s] -- Up-to-date: /home/orhan/ros2_ws/install/custom_interfaces/include/custom_interfaces/srv/detail/triangle__rosidl_typesupport_fastrtps_c.h
[1.086s] -- Up-to-date: /home/orhan/ros2_ws/install/custom_interfaces/lib/libcustom_interfaces__rosidl_typesupport_fastrtps_c.so
[1.086s] -- Up-to-date: /home/orhan/ros2_ws/install/custom_interfaces/include/custom_interfaces
[1.086s] -- Up-to-date: /home/orhan/ros2_ws/install/custom_interfaces/include/custom_interfaces/msg
[1.086s] -- Up-to-date: /home/orhan/ros2_ws/install/custom_interfaces/include/custom_interfaces/msg/rosidl_typesupport_fastrtps_cpp__visibility_control.h
[1.087s] -- Up-to-date: /home/orhan/ros2_ws/install/custom_interfaces/include/custom_interfaces/srv
[1.087s] -- Up-to-date: /home/orhan/ros2_ws/install/custom_interfaces/include/custom_interfaces/srv/detail
[1.087s] -- Up-to-date: /home/orhan/ros2_ws/install/custom_interfaces/include/custom_interfaces/srv/detail/triangle__rosidl_typesupport_fastrtps_cpp.hpp
[1.087s] -- Up-to-date: /home/orhan/ros2_ws/install/custom_interfaces/include/custom_interfaces/srv/detail/dds_fastrtps
[1.087s] -- Up-to-date: /home/orhan/ros2_ws/install/custom_interfaces/lib/libcustom_interfaces__rosidl_typesupport_fastrtps_cpp.so
[1.087s] -- Up-to-date: /home/orhan/ros2_ws/install/custom_interfaces/include/custom_interfaces
[1.088s] -- Up-to-date: /home/orhan/ros2_ws/install/custom_interfaces/include/custom_interfaces/msg
[1.088s] -- Up-to-date: /home/orhan/ros2_ws/install/custom_interfaces/include/custom_interfaces/msg/rosidl_typesupport_introspection_c__visibility_control.h
[1.088s] -- Up-to-date: /home/orhan/ros2_ws/install/custom_interfaces/include/custom_interfaces/srv
[1.088s] -- Up-to-date: /home/orhan/ros2_ws/install/custom_interfaces/include/custom_interfaces/srv/detail
[1.088s] -- Up-to-date: /home/orhan/ros2_ws/install/custom_interfaces/include/custom_interfaces/srv/detail/triangle__type_support.c
[1.089s] -- Up-to-date: /home/orhan/ros2_ws/install/custom_interfaces/include/custom_interfaces/srv/detail/triangle__rosidl_typesupport_introspection_c.h
[1.089s] -- Up-to-date: /home/orhan/ros2_ws/install/custom_interfaces/lib/libcustom_interfaces__rosidl_typesupport_introspection_c.so
[1.089s] -- Up-to-date: /home/orhan/ros2_ws/install/custom_interfaces/lib/libcustom_interfaces__rosidl_typesupport_c.so
[1.089s] -- Up-to-date: /home/orhan/ros2_ws/install/custom_interfaces/include/custom_interfaces
[1.089s] -- Up-to-date: /home/orhan/ros2_ws/install/custom_interfaces/include/custom_interfaces/msg
[1.089s] -- Up-to-date: /home/orhan/ros2_ws/install/custom_interfaces/include/custom_interfaces/msg/rosidl_generator_cpp__visibility_control.hpp
[1.090s] -- Up-to-date: /home/orhan/ros2_ws/install/custom_interfaces/include/custom_interfaces/srv
[1.090s] -- Up-to-date: /home/orhan/ros2_ws/install/custom_interfaces/include/custom_interfaces/srv/detail
[1.090s] -- Up-to-date: /home/orhan/ros2_ws/install/custom_interfaces/include/custom_interfaces/srv/detail/triangle__struct.hpp
[1.090s] -- Up-to-date: /home/orhan/ros2_ws/install/custom_interfaces/include/custom_interfaces/srv/detail/triangle__traits.hpp
[1.090s] -- Up-to-date: /home/orhan/ros2_ws/install/custom_interfaces/include/custom_interfaces/srv/detail/triangle__type_support.hpp
[1.090s] -- Up-to-date: /home/orhan/ros2_ws/install/custom_interfaces/include/custom_interfaces/srv/detail/triangle__builder.hpp
[1.091s] -- Up-to-date: /home/orhan/ros2_ws/install/custom_interfaces/include/custom_interfaces/srv/triangle.hpp
[1.091s] -- Up-to-date: /home/orhan/ros2_ws/install/custom_interfaces/include/custom_interfaces
[1.091s] -- Up-to-date: /home/orhan/ros2_ws/install/custom_interfaces/include/custom_interfaces/srv
[1.091s] -- Up-to-date: /home/orhan/ros2_ws/install/custom_interfaces/include/custom_interfaces/srv/detail
[1.091s] -- Up-to-date: /home/orhan/ros2_ws/install/custom_interfaces/include/custom_interfaces/srv/detail/triangle__rosidl_typesupport_introspection_cpp.hpp
[1.100s] -- Up-to-date: /home/orhan/ros2_ws/install/custom_interfaces/include/custom_interfaces/srv/detail/triangle__type_support.cpp
[1.100s] -- Up-to-date: /home/orhan/ros2_ws/install/custom_interfaces/lib/libcustom_interfaces__rosidl_typesupport_introspection_cpp.so
[1.100s] -- Up-to-date: /home/orhan/ros2_ws/install/custom_interfaces/lib/libcustom_interfaces__rosidl_typesupport_cpp.so
[1.100s] -- Up-to-date: /home/orhan/ros2_ws/install/custom_interfaces/share/custom_interfaces/environment/pythonpath.sh
[1.101s] -- Up-to-date: /home/orhan/ros2_ws/install/custom_interfaces/share/custom_interfaces/environment/pythonpath.dsv
[1.101s] -- Up-to-date: /home/orhan/ros2_ws/install/custom_interfaces/lib/python3.8/site-packages/custom_interfaces/__init__.py
[1.211s] -- Up-to-date: /home/orhan/ros2_ws/install/custom_interfaces/lib/python3.8/site-packages/custom_interfaces/srv
[1.211s] -- Up-to-date: /home/orhan/ros2_ws/install/custom_interfaces/lib/python3.8/site-packages/custom_interfaces/srv/_triangle.py
[1.212s] -- Up-to-date: /home/orhan/ros2_ws/install/custom_interfaces/lib/python3.8/site-packages/custom_interfaces/srv/__init__.py
[1.212s] -- Up-to-date: /home/orhan/ros2_ws/install/custom_interfaces/lib/python3.8/site-packages/custom_interfaces/srv/_triangle_s.c
[1.212s] -- Up-to-date: /home/orhan/ros2_ws/install/custom_interfaces/lib/python3.8/site-packages/custom_interfaces/custom_interfaces_s__rosidl_typesupport_fastrtps_c.cpython-38-x86_64-linux-gnu.so
[1.212s] -- Up-to-date: /home/orhan/ros2_ws/install/custom_interfaces/lib/python3.8/site-packages/custom_interfaces/custom_interfaces_s__rosidl_typesupport_introspection_c.cpython-38-x86_64-linux-gnu.so
[1.212s] -- Up-to-date: /home/orhan/ros2_ws/install/custom_interfaces/lib/python3.8/site-packages/custom_interfaces/custom_interfaces_s__rosidl_typesupport_c.cpython-38-x86_64-linux-gnu.so
[1.213s] -- Up-to-date: /home/orhan/ros2_ws/install/custom_interfaces/lib/libcustom_interfaces__python.so
[1.213s] -- Up-to-date: /home/orhan/ros2_ws/install/custom_interfaces/share/custom_interfaces/srv/Triangle.idl
[1.213s] -- Up-to-date: /home/orhan/ros2_ws/install/custom_interfaces/share/custom_interfaces/srv/Triangle.srv
[1.213s] -- Up-to-date: /home/orhan/ros2_ws/install/custom_interfaces/share/custom_interfaces/srv/Triangle_Request.msg
[1.213s] -- Up-to-date: /home/orhan/ros2_ws/install/custom_interfaces/share/custom_interfaces/srv/Triangle_Response.msg
[1.214s] -- Up-to-date: /home/orhan/ros2_ws/install/custom_interfaces/share/ament_index/resource_index/package_run_dependencies/custom_interfaces
[1.214s] -- Up-to-date: /home/orhan/ros2_ws/install/custom_interfaces/share/ament_index/resource_index/parent_prefix_path/custom_interfaces
[1.214s] -- Up-to-date: /home/orhan/ros2_ws/install/custom_interfaces/share/custom_interfaces/environment/ament_prefix_path.sh
[1.214s] -- Up-to-date: /home/orhan/ros2_ws/install/custom_interfaces/share/custom_interfaces/environment/ament_prefix_path.dsv
[1.214s] -- Up-to-date: /home/orhan/ros2_ws/install/custom_interfaces/share/custom_interfaces/environment/path.sh
[1.214s] -- Up-to-date: /home/orhan/ros2_ws/install/custom_interfaces/share/custom_interfaces/environment/path.dsv
[1.215s] -- Up-to-date: /home/orhan/ros2_ws/install/custom_interfaces/share/custom_interfaces/local_setup.bash
[1.215s] -- Up-to-date: /home/orhan/ros2_ws/install/custom_interfaces/share/custom_interfaces/local_setup.sh
[1.215s] -- Up-to-date: /home/orhan/ros2_ws/install/custom_interfaces/share/custom_interfaces/local_setup.zsh
[1.215s] -- Up-to-date: /home/orhan/ros2_ws/install/custom_interfaces/share/custom_interfaces/local_setup.dsv
[1.215s] -- Installing: /home/orhan/ros2_ws/install/custom_interfaces/share/custom_interfaces/package.dsv
[1.215s] -- Up-to-date: /home/orhan/ros2_ws/install/custom_interfaces/share/ament_index/resource_index/packages/custom_interfaces
[1.232s] -- Up-to-date: /home/orhan/ros2_ws/install/custom_interfaces/share/custom_interfaces/cmake/custom_interfaces__rosidl_generator_cExport.cmake
[1.232s] -- Up-to-date: /home/orhan/ros2_ws/install/custom_interfaces/share/custom_interfaces/cmake/custom_interfaces__rosidl_generator_cExport-noconfig.cmake
[1.233s] -- Up-to-date: /home/orhan/ros2_ws/install/custom_interfaces/share/custom_interfaces/cmake/custom_interfaces__rosidl_typesupport_introspection_cExport.cmake
[1.233s] -- Up-to-date: /home/orhan/ros2_ws/install/custom_interfaces/share/custom_interfaces/cmake/custom_interfaces__rosidl_typesupport_introspection_cExport-noconfig.cmake
[1.234s] -- Up-to-date: /home/orhan/ros2_ws/install/custom_interfaces/share/custom_interfaces/cmake/custom_interfaces__rosidl_typesupport_cExport.cmake
[1.234s] -- Up-to-date: /home/orhan/ros2_ws/install/custom_interfaces/share/custom_interfaces/cmake/custom_interfaces__rosidl_typesupport_cExport-noconfig.cmake
[1.238s] -- Up-to-date: /home/orhan/ros2_ws/install/custom_interfaces/share/custom_interfaces/cmake/custom_interfaces__rosidl_generator_cppExport.cmake
[1.240s] -- Up-to-date: /home/orhan/ros2_ws/install/custom_interfaces/share/custom_interfaces/cmake/custom_interfaces__rosidl_typesupport_introspection_cppExport.cmake
[1.241s] -- Up-to-date: /home/orhan/ros2_ws/install/custom_interfaces/share/custom_interfaces/cmake/custom_interfaces__rosidl_typesupport_introspection_cppExport-noconfig.cmake
[1.241s] -- Up-to-date: /home/orhan/ros2_ws/install/custom_interfaces/share/custom_interfaces/cmake/custom_interfaces__rosidl_typesupport_cppExport.cmake
[1.241s] -- Up-to-date: /home/orhan/ros2_ws/install/custom_interfaces/share/custom_interfaces/cmake/custom_interfaces__rosidl_typesupport_cppExport-noconfig.cmake
[1.241s] -- Up-to-date: /home/orhan/ros2_ws/install/custom_interfaces/share/custom_interfaces/cmake/rosidl_cmake-extras.cmake
[1.241s] -- Up-to-date: /home/orhan/ros2_ws/install/custom_interfaces/share/custom_interfaces/cmake/ament_cmake_export_dependencies-extras.cmake
[1.242s] -- Up-to-date: /home/orhan/ros2_ws/install/custom_interfaces/share/custom_interfaces/cmake/ament_cmake_export_libraries-extras.cmake
[1.242s] -- Up-to-date: /home/orhan/ros2_ws/install/custom_interfaces/share/custom_interfaces/cmake/ament_cmake_export_targets-extras.cmake
[1.242s] -- Up-to-date: /home/orhan/ros2_ws/install/custom_interfaces/share/custom_interfaces/cmake/ament_cmake_export_include_directories-extras.cmake
[1.242s] -- Up-to-date: /home/orhan/ros2_ws/install/custom_interfaces/share/custom_interfaces/cmake/rosidl_cmake_export_typesupport_libraries-extras.cmake
[1.242s] -- Up-to-date: /home/orhan/ros2_ws/install/custom_interfaces/share/custom_interfaces/cmake/rosidl_cmake_export_typesupport_targets-extras.cmake
[1.243s] -- Up-to-date: /home/orhan/ros2_ws/install/custom_interfaces/share/custom_interfaces/cmake/custom_interfacesConfig.cmake
[1.243s] -- Up-to-date: /home/orhan/ros2_ws/install/custom_interfaces/share/custom_interfaces/cmake/custom_interfacesConfig-version.cmake
[1.243s] -- Up-to-date: /home/orhan/ros2_ws/install/custom_interfaces/share/custom_interfaces/package.xml
[1.243s] Invoked command in '/home/orhan/ros2_ws/build/custom_interfaces' returned '0': CMAKE_PREFIX_PATH=/opt/ros/foxy /usr/bin/cmake --install /home/orhan/ros2_ws/build/custom_interfaces
