[2.191s] Invoking command in '/home/orhan/ros2_ws/src/first_package': PYTHONPATH=/home/orhan/ros2_ws/build/first_package/prefix_override:/usr/lib/python3/dist-packages/colcon_core/task/python/colcon_distutils_commands:/home/orhan/ros2_ws/install/first_package/lib/python3.8/site-packages:${PYTHONPATH} /usr/bin/python3 -W ignore:setup.py install is deprecated -W ignore:easy_install command is deprecated setup.py egg_info --egg-base ../../build/first_package build --build-base /home/orhan/ros2_ws/build/first_package/build install --record /home/orhan/ros2_ws/build/first_package/install.log --install-scripts $base/lib/first_package --single-version-externally-managed install_data
[2.760s] running egg_info
[2.762s] writing ../../build/first_package/first_package.egg-info/PKG-INFO
[2.764s] writing dependency_links to ../../build/first_package/first_package.egg-info/dependency_links.txt
[2.765s] writing entry points to ../../build/first_package/first_package.egg-info/entry_points.txt
[2.766s] writing requirements to ../../build/first_package/first_package.egg-info/requires.txt
[2.766s] writing top-level names to ../../build/first_package/first_package.egg-info/top_level.txt
[2.863s] reading manifest file '../../build/first_package/first_package.egg-info/SOURCES.txt'
[2.865s] writing manifest file '../../build/first_package/first_package.egg-info/SOURCES.txt'
[2.865s] running build
[2.865s] running build_py
[2.866s] running install
[2.868s] running install_lib
[2.872s] running install_data
[2.873s] running install_egg_info
[2.877s] removing '/home/orhan/ros2_ws/install/first_package/lib/python3.8/site-packages/first_package-0.0.0-py3.8.egg-info' (and everything under it)
[2.878s] Copying ../../build/first_package/first_package.egg-info to /home/orhan/ros2_ws/install/first_package/lib/python3.8/site-packages/first_package-0.0.0-py3.8.egg-info
[2.880s] running install_scripts
[2.920s] Installing my_node script to /home/orhan/ros2_ws/install/first_package/lib/first_package
[2.922s] writing list of installed files to '/home/orhan/ros2_ws/build/first_package/install.log'
[2.979s] Invoked command in '/home/orhan/ros2_ws/src/first_package' returned '0': PYTHONPATH=/home/orhan/ros2_ws/build/first_package/prefix_override:/usr/lib/python3/dist-packages/colcon_core/task/python/colcon_distutils_commands:/home/orhan/ros2_ws/install/first_package/lib/python3.8/site-packages:${PYTHONPATH} /usr/bin/python3 -W ignore:setup.py install is deprecated -W ignore:easy_install command is deprecated setup.py egg_info --egg-base ../../build/first_package build --build-base /home/orhan/ros2_ws/build/first_package/build install --record /home/orhan/ros2_ws/build/first_package/install.log --install-scripts $base/lib/first_package --single-version-externally-managed install_data
