[2.231s] Invoking command in '/home/orhan/ros2_ws/src/first_package': PYTHONPATH=/home/orhan/ros2_ws/build/first_package/prefix_override:/usr/lib/python3/dist-packages/colcon_core/task/python/colcon_distutils_commands:/home/orhan/ros2_ws/install/first_package/lib/python3.8/site-packages:${PYTHONPATH} /usr/bin/python3 -W ignore:setup.py install is deprecated setup.py egg_info --egg-base ../../build/first_package build --build-base /home/orhan/ros2_ws/build/first_package/build install --record /home/orhan/ros2_ws/build/first_package/install.log --install-scripts $base/lib/first_package --single-version-externally-managed install_data
[2.909s] running egg_info
[2.911s] writing ../../build/first_package/first_package.egg-info/PKG-INFO
[2.912s] writing dependency_links to ../../build/first_package/first_package.egg-info/dependency_links.txt
[2.913s] writing entry points to ../../build/first_package/first_package.egg-info/entry_points.txt
[2.914s] writing requirements to ../../build/first_package/first_package.egg-info/requires.txt
[2.914s] writing top-level names to ../../build/first_package/first_package.egg-info/top_level.txt
[3.012s] reading manifest file '../../build/first_package/first_package.egg-info/SOURCES.txt'
[3.014s] writing manifest file '../../build/first_package/first_package.egg-info/SOURCES.txt'
[3.015s] running build
[3.015s] running build_py
[3.017s] running install
[3.019s] running install_lib
[3.023s] running install_data
[3.024s] running install_egg_info
[3.028s] removing '/home/orhan/ros2_ws/install/first_package/lib/python3.8/site-packages/first_package-0.0.0-py3.8.egg-info' (and everything under it)
[3.030s] Copying ../../build/first_package/first_package.egg-info to /home/orhan/ros2_ws/install/first_package/lib/python3.8/site-packages/first_package-0.0.0-py3.8.egg-info
[3.033s] running install_scripts
[3.078s] Installing my_node script to /home/orhan/ros2_ws/install/first_package/lib/first_package
[3.079s] writing list of installed files to '/home/orhan/ros2_ws/build/first_package/install.log'
[3.145s] Invoked command in '/home/orhan/ros2_ws/src/first_package' returned '0': PYTHONPATH=/home/orhan/ros2_ws/build/first_package/prefix_override:/usr/lib/python3/dist-packages/colcon_core/task/python/colcon_distutils_commands:/home/orhan/ros2_ws/install/first_package/lib/python3.8/site-packages:${PYTHONPATH} /usr/bin/python3 -W ignore:setup.py install is deprecated setup.py egg_info --egg-base ../../build/first_package build --build-base /home/orhan/ros2_ws/build/first_package/build install --record /home/orhan/ros2_ws/build/first_package/install.log --install-scripts $base/lib/first_package --single-version-externally-managed install_data
