[1.773s] Invoking command in '/home/orhan/ros2_ws/build/examples_rclpy_minimal_action_client': PYTHONPATH=/home/orhan/ros2_ws/build/examples_rclpy_minimal_action_client/prefix_override:/usr/lib/python3/dist-packages/colcon_core/task/python/colcon_distutils_commands:/home/orhan/ros2_ws/install/examples_rclpy_minimal_action_client/lib/python3.8/site-packages:${PYTHONPATH} /usr/bin/python3 -W ignore:setup.py install is deprecated setup.py develop --uninstall --editable --build-directory /home/orhan/ros2_ws/build/examples_rclpy_minimal_action_client/build
[2.394s] running develop
[2.759s] Removing /home/orhan/ros2_ws/install/examples_rclpy_minimal_action_client/lib/python3.8/site-packages/examples-rclpy-minimal-action-client.egg-link (link to .)
[2.810s] Invoked command in '/home/orhan/ros2_ws/build/examples_rclpy_minimal_action_client' returned '0': PYTHONPATH=/home/orhan/ros2_ws/build/examples_rclpy_minimal_action_client/prefix_override:/usr/lib/python3/dist-packages/colcon_core/task/python/colcon_distutils_commands:/home/orhan/ros2_ws/install/examples_rclpy_minimal_action_client/lib/python3.8/site-packages:${PYTHONPATH} /usr/bin/python3 -W ignore:setup.py install is deprecated setup.py develop --uninstall --editable --build-directory /home/orhan/ros2_ws/build/examples_rclpy_minimal_action_client/build
[2.812s] Invoking command in '/home/orhan/ros2_ws/src/examples/rclpy/actions/minimal_action_client': PYTHONPATH=/home/orhan/ros2_ws/build/examples_rclpy_minimal_action_client/prefix_override:/usr/lib/python3/dist-packages/colcon_core/task/python/colcon_distutils_commands:/home/orhan/ros2_ws/install/examples_rclpy_minimal_action_client/lib/python3.8/site-packages:${PYTHONPATH} /usr/bin/python3 -W ignore:setup.py install is deprecated setup.py egg_info --egg-base ../../../../../build/examples_rclpy_minimal_action_client build --build-base /home/orhan/ros2_ws/build/examples_rclpy_minimal_action_client/build install --record /home/orhan/ros2_ws/build/examples_rclpy_minimal_action_client/install.log --install-scripts $base/lib/examples_rclpy_minimal_action_client --single-version-externally-managed install_data --force
[3.403s] running egg_info
[3.405s] writing ../../../../../build/examples_rclpy_minimal_action_client/examples_rclpy_minimal_action_client.egg-info/PKG-INFO
[3.405s] writing dependency_links to ../../../../../build/examples_rclpy_minimal_action_client/examples_rclpy_minimal_action_client.egg-info/dependency_links.txt
[3.406s] writing entry points to ../../../../../build/examples_rclpy_minimal_action_client/examples_rclpy_minimal_action_client.egg-info/entry_points.txt
[3.406s] writing requirements to ../../../../../build/examples_rclpy_minimal_action_client/examples_rclpy_minimal_action_client.egg-info/requires.txt
[3.407s] writing top-level names to ../../../../../build/examples_rclpy_minimal_action_client/examples_rclpy_minimal_action_client.egg-info/top_level.txt
[3.501s] reading manifest file '../../../../../build/examples_rclpy_minimal_action_client/examples_rclpy_minimal_action_client.egg-info/SOURCES.txt'
[3.504s] writing manifest file '../../../../../build/examples_rclpy_minimal_action_client/examples_rclpy_minimal_action_client.egg-info/SOURCES.txt'
[3.504s] running build
[3.504s] running build_py
[3.505s] creating /home/orhan/ros2_ws/build/examples_rclpy_minimal_action_client/build
[3.505s] creating /home/orhan/ros2_ws/build/examples_rclpy_minimal_action_client/build/lib
[3.505s] creating /home/orhan/ros2_ws/build/examples_rclpy_minimal_action_client/build/lib/examples_rclpy_minimal_action_client
[3.506s] copying examples_rclpy_minimal_action_client/client.py -> /home/orhan/ros2_ws/build/examples_rclpy_minimal_action_client/build/lib/examples_rclpy_minimal_action_client
[3.506s] copying examples_rclpy_minimal_action_client/client_not_composable.py -> /home/orhan/ros2_ws/build/examples_rclpy_minimal_action_client/build/lib/examples_rclpy_minimal_action_client
[3.506s] copying examples_rclpy_minimal_action_client/client_cancel.py -> /home/orhan/ros2_ws/build/examples_rclpy_minimal_action_client/build/lib/examples_rclpy_minimal_action_client
[3.507s] copying examples_rclpy_minimal_action_client/__init__.py -> /home/orhan/ros2_ws/build/examples_rclpy_minimal_action_client/build/lib/examples_rclpy_minimal_action_client
[3.507s] running install
[3.510s] running install_lib
[3.512s] creating /home/orhan/ros2_ws/install/examples_rclpy_minimal_action_client/lib/python3.8/site-packages/examples_rclpy_minimal_action_client
[3.512s] copying /home/orhan/ros2_ws/build/examples_rclpy_minimal_action_client/build/lib/examples_rclpy_minimal_action_client/client.py -> /home/orhan/ros2_ws/install/examples_rclpy_minimal_action_client/lib/python3.8/site-packages/examples_rclpy_minimal_action_client
[3.513s] copying /home/orhan/ros2_ws/build/examples_rclpy_minimal_action_client/build/lib/examples_rclpy_minimal_action_client/client_not_composable.py -> /home/orhan/ros2_ws/install/examples_rclpy_minimal_action_client/lib/python3.8/site-packages/examples_rclpy_minimal_action_client
[3.513s] copying /home/orhan/ros2_ws/build/examples_rclpy_minimal_action_client/build/lib/examples_rclpy_minimal_action_client/client_cancel.py -> /home/orhan/ros2_ws/install/examples_rclpy_minimal_action_client/lib/python3.8/site-packages/examples_rclpy_minimal_action_client
[3.513s] copying /home/orhan/ros2_ws/build/examples_rclpy_minimal_action_client/build/lib/examples_rclpy_minimal_action_client/__init__.py -> /home/orhan/ros2_ws/install/examples_rclpy_minimal_action_client/lib/python3.8/site-packages/examples_rclpy_minimal_action_client
[3.515s] byte-compiling /home/orhan/ros2_ws/install/examples_rclpy_minimal_action_client/lib/python3.8/site-packages/examples_rclpy_minimal_action_client/client.py to client.cpython-38.pyc
[3.519s] byte-compiling /home/orhan/ros2_ws/install/examples_rclpy_minimal_action_client/lib/python3.8/site-packages/examples_rclpy_minimal_action_client/client_not_composable.py to client_not_composable.cpython-38.pyc
[3.520s] byte-compiling /home/orhan/ros2_ws/install/examples_rclpy_minimal_action_client/lib/python3.8/site-packages/examples_rclpy_minimal_action_client/client_cancel.py to client_cancel.cpython-38.pyc
[3.522s] byte-compiling /home/orhan/ros2_ws/install/examples_rclpy_minimal_action_client/lib/python3.8/site-packages/examples_rclpy_minimal_action_client/__init__.py to __init__.cpython-38.pyc
[3.522s] running install_data
[3.523s] copying resource/examples_rclpy_minimal_action_client -> /home/orhan/ros2_ws/install/examples_rclpy_minimal_action_client/share/ament_index/resource_index/packages
[3.523s] copying package.xml -> /home/orhan/ros2_ws/install/examples_rclpy_minimal_action_client/share/examples_rclpy_minimal_action_client
[3.523s] running install_egg_info
[3.528s] Copying ../../../../../build/examples_rclpy_minimal_action_client/examples_rclpy_minimal_action_client.egg-info to /home/orhan/ros2_ws/install/examples_rclpy_minimal_action_client/lib/python3.8/site-packages/examples_rclpy_minimal_action_client-0.9.4-py3.8.egg-info
[3.530s] running install_scripts
[3.576s] Installing client script to /home/orhan/ros2_ws/install/examples_rclpy_minimal_action_client/lib/examples_rclpy_minimal_action_client
[3.576s] Installing client_cancel script to /home/orhan/ros2_ws/install/examples_rclpy_minimal_action_client/lib/examples_rclpy_minimal_action_client
[3.577s] Installing client_not_composable script to /home/orhan/ros2_ws/install/examples_rclpy_minimal_action_client/lib/examples_rclpy_minimal_action_client
[3.578s] writing list of installed files to '/home/orhan/ros2_ws/build/examples_rclpy_minimal_action_client/install.log'
[3.633s] Invoked command in '/home/orhan/ros2_ws/src/examples/rclpy/actions/minimal_action_client' returned '0': PYTHONPATH=/home/orhan/ros2_ws/build/examples_rclpy_minimal_action_client/prefix_override:/usr/lib/python3/dist-packages/colcon_core/task/python/colcon_distutils_commands:/home/orhan/ros2_ws/install/examples_rclpy_minimal_action_client/lib/python3.8/site-packages:${PYTHONPATH} /usr/bin/python3 -W ignore:setup.py install is deprecated setup.py egg_info --egg-base ../../../../../build/examples_rclpy_minimal_action_client build --build-base /home/orhan/ros2_ws/build/examples_rclpy_minimal_action_client/build install --record /home/orhan/ros2_ws/build/examples_rclpy_minimal_action_client/install.log --install-scripts $base/lib/examples_rclpy_minimal_action_client --single-version-externally-managed install_data --force
