[1.072s] Invoking command in '/home/orhan/ros2_ws/src/cift_sayi': PYTHONPATH=/home/orhan/ros2_ws/build/cift_sayi/prefix_override:/usr/lib/python3/dist-packages/colcon_core/task/python/colcon_distutils_commands:/home/orhan/ros2_ws/install/cift_sayi/lib/python3.8/site-packages:${PYTHONPATH} /usr/bin/python3 -W ignore:setup.py install is deprecated -W ignore:easy_install command is deprecated setup.py egg_info --egg-base ../../build/cift_sayi build --build-base /home/orhan/ros2_ws/build/cift_sayi/build install --record /home/orhan/ros2_ws/build/cift_sayi/install.log --install-scripts $base/lib/cift_sayi --single-version-externally-managed install_data
[1.401s] running egg_info
[1.402s] writing ../../build/cift_sayi/cift_sayi.egg-info/PKG-INFO
[1.403s] writing dependency_links to ../../build/cift_sayi/cift_sayi.egg-info/dependency_links.txt
[1.403s] writing entry points to ../../build/cift_sayi/cift_sayi.egg-info/entry_points.txt
[1.403s] writing requirements to ../../build/cift_sayi/cift_sayi.egg-info/requires.txt
[1.403s] writing top-level names to ../../build/cift_sayi/cift_sayi.egg-info/top_level.txt
[1.452s] reading manifest file '../../build/cift_sayi/cift_sayi.egg-info/SOURCES.txt'
[1.453s] writing manifest file '../../build/cift_sayi/cift_sayi.egg-info/SOURCES.txt'
[1.453s] running build
[1.454s] running build_py
[1.454s] copying cift_sayi/subscriber_member_function.py -> /home/orhan/ros2_ws/build/cift_sayi/build/lib/cift_sayi
[1.454s] copying cift_sayi/__init__.py -> /home/orhan/ros2_ws/build/cift_sayi/build/lib/cift_sayi
[1.454s] copying cift_sayi/publisher_member_function.py -> /home/orhan/ros2_ws/build/cift_sayi/build/lib/cift_sayi
[1.455s] running install
[1.457s] running install_lib
[1.458s] copying /home/orhan/ros2_ws/build/cift_sayi/build/lib/cift_sayi/subscriber_member_function.py -> /home/orhan/ros2_ws/install/cift_sayi/lib/python3.8/site-packages/cift_sayi
[1.458s] copying /home/orhan/ros2_ws/build/cift_sayi/build/lib/cift_sayi/__init__.py -> /home/orhan/ros2_ws/install/cift_sayi/lib/python3.8/site-packages/cift_sayi
[1.459s] copying /home/orhan/ros2_ws/build/cift_sayi/build/lib/cift_sayi/publisher_member_function.py -> /home/orhan/ros2_ws/install/cift_sayi/lib/python3.8/site-packages/cift_sayi
[1.460s] byte-compiling /home/orhan/ros2_ws/install/cift_sayi/lib/python3.8/site-packages/cift_sayi/subscriber_member_function.py to subscriber_member_function.cpython-38.pyc
[1.465s] byte-compiling /home/orhan/ros2_ws/install/cift_sayi/lib/python3.8/site-packages/cift_sayi/__init__.py to __init__.cpython-38.pyc
[1.465s] byte-compiling /home/orhan/ros2_ws/install/cift_sayi/lib/python3.8/site-packages/cift_sayi/publisher_member_function.py to publisher_member_function.cpython-38.pyc
[1.466s] running install_data
[1.466s] copying resource/cift_sayi -> /home/orhan/ros2_ws/install/cift_sayi/share/ament_index/resource_index/packages
[1.467s] copying package.xml -> /home/orhan/ros2_ws/install/cift_sayi/share/cift_sayi
[1.467s] running install_egg_info
[1.471s] removing '/home/orhan/ros2_ws/install/cift_sayi/lib/python3.8/site-packages/cift_sayi-0.0.0-py3.8.egg-info' (and everything under it)
[1.472s] Copying ../../build/cift_sayi/cift_sayi.egg-info to /home/orhan/ros2_ws/install/cift_sayi/lib/python3.8/site-packages/cift_sayi-0.0.0-py3.8.egg-info
[1.474s] running install_scripts
[1.499s] Installing listener script to /home/orhan/ros2_ws/install/cift_sayi/lib/cift_sayi
[1.499s] Installing talker script to /home/orhan/ros2_ws/install/cift_sayi/lib/cift_sayi
[1.500s] writing list of installed files to '/home/orhan/ros2_ws/build/cift_sayi/install.log'
[1.531s] Invoked command in '/home/orhan/ros2_ws/src/cift_sayi' returned '0': PYTHONPATH=/home/orhan/ros2_ws/build/cift_sayi/prefix_override:/usr/lib/python3/dist-packages/colcon_core/task/python/colcon_distutils_commands:/home/orhan/ros2_ws/install/cift_sayi/lib/python3.8/site-packages:${PYTHONPATH} /usr/bin/python3 -W ignore:setup.py install is deprecated -W ignore:easy_install command is deprecated setup.py egg_info --egg-base ../../build/cift_sayi build --build-base /home/orhan/ros2_ws/build/cift_sayi/build install --record /home/orhan/ros2_ws/build/cift_sayi/install.log --install-scripts $base/lib/cift_sayi --single-version-externally-managed install_data
