[2.102s] Invoking command in '/home/orhan/ros2_ws/src/examples/rclpy/actions/minimal_action_client': PYTHONPATH=/home/orhan/ros2_ws/build/examples_rclpy_minimal_action_client/prefix_override:/usr/lib/python3/dist-packages/colcon_core/task/python/colcon_distutils_commands:/home/orhan/ros2_ws/install/examples_rclpy_minimal_action_client/lib/python3.8/site-packages:${PYTHONPATH} /usr/bin/python3 -W ignore:setup.py install is deprecated setup.py egg_info --egg-base ../../../../../build/examples_rclpy_minimal_action_client build --build-base /home/orhan/ros2_ws/build/examples_rclpy_minimal_action_client/build install --record /home/orhan/ros2_ws/build/examples_rclpy_minimal_action_client/install.log --install-scripts $base/lib/examples_rclpy_minimal_action_client --single-version-externally-managed install_data
[2.706s] running egg_info
[2.708s] writing ../../../../../build/examples_rclpy_minimal_action_client/examples_rclpy_minimal_action_client.egg-info/PKG-INFO
[2.709s] writing dependency_links to ../../../../../build/examples_rclpy_minimal_action_client/examples_rclpy_minimal_action_client.egg-info/dependency_links.txt
[2.709s] writing entry points to ../../../../../build/examples_rclpy_minimal_action_client/examples_rclpy_minimal_action_client.egg-info/entry_points.txt
[2.710s] writing requirements to ../../../../../build/examples_rclpy_minimal_action_client/examples_rclpy_minimal_action_client.egg-info/requires.txt
[2.710s] writing top-level names to ../../../../../build/examples_rclpy_minimal_action_client/examples_rclpy_minimal_action_client.egg-info/top_level.txt
[2.807s] reading manifest file '../../../../../build/examples_rclpy_minimal_action_client/examples_rclpy_minimal_action_client.egg-info/SOURCES.txt'
[2.810s] writing manifest file '../../../../../build/examples_rclpy_minimal_action_client/examples_rclpy_minimal_action_client.egg-info/SOURCES.txt'
[2.810s] running build
[2.811s] running build_py
[2.812s] running install
[2.814s] running install_lib
[2.818s] running install_data
[2.818s] running install_egg_info
[2.822s] removing '/home/orhan/ros2_ws/install/examples_rclpy_minimal_action_client/lib/python3.8/site-packages/examples_rclpy_minimal_action_client-0.9.4-py3.8.egg-info' (and everything under it)
[2.823s] Copying ../../../../../build/examples_rclpy_minimal_action_client/examples_rclpy_minimal_action_client.egg-info to /home/orhan/ros2_ws/install/examples_rclpy_minimal_action_client/lib/python3.8/site-packages/examples_rclpy_minimal_action_client-0.9.4-py3.8.egg-info
[2.826s] running install_scripts
[2.870s] Installing client script to /home/orhan/ros2_ws/install/examples_rclpy_minimal_action_client/lib/examples_rclpy_minimal_action_client
[2.870s] Installing client_cancel script to /home/orhan/ros2_ws/install/examples_rclpy_minimal_action_client/lib/examples_rclpy_minimal_action_client
[2.870s] Installing client_not_composable script to /home/orhan/ros2_ws/install/examples_rclpy_minimal_action_client/lib/examples_rclpy_minimal_action_client
[2.872s] writing list of installed files to '/home/orhan/ros2_ws/build/examples_rclpy_minimal_action_client/install.log'
[3.332s] Invoked command in '/home/orhan/ros2_ws/src/examples/rclpy/actions/minimal_action_client' returned '0': PYTHONPATH=/home/orhan/ros2_ws/build/examples_rclpy_minimal_action_client/prefix_override:/usr/lib/python3/dist-packages/colcon_core/task/python/colcon_distutils_commands:/home/orhan/ros2_ws/install/examples_rclpy_minimal_action_client/lib/python3.8/site-packages:${PYTHONPATH} /usr/bin/python3 -W ignore:setup.py install is deprecated setup.py egg_info --egg-base ../../../../../build/examples_rclpy_minimal_action_client build --build-base /home/orhan/ros2_ws/build/examples_rclpy_minimal_action_client/build install --record /home/orhan/ros2_ws/build/examples_rclpy_minimal_action_client/install.log --install-scripts $base/lib/examples_rclpy_minimal_action_client --single-version-externally-managed install_data
