[0.858s] Invoking command in '/home/orhan/ros2_ws/src/first_package': PYTHONPATH=/home/orhan/ros2_ws/build/first_package/prefix_override:/usr/lib/python3/dist-packages/colcon_core/task/python/colcon_distutils_commands:/home/orhan/ros2_ws/install/first_package/lib/python3.8/site-packages:${PYTHONPATH} /usr/bin/python3 -W ignore:setup.py install is deprecated setup.py egg_info --egg-base ../../build/first_package build --build-base /home/orhan/ros2_ws/build/first_package/build install --record /home/orhan/ros2_ws/build/first_package/install.log --install-scripts $base/lib/first_package --single-version-externally-managed install_data
[1.153s] running egg_info
[1.154s] writing ../../build/first_package/first_package.egg-info/PKG-INFO
[1.154s] writing dependency_links to ../../build/first_package/first_package.egg-info/dependency_links.txt
[1.155s] writing entry points to ../../build/first_package/first_package.egg-info/entry_points.txt
[1.155s] writing requirements to ../../build/first_package/first_package.egg-info/requires.txt
[1.155s] writing top-level names to ../../build/first_package/first_package.egg-info/top_level.txt
[1.202s] reading manifest file '../../build/first_package/first_package.egg-info/SOURCES.txt'
[1.203s] writing manifest file '../../build/first_package/first_package.egg-info/SOURCES.txt'
[1.203s] running build
[1.203s] running build_py
[1.203s] running install
[1.205s] running install_lib
[1.206s] running install_data
[1.207s] running install_egg_info
[1.209s] removing '/home/orhan/ros2_ws/install/first_package/lib/python3.8/site-packages/first_package-0.0.0-py3.8.egg-info' (and everything under it)
[1.209s] Copying ../../build/first_package/first_package.egg-info to /home/orhan/ros2_ws/install/first_package/lib/python3.8/site-packages/first_package-0.0.0-py3.8.egg-info
[1.211s] running install_scripts
[1.234s] Installing my_node script to /home/orhan/ros2_ws/install/first_package/lib/first_package
[1.234s] writing list of installed files to '/home/orhan/ros2_ws/build/first_package/install.log'
[1.262s] Invoked command in '/home/orhan/ros2_ws/src/first_package' returned '0': PYTHONPATH=/home/orhan/ros2_ws/build/first_package/prefix_override:/usr/lib/python3/dist-packages/colcon_core/task/python/colcon_distutils_commands:/home/orhan/ros2_ws/install/first_package/lib/python3.8/site-packages:${PYTHONPATH} /usr/bin/python3 -W ignore:setup.py install is deprecated setup.py egg_info --egg-base ../../build/first_package build --build-base /home/orhan/ros2_ws/build/first_package/build install --record /home/orhan/ros2_ws/build/first_package/install.log --install-scripts $base/lib/first_package --single-version-externally-managed install_data
