[2.313s] Invoking command in '/home/orhan/ros2_ws/src/cift_sayi': PYTHONPATH=/home/orhan/ros2_ws/build/cift_sayi/prefix_override:/usr/lib/python3/dist-packages/colcon_core/task/python/colcon_distutils_commands:/home/orhan/ros2_ws/install/cift_sayi/lib/python3.8/site-packages:${PYTHONPATH} /usr/bin/python3 -W ignore:setup.py install is deprecated -W ignore:easy_install command is deprecated setup.py egg_info --egg-base ../../build/cift_sayi build --build-base /home/orhan/ros2_ws/build/cift_sayi/build install --record /home/orhan/ros2_ws/build/cift_sayi/install.log --install-scripts $base/lib/cift_sayi --single-version-externally-managed install_data
[3.020s] running egg_info
[3.023s] writing ../../build/cift_sayi/cift_sayi.egg-info/PKG-INFO
[3.024s] writing dependency_links to ../../build/cift_sayi/cift_sayi.egg-info/dependency_links.txt
[3.025s] writing entry points to ../../build/cift_sayi/cift_sayi.egg-info/entry_points.txt
[3.026s] writing requirements to ../../build/cift_sayi/cift_sayi.egg-info/requires.txt
[3.026s] writing top-level names to ../../build/cift_sayi/cift_sayi.egg-info/top_level.txt
[3.140s] reading manifest file '../../build/cift_sayi/cift_sayi.egg-info/SOURCES.txt'
[3.146s] writing manifest file '../../build/cift_sayi/cift_sayi.egg-info/SOURCES.txt'
[3.147s] running build
[3.147s] running build_py
[3.151s] running install
[3.155s] running install_lib
[3.160s] running install_data
[3.162s] running install_egg_info
[3.167s] removing '/home/orhan/ros2_ws/install/cift_sayi/lib/python3.8/site-packages/cift_sayi-0.0.0-py3.8.egg-info' (and everything under it)
[3.174s] Copying ../../build/cift_sayi/cift_sayi.egg-info to /home/orhan/ros2_ws/install/cift_sayi/lib/python3.8/site-packages/cift_sayi-0.0.0-py3.8.egg-info
[3.177s] running install_scripts
[3.222s] Installing listener script to /home/orhan/ros2_ws/install/cift_sayi/lib/cift_sayi
[3.224s] Installing talker script to /home/orhan/ros2_ws/install/cift_sayi/lib/cift_sayi
[3.224s] writing list of installed files to '/home/orhan/ros2_ws/build/cift_sayi/install.log'
[3.282s] Invoked command in '/home/orhan/ros2_ws/src/cift_sayi' returned '0': PYTHONPATH=/home/orhan/ros2_ws/build/cift_sayi/prefix_override:/usr/lib/python3/dist-packages/colcon_core/task/python/colcon_distutils_commands:/home/orhan/ros2_ws/install/cift_sayi/lib/python3.8/site-packages:${PYTHONPATH} /usr/bin/python3 -W ignore:setup.py install is deprecated -W ignore:easy_install command is deprecated setup.py egg_info --egg-base ../../build/cift_sayi build --build-base /home/orhan/ros2_ws/build/cift_sayi/build install --record /home/orhan/ros2_ws/build/cift_sayi/install.log --install-scripts $base/lib/cift_sayi --single-version-externally-managed install_data
