[0.612s] Invoking command in '/home/orhan/ros2_ws/build/turtlesim': CMAKE_PREFIX_PATH=${CMAKE_PREFIX_PATH}:/home/orhan/ros2_ws/install/tti_deneme:/home/orhan/ros2_ws/install/triangle:/home/orhan/ros2_ws/install/py_srvcli:/home/orhan/ros2_ws/install/iki:/home/orhan/ros2_ws/install/first_package:/home/orhan/ros2_ws/install/examples_rclpy_minimal_subscriber:/home/orhan/ros2_ws/install/examples_rclpy_minimal_service:/home/orhan/ros2_ws/install/examples_rclpy_minimal_publisher:/home/orhan/ros2_ws/install/examples_rclpy_minimal_client:/home/orhan/ros2_ws/install/examples_rclpy_minimal_action_server:/home/orhan/ros2_ws/install/examples_rclpy_minimal_action_client:/home/orhan/ros2_ws/install/examples_rclpy_executors:/home/orhan/ros2_ws/install/cift_sayi:/opt/ros/foxy /usr/bin/cmake --build /home/orhan/ros2_ws/build/turtlesim -- -j4 -l4
[0.733s] [  1%] Built target turtlesim__cpp
[0.813s] [ 11%] Built target turtlesim__rosidl_generator_c
[0.836s] [ 21%] Built target turtlesim__rosidl_typesupport_cpp
[0.863s] [ 31%] Built target turtlesim__rosidl_typesupport_introspection_cpp
[0.911s] [ 41%] Built target turtlesim__rosidl_typesupport_fastrtps_cpp
[0.920s] [ 51%] Built target turtlesim__rosidl_typesupport_c
[0.946s] [ 61%] Built target turtlesim__rosidl_typesupport_introspection_c
[0.985s] [ 71%] Built target turtlesim__rosidl_typesupport_fastrtps_c
[1.035s] [ 71%] Built target turtlesim
[1.133s] [ 74%] Built target mimic
[1.134s] [ 74%] Built target turtlesim__py
[1.162s] [ 76%] Built target draw_square
[1.189s] [ 78%] Built target turtle_teleop_key
[1.308s] [ 87%] Built target turtlesim__python
[1.311s] [ 93%] Built target turtlesim_node
[1.396s] [ 95%] Built target turtlesim__rosidl_typesupport_fastrtps_c__pyext
[1.417s] [ 97%] Built target turtlesim__rosidl_typesupport_introspection_c__pyext
[1.442s] [100%] Built target turtlesim__rosidl_typesupport_c__pyext
[1.657s] Invoked command in '/home/orhan/ros2_ws/build/turtlesim' returned '0': CMAKE_PREFIX_PATH=${CMAKE_PREFIX_PATH}:/home/orhan/ros2_ws/install/tti_deneme:/home/orhan/ros2_ws/install/triangle:/home/orhan/ros2_ws/install/py_srvcli:/home/orhan/ros2_ws/install/iki:/home/orhan/ros2_ws/install/first_package:/home/orhan/ros2_ws/install/examples_rclpy_minimal_subscriber:/home/orhan/ros2_ws/install/examples_rclpy_minimal_service:/home/orhan/ros2_ws/install/examples_rclpy_minimal_publisher:/home/orhan/ros2_ws/install/examples_rclpy_minimal_client:/home/orhan/ros2_ws/install/examples_rclpy_minimal_action_server:/home/orhan/ros2_ws/install/examples_rclpy_minimal_action_client:/home/orhan/ros2_ws/install/examples_rclpy_executors:/home/orhan/ros2_ws/install/cift_sayi:/opt/ros/foxy /usr/bin/cmake --build /home/orhan/ros2_ws/build/turtlesim -- -j4 -l4
[1.659s] Invoking command in '/home/orhan/ros2_ws/build/turtlesim': CMAKE_PREFIX_PATH=${CMAKE_PREFIX_PATH}:/home/orhan/ros2_ws/install/tti_deneme:/home/orhan/ros2_ws/install/triangle:/home/orhan/ros2_ws/install/py_srvcli:/home/orhan/ros2_ws/install/iki:/home/orhan/ros2_ws/install/first_package:/home/orhan/ros2_ws/install/examples_rclpy_minimal_subscriber:/home/orhan/ros2_ws/install/examples_rclpy_minimal_service:/home/orhan/ros2_ws/install/examples_rclpy_minimal_publisher:/home/orhan/ros2_ws/install/examples_rclpy_minimal_client:/home/orhan/ros2_ws/install/examples_rclpy_minimal_action_server:/home/orhan/ros2_ws/install/examples_rclpy_minimal_action_client:/home/orhan/ros2_ws/install/examples_rclpy_executors:/home/orhan/ros2_ws/install/cift_sayi:/opt/ros/foxy /usr/bin/cmake --install /home/orhan/ros2_ws/build/turtlesim
[1.681s] -- Install configuration: ""
[1.681s] -- Up-to-date: /home/orhan/ros2_ws/install/turtlesim/share/ament_index/resource_index/rosidl_interfaces/turtlesim
[1.682s] -- Up-to-date: /home/orhan/ros2_ws/install/turtlesim/include/turtlesim
[1.682s] -- Up-to-date: /home/orhan/ros2_ws/install/turtlesim/include/turtlesim/action
[1.682s] -- Up-to-date: /home/orhan/ros2_ws/install/turtlesim/include/turtlesim/action/detail
[1.682s] -- Up-to-date: /home/orhan/ros2_ws/install/turtlesim/include/turtlesim/action/detail/rotate_absolute__struct.h
[1.682s] -- Up-to-date: /home/orhan/ros2_ws/install/turtlesim/include/turtlesim/action/detail/rotate_absolute__type_support.h
[1.683s] -- Up-to-date: /home/orhan/ros2_ws/install/turtlesim/include/turtlesim/action/detail/rotate_absolute__functions.c
[1.683s] -- Up-to-date: /home/orhan/ros2_ws/install/turtlesim/include/turtlesim/action/detail/rotate_absolute__functions.h
[1.683s] -- Up-to-date: /home/orhan/ros2_ws/install/turtlesim/include/turtlesim/action/rotate_absolute.h
[1.683s] -- Up-to-date: /home/orhan/ros2_ws/install/turtlesim/include/turtlesim/msg
[1.684s] -- Up-to-date: /home/orhan/ros2_ws/install/turtlesim/include/turtlesim/msg/color.h
[1.685s] -- Up-to-date: /home/orhan/ros2_ws/install/turtlesim/include/turtlesim/msg/pose.h
[1.686s] -- Up-to-date: /home/orhan/ros2_ws/install/turtlesim/include/turtlesim/msg/rosidl_generator_c__visibility_control.h
[1.686s] -- Up-to-date: /home/orhan/ros2_ws/install/turtlesim/include/turtlesim/msg/detail
[1.687s] -- Up-to-date: /home/orhan/ros2_ws/install/turtlesim/include/turtlesim/msg/detail/color__struct.h
[1.687s] -- Up-to-date: /home/orhan/ros2_ws/install/turtlesim/include/turtlesim/msg/detail/pose__functions.c
[1.687s] -- Up-to-date: /home/orhan/ros2_ws/install/turtlesim/include/turtlesim/msg/detail/pose__functions.h
[1.687s] -- Up-to-date: /home/orhan/ros2_ws/install/turtlesim/include/turtlesim/msg/detail/color__type_support.h
[1.688s] -- Up-to-date: /home/orhan/ros2_ws/install/turtlesim/include/turtlesim/msg/detail/color__functions.h
[1.688s] -- Up-to-date: /home/orhan/ros2_ws/install/turtlesim/include/turtlesim/msg/detail/color__functions.c
[1.688s] -- Up-to-date: /home/orhan/ros2_ws/install/turtlesim/include/turtlesim/msg/detail/pose__type_support.h
[1.688s] -- Up-to-date: /home/orhan/ros2_ws/install/turtlesim/include/turtlesim/msg/detail/pose__struct.h
[1.689s] -- Up-to-date: /home/orhan/ros2_ws/install/turtlesim/include/turtlesim/srv
[1.689s] -- Up-to-date: /home/orhan/ros2_ws/install/turtlesim/include/turtlesim/srv/spawn.h
[1.689s] -- Up-to-date: /home/orhan/ros2_ws/install/turtlesim/include/turtlesim/srv/kill.h
[1.690s] -- Up-to-date: /home/orhan/ros2_ws/install/turtlesim/include/turtlesim/srv/teleport_absolute.h
[1.690s] -- Up-to-date: /home/orhan/ros2_ws/install/turtlesim/include/turtlesim/srv/detail
[1.690s] -- Up-to-date: /home/orhan/ros2_ws/install/turtlesim/include/turtlesim/srv/detail/teleport_absolute__type_support.h
[1.691s] -- Up-to-date: /home/orhan/ros2_ws/install/turtlesim/include/turtlesim/srv/detail/kill__type_support.h
[1.691s] -- Up-to-date: /home/orhan/ros2_ws/install/turtlesim/include/turtlesim/srv/detail/spawn__functions.c
[1.691s] -- Up-to-date: /home/orhan/ros2_ws/install/turtlesim/include/turtlesim/srv/detail/spawn__type_support.h
[1.691s] -- Up-to-date: /home/orhan/ros2_ws/install/turtlesim/include/turtlesim/srv/detail/spawn__functions.h
[1.691s] -- Up-to-date: /home/orhan/ros2_ws/install/turtlesim/include/turtlesim/srv/detail/kill__functions.c
[1.692s] -- Up-to-date: /home/orhan/ros2_ws/install/turtlesim/include/turtlesim/srv/detail/teleport_relative__type_support.h
[1.692s] -- Up-to-date: /home/orhan/ros2_ws/install/turtlesim/include/turtlesim/srv/detail/set_pen__functions.h
[1.694s] -- Up-to-date: /home/orhan/ros2_ws/install/turtlesim/include/turtlesim/srv/detail/teleport_absolute__functions.c
[1.694s] -- Up-to-date: /home/orhan/ros2_ws/install/turtlesim/include/turtlesim/srv/detail/teleport_relative__functions.c
[1.695s] -- Up-to-date: /home/orhan/ros2_ws/install/turtlesim/include/turtlesim/srv/detail/teleport_absolute__functions.h
[1.695s] -- Up-to-date: /home/orhan/ros2_ws/install/turtlesim/include/turtlesim/srv/detail/set_pen__functions.c
[1.696s] -- Up-to-date: /home/orhan/ros2_ws/install/turtlesim/include/turtlesim/srv/detail/set_pen__struct.h
[1.697s] -- Up-to-date: /home/orhan/ros2_ws/install/turtlesim/include/turtlesim/srv/detail/kill__struct.h
[1.697s] -- Up-to-date: /home/orhan/ros2_ws/install/turtlesim/include/turtlesim/srv/detail/teleport_relative__functions.h
[1.700s] -- Up-to-date: /home/orhan/ros2_ws/install/turtlesim/include/turtlesim/srv/detail/set_pen__type_support.h
[1.700s] -- Up-to-date: /home/orhan/ros2_ws/install/turtlesim/include/turtlesim/srv/detail/spawn__struct.h
[1.701s] -- Up-to-date: /home/orhan/ros2_ws/install/turtlesim/include/turtlesim/srv/detail/teleport_relative__struct.h
[1.701s] -- Up-to-date: /home/orhan/ros2_ws/install/turtlesim/include/turtlesim/srv/detail/kill__functions.h
[1.701s] -- Up-to-date: /home/orhan/ros2_ws/install/turtlesim/include/turtlesim/srv/detail/teleport_absolute__struct.h
[1.701s] -- Up-to-date: /home/orhan/ros2_ws/install/turtlesim/include/turtlesim/srv/set_pen.h
[1.701s] -- Up-to-date: /home/orhan/ros2_ws/install/turtlesim/include/turtlesim/srv/teleport_relative.h
[1.701s] -- Up-to-date: /home/orhan/ros2_ws/install/turtlesim/share/turtlesim/environment/library_path.sh
[1.702s] -- Up-to-date: /home/orhan/ros2_ws/install/turtlesim/share/turtlesim/environment/library_path.dsv
[1.702s] -- Up-to-date: /home/orhan/ros2_ws/install/turtlesim/lib/libturtlesim__rosidl_generator_c.so
[1.702s] -- Up-to-date: /home/orhan/ros2_ws/install/turtlesim/include/turtlesim
[1.702s] -- Up-to-date: /home/orhan/ros2_ws/install/turtlesim/include/turtlesim/action
[1.702s] -- Up-to-date: /home/orhan/ros2_ws/install/turtlesim/include/turtlesim/action/detail
[1.703s] -- Up-to-date: /home/orhan/ros2_ws/install/turtlesim/include/turtlesim/action/detail/rotate_absolute__rosidl_typesupport_fastrtps_c.h
[1.703s] -- Up-to-date: /home/orhan/ros2_ws/install/turtlesim/include/turtlesim/msg
[1.703s] -- Up-to-date: /home/orhan/ros2_ws/install/turtlesim/include/turtlesim/msg/detail
[1.703s] -- Up-to-date: /home/orhan/ros2_ws/install/turtlesim/include/turtlesim/msg/detail/color__rosidl_typesupport_fastrtps_c.h
[1.703s] -- Up-to-date: /home/orhan/ros2_ws/install/turtlesim/include/turtlesim/msg/detail/pose__rosidl_typesupport_fastrtps_c.h
[1.704s] -- Up-to-date: /home/orhan/ros2_ws/install/turtlesim/include/turtlesim/msg/rosidl_typesupport_fastrtps_c__visibility_control.h
[1.704s] -- Up-to-date: /home/orhan/ros2_ws/install/turtlesim/include/turtlesim/srv
[1.704s] -- Up-to-date: /home/orhan/ros2_ws/install/turtlesim/include/turtlesim/srv/detail
[1.704s] -- Up-to-date: /home/orhan/ros2_ws/install/turtlesim/include/turtlesim/srv/detail/teleport_absolute__rosidl_typesupport_fastrtps_c.h
[1.708s] -- Up-to-date: /home/orhan/ros2_ws/install/turtlesim/include/turtlesim/srv/detail/set_pen__rosidl_typesupport_fastrtps_c.h
[1.709s] -- Up-to-date: /home/orhan/ros2_ws/install/turtlesim/include/turtlesim/srv/detail/spawn__rosidl_typesupport_fastrtps_c.h
[1.709s] -- Up-to-date: /home/orhan/ros2_ws/install/turtlesim/include/turtlesim/srv/detail/teleport_relative__rosidl_typesupport_fastrtps_c.h
[1.709s] -- Up-to-date: /home/orhan/ros2_ws/install/turtlesim/include/turtlesim/srv/detail/kill__rosidl_typesupport_fastrtps_c.h
[1.709s] -- Up-to-date: /home/orhan/ros2_ws/install/turtlesim/lib/libturtlesim__rosidl_typesupport_fastrtps_c.so
[1.709s] -- Up-to-date: /home/orhan/ros2_ws/install/turtlesim/include/turtlesim
[1.710s] -- Up-to-date: /home/orhan/ros2_ws/install/turtlesim/include/turtlesim/action
[1.710s] -- Up-to-date: /home/orhan/ros2_ws/install/turtlesim/include/turtlesim/action/detail
[1.710s] -- Up-to-date: /home/orhan/ros2_ws/install/turtlesim/include/turtlesim/action/detail/rotate_absolute__rosidl_typesupport_fastrtps_cpp.hpp
[1.710s] -- Up-to-date: /home/orhan/ros2_ws/install/turtlesim/include/turtlesim/action/detail/dds_fastrtps
[1.710s] -- Up-to-date: /home/orhan/ros2_ws/install/turtlesim/include/turtlesim/msg
[1.711s] -- Up-to-date: /home/orhan/ros2_ws/install/turtlesim/include/turtlesim/msg/rosidl_typesupport_fastrtps_cpp__visibility_control.h
[1.711s] -- Up-to-date: /home/orhan/ros2_ws/install/turtlesim/include/turtlesim/msg/detail
[1.711s] -- Up-to-date: /home/orhan/ros2_ws/install/turtlesim/include/turtlesim/msg/detail/color__rosidl_typesupport_fastrtps_cpp.hpp
[1.711s] -- Up-to-date: /home/orhan/ros2_ws/install/turtlesim/include/turtlesim/msg/detail/pose__rosidl_typesupport_fastrtps_cpp.hpp
[1.711s] -- Up-to-date: /home/orhan/ros2_ws/install/turtlesim/include/turtlesim/msg/detail/dds_fastrtps
[1.712s] -- Up-to-date: /home/orhan/ros2_ws/install/turtlesim/include/turtlesim/srv
[1.712s] -- Up-to-date: /home/orhan/ros2_ws/install/turtlesim/include/turtlesim/srv/detail
[1.712s] -- Up-to-date: /home/orhan/ros2_ws/install/turtlesim/include/turtlesim/srv/detail/set_pen__rosidl_typesupport_fastrtps_cpp.hpp
[1.712s] -- Up-to-date: /home/orhan/ros2_ws/install/turtlesim/include/turtlesim/srv/detail/spawn__rosidl_typesupport_fastrtps_cpp.hpp
[1.712s] -- Up-to-date: /home/orhan/ros2_ws/install/turtlesim/include/turtlesim/srv/detail/kill__rosidl_typesupport_fastrtps_cpp.hpp
[1.725s] -- Up-to-date: /home/orhan/ros2_ws/install/turtlesim/include/turtlesim/srv/detail/teleport_absolute__rosidl_typesupport_fastrtps_cpp.hpp
[1.725s] -- Up-to-date: /home/orhan/ros2_ws/install/turtlesim/include/turtlesim/srv/detail/teleport_relative__rosidl_typesupport_fastrtps_cpp.hpp
[1.725s] -- Up-to-date: /home/orhan/ros2_ws/install/turtlesim/include/turtlesim/srv/detail/dds_fastrtps
[1.725s] -- Up-to-date: /home/orhan/ros2_ws/install/turtlesim/lib/libturtlesim__rosidl_typesupport_fastrtps_cpp.so
[1.725s] -- Up-to-date: /home/orhan/ros2_ws/install/turtlesim/include/turtlesim
[1.726s] -- Up-to-date: /home/orhan/ros2_ws/install/turtlesim/include/turtlesim/action
[1.726s] -- Up-to-date: /home/orhan/ros2_ws/install/turtlesim/include/turtlesim/action/detail
[1.726s] -- Up-to-date: /home/orhan/ros2_ws/install/turtlesim/include/turtlesim/action/detail/rotate_absolute__type_support.c
[1.726s] -- Up-to-date: /home/orhan/ros2_ws/install/turtlesim/include/turtlesim/action/detail/rotate_absolute__rosidl_typesupport_introspection_c.h
[1.726s] -- Up-to-date: /home/orhan/ros2_ws/install/turtlesim/include/turtlesim/msg
[1.726s] -- Up-to-date: /home/orhan/ros2_ws/install/turtlesim/include/turtlesim/msg/detail
[1.727s] -- Up-to-date: /home/orhan/ros2_ws/install/turtlesim/include/turtlesim/msg/detail/pose__type_support.c
[1.727s] -- Up-to-date: /home/orhan/ros2_ws/install/turtlesim/include/turtlesim/msg/detail/color__rosidl_typesupport_introspection_c.h
[1.727s] -- Up-to-date: /home/orhan/ros2_ws/install/turtlesim/include/turtlesim/msg/detail/color__type_support.c
[1.727s] -- Up-to-date: /home/orhan/ros2_ws/install/turtlesim/include/turtlesim/msg/detail/pose__rosidl_typesupport_introspection_c.h
[1.727s] -- Up-to-date: /home/orhan/ros2_ws/install/turtlesim/include/turtlesim/msg/rosidl_typesupport_introspection_c__visibility_control.h
[1.728s] -- Up-to-date: /home/orhan/ros2_ws/install/turtlesim/include/turtlesim/srv
[1.729s] -- Up-to-date: /home/orhan/ros2_ws/install/turtlesim/include/turtlesim/srv/detail
[1.729s] -- Up-to-date: /home/orhan/ros2_ws/install/turtlesim/include/turtlesim/srv/detail/set_pen__type_support.c
[1.729s] -- Up-to-date: /home/orhan/ros2_ws/install/turtlesim/include/turtlesim/srv/detail/kill__rosidl_typesupport_introspection_c.h
[1.729s] -- Up-to-date: /home/orhan/ros2_ws/install/turtlesim/include/turtlesim/srv/detail/kill__type_support.c
[1.729s] -- Up-to-date: /home/orhan/ros2_ws/install/turtlesim/include/turtlesim/srv/detail/teleport_absolute__type_support.c
[1.730s] -- Up-to-date: /home/orhan/ros2_ws/install/turtlesim/include/turtlesim/srv/detail/set_pen__rosidl_typesupport_introspection_c.h
[1.730s] -- Up-to-date: /home/orhan/ros2_ws/install/turtlesim/include/turtlesim/srv/detail/spawn__rosidl_typesupport_introspection_c.h
[1.730s] -- Up-to-date: /home/orhan/ros2_ws/install/turtlesim/include/turtlesim/srv/detail/teleport_relative__rosidl_typesupport_introspection_c.h
[1.730s] -- Up-to-date: /home/orhan/ros2_ws/install/turtlesim/include/turtlesim/srv/detail/spawn__type_support.c
[1.730s] -- Up-to-date: /home/orhan/ros2_ws/install/turtlesim/include/turtlesim/srv/detail/teleport_absolute__rosidl_typesupport_introspection_c.h
[1.731s] -- Up-to-date: /home/orhan/ros2_ws/install/turtlesim/include/turtlesim/srv/detail/teleport_relative__type_support.c
[1.731s] -- Up-to-date: /home/orhan/ros2_ws/install/turtlesim/lib/libturtlesim__rosidl_typesupport_introspection_c.so
[1.731s] -- Up-to-date: /home/orhan/ros2_ws/install/turtlesim/lib/libturtlesim__rosidl_typesupport_c.so
[1.731s] -- Up-to-date: /home/orhan/ros2_ws/install/turtlesim/include/turtlesim
[1.731s] -- Up-to-date: /home/orhan/ros2_ws/install/turtlesim/include/turtlesim/action
[1.731s] -- Up-to-date: /home/orhan/ros2_ws/install/turtlesim/include/turtlesim/action/detail
[1.732s] -- Up-to-date: /home/orhan/ros2_ws/install/turtlesim/include/turtlesim/action/detail/rotate_absolute__builder.hpp
[1.732s] -- Up-to-date: /home/orhan/ros2_ws/install/turtlesim/include/turtlesim/action/detail/rotate_absolute__traits.hpp
[1.732s] -- Up-to-date: /home/orhan/ros2_ws/install/turtlesim/include/turtlesim/action/detail/rotate_absolute__struct.hpp
[1.732s] -- Up-to-date: /home/orhan/ros2_ws/install/turtlesim/include/turtlesim/action/detail/rotate_absolute__type_support.hpp
[1.732s] -- Up-to-date: /home/orhan/ros2_ws/install/turtlesim/include/turtlesim/action/rotate_absolute.hpp
[1.733s] -- Up-to-date: /home/orhan/ros2_ws/install/turtlesim/include/turtlesim/msg
[1.733s] -- Up-to-date: /home/orhan/ros2_ws/install/turtlesim/include/turtlesim/msg/color.hpp
[1.733s] -- Up-to-date: /home/orhan/ros2_ws/install/turtlesim/include/turtlesim/msg/detail
[1.733s] -- Up-to-date: /home/orhan/ros2_ws/install/turtlesim/include/turtlesim/msg/detail/pose__struct.hpp
[1.733s] -- Up-to-date: /home/orhan/ros2_ws/install/turtlesim/include/turtlesim/msg/detail/pose__builder.hpp
[1.734s] -- Up-to-date: /home/orhan/ros2_ws/install/turtlesim/include/turtlesim/msg/detail/color__type_support.hpp
[1.734s] -- Up-to-date: /home/orhan/ros2_ws/install/turtlesim/include/turtlesim/msg/detail/color__builder.hpp
[1.734s] -- Up-to-date: /home/orhan/ros2_ws/install/turtlesim/include/turtlesim/msg/detail/color__traits.hpp
[1.734s] -- Up-to-date: /home/orhan/ros2_ws/install/turtlesim/include/turtlesim/msg/detail/color__struct.hpp
[1.734s] -- Up-to-date: /home/orhan/ros2_ws/install/turtlesim/include/turtlesim/msg/detail/pose__type_support.hpp
[1.734s] -- Up-to-date: /home/orhan/ros2_ws/install/turtlesim/include/turtlesim/msg/detail/pose__traits.hpp
[1.735s] -- Up-to-date: /home/orhan/ros2_ws/install/turtlesim/include/turtlesim/msg/rosidl_generator_cpp__visibility_control.hpp
[1.735s] -- Up-to-date: /home/orhan/ros2_ws/install/turtlesim/include/turtlesim/msg/pose.hpp
[1.735s] -- Up-to-date: /home/orhan/ros2_ws/install/turtlesim/include/turtlesim/srv
[1.735s] -- Up-to-date: /home/orhan/ros2_ws/install/turtlesim/include/turtlesim/srv/teleport_relative.hpp
[1.735s] -- Up-to-date: /home/orhan/ros2_ws/install/turtlesim/include/turtlesim/srv/teleport_absolute.hpp
[1.736s] -- Up-to-date: /home/orhan/ros2_ws/install/turtlesim/include/turtlesim/srv/kill.hpp
[1.736s] -- Up-to-date: /home/orhan/ros2_ws/install/turtlesim/include/turtlesim/srv/detail
[1.736s] -- Up-to-date: /home/orhan/ros2_ws/install/turtlesim/include/turtlesim/srv/detail/set_pen__struct.hpp
[1.736s] -- Up-to-date: /home/orhan/ros2_ws/install/turtlesim/include/turtlesim/srv/detail/teleport_absolute__struct.hpp
[1.736s] -- Up-to-date: /home/orhan/ros2_ws/install/turtlesim/include/turtlesim/srv/detail/spawn__builder.hpp
[1.737s] -- Up-to-date: /home/orhan/ros2_ws/install/turtlesim/include/turtlesim/srv/detail/teleport_relative__builder.hpp
[1.737s] -- Up-to-date: /home/orhan/ros2_ws/install/turtlesim/include/turtlesim/srv/detail/spawn__type_support.hpp
[1.737s] -- Up-to-date: /home/orhan/ros2_ws/install/turtlesim/include/turtlesim/srv/detail/kill__struct.hpp
[1.737s] -- Up-to-date: /home/orhan/ros2_ws/install/turtlesim/include/turtlesim/srv/detail/teleport_absolute__type_support.hpp
[1.737s] -- Up-to-date: /home/orhan/ros2_ws/install/turtlesim/include/turtlesim/srv/detail/kill__type_support.hpp
[1.737s] -- Up-to-date: /home/orhan/ros2_ws/install/turtlesim/include/turtlesim/srv/detail/kill__builder.hpp
[1.738s] -- Up-to-date: /home/orhan/ros2_ws/install/turtlesim/include/turtlesim/srv/detail/set_pen__traits.hpp
[1.738s] -- Up-to-date: /home/orhan/ros2_ws/install/turtlesim/include/turtlesim/srv/detail/teleport_absolute__builder.hpp
[1.738s] -- Up-to-date: /home/orhan/ros2_ws/install/turtlesim/include/turtlesim/srv/detail/kill__traits.hpp
[1.738s] -- Up-to-date: /home/orhan/ros2_ws/install/turtlesim/include/turtlesim/srv/detail/set_pen__type_support.hpp
[1.738s] -- Up-to-date: /home/orhan/ros2_ws/install/turtlesim/include/turtlesim/srv/detail/spawn__traits.hpp
[1.739s] -- Up-to-date: /home/orhan/ros2_ws/install/turtlesim/include/turtlesim/srv/detail/teleport_relative__traits.hpp
[1.739s] -- Up-to-date: /home/orhan/ros2_ws/install/turtlesim/include/turtlesim/srv/detail/spawn__struct.hpp
[1.739s] -- Up-to-date: /home/orhan/ros2_ws/install/turtlesim/include/turtlesim/srv/detail/teleport_relative__struct.hpp
[1.739s] -- Up-to-date: /home/orhan/ros2_ws/install/turtlesim/include/turtlesim/srv/detail/teleport_relative__type_support.hpp
[1.739s] -- Up-to-date: /home/orhan/ros2_ws/install/turtlesim/include/turtlesim/srv/detail/teleport_absolute__traits.hpp
[1.739s] -- Up-to-date: /home/orhan/ros2_ws/install/turtlesim/include/turtlesim/srv/detail/set_pen__builder.hpp
[1.740s] -- Up-to-date: /home/orhan/ros2_ws/install/turtlesim/include/turtlesim/srv/spawn.hpp
[1.740s] -- Up-to-date: /home/orhan/ros2_ws/install/turtlesim/include/turtlesim/srv/set_pen.hpp
[1.740s] -- Up-to-date: /home/orhan/ros2_ws/install/turtlesim/include/turtlesim
[1.740s] -- Up-to-date: /home/orhan/ros2_ws/install/turtlesim/include/turtlesim/action
[1.740s] -- Up-to-date: /home/orhan/ros2_ws/install/turtlesim/include/turtlesim/action/detail
[1.753s] -- Up-to-date: /home/orhan/ros2_ws/install/turtlesim/include/turtlesim/action/detail/rotate_absolute__type_support.cpp
[1.753s] -- Up-to-date: /home/orhan/ros2_ws/install/turtlesim/include/turtlesim/action/detail/rotate_absolute__rosidl_typesupport_introspection_cpp.hpp
[1.753s] -- Up-to-date: /home/orhan/ros2_ws/install/turtlesim/include/turtlesim/msg
[1.753s] -- Up-to-date: /home/orhan/ros2_ws/install/turtlesim/include/turtlesim/msg/detail
[1.754s] -- Up-to-date: /home/orhan/ros2_ws/install/turtlesim/include/turtlesim/msg/detail/pose__rosidl_typesupport_introspection_cpp.hpp
[1.754s] -- Up-to-date: /home/orhan/ros2_ws/install/turtlesim/include/turtlesim/msg/detail/color__rosidl_typesupport_introspection_cpp.hpp
[1.754s] -- Up-to-date: /home/orhan/ros2_ws/install/turtlesim/include/turtlesim/msg/detail/color__type_support.cpp
[1.754s] -- Up-to-date: /home/orhan/ros2_ws/install/turtlesim/include/turtlesim/msg/detail/pose__type_support.cpp
[1.754s] -- Up-to-date: /home/orhan/ros2_ws/install/turtlesim/include/turtlesim/srv
[1.755s] -- Up-to-date: /home/orhan/ros2_ws/install/turtlesim/include/turtlesim/srv/detail
[1.755s] -- Up-to-date: /home/orhan/ros2_ws/install/turtlesim/include/turtlesim/srv/detail/kill__rosidl_typesupport_introspection_cpp.hpp
[1.755s] -- Up-to-date: /home/orhan/ros2_ws/install/turtlesim/include/turtlesim/srv/detail/teleport_absolute__rosidl_typesupport_introspection_cpp.hpp
[1.755s] -- Up-to-date: /home/orhan/ros2_ws/install/turtlesim/include/turtlesim/srv/detail/teleport_relative__type_support.cpp
[1.755s] -- Up-to-date: /home/orhan/ros2_ws/install/turtlesim/include/turtlesim/srv/detail/teleport_absolute__type_support.cpp
[1.756s] -- Up-to-date: /home/orhan/ros2_ws/install/turtlesim/include/turtlesim/srv/detail/teleport_relative__rosidl_typesupport_introspection_cpp.hpp
[1.756s] -- Up-to-date: /home/orhan/ros2_ws/install/turtlesim/include/turtlesim/srv/detail/set_pen__rosidl_typesupport_introspection_cpp.hpp
[1.756s] -- Up-to-date: /home/orhan/ros2_ws/install/turtlesim/include/turtlesim/srv/detail/spawn__type_support.cpp
[1.756s] -- Up-to-date: /home/orhan/ros2_ws/install/turtlesim/include/turtlesim/srv/detail/spawn__rosidl_typesupport_introspection_cpp.hpp
[1.756s] -- Up-to-date: /home/orhan/ros2_ws/install/turtlesim/include/turtlesim/srv/detail/kill__type_support.cpp
[1.757s] -- Up-to-date: /home/orhan/ros2_ws/install/turtlesim/include/turtlesim/srv/detail/set_pen__type_support.cpp
[1.757s] -- Up-to-date: /home/orhan/ros2_ws/install/turtlesim/lib/libturtlesim__rosidl_typesupport_introspection_cpp.so
[1.757s] -- Up-to-date: /home/orhan/ros2_ws/install/turtlesim/lib/libturtlesim__rosidl_typesupport_cpp.so
[1.757s] -- Up-to-date: /home/orhan/ros2_ws/install/turtlesim/share/turtlesim/environment/pythonpath.sh
[1.757s] -- Up-to-date: /home/orhan/ros2_ws/install/turtlesim/share/turtlesim/environment/pythonpath.dsv
[1.757s] -- Up-to-date: /home/orhan/ros2_ws/install/turtlesim/lib/python3.8/site-packages/turtlesim/__init__.py
[1.884s] -- Up-to-date: /home/orhan/ros2_ws/install/turtlesim/lib/python3.8/site-packages/turtlesim/action
[1.885s] -- Up-to-date: /home/orhan/ros2_ws/install/turtlesim/lib/python3.8/site-packages/turtlesim/action/_rotate_absolute_s.c
[1.885s] -- Up-to-date: /home/orhan/ros2_ws/install/turtlesim/lib/python3.8/site-packages/turtlesim/action/_rotate_absolute.py
[1.885s] -- Up-to-date: /home/orhan/ros2_ws/install/turtlesim/lib/python3.8/site-packages/turtlesim/action/__init__.py
[1.885s] -- Up-to-date: /home/orhan/ros2_ws/install/turtlesim/lib/python3.8/site-packages/turtlesim/msg
[1.885s] -- Up-to-date: /home/orhan/ros2_ws/install/turtlesim/lib/python3.8/site-packages/turtlesim/msg/_pose_s.c
[1.886s] -- Up-to-date: /home/orhan/ros2_ws/install/turtlesim/lib/python3.8/site-packages/turtlesim/msg/_color_s.c
[1.886s] -- Up-to-date: /home/orhan/ros2_ws/install/turtlesim/lib/python3.8/site-packages/turtlesim/msg/_color.py
[1.886s] -- Up-to-date: /home/orhan/ros2_ws/install/turtlesim/lib/python3.8/site-packages/turtlesim/msg/_pose.py
[1.886s] -- Up-to-date: /home/orhan/ros2_ws/install/turtlesim/lib/python3.8/site-packages/turtlesim/msg/__init__.py
[1.886s] -- Up-to-date: /home/orhan/ros2_ws/install/turtlesim/lib/python3.8/site-packages/turtlesim/srv
[1.887s] -- Up-to-date: /home/orhan/ros2_ws/install/turtlesim/lib/python3.8/site-packages/turtlesim/srv/_spawn_s.c
[1.887s] -- Up-to-date: /home/orhan/ros2_ws/install/turtlesim/lib/python3.8/site-packages/turtlesim/srv/_teleport_absolute.py
[1.887s] -- Up-to-date: /home/orhan/ros2_ws/install/turtlesim/lib/python3.8/site-packages/turtlesim/srv/_spawn.py
[1.887s] -- Up-to-date: /home/orhan/ros2_ws/install/turtlesim/lib/python3.8/site-packages/turtlesim/srv/_kill.py
[1.887s] -- Up-to-date: /home/orhan/ros2_ws/install/turtlesim/lib/python3.8/site-packages/turtlesim/srv/_set_pen.py
[1.888s] -- Up-to-date: /home/orhan/ros2_ws/install/turtlesim/lib/python3.8/site-packages/turtlesim/srv/_teleport_absolute_s.c
[1.888s] -- Up-to-date: /home/orhan/ros2_ws/install/turtlesim/lib/python3.8/site-packages/turtlesim/srv/_teleport_relative_s.c
[1.888s] -- Up-to-date: /home/orhan/ros2_ws/install/turtlesim/lib/python3.8/site-packages/turtlesim/srv/_kill_s.c
[1.888s] -- Up-to-date: /home/orhan/ros2_ws/install/turtlesim/lib/python3.8/site-packages/turtlesim/srv/_teleport_relative.py
[1.888s] -- Up-to-date: /home/orhan/ros2_ws/install/turtlesim/lib/python3.8/site-packages/turtlesim/srv/_set_pen_s.c
[1.893s] -- Up-to-date: /home/orhan/ros2_ws/install/turtlesim/lib/python3.8/site-packages/turtlesim/srv/__init__.py
[1.893s] -- Up-to-date: /home/orhan/ros2_ws/install/turtlesim/lib/python3.8/site-packages/turtlesim/turtlesim_s__rosidl_typesupport_fastrtps_c.cpython-38-x86_64-linux-gnu.so
[1.893s] -- Up-to-date: /home/orhan/ros2_ws/install/turtlesim/lib/python3.8/site-packages/turtlesim/turtlesim_s__rosidl_typesupport_introspection_c.cpython-38-x86_64-linux-gnu.so
[1.894s] -- Up-to-date: /home/orhan/ros2_ws/install/turtlesim/lib/python3.8/site-packages/turtlesim/turtlesim_s__rosidl_typesupport_c.cpython-38-x86_64-linux-gnu.so
[1.894s] -- Up-to-date: /home/orhan/ros2_ws/install/turtlesim/lib/libturtlesim__python.so
[1.894s] -- Up-to-date: /home/orhan/ros2_ws/install/turtlesim/share/turtlesim/action/RotateAbsolute.idl
[1.894s] -- Up-to-date: /home/orhan/ros2_ws/install/turtlesim/share/turtlesim/msg/Color.idl
[1.895s] -- Up-to-date: /home/orhan/ros2_ws/install/turtlesim/share/turtlesim/msg/Pose.idl
[1.895s] -- Up-to-date: /home/orhan/ros2_ws/install/turtlesim/share/turtlesim/srv/Kill.idl
[1.895s] -- Up-to-date: /home/orhan/ros2_ws/install/turtlesim/share/turtlesim/srv/SetPen.idl
[1.895s] -- Up-to-date: /home/orhan/ros2_ws/install/turtlesim/share/turtlesim/srv/Spawn.idl
[1.895s] -- Up-to-date: /home/orhan/ros2_ws/install/turtlesim/share/turtlesim/srv/TeleportAbsolute.idl
[1.896s] -- Up-to-date: /home/orhan/ros2_ws/install/turtlesim/share/turtlesim/srv/TeleportRelative.idl
[1.896s] -- Up-to-date: /home/orhan/ros2_ws/install/turtlesim/share/turtlesim/action/RotateAbsolute.action
[1.896s] -- Up-to-date: /home/orhan/ros2_ws/install/turtlesim/share/turtlesim/msg/Color.msg
[1.896s] -- Up-to-date: /home/orhan/ros2_ws/install/turtlesim/share/turtlesim/msg/Pose.msg
[1.896s] -- Up-to-date: /home/orhan/ros2_ws/install/turtlesim/share/turtlesim/srv/Kill.srv
[1.897s] -- Up-to-date: /home/orhan/ros2_ws/install/turtlesim/share/turtlesim/srv/Kill_Request.msg
[1.897s] -- Up-to-date: /home/orhan/ros2_ws/install/turtlesim/share/turtlesim/srv/Kill_Response.msg
[1.897s] -- Up-to-date: /home/orhan/ros2_ws/install/turtlesim/share/turtlesim/srv/SetPen.srv
[1.897s] -- Up-to-date: /home/orhan/ros2_ws/install/turtlesim/share/turtlesim/srv/SetPen_Request.msg
[1.897s] -- Up-to-date: /home/orhan/ros2_ws/install/turtlesim/share/turtlesim/srv/SetPen_Response.msg
[1.898s] -- Up-to-date: /home/orhan/ros2_ws/install/turtlesim/share/turtlesim/srv/Spawn.srv
[1.898s] -- Up-to-date: /home/orhan/ros2_ws/install/turtlesim/share/turtlesim/srv/Spawn_Request.msg
[1.898s] -- Up-to-date: /home/orhan/ros2_ws/install/turtlesim/share/turtlesim/srv/Spawn_Response.msg
[1.898s] -- Up-to-date: /home/orhan/ros2_ws/install/turtlesim/share/turtlesim/srv/TeleportAbsolute.srv
[1.898s] -- Up-to-date: /home/orhan/ros2_ws/install/turtlesim/share/turtlesim/srv/TeleportAbsolute_Request.msg
[1.898s] -- Up-to-date: /home/orhan/ros2_ws/install/turtlesim/share/turtlesim/srv/TeleportAbsolute_Response.msg
[1.899s] -- Up-to-date: /home/orhan/ros2_ws/install/turtlesim/share/turtlesim/srv/TeleportRelative.srv
[1.899s] -- Up-to-date: /home/orhan/ros2_ws/install/turtlesim/share/turtlesim/srv/TeleportRelative_Request.msg
[1.899s] -- Up-to-date: /home/orhan/ros2_ws/install/turtlesim/share/turtlesim/srv/TeleportRelative_Response.msg
[1.899s] -- Up-to-date: /home/orhan/ros2_ws/install/turtlesim/lib/turtlesim/turtlesim_node
[1.899s] -- Up-to-date: /home/orhan/ros2_ws/install/turtlesim/lib/turtlesim/turtle_teleop_key
[1.899s] -- Up-to-date: /home/orhan/ros2_ws/install/turtlesim/lib/turtlesim/draw_square
[1.900s] -- Up-to-date: /home/orhan/ros2_ws/install/turtlesim/lib/turtlesim/mimic
[1.900s] -- Up-to-date: /home/orhan/ros2_ws/install/turtlesim/share/turtlesim/images
[1.900s] -- Up-to-date: /home/orhan/ros2_ws/install/turtlesim/share/turtlesim/images/eloquent.png
[1.900s] -- Up-to-date: /home/orhan/ros2_ws/install/turtlesim/share/turtlesim/images/ardent.png
[1.900s] -- Up-to-date: /home/orhan/ros2_ws/install/turtlesim/share/turtlesim/images/foxy.png
[1.905s] -- Up-to-date: /home/orhan/ros2_ws/install/turtlesim/share/turtlesim/images/bouncy.png
[1.905s] -- Up-to-date: /home/orhan/ros2_ws/install/turtlesim/share/turtlesim/images/dashing.png
[1.906s] -- Up-to-date: /home/orhan/ros2_ws/install/turtlesim/share/turtlesim/images/crystal.png
[1.906s] -- Up-to-date: /home/orhan/ros2_ws/install/turtlesim/share/turtlesim/launch
[1.906s] -- Up-to-date: /home/orhan/ros2_ws/install/turtlesim/share/turtlesim/launch/multisim.launch.py
[1.906s] -- Up-to-date: /home/orhan/ros2_ws/install/turtlesim/share/ament_index/resource_index/package_run_dependencies/turtlesim
[1.907s] -- Up-to-date: /home/orhan/ros2_ws/install/turtlesim/share/ament_index/resource_index/parent_prefix_path/turtlesim
[1.907s] -- Up-to-date: /home/orhan/ros2_ws/install/turtlesim/share/turtlesim/environment/ament_prefix_path.sh
[1.907s] -- Up-to-date: /home/orhan/ros2_ws/install/turtlesim/share/turtlesim/environment/ament_prefix_path.dsv
[1.907s] -- Up-to-date: /home/orhan/ros2_ws/install/turtlesim/share/turtlesim/environment/path.sh
[1.908s] -- Up-to-date: /home/orhan/ros2_ws/install/turtlesim/share/turtlesim/environment/path.dsv
[1.908s] -- Up-to-date: /home/orhan/ros2_ws/install/turtlesim/share/turtlesim/local_setup.bash
[1.908s] -- Up-to-date: /home/orhan/ros2_ws/install/turtlesim/share/turtlesim/local_setup.sh
[1.908s] -- Up-to-date: /home/orhan/ros2_ws/install/turtlesim/share/turtlesim/local_setup.zsh
[1.913s] -- Up-to-date: /home/orhan/ros2_ws/install/turtlesim/share/turtlesim/local_setup.dsv
[1.913s] -- Installing: /home/orhan/ros2_ws/install/turtlesim/share/turtlesim/package.dsv
[1.913s] -- Up-to-date: /home/orhan/ros2_ws/install/turtlesim/share/ament_index/resource_index/packages/turtlesim
[1.914s] -- Up-to-date: /home/orhan/ros2_ws/install/turtlesim/share/turtlesim/cmake/turtlesim__rosidl_generator_cExport.cmake
[1.914s] -- Up-to-date: /home/orhan/ros2_ws/install/turtlesim/share/turtlesim/cmake/turtlesim__rosidl_generator_cExport-noconfig.cmake
[1.915s] -- Up-to-date: /home/orhan/ros2_ws/install/turtlesim/share/turtlesim/cmake/turtlesim__rosidl_typesupport_introspection_cExport.cmake
[1.915s] -- Up-to-date: /home/orhan/ros2_ws/install/turtlesim/share/turtlesim/cmake/turtlesim__rosidl_typesupport_introspection_cExport-noconfig.cmake
[1.915s] -- Up-to-date: /home/orhan/ros2_ws/install/turtlesim/share/turtlesim/cmake/turtlesim__rosidl_typesupport_cExport.cmake
[1.915s] -- Up-to-date: /home/orhan/ros2_ws/install/turtlesim/share/turtlesim/cmake/turtlesim__rosidl_typesupport_cExport-noconfig.cmake
[1.915s] -- Up-to-date: /home/orhan/ros2_ws/install/turtlesim/share/turtlesim/cmake/turtlesim__rosidl_generator_cppExport.cmake
[1.915s] -- Up-to-date: /home/orhan/ros2_ws/install/turtlesim/share/turtlesim/cmake/turtlesim__rosidl_typesupport_introspection_cppExport.cmake
[1.916s] -- Up-to-date: /home/orhan/ros2_ws/install/turtlesim/share/turtlesim/cmake/turtlesim__rosidl_typesupport_introspection_cppExport-noconfig.cmake
[1.916s] -- Up-to-date: /home/orhan/ros2_ws/install/turtlesim/share/turtlesim/cmake/turtlesim__rosidl_typesupport_cppExport.cmake
[1.916s] -- Up-to-date: /home/orhan/ros2_ws/install/turtlesim/share/turtlesim/cmake/turtlesim__rosidl_typesupport_cppExport-noconfig.cmake
[1.916s] -- Up-to-date: /home/orhan/ros2_ws/install/turtlesim/share/turtlesim/cmake/rosidl_cmake-extras.cmake
[1.916s] -- Up-to-date: /home/orhan/ros2_ws/install/turtlesim/share/turtlesim/cmake/ament_cmake_export_dependencies-extras.cmake
[1.932s] -- Up-to-date: /home/orhan/ros2_ws/install/turtlesim/share/turtlesim/cmake/ament_cmake_export_libraries-extras.cmake
[1.933s] -- Up-to-date: /home/orhan/ros2_ws/install/turtlesim/share/turtlesim/cmake/ament_cmake_export_targets-extras.cmake
[1.933s] -- Up-to-date: /home/orhan/ros2_ws/install/turtlesim/share/turtlesim/cmake/ament_cmake_export_include_directories-extras.cmake
[1.933s] -- Up-to-date: /home/orhan/ros2_ws/install/turtlesim/share/turtlesim/cmake/rosidl_cmake_export_typesupport_libraries-extras.cmake
[1.933s] -- Up-to-date: /home/orhan/ros2_ws/install/turtlesim/share/turtlesim/cmake/rosidl_cmake_export_typesupport_targets-extras.cmake
[1.933s] -- Up-to-date: /home/orhan/ros2_ws/install/turtlesim/share/turtlesim/cmake/turtlesimConfig.cmake
[1.934s] -- Up-to-date: /home/orhan/ros2_ws/install/turtlesim/share/turtlesim/cmake/turtlesimConfig-version.cmake
[1.934s] -- Up-to-date: /home/orhan/ros2_ws/install/turtlesim/share/turtlesim/package.xml
[1.934s] Invoked command in '/home/orhan/ros2_ws/build/turtlesim' returned '0': CMAKE_PREFIX_PATH=${CMAKE_PREFIX_PATH}:/home/orhan/ros2_ws/install/tti_deneme:/home/orhan/ros2_ws/install/triangle:/home/orhan/ros2_ws/install/py_srvcli:/home/orhan/ros2_ws/install/iki:/home/orhan/ros2_ws/install/first_package:/home/orhan/ros2_ws/install/examples_rclpy_minimal_subscriber:/home/orhan/ros2_ws/install/examples_rclpy_minimal_service:/home/orhan/ros2_ws/install/examples_rclpy_minimal_publisher:/home/orhan/ros2_ws/install/examples_rclpy_minimal_client:/home/orhan/ros2_ws/install/examples_rclpy_minimal_action_server:/home/orhan/ros2_ws/install/examples_rclpy_minimal_action_client:/home/orhan/ros2_ws/install/examples_rclpy_executors:/home/orhan/ros2_ws/install/cift_sayi:/opt/ros/foxy /usr/bin/cmake --install /home/orhan/ros2_ws/build/turtlesim
