[1.397s] Invoking command in '/home/orhan/ros2_ws/src/triangle': AMENT_PREFIX_PATH=/home/orhan/ros2_ws/install/custom_interfaces:${AMENT_PREFIX_PATH} CMAKE_PREFIX_PATH=/home/orhan/ros2_ws/install/custom_interfaces LD_LIBRARY_PATH=/home/orhan/ros2_ws/install/custom_interfaces/lib:${LD_LIBRARY_PATH} PYTHONPATH=/home/orhan/ros2_ws/build/triangle/prefix_override:/usr/lib/python3/dist-packages/colcon_core/task/python/colcon_distutils_commands:/home/orhan/ros2_ws/install/triangle/lib/python3.8/site-packages:/home/orhan/ros2_ws/install/custom_interfaces/lib/python3.8/site-packages:${PYTHONPATH} /usr/bin/python3 -W ignore:setup.py install is deprecated -W ignore:easy_install command is deprecated setup.py egg_info --egg-base ../../build/triangle build --build-base /home/orhan/ros2_ws/build/triangle/build install --record /home/orhan/ros2_ws/build/triangle/install.log --install-scripts $base/lib/triangle --single-version-externally-managed install_data
[1.897s] running egg_info
[1.898s] writing ../../build/triangle/triangle.egg-info/PKG-INFO
[1.898s] writing dependency_links to ../../build/triangle/triangle.egg-info/dependency_links.txt
[1.898s] writing entry points to ../../build/triangle/triangle.egg-info/entry_points.txt
[1.898s] writing requirements to ../../build/triangle/triangle.egg-info/requires.txt
[1.899s] writing top-level names to ../../build/triangle/triangle.egg-info/top_level.txt
[1.990s] reading manifest file '../../build/triangle/triangle.egg-info/SOURCES.txt'
[1.997s] writing manifest file '../../build/triangle/triangle.egg-info/SOURCES.txt'
[1.997s] running build
[1.997s] running build_py
[1.998s] running install
[1.998s] running install_lib
[2.001s] running install_data
[2.008s] running install_egg_info
[2.008s] removing '/home/orhan/ros2_ws/install/triangle/lib/python3.8/site-packages/triangle-0.0.0-py3.8.egg-info' (and everything under it)
[2.008s] Copying ../../build/triangle/triangle.egg-info to /home/orhan/ros2_ws/install/triangle/lib/python3.8/site-packages/triangle-0.0.0-py3.8.egg-info
[2.010s] running install_scripts
[2.051s] Installing tricli script to /home/orhan/ros2_ws/install/triangle/lib/triangle
[2.052s] Installing trisrv script to /home/orhan/ros2_ws/install/triangle/lib/triangle
[2.054s] writing list of installed files to '/home/orhan/ros2_ws/build/triangle/install.log'
[2.100s] Invoked command in '/home/orhan/ros2_ws/src/triangle' returned '0': AMENT_PREFIX_PATH=/home/orhan/ros2_ws/install/custom_interfaces:${AMENT_PREFIX_PATH} CMAKE_PREFIX_PATH=/home/orhan/ros2_ws/install/custom_interfaces LD_LIBRARY_PATH=/home/orhan/ros2_ws/install/custom_interfaces/lib:${LD_LIBRARY_PATH} PYTHONPATH=/home/orhan/ros2_ws/build/triangle/prefix_override:/usr/lib/python3/dist-packages/colcon_core/task/python/colcon_distutils_commands:/home/orhan/ros2_ws/install/triangle/lib/python3.8/site-packages:/home/orhan/ros2_ws/install/custom_interfaces/lib/python3.8/site-packages:${PYTHONPATH} /usr/bin/python3 -W ignore:setup.py install is deprecated -W ignore:easy_install command is deprecated setup.py egg_info --egg-base ../../build/triangle build --build-base /home/orhan/ros2_ws/build/triangle/build install --record /home/orhan/ros2_ws/build/triangle/install.log --install-scripts $base/lib/triangle --single-version-externally-managed install_data
