[1.908s] Invoking command in '/home/orhan/ros2_ws/build/examples_rclpy_executors': PYTHONPATH=/home/orhan/ros2_ws/build/examples_rclpy_executors/prefix_override:/usr/lib/python3/dist-packages/colcon_core/task/python/colcon_distutils_commands:/home/orhan/ros2_ws/install/examples_rclpy_executors/lib/python3.8/site-packages:${PYTHONPATH} /usr/bin/python3 -W ignore:setup.py install is deprecated setup.py develop --uninstall --editable --build-directory /home/orhan/ros2_ws/build/examples_rclpy_executors/build
[2.553s] running develop
[2.915s] Removing /home/orhan/ros2_ws/install/examples_rclpy_executors/lib/python3.8/site-packages/examples-rclpy-executors.egg-link (link to .)
[2.965s] Invoked command in '/home/orhan/ros2_ws/build/examples_rclpy_executors' returned '0': PYTHONPATH=/home/orhan/ros2_ws/build/examples_rclpy_executors/prefix_override:/usr/lib/python3/dist-packages/colcon_core/task/python/colcon_distutils_commands:/home/orhan/ros2_ws/install/examples_rclpy_executors/lib/python3.8/site-packages:${PYTHONPATH} /usr/bin/python3 -W ignore:setup.py install is deprecated setup.py develop --uninstall --editable --build-directory /home/orhan/ros2_ws/build/examples_rclpy_executors/build
[2.967s] Invoking command in '/home/orhan/ros2_ws/src/examples/rclpy/executors': PYTHONPATH=/home/orhan/ros2_ws/build/examples_rclpy_executors/prefix_override:/usr/lib/python3/dist-packages/colcon_core/task/python/colcon_distutils_commands:/home/orhan/ros2_ws/install/examples_rclpy_executors/lib/python3.8/site-packages:${PYTHONPATH} /usr/bin/python3 -W ignore:setup.py install is deprecated setup.py egg_info --egg-base ../../../../build/examples_rclpy_executors build --build-base /home/orhan/ros2_ws/build/examples_rclpy_executors/build install --record /home/orhan/ros2_ws/build/examples_rclpy_executors/install.log --install-scripts $base/lib/examples_rclpy_executors --single-version-externally-managed install_data --force
[3.586s] running egg_info
[3.588s] writing ../../../../build/examples_rclpy_executors/examples_rclpy_executors.egg-info/PKG-INFO
[3.589s] writing dependency_links to ../../../../build/examples_rclpy_executors/examples_rclpy_executors.egg-info/dependency_links.txt
[3.590s] writing entry points to ../../../../build/examples_rclpy_executors/examples_rclpy_executors.egg-info/entry_points.txt
[3.590s] writing requirements to ../../../../build/examples_rclpy_executors/examples_rclpy_executors.egg-info/requires.txt
[3.591s] writing top-level names to ../../../../build/examples_rclpy_executors/examples_rclpy_executors.egg-info/top_level.txt
[3.681s] reading manifest file '../../../../build/examples_rclpy_executors/examples_rclpy_executors.egg-info/SOURCES.txt'
[3.683s] writing manifest file '../../../../build/examples_rclpy_executors/examples_rclpy_executors.egg-info/SOURCES.txt'
[3.684s] running build
[3.685s] running build_py
[3.685s] creating /home/orhan/ros2_ws/build/examples_rclpy_executors/build
[3.686s] creating /home/orhan/ros2_ws/build/examples_rclpy_executors/build/lib
[3.686s] creating /home/orhan/ros2_ws/build/examples_rclpy_executors/build/lib/examples_rclpy_executors
[3.687s] copying examples_rclpy_executors/custom_callback_group.py -> /home/orhan/ros2_ws/build/examples_rclpy_executors/build/lib/examples_rclpy_executors
[3.687s] copying examples_rclpy_executors/listener.py -> /home/orhan/ros2_ws/build/examples_rclpy_executors/build/lib/examples_rclpy_executors
[3.688s] copying examples_rclpy_executors/composed.py -> /home/orhan/ros2_ws/build/examples_rclpy_executors/build/lib/examples_rclpy_executors
[3.689s] copying examples_rclpy_executors/custom_executor.py -> /home/orhan/ros2_ws/build/examples_rclpy_executors/build/lib/examples_rclpy_executors
[3.690s] copying examples_rclpy_executors/talker.py -> /home/orhan/ros2_ws/build/examples_rclpy_executors/build/lib/examples_rclpy_executors
[3.690s] copying examples_rclpy_executors/callback_group.py -> /home/orhan/ros2_ws/build/examples_rclpy_executors/build/lib/examples_rclpy_executors
[3.691s] copying examples_rclpy_executors/__init__.py -> /home/orhan/ros2_ws/build/examples_rclpy_executors/build/lib/examples_rclpy_executors
[3.692s] running install
[3.695s] running install_lib
[3.697s] creating /home/orhan/ros2_ws/install/examples_rclpy_executors/lib/python3.8/site-packages/examples_rclpy_executors
[3.697s] copying /home/orhan/ros2_ws/build/examples_rclpy_executors/build/lib/examples_rclpy_executors/custom_callback_group.py -> /home/orhan/ros2_ws/install/examples_rclpy_executors/lib/python3.8/site-packages/examples_rclpy_executors
[3.698s] copying /home/orhan/ros2_ws/build/examples_rclpy_executors/build/lib/examples_rclpy_executors/listener.py -> /home/orhan/ros2_ws/install/examples_rclpy_executors/lib/python3.8/site-packages/examples_rclpy_executors
[3.698s] copying /home/orhan/ros2_ws/build/examples_rclpy_executors/build/lib/examples_rclpy_executors/composed.py -> /home/orhan/ros2_ws/install/examples_rclpy_executors/lib/python3.8/site-packages/examples_rclpy_executors
[3.698s] copying /home/orhan/ros2_ws/build/examples_rclpy_executors/build/lib/examples_rclpy_executors/custom_executor.py -> /home/orhan/ros2_ws/install/examples_rclpy_executors/lib/python3.8/site-packages/examples_rclpy_executors
[3.699s] copying /home/orhan/ros2_ws/build/examples_rclpy_executors/build/lib/examples_rclpy_executors/talker.py -> /home/orhan/ros2_ws/install/examples_rclpy_executors/lib/python3.8/site-packages/examples_rclpy_executors
[3.699s] copying /home/orhan/ros2_ws/build/examples_rclpy_executors/build/lib/examples_rclpy_executors/callback_group.py -> /home/orhan/ros2_ws/install/examples_rclpy_executors/lib/python3.8/site-packages/examples_rclpy_executors
[3.699s] copying /home/orhan/ros2_ws/build/examples_rclpy_executors/build/lib/examples_rclpy_executors/__init__.py -> /home/orhan/ros2_ws/install/examples_rclpy_executors/lib/python3.8/site-packages/examples_rclpy_executors
[3.700s] byte-compiling /home/orhan/ros2_ws/install/examples_rclpy_executors/lib/python3.8/site-packages/examples_rclpy_executors/custom_callback_group.py to custom_callback_group.cpython-38.pyc
[3.701s] byte-compiling /home/orhan/ros2_ws/install/examples_rclpy_executors/lib/python3.8/site-packages/examples_rclpy_executors/listener.py to listener.cpython-38.pyc
[3.702s] byte-compiling /home/orhan/ros2_ws/install/examples_rclpy_executors/lib/python3.8/site-packages/examples_rclpy_executors/composed.py to composed.cpython-38.pyc
[3.702s] byte-compiling /home/orhan/ros2_ws/install/examples_rclpy_executors/lib/python3.8/site-packages/examples_rclpy_executors/custom_executor.py to custom_executor.cpython-38.pyc
[3.702s] byte-compiling /home/orhan/ros2_ws/install/examples_rclpy_executors/lib/python3.8/site-packages/examples_rclpy_executors/talker.py to talker.cpython-38.pyc
[3.714s] byte-compiling /home/orhan/ros2_ws/install/examples_rclpy_executors/lib/python3.8/site-packages/examples_rclpy_executors/callback_group.py to callback_group.cpython-38.pyc
[3.715s] byte-compiling /home/orhan/ros2_ws/install/examples_rclpy_executors/lib/python3.8/site-packages/examples_rclpy_executors/__init__.py to __init__.cpython-38.pyc
[3.715s] running install_data
[3.715s] copying resource/examples_rclpy_executors -> /home/orhan/ros2_ws/install/examples_rclpy_executors/share/ament_index/resource_index/packages
[3.715s] copying package.xml -> /home/orhan/ros2_ws/install/examples_rclpy_executors/share/examples_rclpy_executors
[3.718s] running install_egg_info
[3.718s] Copying ../../../../build/examples_rclpy_executors/examples_rclpy_executors.egg-info to /home/orhan/ros2_ws/install/examples_rclpy_executors/lib/python3.8/site-packages/examples_rclpy_executors-0.9.4-py3.8.egg-info
[3.718s] running install_scripts
[3.752s] Installing callback_group script to /home/orhan/ros2_ws/install/examples_rclpy_executors/lib/examples_rclpy_executors
[3.752s] Installing composed script to /home/orhan/ros2_ws/install/examples_rclpy_executors/lib/examples_rclpy_executors
[3.752s] Installing custom_callback_group script to /home/orhan/ros2_ws/install/examples_rclpy_executors/lib/examples_rclpy_executors
[3.753s] Installing custom_executor script to /home/orhan/ros2_ws/install/examples_rclpy_executors/lib/examples_rclpy_executors
[3.753s] Installing listener script to /home/orhan/ros2_ws/install/examples_rclpy_executors/lib/examples_rclpy_executors
[3.753s] Installing talker script to /home/orhan/ros2_ws/install/examples_rclpy_executors/lib/examples_rclpy_executors
[3.754s] writing list of installed files to '/home/orhan/ros2_ws/build/examples_rclpy_executors/install.log'
[4.136s] Invoked command in '/home/orhan/ros2_ws/src/examples/rclpy/executors' returned '0': PYTHONPATH=/home/orhan/ros2_ws/build/examples_rclpy_executors/prefix_override:/usr/lib/python3/dist-packages/colcon_core/task/python/colcon_distutils_commands:/home/orhan/ros2_ws/install/examples_rclpy_executors/lib/python3.8/site-packages:${PYTHONPATH} /usr/bin/python3 -W ignore:setup.py install is deprecated setup.py egg_info --egg-base ../../../../build/examples_rclpy_executors build --build-base /home/orhan/ros2_ws/build/examples_rclpy_executors/build install --record /home/orhan/ros2_ws/build/examples_rclpy_executors/install.log --install-scripts $base/lib/examples_rclpy_executors --single-version-externally-managed install_data --force
