[1.585s] Invoking command in '/home/orhan/ros2_ws/build/examples_rclpy_minimal_client': PYTHONPATH=/home/orhan/ros2_ws/build/examples_rclpy_minimal_client/prefix_override:/usr/lib/python3/dist-packages/colcon_core/task/python/colcon_distutils_commands:/home/orhan/ros2_ws/install/examples_rclpy_minimal_client/lib/python3.8/site-packages:${PYTHONPATH} /usr/bin/python3 -W ignore:setup.py install is deprecated setup.py develop --editable --build-directory /home/orhan/ros2_ws/build/examples_rclpy_minimal_client/build --no-deps symlink_data
[2.190s] running develop
[2.591s] running egg_info
[2.591s] creating examples_rclpy_minimal_client.egg-info
[2.592s] writing examples_rclpy_minimal_client.egg-info/PKG-INFO
[2.592s] writing dependency_links to examples_rclpy_minimal_client.egg-info/dependency_links.txt
[2.593s] writing entry points to examples_rclpy_minimal_client.egg-info/entry_points.txt
[2.593s] writing requirements to examples_rclpy_minimal_client.egg-info/requires.txt
[2.593s] writing top-level names to examples_rclpy_minimal_client.egg-info/top_level.txt
[2.595s] writing manifest file 'examples_rclpy_minimal_client.egg-info/SOURCES.txt'
[2.682s] reading manifest file 'examples_rclpy_minimal_client.egg-info/SOURCES.txt'
[2.683s] writing manifest file 'examples_rclpy_minimal_client.egg-info/SOURCES.txt'
[2.783s] running build_ext
[2.784s] Creating /home/orhan/ros2_ws/install/examples_rclpy_minimal_client/lib/python3.8/site-packages/site.py
[2.788s] Creating /home/orhan/ros2_ws/install/examples_rclpy_minimal_client/lib/python3.8/site-packages/examples-rclpy-minimal-client.egg-link (link to .)
[2.790s] Installing client script to /home/orhan/ros2_ws/install/examples_rclpy_minimal_client/lib/examples_rclpy_minimal_client
[2.791s] Installing client_async script to /home/orhan/ros2_ws/install/examples_rclpy_minimal_client/lib/examples_rclpy_minimal_client
[2.791s] Installing client_async_callback script to /home/orhan/ros2_ws/install/examples_rclpy_minimal_client/lib/examples_rclpy_minimal_client
[2.791s] Installing client_async_member_function script to /home/orhan/ros2_ws/install/examples_rclpy_minimal_client/lib/examples_rclpy_minimal_client
[2.792s] 
[2.792s] Installed /home/orhan/ros2_ws/build/examples_rclpy_minimal_client
[2.792s] running symlink_data
[2.793s] creating /home/orhan/ros2_ws/install/examples_rclpy_minimal_client/share/ament_index
[2.793s] creating /home/orhan/ros2_ws/install/examples_rclpy_minimal_client/share/ament_index/resource_index
[2.793s] creating /home/orhan/ros2_ws/install/examples_rclpy_minimal_client/share/ament_index/resource_index/packages
[2.793s] symbolically linking /home/orhan/ros2_ws/build/examples_rclpy_minimal_client/resource/examples_rclpy_minimal_client -> /home/orhan/ros2_ws/install/examples_rclpy_minimal_client/share/ament_index/resource_index/packages
[2.794s] symbolically linking /home/orhan/ros2_ws/build/examples_rclpy_minimal_client/package.xml -> /home/orhan/ros2_ws/install/examples_rclpy_minimal_client/share/examples_rclpy_minimal_client
[2.967s] Invoked command in '/home/orhan/ros2_ws/build/examples_rclpy_minimal_client' returned '0': PYTHONPATH=/home/orhan/ros2_ws/build/examples_rclpy_minimal_client/prefix_override:/usr/lib/python3/dist-packages/colcon_core/task/python/colcon_distutils_commands:/home/orhan/ros2_ws/install/examples_rclpy_minimal_client/lib/python3.8/site-packages:${PYTHONPATH} /usr/bin/python3 -W ignore:setup.py install is deprecated setup.py develop --editable --build-directory /home/orhan/ros2_ws/build/examples_rclpy_minimal_client/build --no-deps symlink_data
