running egg_info
creating ../../build/tti_deneme/tti_deneme.egg-info
writing ../../build/tti_deneme/tti_deneme.egg-info/PKG-INFO
writing dependency_links to ../../build/tti_deneme/tti_deneme.egg-info/dependency_links.txt
writing entry points to ../../build/tti_deneme/tti_deneme.egg-info/entry_points.txt
writing requirements to ../../build/tti_deneme/tti_deneme.egg-info/requires.txt
writing top-level names to ../../build/tti_deneme/tti_deneme.egg-info/top_level.txt
writing manifest file '../../build/tti_deneme/tti_deneme.egg-info/SOURCES.txt'
reading manifest file '../../build/tti_deneme/tti_deneme.egg-info/SOURCES.txt'
writing manifest file '../../build/tti_deneme/tti_deneme.egg-info/SOURCES.txt'
running build
running build_py
creating /home/orhan/ros2_ws/build/tti_deneme/build
creating /home/orhan/ros2_ws/build/tti_deneme/build/lib
creating /home/orhan/ros2_ws/build/tti_deneme/build/lib/tti_deneme
copying tti_deneme/publisher.py -> /home/orhan/ros2_ws/build/tti_deneme/build/lib/tti_deneme
copying tti_deneme/subscriber.py -> /home/orhan/ros2_ws/build/tti_deneme/build/lib/tti_deneme
copying tti_deneme/__init__.py -> /home/orhan/ros2_ws/build/tti_deneme/build/lib/tti_deneme
running install
running install_lib
creating /home/orhan/ros2_ws/install/tti_deneme/lib/python3.8/site-packages/tti_deneme
copying /home/orhan/ros2_ws/build/tti_deneme/build/lib/tti_deneme/publisher.py -> /home/orhan/ros2_ws/install/tti_deneme/lib/python3.8/site-packages/tti_deneme
copying /home/orhan/ros2_ws/build/tti_deneme/build/lib/tti_deneme/subscriber.py -> /home/orhan/ros2_ws/install/tti_deneme/lib/python3.8/site-packages/tti_deneme
copying /home/orhan/ros2_ws/build/tti_deneme/build/lib/tti_deneme/__init__.py -> /home/orhan/ros2_ws/install/tti_deneme/lib/python3.8/site-packages/tti_deneme
byte-compiling /home/orhan/ros2_ws/install/tti_deneme/lib/python3.8/site-packages/tti_deneme/publisher.py to publisher.cpython-38.pyc
byte-compiling /home/orhan/ros2_ws/install/tti_deneme/lib/python3.8/site-packages/tti_deneme/subscriber.py to subscriber.cpython-38.pyc
byte-compiling /home/orhan/ros2_ws/install/tti_deneme/lib/python3.8/site-packages/tti_deneme/__init__.py to __init__.cpython-38.pyc
running install_data
creating /home/orhan/ros2_ws/install/tti_deneme/share/ament_index
creating /home/orhan/ros2_ws/install/tti_deneme/share/ament_index/resource_index
creating /home/orhan/ros2_ws/install/tti_deneme/share/ament_index/resource_index/packages
copying resource/tti_deneme -> /home/orhan/ros2_ws/install/tti_deneme/share/ament_index/resource_index/packages
copying package.xml -> /home/orhan/ros2_ws/install/tti_deneme/share/tti_deneme
running install_egg_info
Copying ../../build/tti_deneme/tti_deneme.egg-info to /home/orhan/ros2_ws/install/tti_deneme/lib/python3.8/site-packages/tti_deneme-0.0.0-py3.8.egg-info
running install_scripts
writing list of installed files to '/home/orhan/ros2_ws/build/tti_deneme/install.log'
