[0.060s] Invoking command in '/home/orhan/ros2_ws/build/examples_rclcpp_multithreaded_executor': CMAKE_PREFIX_PATH=/opt/ros/foxy /usr/bin/cmake --build /home/orhan/ros2_ws/build/examples_rclcpp_multithreaded_executor -- -j4 -l4
[0.170s] [100%] Built target multithreaded_executor
[0.442s] Invoked command in '/home/orhan/ros2_ws/build/examples_rclcpp_multithreaded_executor' returned '0': CMAKE_PREFIX_PATH=/opt/ros/foxy /usr/bin/cmake --build /home/orhan/ros2_ws/build/examples_rclcpp_multithreaded_executor -- -j4 -l4
[0.864s] Invoking command in '/home/orhan/ros2_ws/build/examples_rclcpp_multithreaded_executor': CMAKE_PREFIX_PATH=/opt/ros/foxy /usr/bin/cmake --install /home/orhan/ros2_ws/build/examples_rclcpp_multithreaded_executor
[1.218s] -- Install configuration: ""
[1.218s] -- Execute custom install script
[1.218s] -- Up-to-date symlink: /home/orhan/ros2_ws/install/examples_rclcpp_multithreaded_executor/lib/examples_rclcpp_multithreaded_executor/multithreaded_executor
[1.219s] -- Up-to-date symlink: /home/orhan/ros2_ws/install/examples_rclcpp_multithreaded_executor/share/ament_index/resource_index/package_run_dependencies/examples_rclcpp_multithreaded_executor
[1.220s] -- Up-to-date symlink: /home/orhan/ros2_ws/install/examples_rclcpp_multithreaded_executor/share/ament_index/resource_index/parent_prefix_path/examples_rclcpp_multithreaded_executor
[1.220s] -- Up-to-date symlink: /home/orhan/ros2_ws/install/examples_rclcpp_multithreaded_executor/share/examples_rclcpp_multithreaded_executor/environment/ament_prefix_path.sh
[1.220s] -- Up-to-date symlink: /home/orhan/ros2_ws/install/examples_rclcpp_multithreaded_executor/share/examples_rclcpp_multithreaded_executor/environment/ament_prefix_path.dsv
[1.221s] -- Up-to-date symlink: /home/orhan/ros2_ws/install/examples_rclcpp_multithreaded_executor/share/examples_rclcpp_multithreaded_executor/environment/path.sh
[1.221s] -- Up-to-date symlink: /home/orhan/ros2_ws/install/examples_rclcpp_multithreaded_executor/share/examples_rclcpp_multithreaded_executor/environment/path.dsv
[1.221s] -- Up-to-date symlink: /home/orhan/ros2_ws/install/examples_rclcpp_multithreaded_executor/share/examples_rclcpp_multithreaded_executor/local_setup.bash
[1.224s] -- Up-to-date symlink: /home/orhan/ros2_ws/install/examples_rclcpp_multithreaded_executor/share/examples_rclcpp_multithreaded_executor/local_setup.sh
[1.225s] -- Up-to-date symlink: /home/orhan/ros2_ws/install/examples_rclcpp_multithreaded_executor/share/examples_rclcpp_multithreaded_executor/local_setup.zsh
[1.226s] -- Up-to-date symlink: /home/orhan/ros2_ws/install/examples_rclcpp_multithreaded_executor/share/examples_rclcpp_multithreaded_executor/local_setup.dsv
[1.227s] -- Symlinking: /home/orhan/ros2_ws/install/examples_rclcpp_multithreaded_executor/share/examples_rclcpp_multithreaded_executor/package.dsv
[1.228s] -- Up-to-date symlink: /home/orhan/ros2_ws/install/examples_rclcpp_multithreaded_executor/share/ament_index/resource_index/packages/examples_rclcpp_multithreaded_executor
[1.228s] -- Up-to-date symlink: /home/orhan/ros2_ws/install/examples_rclcpp_multithreaded_executor/share/examples_rclcpp_multithreaded_executor/cmake/examples_rclcpp_multithreaded_executorConfig.cmake
[1.230s] -- Up-to-date symlink: /home/orhan/ros2_ws/install/examples_rclcpp_multithreaded_executor/share/examples_rclcpp_multithreaded_executor/cmake/examples_rclcpp_multithreaded_executorConfig-version.cmake
[1.232s] -- Up-to-date symlink: /home/orhan/ros2_ws/install/examples_rclcpp_multithreaded_executor/share/examples_rclcpp_multithreaded_executor/package.xml
[1.232s] Invoked command in '/home/orhan/ros2_ws/build/examples_rclcpp_multithreaded_executor' returned '0': CMAKE_PREFIX_PATH=/opt/ros/foxy /usr/bin/cmake --install /home/orhan/ros2_ws/build/examples_rclcpp_multithreaded_executor
