[1.581s] Invoking command in '/home/orhan/ros2_ws/src/py_srvcli': PYTHONPATH=/home/orhan/ros2_ws/build/py_srvcli/prefix_override:/usr/lib/python3/dist-packages/colcon_core/task/python/colcon_distutils_commands:/home/orhan/ros2_ws/install/py_srvcli/lib/python3.8/site-packages:${PYTHONPATH} /usr/bin/python3 -W ignore:setup.py install is deprecated -W ignore:easy_install command is deprecated setup.py egg_info --egg-base ../../build/py_srvcli build --build-base /home/orhan/ros2_ws/build/py_srvcli/build install --record /home/orhan/ros2_ws/build/py_srvcli/install.log --install-scripts $base/lib/py_srvcli --single-version-externally-managed install_data
[2.090s] running egg_info
[2.091s] writing ../../build/py_srvcli/py_srvcli.egg-info/PKG-INFO
[2.092s] writing dependency_links to ../../build/py_srvcli/py_srvcli.egg-info/dependency_links.txt
[2.092s] writing entry points to ../../build/py_srvcli/py_srvcli.egg-info/entry_points.txt
[2.093s] writing requirements to ../../build/py_srvcli/py_srvcli.egg-info/requires.txt
[2.093s] writing top-level names to ../../build/py_srvcli/py_srvcli.egg-info/top_level.txt
[2.140s] reading manifest file '../../build/py_srvcli/py_srvcli.egg-info/SOURCES.txt'
[2.141s] writing manifest file '../../build/py_srvcli/py_srvcli.egg-info/SOURCES.txt'
[2.142s] running build
[2.142s] running build_py
[2.142s] running install
[2.143s] running install_lib
[2.145s] running install_data
[2.145s] running install_egg_info
[2.148s] removing '/home/orhan/ros2_ws/install/py_srvcli/lib/python3.8/site-packages/py_srvcli-0.0.0-py3.8.egg-info' (and everything under it)
[2.148s] Copying ../../build/py_srvcli/py_srvcli.egg-info to /home/orhan/ros2_ws/install/py_srvcli/lib/python3.8/site-packages/py_srvcli-0.0.0-py3.8.egg-info
[2.149s] running install_scripts
[2.173s] Installing client script to /home/orhan/ros2_ws/install/py_srvcli/lib/py_srvcli
[2.173s] Installing service script to /home/orhan/ros2_ws/install/py_srvcli/lib/py_srvcli
[2.174s] writing list of installed files to '/home/orhan/ros2_ws/build/py_srvcli/install.log'
