[0.020s] Invoking command in '/home/orhan/ros2_ws/build/custom_interfaces': CMAKE_PREFIX_PATH=${CMAKE_PREFIX_PATH}:/home/orhan/udemy_ros/install/rand_two_int:/home/orhan/udemy_ros/install/py_deneme:/home/orhan/udemy_ros/install/add_two_ints_srv:/opt/ros/foxy /usr/bin/cmake --build /home/orhan/ros2_ws/build/custom_interfaces -- -j4 -l4
[0.055s] -- Found ament_cmake: 0.9.12 (/opt/ros/foxy/share/ament_cmake/cmake)
[0.089s] -- Found PythonInterp: /usr/bin/python3 (found suitable version "3.8.10", minimum required is "3") 
[0.089s] -- Using PYTHON_EXECUTABLE: /usr/bin/python3
[0.555s] -- Found rosidl_default_generators: 1.0.1 (/opt/ros/foxy/share/rosidl_default_generators/cmake)
[0.559s] -- Using all available rosidl_typesupport_c: rosidl_typesupport_fastrtps_c;rosidl_typesupport_introspection_c
[0.565s] -- Found rosidl_adapter: 1.3.1 (/opt/ros/foxy/share/rosidl_adapter/cmake)
[0.781s] -- Using all available rosidl_typesupport_cpp: rosidl_typesupport_fastrtps_cpp;rosidl_typesupport_introspection_cpp
[0.853s] -- Found PythonInterp: /usr/bin/python3 (found version "3.8.10") 
[1.025s] -- Found ament_cmake_ros: 0.9.2 (/opt/ros/foxy/share/ament_cmake_ros/cmake)
[1.156s] -- Using all available rosidl_typesupport_c: rosidl_typesupport_fastrtps_c;rosidl_typesupport_introspection_c
[1.166s] -- Using all available rosidl_typesupport_cpp: rosidl_typesupport_fastrtps_cpp;rosidl_typesupport_introspection_cpp
[1.202s] -- Found PythonInterp: /usr/bin/python3 (found suitable version "3.8.10", minimum required is "3.5") 
[1.202s] -- Found python_cmake_module: 0.8.1 (/opt/ros/foxy/share/python_cmake_module/cmake)
[1.240s] -- Using PYTHON_EXECUTABLE: /usr/bin/python3
[1.240s] -- Using PYTHON_INCLUDE_DIRS: /usr/include/python3.8
[1.240s] -- Using PYTHON_LIBRARIES: /usr/lib/x86_64-linux-gnu/libpython3.8.so
[1.261s] -- Found ament_lint_auto: 0.9.8 (/opt/ros/foxy/share/ament_lint_auto/cmake)
[1.275s] -- Added test 'copyright' to check source files copyright and LICENSE
[1.277s] -- Added test 'lint_cmake' to check CMake code style
[1.279s] -- Added test 'xmllint' to check XML markup files
[1.284s] -- Configuring done
[1.325s] -- Generating done
[1.341s] -- Build files have been written to: /home/orhan/ros2_ws/build/custom_interfaces
[1.377s] [  3%] [34m[1mGenerating C code for ROS interfaces[0m
[1.391s] [  6%] [34m[1mGenerating C++ code for ROS interfaces[0m
[1.800s] [  6%] Built target custom_interfaces__cpp
[1.817s] [35m[1mScanning dependencies of target custom_interfaces__rosidl_generator_c[0m
[1.820s] [ 12%] [34m[1mGenerating C++ introspection for ROS interfaces[0m
[1.820s] [ 12%] [34m[1mGenerating C++ type support dispatch for ROS interfaces[0m
[1.821s] [ 16%] [34m[1mGenerating C++ type support for eProsima Fast-RTPS[0m
[1.860s] [ 19%] [32mBuilding C object CMakeFiles/custom_interfaces__rosidl_generator_c.dir/rosidl_generator_c/custom_interfaces/srv/detail/triangle__functions.c.o[0m
[1.997s] [ 22%] [32m[1mLinking C shared library libcustom_interfaces__rosidl_generator_c.so[0m
[2.069s] [ 22%] Built target custom_interfaces__rosidl_generator_c
[2.089s] [ 25%] [34m[1mGenerating C type support dispatch for ROS interfaces[0m
[2.409s] [35m[1mScanning dependencies of target custom_interfaces__rosidl_typesupport_cpp[0m
[2.444s] [ 29%] [32mBuilding CXX object CMakeFiles/custom_interfaces__rosidl_typesupport_cpp.dir/rosidl_typesupport_cpp/custom_interfaces/srv/triangle__type_support.cpp.o[0m
[2.455s] [35m[1mScanning dependencies of target custom_interfaces__rosidl_typesupport_introspection_cpp[0m
[2.490s] [35m[1mScanning dependencies of target custom_interfaces__rosidl_typesupport_fastrtps_cpp[0m
[2.530s] [ 32%] [32mBuilding CXX object CMakeFiles/custom_interfaces__rosidl_typesupport_fastrtps_cpp.dir/rosidl_typesupport_fastrtps_cpp/custom_interfaces/srv/detail/dds_fastrtps/triangle__type_support.cpp.o[0m
[2.542s] [ 35%] [32mBuilding CXX object CMakeFiles/custom_interfaces__rosidl_typesupport_introspection_cpp.dir/rosidl_typesupport_introspection_cpp/custom_interfaces/srv/detail/triangle__type_support.cpp.o[0m
[2.842s] [35m[1mScanning dependencies of target custom_interfaces__rosidl_typesupport_c[0m
[2.925s] [ 38%] [32mBuilding CXX object CMakeFiles/custom_interfaces__rosidl_typesupport_c.dir/rosidl_typesupport_c/custom_interfaces/srv/triangle__type_support.cpp.o[0m
[3.084s] [ 41%] [32m[1mLinking CXX shared library libcustom_interfaces__rosidl_typesupport_c.so[0m
[3.258s] [ 41%] Built target custom_interfaces__rosidl_typesupport_c
[3.274s] [ 45%] [32m[1mLinking CXX shared library libcustom_interfaces__rosidl_typesupport_cpp.so[0m
[3.338s] [ 48%] [34m[1mGenerating C introspection for ROS interfaces[0m
[3.392s] [ 51%] [32m[1mLinking CXX shared library libcustom_interfaces__rosidl_typesupport_introspection_cpp.so[0m
[3.393s] [ 51%] Built target custom_interfaces__rosidl_typesupport_cpp
[3.597s] [ 51%] Built target custom_interfaces__rosidl_typesupport_introspection_cpp
[3.713s] [ 54%] [32m[1mLinking CXX shared library libcustom_interfaces__rosidl_typesupport_fastrtps_cpp.so[0m
[3.845s] [ 54%] Built target custom_interfaces__rosidl_typesupport_fastrtps_cpp
[3.868s] [ 58%] [34m[1mGenerating C type support for eProsima Fast-RTPS[0m
[3.947s] [35m[1mScanning dependencies of target custom_interfaces__rosidl_typesupport_introspection_c[0m
[3.971s] [ 61%] [32mBuilding C object CMakeFiles/custom_interfaces__rosidl_typesupport_introspection_c.dir/rosidl_typesupport_introspection_c/custom_interfaces/srv/detail/triangle__type_support.c.o[0m
[4.022s] [ 64%] [32m[1mLinking C shared library libcustom_interfaces__rosidl_typesupport_introspection_c.so[0m
[4.082s] [ 64%] Built target custom_interfaces__rosidl_typesupport_introspection_c
[4.427s] [35m[1mScanning dependencies of target custom_interfaces__rosidl_typesupport_fastrtps_c[0m
[4.450s] [ 67%] [32mBuilding CXX object CMakeFiles/custom_interfaces__rosidl_typesupport_fastrtps_c.dir/rosidl_typesupport_fastrtps_c/custom_interfaces/srv/detail/triangle__type_support_c.cpp.o[0m
[5.180s] [ 70%] [32m[1mLinking CXX shared library libcustom_interfaces__rosidl_typesupport_fastrtps_c.so[0m
[5.307s] [ 70%] Built target custom_interfaces__rosidl_typesupport_fastrtps_c
[5.334s] [ 70%] Built target custom_interfaces
[5.362s] [ 74%] [34m[1mGenerating Python code for ROS interfaces[0m
[6.039s] [ 74%] Built target custom_interfaces__py
[6.053s] [35m[1mScanning dependencies of target custom_interfaces__python[0m
[6.076s] [ 77%] [32mBuilding C object CMakeFiles/custom_interfaces__python.dir/rosidl_generator_py/custom_interfaces/srv/_triangle_s.c.o[0m
[6.211s] [ 80%] [32m[1mLinking C shared library rosidl_generator_py/custom_interfaces/libcustom_interfaces__python.so[0m
[6.269s] [ 80%] Built target custom_interfaces__python
[6.294s] [35m[1mScanning dependencies of target custom_interfaces__rosidl_typesupport_c__pyext[0m
[6.294s] [35m[1mScanning dependencies of target custom_interfaces__rosidl_typesupport_fastrtps_c__pyext[0m
[6.298s] [35m[1mScanning dependencies of target custom_interfaces__rosidl_typesupport_introspection_c__pyext[0m
[6.338s] [ 83%] [32mBuilding C object CMakeFiles/custom_interfaces__rosidl_typesupport_c__pyext.dir/rosidl_generator_py/custom_interfaces/_custom_interfaces_s.ep.rosidl_typesupport_c.c.o[0m
[6.341s] [ 87%] [32mBuilding C object CMakeFiles/custom_interfaces__rosidl_typesupport_fastrtps_c__pyext.dir/rosidl_generator_py/custom_interfaces/_custom_interfaces_s.ep.rosidl_typesupport_fastrtps_c.c.o[0m
[6.342s] [ 90%] [32mBuilding C object CMakeFiles/custom_interfaces__rosidl_typesupport_introspection_c__pyext.dir/rosidl_generator_py/custom_interfaces/_custom_interfaces_s.ep.rosidl_typesupport_introspection_c.c.o[0m
[6.553s] [ 93%] [32m[1mLinking C shared library rosidl_generator_py/custom_interfaces/custom_interfaces_s__rosidl_typesupport_introspection_c.cpython-38-x86_64-linux-gnu.so[0m
[6.593s] [ 96%] [32m[1mLinking CXX shared library rosidl_generator_py/custom_interfaces/custom_interfaces_s__rosidl_typesupport_fastrtps_c.cpython-38-x86_64-linux-gnu.so[0m
[6.629s] [100%] [32m[1mLinking C shared library rosidl_generator_py/custom_interfaces/custom_interfaces_s__rosidl_typesupport_c.cpython-38-x86_64-linux-gnu.so[0m
[6.646s] [100%] Built target custom_interfaces__rosidl_typesupport_introspection_c__pyext
[6.705s] [100%] Built target custom_interfaces__rosidl_typesupport_c__pyext
[6.732s] [100%] Built target custom_interfaces__rosidl_typesupport_fastrtps_c__pyext
[6.748s] Invoked command in '/home/orhan/ros2_ws/build/custom_interfaces' returned '0': CMAKE_PREFIX_PATH=${CMAKE_PREFIX_PATH}:/home/orhan/udemy_ros/install/rand_two_int:/home/orhan/udemy_ros/install/py_deneme:/home/orhan/udemy_ros/install/add_two_ints_srv:/opt/ros/foxy /usr/bin/cmake --build /home/orhan/ros2_ws/build/custom_interfaces -- -j4 -l4
[6.768s] Invoking command in '/home/orhan/ros2_ws/build/custom_interfaces': CMAKE_PREFIX_PATH=${CMAKE_PREFIX_PATH}:/home/orhan/udemy_ros/install/rand_two_int:/home/orhan/udemy_ros/install/py_deneme:/home/orhan/udemy_ros/install/add_two_ints_srv:/opt/ros/foxy /usr/bin/cmake --install /home/orhan/ros2_ws/build/custom_interfaces
[6.785s] -- Install configuration: ""
[6.785s] -- Up-to-date: /home/orhan/ros2_ws/install/custom_interfaces/share/ament_index/resource_index/rosidl_interfaces/custom_interfaces
[6.785s] -- Up-to-date: /home/orhan/ros2_ws/install/custom_interfaces/include/custom_interfaces
[6.785s] -- Up-to-date: /home/orhan/ros2_ws/install/custom_interfaces/include/custom_interfaces/msg
[6.786s] -- Up-to-date: /home/orhan/ros2_ws/install/custom_interfaces/include/custom_interfaces/msg/rosidl_generator_c__visibility_control.h
[6.786s] -- Up-to-date: /home/orhan/ros2_ws/install/custom_interfaces/include/custom_interfaces/srv
[6.786s] -- Up-to-date: /home/orhan/ros2_ws/install/custom_interfaces/include/custom_interfaces/srv/detail
[6.786s] -- Installing: /home/orhan/ros2_ws/install/custom_interfaces/include/custom_interfaces/srv/detail/triangle__struct.h
[6.787s] -- Installing: /home/orhan/ros2_ws/install/custom_interfaces/include/custom_interfaces/srv/detail/triangle__functions.c
[6.787s] -- Installing: /home/orhan/ros2_ws/install/custom_interfaces/include/custom_interfaces/srv/detail/triangle__functions.h
[6.787s] -- Installing: /home/orhan/ros2_ws/install/custom_interfaces/include/custom_interfaces/srv/detail/triangle__type_support.h
[6.787s] -- Installing: /home/orhan/ros2_ws/install/custom_interfaces/include/custom_interfaces/srv/triangle.h
[6.787s] -- Up-to-date: /home/orhan/ros2_ws/install/custom_interfaces/share/custom_interfaces/environment/library_path.sh
[6.788s] -- Installing: /home/orhan/ros2_ws/install/custom_interfaces/share/custom_interfaces/environment/library_path.dsv
[6.788s] -- Installing: /home/orhan/ros2_ws/install/custom_interfaces/lib/libcustom_interfaces__rosidl_generator_c.so
[6.788s] -- Set runtime path of "/home/orhan/ros2_ws/install/custom_interfaces/lib/libcustom_interfaces__rosidl_generator_c.so" to ""
[6.789s] -- Up-to-date: /home/orhan/ros2_ws/install/custom_interfaces/include/custom_interfaces
[6.789s] -- Up-to-date: /home/orhan/ros2_ws/install/custom_interfaces/include/custom_interfaces/msg
[6.789s] -- Up-to-date: /home/orhan/ros2_ws/install/custom_interfaces/include/custom_interfaces/msg/rosidl_typesupport_fastrtps_c__visibility_control.h
[6.789s] -- Up-to-date: /home/orhan/ros2_ws/install/custom_interfaces/include/custom_interfaces/srv
[6.789s] -- Up-to-date: /home/orhan/ros2_ws/install/custom_interfaces/include/custom_interfaces/srv/detail
[6.789s] -- Installing: /home/orhan/ros2_ws/install/custom_interfaces/include/custom_interfaces/srv/detail/triangle__rosidl_typesupport_fastrtps_c.h
[6.790s] -- Installing: /home/orhan/ros2_ws/install/custom_interfaces/lib/libcustom_interfaces__rosidl_typesupport_fastrtps_c.so
[6.790s] -- Set runtime path of "/home/orhan/ros2_ws/install/custom_interfaces/lib/libcustom_interfaces__rosidl_typesupport_fastrtps_c.so" to ""
[6.790s] -- Up-to-date: /home/orhan/ros2_ws/install/custom_interfaces/include/custom_interfaces
[6.790s] -- Up-to-date: /home/orhan/ros2_ws/install/custom_interfaces/include/custom_interfaces/msg
[6.790s] -- Up-to-date: /home/orhan/ros2_ws/install/custom_interfaces/include/custom_interfaces/msg/rosidl_typesupport_fastrtps_cpp__visibility_control.h
[6.791s] -- Up-to-date: /home/orhan/ros2_ws/install/custom_interfaces/include/custom_interfaces/srv
[6.791s] -- Up-to-date: /home/orhan/ros2_ws/install/custom_interfaces/include/custom_interfaces/srv/detail
[6.791s] -- Installing: /home/orhan/ros2_ws/install/custom_interfaces/include/custom_interfaces/srv/detail/triangle__rosidl_typesupport_fastrtps_cpp.hpp
[6.791s] -- Up-to-date: /home/orhan/ros2_ws/install/custom_interfaces/include/custom_interfaces/srv/detail/dds_fastrtps
[6.791s] -- Installing: /home/orhan/ros2_ws/install/custom_interfaces/lib/libcustom_interfaces__rosidl_typesupport_fastrtps_cpp.so
[6.792s] -- Set runtime path of "/home/orhan/ros2_ws/install/custom_interfaces/lib/libcustom_interfaces__rosidl_typesupport_fastrtps_cpp.so" to ""
[6.792s] -- Up-to-date: /home/orhan/ros2_ws/install/custom_interfaces/include/custom_interfaces
[6.792s] -- Up-to-date: /home/orhan/ros2_ws/install/custom_interfaces/include/custom_interfaces/msg
[6.792s] -- Up-to-date: /home/orhan/ros2_ws/install/custom_interfaces/include/custom_interfaces/msg/rosidl_typesupport_introspection_c__visibility_control.h
[6.792s] -- Up-to-date: /home/orhan/ros2_ws/install/custom_interfaces/include/custom_interfaces/srv
[6.793s] -- Up-to-date: /home/orhan/ros2_ws/install/custom_interfaces/include/custom_interfaces/srv/detail
[6.793s] -- Installing: /home/orhan/ros2_ws/install/custom_interfaces/include/custom_interfaces/srv/detail/triangle__type_support.c
[6.793s] -- Installing: /home/orhan/ros2_ws/install/custom_interfaces/include/custom_interfaces/srv/detail/triangle__rosidl_typesupport_introspection_c.h
[6.793s] -- Installing: /home/orhan/ros2_ws/install/custom_interfaces/lib/libcustom_interfaces__rosidl_typesupport_introspection_c.so
[6.793s] -- Set runtime path of "/home/orhan/ros2_ws/install/custom_interfaces/lib/libcustom_interfaces__rosidl_typesupport_introspection_c.so" to ""
[6.793s] -- Installing: /home/orhan/ros2_ws/install/custom_interfaces/lib/libcustom_interfaces__rosidl_typesupport_c.so
[6.794s] -- Set runtime path of "/home/orhan/ros2_ws/install/custom_interfaces/lib/libcustom_interfaces__rosidl_typesupport_c.so" to ""
[6.794s] -- Up-to-date: /home/orhan/ros2_ws/install/custom_interfaces/include/custom_interfaces
[6.794s] -- Up-to-date: /home/orhan/ros2_ws/install/custom_interfaces/include/custom_interfaces/msg
[6.795s] -- Up-to-date: /home/orhan/ros2_ws/install/custom_interfaces/include/custom_interfaces/msg/rosidl_generator_cpp__visibility_control.hpp
[6.795s] -- Up-to-date: /home/orhan/ros2_ws/install/custom_interfaces/include/custom_interfaces/srv
[6.795s] -- Up-to-date: /home/orhan/ros2_ws/install/custom_interfaces/include/custom_interfaces/srv/detail
[6.795s] -- Installing: /home/orhan/ros2_ws/install/custom_interfaces/include/custom_interfaces/srv/detail/triangle__struct.hpp
[6.795s] -- Installing: /home/orhan/ros2_ws/install/custom_interfaces/include/custom_interfaces/srv/detail/triangle__traits.hpp
[6.796s] -- Installing: /home/orhan/ros2_ws/install/custom_interfaces/include/custom_interfaces/srv/detail/triangle__type_support.hpp
[6.796s] -- Installing: /home/orhan/ros2_ws/install/custom_interfaces/include/custom_interfaces/srv/detail/triangle__builder.hpp
[6.796s] -- Installing: /home/orhan/ros2_ws/install/custom_interfaces/include/custom_interfaces/srv/triangle.hpp
[6.796s] -- Up-to-date: /home/orhan/ros2_ws/install/custom_interfaces/include/custom_interfaces
[6.796s] -- Up-to-date: /home/orhan/ros2_ws/install/custom_interfaces/include/custom_interfaces/srv
[6.796s] -- Up-to-date: /home/orhan/ros2_ws/install/custom_interfaces/include/custom_interfaces/srv/detail
[6.797s] -- Installing: /home/orhan/ros2_ws/install/custom_interfaces/include/custom_interfaces/srv/detail/triangle__rosidl_typesupport_introspection_cpp.hpp
[6.797s] -- Installing: /home/orhan/ros2_ws/install/custom_interfaces/include/custom_interfaces/srv/detail/triangle__type_support.cpp
[6.797s] -- Installing: /home/orhan/ros2_ws/install/custom_interfaces/lib/libcustom_interfaces__rosidl_typesupport_introspection_cpp.so
[6.797s] -- Set runtime path of "/home/orhan/ros2_ws/install/custom_interfaces/lib/libcustom_interfaces__rosidl_typesupport_introspection_cpp.so" to ""
[6.797s] -- Installing: /home/orhan/ros2_ws/install/custom_interfaces/lib/libcustom_interfaces__rosidl_typesupport_cpp.so
[6.797s] -- Set runtime path of "/home/orhan/ros2_ws/install/custom_interfaces/lib/libcustom_interfaces__rosidl_typesupport_cpp.so" to ""
[6.798s] -- Up-to-date: /home/orhan/ros2_ws/install/custom_interfaces/share/custom_interfaces/environment/pythonpath.sh
[6.798s] -- Installing: /home/orhan/ros2_ws/install/custom_interfaces/share/custom_interfaces/environment/pythonpath.dsv
[6.798s] -- Installing: /home/orhan/ros2_ws/install/custom_interfaces/lib/python3.8/site-packages/custom_interfaces/__init__.py
[6.841s] Compiling '/home/orhan/ros2_ws/install/custom_interfaces/lib/python3.8/site-packages/custom_interfaces/__init__.py'...
[6.847s] -- Up-to-date: /home/orhan/ros2_ws/install/custom_interfaces/lib/python3.8/site-packages/custom_interfaces/srv
[6.847s] -- Installing: /home/orhan/ros2_ws/install/custom_interfaces/lib/python3.8/site-packages/custom_interfaces/srv/_triangle.py
[6.847s] -- Installing: /home/orhan/ros2_ws/install/custom_interfaces/lib/python3.8/site-packages/custom_interfaces/srv/__init__.py
[6.847s] -- Installing: /home/orhan/ros2_ws/install/custom_interfaces/lib/python3.8/site-packages/custom_interfaces/srv/_triangle_s.c
[6.848s] -- Installing: /home/orhan/ros2_ws/install/custom_interfaces/lib/python3.8/site-packages/custom_interfaces/custom_interfaces_s__rosidl_typesupport_fastrtps_c.cpython-38-x86_64-linux-gnu.so
[6.848s] -- Set runtime path of "/home/orhan/ros2_ws/install/custom_interfaces/lib/python3.8/site-packages/custom_interfaces/custom_interfaces_s__rosidl_typesupport_fastrtps_c.cpython-38-x86_64-linux-gnu.so" to ""
[6.849s] -- Installing: /home/orhan/ros2_ws/install/custom_interfaces/lib/python3.8/site-packages/custom_interfaces/custom_interfaces_s__rosidl_typesupport_introspection_c.cpython-38-x86_64-linux-gnu.so
[6.850s] -- Set runtime path of "/home/orhan/ros2_ws/install/custom_interfaces/lib/python3.8/site-packages/custom_interfaces/custom_interfaces_s__rosidl_typesupport_introspection_c.cpython-38-x86_64-linux-gnu.so" to ""
[6.850s] -- Installing: /home/orhan/ros2_ws/install/custom_interfaces/lib/python3.8/site-packages/custom_interfaces/custom_interfaces_s__rosidl_typesupport_c.cpython-38-x86_64-linux-gnu.so
[6.851s] -- Set runtime path of "/home/orhan/ros2_ws/install/custom_interfaces/lib/python3.8/site-packages/custom_interfaces/custom_interfaces_s__rosidl_typesupport_c.cpython-38-x86_64-linux-gnu.so" to ""
[6.851s] -- Installing: /home/orhan/ros2_ws/install/custom_interfaces/lib/libcustom_interfaces__python.so
[6.852s] -- Set runtime path of "/home/orhan/ros2_ws/install/custom_interfaces/lib/libcustom_interfaces__python.so" to ""
[6.852s] -- Installing: /home/orhan/ros2_ws/install/custom_interfaces/share/custom_interfaces/srv/Triangle.idl
[6.853s] -- Installing: /home/orhan/ros2_ws/install/custom_interfaces/share/custom_interfaces/srv/Triangle.srv
[6.853s] -- Installing: /home/orhan/ros2_ws/install/custom_interfaces/share/custom_interfaces/srv/Triangle_Request.msg
[6.853s] -- Installing: /home/orhan/ros2_ws/install/custom_interfaces/share/custom_interfaces/srv/Triangle_Response.msg
[6.854s] -- Up-to-date: /home/orhan/ros2_ws/install/custom_interfaces/share/ament_index/resource_index/package_run_dependencies/custom_interfaces
[6.854s] -- Up-to-date: /home/orhan/ros2_ws/install/custom_interfaces/share/ament_index/resource_index/parent_prefix_path/custom_interfaces
[6.854s] -- Up-to-date: /home/orhan/ros2_ws/install/custom_interfaces/share/custom_interfaces/environment/ament_prefix_path.sh
[6.854s] -- Installing: /home/orhan/ros2_ws/install/custom_interfaces/share/custom_interfaces/environment/ament_prefix_path.dsv
[6.855s] -- Up-to-date: /home/orhan/ros2_ws/install/custom_interfaces/share/custom_interfaces/environment/path.sh
[6.855s] -- Installing: /home/orhan/ros2_ws/install/custom_interfaces/share/custom_interfaces/environment/path.dsv
[6.855s] -- Up-to-date: /home/orhan/ros2_ws/install/custom_interfaces/share/custom_interfaces/local_setup.bash
[6.855s] -- Up-to-date: /home/orhan/ros2_ws/install/custom_interfaces/share/custom_interfaces/local_setup.sh
[6.856s] -- Up-to-date: /home/orhan/ros2_ws/install/custom_interfaces/share/custom_interfaces/local_setup.zsh
[6.856s] -- Installing: /home/orhan/ros2_ws/install/custom_interfaces/share/custom_interfaces/local_setup.dsv
[6.856s] -- Installing: /home/orhan/ros2_ws/install/custom_interfaces/share/custom_interfaces/package.dsv
[6.856s] -- Up-to-date: /home/orhan/ros2_ws/install/custom_interfaces/share/ament_index/resource_index/packages/custom_interfaces
[6.857s] -- Up-to-date: /home/orhan/ros2_ws/install/custom_interfaces/share/custom_interfaces/cmake/custom_interfaces__rosidl_generator_cExport.cmake
[6.857s] -- Installing: /home/orhan/ros2_ws/install/custom_interfaces/share/custom_interfaces/cmake/custom_interfaces__rosidl_generator_cExport-noconfig.cmake
[6.857s] -- Up-to-date: /home/orhan/ros2_ws/install/custom_interfaces/share/custom_interfaces/cmake/custom_interfaces__rosidl_typesupport_introspection_cExport.cmake
[6.857s] -- Installing: /home/orhan/ros2_ws/install/custom_interfaces/share/custom_interfaces/cmake/custom_interfaces__rosidl_typesupport_introspection_cExport-noconfig.cmake
[6.858s] -- Up-to-date: /home/orhan/ros2_ws/install/custom_interfaces/share/custom_interfaces/cmake/custom_interfaces__rosidl_typesupport_cExport.cmake
[6.858s] -- Installing: /home/orhan/ros2_ws/install/custom_interfaces/share/custom_interfaces/cmake/custom_interfaces__rosidl_typesupport_cExport-noconfig.cmake
[6.858s] -- Up-to-date: /home/orhan/ros2_ws/install/custom_interfaces/share/custom_interfaces/cmake/custom_interfaces__rosidl_generator_cppExport.cmake
[6.859s] -- Up-to-date: /home/orhan/ros2_ws/install/custom_interfaces/share/custom_interfaces/cmake/custom_interfaces__rosidl_typesupport_introspection_cppExport.cmake
[6.860s] -- Installing: /home/orhan/ros2_ws/install/custom_interfaces/share/custom_interfaces/cmake/custom_interfaces__rosidl_typesupport_introspection_cppExport-noconfig.cmake
[6.860s] -- Up-to-date: /home/orhan/ros2_ws/install/custom_interfaces/share/custom_interfaces/cmake/custom_interfaces__rosidl_typesupport_cppExport.cmake
[6.860s] -- Installing: /home/orhan/ros2_ws/install/custom_interfaces/share/custom_interfaces/cmake/custom_interfaces__rosidl_typesupport_cppExport-noconfig.cmake
[6.860s] -- Up-to-date: /home/orhan/ros2_ws/install/custom_interfaces/share/custom_interfaces/cmake/rosidl_cmake-extras.cmake
[6.860s] -- Up-to-date: /home/orhan/ros2_ws/install/custom_interfaces/share/custom_interfaces/cmake/ament_cmake_export_dependencies-extras.cmake
[6.861s] -- Up-to-date: /home/orhan/ros2_ws/install/custom_interfaces/share/custom_interfaces/cmake/ament_cmake_export_libraries-extras.cmake
[6.861s] -- Up-to-date: /home/orhan/ros2_ws/install/custom_interfaces/share/custom_interfaces/cmake/ament_cmake_export_targets-extras.cmake
[6.861s] -- Up-to-date: /home/orhan/ros2_ws/install/custom_interfaces/share/custom_interfaces/cmake/ament_cmake_export_include_directories-extras.cmake
[6.861s] -- Up-to-date: /home/orhan/ros2_ws/install/custom_interfaces/share/custom_interfaces/cmake/rosidl_cmake_export_typesupport_libraries-extras.cmake
[6.861s] -- Up-to-date: /home/orhan/ros2_ws/install/custom_interfaces/share/custom_interfaces/cmake/rosidl_cmake_export_typesupport_targets-extras.cmake
[6.861s] -- Up-to-date: /home/orhan/ros2_ws/install/custom_interfaces/share/custom_interfaces/cmake/custom_interfacesConfig.cmake
[6.862s] -- Up-to-date: /home/orhan/ros2_ws/install/custom_interfaces/share/custom_interfaces/cmake/custom_interfacesConfig-version.cmake
[6.862s] -- Up-to-date: /home/orhan/ros2_ws/install/custom_interfaces/share/custom_interfaces/package.xml
[6.864s] Invoked command in '/home/orhan/ros2_ws/build/custom_interfaces' returned '0': CMAKE_PREFIX_PATH=${CMAKE_PREFIX_PATH}:/home/orhan/udemy_ros/install/rand_two_int:/home/orhan/udemy_ros/install/py_deneme:/home/orhan/udemy_ros/install/add_two_ints_srv:/opt/ros/foxy /usr/bin/cmake --install /home/orhan/ros2_ws/build/custom_interfaces
