[2.470s] Invoking command in '/home/orhan/ros2_ws/src/examples/rclpy/actions/minimal_action_client': PYTHONPATH=/home/orhan/ros2_ws/build/examples_rclpy_minimal_action_client/prefix_override:/usr/lib/python3/dist-packages/colcon_core/task/python/colcon_distutils_commands:/home/orhan/ros2_ws/install/examples_rclpy_minimal_action_client/lib/python3.8/site-packages:${PYTHONPATH} /usr/bin/python3 -W ignore:setup.py install is deprecated setup.py egg_info --egg-base ../../../../../build/examples_rclpy_minimal_action_client build --build-base /home/orhan/ros2_ws/build/examples_rclpy_minimal_action_client/build install --record /home/orhan/ros2_ws/build/examples_rclpy_minimal_action_client/install.log --install-scripts $base/lib/examples_rclpy_minimal_action_client --single-version-externally-managed install_data
[3.194s] running egg_info
[3.200s] writing ../../../../../build/examples_rclpy_minimal_action_client/examples_rclpy_minimal_action_client.egg-info/PKG-INFO
[3.206s] writing dependency_links to ../../../../../build/examples_rclpy_minimal_action_client/examples_rclpy_minimal_action_client.egg-info/dependency_links.txt
[3.207s] writing entry points to ../../../../../build/examples_rclpy_minimal_action_client/examples_rclpy_minimal_action_client.egg-info/entry_points.txt
[3.207s] writing requirements to ../../../../../build/examples_rclpy_minimal_action_client/examples_rclpy_minimal_action_client.egg-info/requires.txt
[3.208s] writing top-level names to ../../../../../build/examples_rclpy_minimal_action_client/examples_rclpy_minimal_action_client.egg-info/top_level.txt
[3.327s] reading manifest file '../../../../../build/examples_rclpy_minimal_action_client/examples_rclpy_minimal_action_client.egg-info/SOURCES.txt'
[3.330s] writing manifest file '../../../../../build/examples_rclpy_minimal_action_client/examples_rclpy_minimal_action_client.egg-info/SOURCES.txt'
[3.330s] running build
[3.330s] running build_py
[3.331s] running install
[3.333s] running install_lib
[3.336s] running install_data
[3.337s] running install_egg_info
[3.341s] removing '/home/orhan/ros2_ws/install/examples_rclpy_minimal_action_client/lib/python3.8/site-packages/examples_rclpy_minimal_action_client-0.9.4-py3.8.egg-info' (and everything under it)
[3.342s] Copying ../../../../../build/examples_rclpy_minimal_action_client/examples_rclpy_minimal_action_client.egg-info to /home/orhan/ros2_ws/install/examples_rclpy_minimal_action_client/lib/python3.8/site-packages/examples_rclpy_minimal_action_client-0.9.4-py3.8.egg-info
[3.344s] running install_scripts
[3.402s] Installing client script to /home/orhan/ros2_ws/install/examples_rclpy_minimal_action_client/lib/examples_rclpy_minimal_action_client
[3.402s] Installing client_cancel script to /home/orhan/ros2_ws/install/examples_rclpy_minimal_action_client/lib/examples_rclpy_minimal_action_client
[3.403s] Installing client_not_composable script to /home/orhan/ros2_ws/install/examples_rclpy_minimal_action_client/lib/examples_rclpy_minimal_action_client
[3.404s] writing list of installed files to '/home/orhan/ros2_ws/build/examples_rclpy_minimal_action_client/install.log'
[3.756s] Invoked command in '/home/orhan/ros2_ws/src/examples/rclpy/actions/minimal_action_client' returned '0': PYTHONPATH=/home/orhan/ros2_ws/build/examples_rclpy_minimal_action_client/prefix_override:/usr/lib/python3/dist-packages/colcon_core/task/python/colcon_distutils_commands:/home/orhan/ros2_ws/install/examples_rclpy_minimal_action_client/lib/python3.8/site-packages:${PYTHONPATH} /usr/bin/python3 -W ignore:setup.py install is deprecated setup.py egg_info --egg-base ../../../../../build/examples_rclpy_minimal_action_client build --build-base /home/orhan/ros2_ws/build/examples_rclpy_minimal_action_client/build install --record /home/orhan/ros2_ws/build/examples_rclpy_minimal_action_client/install.log --install-scripts $base/lib/examples_rclpy_minimal_action_client --single-version-externally-managed install_data
