[1.677s] Invoking command in '/home/orhan/ros2_ws/build/examples_rclpy_minimal_publisher': PYTHONPATH=/home/orhan/ros2_ws/build/examples_rclpy_minimal_publisher/prefix_override:/usr/lib/python3/dist-packages/colcon_core/task/python/colcon_distutils_commands:/home/orhan/ros2_ws/install/examples_rclpy_minimal_publisher/lib/python3.8/site-packages:${PYTHONPATH} /usr/bin/python3 -W ignore:setup.py install is deprecated setup.py develop --editable --build-directory /home/orhan/ros2_ws/build/examples_rclpy_minimal_publisher/build --no-deps symlink_data
[2.276s] running develop
[2.668s] running egg_info
[2.669s] creating examples_rclpy_minimal_publisher.egg-info
[2.669s] writing examples_rclpy_minimal_publisher.egg-info/PKG-INFO
[2.669s] writing dependency_links to examples_rclpy_minimal_publisher.egg-info/dependency_links.txt
[2.670s] writing entry points to examples_rclpy_minimal_publisher.egg-info/entry_points.txt
[2.670s] writing requirements to examples_rclpy_minimal_publisher.egg-info/requires.txt
[2.671s] writing top-level names to examples_rclpy_minimal_publisher.egg-info/top_level.txt
[2.674s] writing manifest file 'examples_rclpy_minimal_publisher.egg-info/SOURCES.txt'
[2.758s] reading manifest file 'examples_rclpy_minimal_publisher.egg-info/SOURCES.txt'
[2.760s] writing manifest file 'examples_rclpy_minimal_publisher.egg-info/SOURCES.txt'
[2.859s] running build_ext
[2.860s] Creating /home/orhan/ros2_ws/install/examples_rclpy_minimal_publisher/lib/python3.8/site-packages/site.py
[2.865s] Creating /home/orhan/ros2_ws/install/examples_rclpy_minimal_publisher/lib/python3.8/site-packages/examples-rclpy-minimal-publisher.egg-link (link to .)
[2.867s] Installing publisher_local_function script to /home/orhan/ros2_ws/install/examples_rclpy_minimal_publisher/lib/examples_rclpy_minimal_publisher
[2.867s] Installing publisher_member_function script to /home/orhan/ros2_ws/install/examples_rclpy_minimal_publisher/lib/examples_rclpy_minimal_publisher
[2.867s] Installing publisher_old_school script to /home/orhan/ros2_ws/install/examples_rclpy_minimal_publisher/lib/examples_rclpy_minimal_publisher
[2.868s] 
[2.868s] Installed /home/orhan/ros2_ws/build/examples_rclpy_minimal_publisher
[2.869s] running symlink_data
[2.869s] creating /home/orhan/ros2_ws/install/examples_rclpy_minimal_publisher/share/ament_index
[2.869s] creating /home/orhan/ros2_ws/install/examples_rclpy_minimal_publisher/share/ament_index/resource_index
[2.869s] creating /home/orhan/ros2_ws/install/examples_rclpy_minimal_publisher/share/ament_index/resource_index/packages
[2.870s] symbolically linking /home/orhan/ros2_ws/build/examples_rclpy_minimal_publisher/resource/examples_rclpy_minimal_publisher -> /home/orhan/ros2_ws/install/examples_rclpy_minimal_publisher/share/ament_index/resource_index/packages
[2.870s] symbolically linking /home/orhan/ros2_ws/build/examples_rclpy_minimal_publisher/package.xml -> /home/orhan/ros2_ws/install/examples_rclpy_minimal_publisher/share/examples_rclpy_minimal_publisher
[2.937s] Invoked command in '/home/orhan/ros2_ws/build/examples_rclpy_minimal_publisher' returned '0': PYTHONPATH=/home/orhan/ros2_ws/build/examples_rclpy_minimal_publisher/prefix_override:/usr/lib/python3/dist-packages/colcon_core/task/python/colcon_distutils_commands:/home/orhan/ros2_ws/install/examples_rclpy_minimal_publisher/lib/python3.8/site-packages:${PYTHONPATH} /usr/bin/python3 -W ignore:setup.py install is deprecated setup.py develop --editable --build-directory /home/orhan/ros2_ws/build/examples_rclpy_minimal_publisher/build --no-deps symlink_data
