[0.018s] Invoking command in '/home/orhan/ros2_ws/build/tutorial_interfaces': CMAKE_PREFIX_PATH=${CMAKE_PREFIX_PATH}:/home/orhan/ros2_ws/install/py_srvcli:/home/orhan/ros2_ws/install/iki:/home/orhan/ros2_ws/install/first_package:/home/orhan/ros2_ws/install/examples_rclpy_minimal_subscriber:/home/orhan/ros2_ws/install/examples_rclpy_minimal_service:/home/orhan/ros2_ws/install/examples_rclpy_minimal_publisher:/home/orhan/ros2_ws/install/examples_rclpy_minimal_client:/home/orhan/ros2_ws/install/examples_rclpy_minimal_action_server:/home/orhan/ros2_ws/install/examples_rclpy_minimal_action_client:/home/orhan/ros2_ws/install/examples_rclpy_executors:/home/orhan/ros2_ws/install/cift_sayi:/opt/ros/foxy /usr/bin/cmake /home/orhan/ros2_ws/src/tutorial_interfaces -DCMAKE_INSTALL_PREFIX=/home/orhan/ros2_ws/install/tutorial_interfaces
[0.035s] -- Found geometry_msgs: 2.0.5 (/opt/ros/foxy/share/geometry_msgs/cmake)
[0.082s] -- Found PythonInterp: /usr/bin/python3 (found suitable version "3.8.10", minimum required is "3") 
[0.082s] -- Using PYTHON_EXECUTABLE: /usr/bin/python3
[0.386s] CMake Warning at /opt/ros/foxy/share/rcutils/cmake/ament_cmake_export_libraries-extras.cmake:116 (message):
[0.387s]   Package 'rcutils' exports library 'dl' which couldn't be found
[0.387s] Call Stack (most recent call first):
[0.387s]   /opt/ros/foxy/share/rcutils/cmake/rcutilsConfig.cmake:41 (include)
[0.387s]   /opt/ros/foxy/share/rosidl_runtime_c/cmake/ament_cmake_export_dependencies-extras.cmake:21 (find_package)
[0.387s]   /opt/ros/foxy/share/rosidl_runtime_c/cmake/rosidl_runtime_cConfig.cmake:41 (include)
[0.388s]   /opt/ros/foxy/share/builtin_interfaces/cmake/ament_cmake_export_dependencies-extras.cmake:21 (find_package)
[0.388s]   /opt/ros/foxy/share/builtin_interfaces/cmake/builtin_interfacesConfig.cmake:41 (include)
[0.388s]   /opt/ros/foxy/share/std_msgs/cmake/ament_cmake_export_dependencies-extras.cmake:21 (find_package)
[0.388s]   /opt/ros/foxy/share/std_msgs/cmake/std_msgsConfig.cmake:41 (include)
[0.388s]   /opt/ros/foxy/share/geometry_msgs/cmake/ament_cmake_export_dependencies-extras.cmake:21 (find_package)
[0.388s]   /opt/ros/foxy/share/geometry_msgs/cmake/geometry_msgsConfig.cmake:41 (include)
[0.389s]   CMakeLists.txt:2 (find_package)
[0.389s] 
[0.389s] 
[0.410s] -- Using all available rosidl_typesupport_c: rosidl_typesupport_fastrtps_c;rosidl_typesupport_introspection_c
[0.413s] -- Found rosidl_adapter: 1.3.1 (/opt/ros/foxy/share/rosidl_adapter/cmake)
[0.543s] -- Using all available rosidl_typesupport_cpp: rosidl_typesupport_fastrtps_cpp;rosidl_typesupport_introspection_cpp
[0.722s] -- Found rosidl_default_generators: 1.0.1 (/opt/ros/foxy/share/rosidl_default_generators/cmake)
[0.792s] -- Found PythonInterp: /usr/bin/python3 (found version "3.8.10") 
[0.998s] CMake Error at /opt/ros/foxy/share/ament_cmake_core/cmake/core/ament_package_xml.cmake:53 (message):
[0.998s]   ament_package_xml() package name 'tutorial_interfaces' in '/package.xml'
[0.998s]   does not match current PROJECT_NAME 'ament_cmake_internal'.  You must call
[0.998s]   project() with the same package name before.
[0.999s] Call Stack (most recent call first):
[0.999s]   /opt/ros/foxy/share/rosidl_cmake/cmake/rosidl_generate_interfaces.cmake:226 (ament_package_xml)
[0.999s]   CMakeLists.txt:5 (rosidl_generate_interfaces)
[0.999s] 
[0.999s] 
[1.000s] -- Configuring incomplete, errors occurred!
[1.000s] See also "/home/orhan/ros2_ws/build/tutorial_interfaces/CMakeFiles/CMakeOutput.log".
[1.007s] Invoked command in '/home/orhan/ros2_ws/build/tutorial_interfaces' returned '1': CMAKE_PREFIX_PATH=${CMAKE_PREFIX_PATH}:/home/orhan/ros2_ws/install/py_srvcli:/home/orhan/ros2_ws/install/iki:/home/orhan/ros2_ws/install/first_package:/home/orhan/ros2_ws/install/examples_rclpy_minimal_subscriber:/home/orhan/ros2_ws/install/examples_rclpy_minimal_service:/home/orhan/ros2_ws/install/examples_rclpy_minimal_publisher:/home/orhan/ros2_ws/install/examples_rclpy_minimal_client:/home/orhan/ros2_ws/install/examples_rclpy_minimal_action_server:/home/orhan/ros2_ws/install/examples_rclpy_minimal_action_client:/home/orhan/ros2_ws/install/examples_rclpy_executors:/home/orhan/ros2_ws/install/cift_sayi:/opt/ros/foxy /usr/bin/cmake /home/orhan/ros2_ws/src/tutorial_interfaces -DCMAKE_INSTALL_PREFIX=/home/orhan/ros2_ws/install/tutorial_interfaces
