[0.274s] DEBUG:colcon:Command line arguments: ['/usr/bin/colcon', 'build', '--packages-select', 'cift_sayi']
[0.275s] DEBUG:colcon:Parsed command line arguments: Namespace(allow_overriding=[], ament_cmake_args=None, base_paths=['.'], build_base='build', catkin_cmake_args=None, catkin_skip_building_tests=False, cmake_args=None, cmake_clean_cache=False, cmake_clean_first=False, cmake_force_configure=False, cmake_target=None, cmake_target_skip_unavailable=False, continue_on_error=False, event_handlers=None, executor='parallel', ignore_user_meta=False, install_base='install', log_base=None, log_level=None, main=<bound method BuildVerb.main of <colcon_core.verb.build.BuildVerb object at 0x7fce3e24a400>>, merge_install=False, metas=['./colcon.meta'], mixin=None, mixin_files=None, mixin_verb=('build',), packages_above=None, packages_above_and_dependencies=None, packages_above_depth=None, packages_end=None, packages_ignore=None, packages_ignore_regex=None, packages_select=['cift_sayi'], packages_select_build_failed=False, packages_select_by_dep=None, packages_select_regex=None, packages_select_test_failures=False, packages_skip=None, packages_skip_build_finished=False, packages_skip_by_dep=None, packages_skip_regex=None, packages_skip_test_passed=False, packages_skip_up_to=None, packages_start=None, packages_up_to=None, packages_up_to_regex=None, parallel_workers=4, paths=None, symlink_install=False, test_result_base=None, verb_extension=<colcon_core.verb.build.BuildVerb object at 0x7fce3e24a400>, verb_name='build', verb_parser=<colcon_mixin.mixin.mixin_argument.MixinArgumentDecorator object at 0x7fce3e24ab80>)
[0.514s] Level 1:colcon.colcon_core.package_discovery:discover_packages(colcon_meta) check parameters
[0.514s] Level 1:colcon.colcon_core.package_discovery:discover_packages(recursive) check parameters
[0.514s] Level 1:colcon.colcon_core.package_discovery:discover_packages(ignore) check parameters
[0.514s] Level 1:colcon.colcon_core.package_discovery:discover_packages(path) check parameters
[0.514s] Level 1:colcon.colcon_core.package_discovery:discover_packages(colcon_meta) discover
[0.514s] Level 1:colcon.colcon_core.package_discovery:discover_packages(recursive) discover
[0.514s] INFO:colcon.colcon_core.package_discovery:Crawling recursively for packages in '/home/orhan/ros2_ws'
[0.515s] Level 1:colcon.colcon_core.package_identification:_identify(.) by extensions ['ignore', 'ignore_ament_install']
[0.515s] Level 1:colcon.colcon_core.package_identification:_identify(.) by extension 'ignore'
[0.515s] Level 1:colcon.colcon_core.package_identification:_identify(.) by extension 'ignore_ament_install'
[0.515s] Level 1:colcon.colcon_core.package_identification:_identify(.) by extensions ['colcon_pkg']
[0.515s] Level 1:colcon.colcon_core.package_identification:_identify(.) by extension 'colcon_pkg'
[0.516s] Level 1:colcon.colcon_core.package_identification:_identify(.) by extensions ['colcon_meta']
[0.516s] Level 1:colcon.colcon_core.package_identification:_identify(.) by extension 'colcon_meta'
[0.516s] Level 1:colcon.colcon_core.package_identification:_identify(.) by extensions ['ros']
[0.516s] Level 1:colcon.colcon_core.package_identification:_identify(.) by extension 'ros'
[0.532s] Level 1:colcon.colcon_core.package_identification:_identify(.) by extensions ['cmake', 'python']
[0.532s] Level 1:colcon.colcon_core.package_identification:_identify(.) by extension 'cmake'
[0.532s] Level 1:colcon.colcon_core.package_identification:_identify(.) by extension 'python'
[0.532s] Level 1:colcon.colcon_core.package_identification:_identify(.) by extensions ['python_setup_py']
[0.532s] Level 1:colcon.colcon_core.package_identification:_identify(.) by extension 'python_setup_py'
[0.532s] Level 1:colcon.colcon_core.package_identification:_identify(build) by extensions ['ignore', 'ignore_ament_install']
[0.532s] Level 1:colcon.colcon_core.package_identification:_identify(build) by extension 'ignore'
[0.532s] Level 1:colcon.colcon_core.package_identification:_identify(build) ignored
[0.533s] Level 1:colcon.colcon_core.package_identification:_identify(install) by extensions ['ignore', 'ignore_ament_install']
[0.533s] Level 1:colcon.colcon_core.package_identification:_identify(install) by extension 'ignore'
[0.533s] Level 1:colcon.colcon_core.package_identification:_identify(install) ignored
[0.533s] Level 1:colcon.colcon_core.package_identification:_identify(log) by extensions ['ignore', 'ignore_ament_install']
[0.533s] Level 1:colcon.colcon_core.package_identification:_identify(log) by extension 'ignore'
[0.533s] Level 1:colcon.colcon_core.package_identification:_identify(log) ignored
[0.533s] Level 1:colcon.colcon_core.package_identification:_identify(src) by extensions ['ignore', 'ignore_ament_install']
[0.534s] Level 1:colcon.colcon_core.package_identification:_identify(src) by extension 'ignore'
[0.534s] Level 1:colcon.colcon_core.package_identification:_identify(src) by extension 'ignore_ament_install'
[0.534s] Level 1:colcon.colcon_core.package_identification:_identify(src) by extensions ['colcon_pkg']
[0.534s] Level 1:colcon.colcon_core.package_identification:_identify(src) by extension 'colcon_pkg'
[0.534s] Level 1:colcon.colcon_core.package_identification:_identify(src) by extensions ['colcon_meta']
[0.534s] Level 1:colcon.colcon_core.package_identification:_identify(src) by extension 'colcon_meta'
[0.534s] Level 1:colcon.colcon_core.package_identification:_identify(src) by extensions ['ros']
[0.534s] Level 1:colcon.colcon_core.package_identification:_identify(src) by extension 'ros'
[0.534s] Level 1:colcon.colcon_core.package_identification:_identify(src) by extensions ['cmake', 'python']
[0.534s] Level 1:colcon.colcon_core.package_identification:_identify(src) by extension 'cmake'
[0.534s] Level 1:colcon.colcon_core.package_identification:_identify(src) by extension 'python'
[0.534s] Level 1:colcon.colcon_core.package_identification:_identify(src) by extensions ['python_setup_py']
[0.534s] Level 1:colcon.colcon_core.package_identification:_identify(src) by extension 'python_setup_py'
[0.535s] Level 1:colcon.colcon_core.package_identification:_identify(src/bringup) by extensions ['ignore', 'ignore_ament_install']
[0.535s] Level 1:colcon.colcon_core.package_identification:_identify(src/bringup) by extension 'ignore'
[0.535s] Level 1:colcon.colcon_core.package_identification:_identify(src/bringup) by extension 'ignore_ament_install'
[0.535s] Level 1:colcon.colcon_core.package_identification:_identify(src/bringup) by extensions ['colcon_pkg']
[0.535s] Level 1:colcon.colcon_core.package_identification:_identify(src/bringup) by extension 'colcon_pkg'
[0.535s] Level 1:colcon.colcon_core.package_identification:_identify(src/bringup) by extensions ['colcon_meta']
[0.535s] Level 1:colcon.colcon_core.package_identification:_identify(src/bringup) by extension 'colcon_meta'
[0.535s] Level 1:colcon.colcon_core.package_identification:_identify(src/bringup) by extensions ['ros']
[0.535s] Level 1:colcon.colcon_core.package_identification:_identify(src/bringup) by extension 'ros'
[0.541s] DEBUG:colcon.colcon_core.package_identification:Package 'src/bringup' with type 'ros.ament_cmake' and name 'bringup'
[0.541s] Level 1:colcon.colcon_core.package_identification:_identify(src/cift_sayi) by extensions ['ignore', 'ignore_ament_install']
[0.541s] Level 1:colcon.colcon_core.package_identification:_identify(src/cift_sayi) by extension 'ignore'
[0.541s] Level 1:colcon.colcon_core.package_identification:_identify(src/cift_sayi) by extension 'ignore_ament_install'
[0.541s] Level 1:colcon.colcon_core.package_identification:_identify(src/cift_sayi) by extensions ['colcon_pkg']
[0.541s] Level 1:colcon.colcon_core.package_identification:_identify(src/cift_sayi) by extension 'colcon_pkg'
[0.542s] Level 1:colcon.colcon_core.package_identification:_identify(src/cift_sayi) by extensions ['colcon_meta']
[0.542s] Level 1:colcon.colcon_core.package_identification:_identify(src/cift_sayi) by extension 'colcon_meta'
[0.542s] Level 1:colcon.colcon_core.package_identification:_identify(src/cift_sayi) by extensions ['ros']
[0.542s] Level 1:colcon.colcon_core.package_identification:_identify(src/cift_sayi) by extension 'ros'
[0.542s] DEBUG:colcon.colcon_core.package_identification:Package 'src/cift_sayi' with type 'ros.ament_python' and name 'cift_sayi'
[0.543s] Level 1:colcon.colcon_core.package_identification:_identify(src/custom_interfaces) by extensions ['ignore', 'ignore_ament_install']
[0.543s] Level 1:colcon.colcon_core.package_identification:_identify(src/custom_interfaces) by extension 'ignore'
[0.543s] Level 1:colcon.colcon_core.package_identification:_identify(src/custom_interfaces) by extension 'ignore_ament_install'
[0.543s] Level 1:colcon.colcon_core.package_identification:_identify(src/custom_interfaces) by extensions ['colcon_pkg']
[0.543s] Level 1:colcon.colcon_core.package_identification:_identify(src/custom_interfaces) by extension 'colcon_pkg'
[0.543s] Level 1:colcon.colcon_core.package_identification:_identify(src/custom_interfaces) by extensions ['colcon_meta']
[0.543s] Level 1:colcon.colcon_core.package_identification:_identify(src/custom_interfaces) by extension 'colcon_meta'
[0.543s] Level 1:colcon.colcon_core.package_identification:_identify(src/custom_interfaces) by extensions ['ros']
[0.543s] Level 1:colcon.colcon_core.package_identification:_identify(src/custom_interfaces) by extension 'ros'
[0.544s] DEBUG:colcon.colcon_core.package_identification:Package 'src/custom_interfaces' with type 'ros.ament_cmake' and name 'custom_interfaces'
[0.544s] Level 1:colcon.colcon_core.package_identification:_identify(src/ros_tutorials) by extensions ['ignore', 'ignore_ament_install']
[0.544s] Level 1:colcon.colcon_core.package_identification:_identify(src/ros_tutorials) by extension 'ignore'
[0.545s] Level 1:colcon.colcon_core.package_identification:_identify(src/ros_tutorials) by extension 'ignore_ament_install'
[0.545s] Level 1:colcon.colcon_core.package_identification:_identify(src/ros_tutorials) by extensions ['colcon_pkg']
[0.545s] Level 1:colcon.colcon_core.package_identification:_identify(src/ros_tutorials) by extension 'colcon_pkg'
[0.545s] Level 1:colcon.colcon_core.package_identification:_identify(src/ros_tutorials) by extensions ['colcon_meta']
[0.545s] Level 1:colcon.colcon_core.package_identification:_identify(src/ros_tutorials) by extension 'colcon_meta'
[0.545s] Level 1:colcon.colcon_core.package_identification:_identify(src/ros_tutorials) by extensions ['ros']
[0.545s] Level 1:colcon.colcon_core.package_identification:_identify(src/ros_tutorials) by extension 'ros'
[0.545s] Level 1:colcon.colcon_core.package_identification:_identify(src/ros_tutorials) by extensions ['cmake', 'python']
[0.545s] Level 1:colcon.colcon_core.package_identification:_identify(src/ros_tutorials) by extension 'cmake'
[0.545s] Level 1:colcon.colcon_core.package_identification:_identify(src/ros_tutorials) by extension 'python'
[0.545s] Level 1:colcon.colcon_core.package_identification:_identify(src/ros_tutorials) by extensions ['python_setup_py']
[0.545s] Level 1:colcon.colcon_core.package_identification:_identify(src/ros_tutorials) by extension 'python_setup_py'
[0.545s] Level 1:colcon.colcon_core.package_identification:_identify(src/ros_tutorials/ros_tutorials) by extensions ['ignore', 'ignore_ament_install']
[0.546s] Level 1:colcon.colcon_core.package_identification:_identify(src/ros_tutorials/ros_tutorials) by extension 'ignore'
[0.546s] Level 1:colcon.colcon_core.package_identification:_identify(src/ros_tutorials/ros_tutorials) ignored
[0.546s] Level 1:colcon.colcon_core.package_identification:_identify(src/ros_tutorials/roscpp_tutorials) by extensions ['ignore', 'ignore_ament_install']
[0.546s] Level 1:colcon.colcon_core.package_identification:_identify(src/ros_tutorials/roscpp_tutorials) by extension 'ignore'
[0.546s] Level 1:colcon.colcon_core.package_identification:_identify(src/ros_tutorials/roscpp_tutorials) ignored
[0.546s] Level 1:colcon.colcon_core.package_identification:_identify(src/ros_tutorials/turtlesim) by extensions ['ignore', 'ignore_ament_install']
[0.546s] Level 1:colcon.colcon_core.package_identification:_identify(src/ros_tutorials/turtlesim) by extension 'ignore'
[0.546s] Level 1:colcon.colcon_core.package_identification:_identify(src/ros_tutorials/turtlesim) by extension 'ignore_ament_install'
[0.546s] Level 1:colcon.colcon_core.package_identification:_identify(src/ros_tutorials/turtlesim) by extensions ['colcon_pkg']
[0.546s] Level 1:colcon.colcon_core.package_identification:_identify(src/ros_tutorials/turtlesim) by extension 'colcon_pkg'
[0.547s] Level 1:colcon.colcon_core.package_identification:_identify(src/ros_tutorials/turtlesim) by extensions ['colcon_meta']
[0.547s] Level 1:colcon.colcon_core.package_identification:_identify(src/ros_tutorials/turtlesim) by extension 'colcon_meta'
[0.547s] Level 1:colcon.colcon_core.package_identification:_identify(src/ros_tutorials/turtlesim) by extensions ['ros']
[0.547s] Level 1:colcon.colcon_core.package_identification:_identify(src/ros_tutorials/turtlesim) by extension 'ros'
[0.548s] DEBUG:colcon.colcon_core.package_identification:Package 'src/ros_tutorials/turtlesim' with type 'ros.ament_cmake' and name 'turtlesim'
[0.549s] Level 1:colcon.colcon_core.package_identification:_identify(src/triangle) by extensions ['ignore', 'ignore_ament_install']
[0.549s] Level 1:colcon.colcon_core.package_identification:_identify(src/triangle) by extension 'ignore'
[0.549s] Level 1:colcon.colcon_core.package_identification:_identify(src/triangle) by extension 'ignore_ament_install'
[0.549s] Level 1:colcon.colcon_core.package_identification:_identify(src/triangle) by extensions ['colcon_pkg']
[0.549s] Level 1:colcon.colcon_core.package_identification:_identify(src/triangle) by extension 'colcon_pkg'
[0.549s] Level 1:colcon.colcon_core.package_identification:_identify(src/triangle) by extensions ['colcon_meta']
[0.549s] Level 1:colcon.colcon_core.package_identification:_identify(src/triangle) by extension 'colcon_meta'
[0.549s] Level 1:colcon.colcon_core.package_identification:_identify(src/triangle) by extensions ['ros']
[0.549s] Level 1:colcon.colcon_core.package_identification:_identify(src/triangle) by extension 'ros'
[0.562s] DEBUG:colcon.colcon_core.package_identification:Package 'src/triangle' with type 'ros.ament_python' and name 'triangle'
[0.562s] Level 1:colcon.colcon_core.package_discovery:discover_packages(recursive) using defaults
[0.562s] Level 1:colcon.colcon_core.package_discovery:discover_packages(ignore) discover
[0.562s] Level 1:colcon.colcon_core.package_discovery:discover_packages(ignore) using defaults
[0.562s] Level 1:colcon.colcon_core.package_discovery:discover_packages(path) discover
[0.562s] Level 1:colcon.colcon_core.package_discovery:discover_packages(path) using defaults
[0.584s] INFO:colcon.colcon_core.package_selection:Skipping not selected package 'custom_interfaces' in 'src/custom_interfaces'
[0.584s] INFO:colcon.colcon_core.package_selection:Skipping not selected package 'turtlesim' in 'src/ros_tutorials/turtlesim'
[0.584s] INFO:colcon.colcon_core.package_selection:Skipping not selected package 'triangle' in 'src/triangle'
[0.584s] INFO:colcon.colcon_core.package_selection:Skipping not selected package 'bringup' in 'src/bringup'
[0.585s] Level 1:colcon.colcon_core.package_discovery:discover_packages(prefix_path) check parameters
[0.585s] Level 1:colcon.colcon_core.package_discovery:discover_packages(prefix_path) discover
[0.588s] DEBUG:colcon.colcon_installed_package_information.package_discovery:Found 5 installed packages in /home/orhan/udemy_ros/install
[0.589s] DEBUG:colcon.colcon_installed_package_information.package_discovery:Found 263 installed packages in /opt/ros/foxy
[0.591s] Level 1:colcon.colcon_core.package_discovery:discover_packages(prefix_path) using defaults
[0.679s] Level 5:colcon.colcon_core.verb:set package 'cift_sayi' build argument 'cmake_args' from command line to 'None'
[0.679s] Level 5:colcon.colcon_core.verb:set package 'cift_sayi' build argument 'cmake_target' from command line to 'None'
[0.679s] Level 5:colcon.colcon_core.verb:set package 'cift_sayi' build argument 'cmake_target_skip_unavailable' from command line to 'False'
[0.679s] Level 5:colcon.colcon_core.verb:set package 'cift_sayi' build argument 'cmake_clean_cache' from command line to 'False'
[0.679s] Level 5:colcon.colcon_core.verb:set package 'cift_sayi' build argument 'cmake_clean_first' from command line to 'False'
[0.679s] Level 5:colcon.colcon_core.verb:set package 'cift_sayi' build argument 'cmake_force_configure' from command line to 'False'
[0.679s] Level 5:colcon.colcon_core.verb:set package 'cift_sayi' build argument 'ament_cmake_args' from command line to 'None'
[0.679s] Level 5:colcon.colcon_core.verb:set package 'cift_sayi' build argument 'catkin_cmake_args' from command line to 'None'
[0.679s] Level 5:colcon.colcon_core.verb:set package 'cift_sayi' build argument 'catkin_skip_building_tests' from command line to 'False'
[0.679s] DEBUG:colcon.colcon_core.verb:Building package 'cift_sayi' with the following arguments: {'ament_cmake_args': None, 'build_base': '/home/orhan/ros2_ws/build/cift_sayi', 'catkin_cmake_args': None, 'catkin_skip_building_tests': False, 'cmake_args': None, 'cmake_clean_cache': False, 'cmake_clean_first': False, 'cmake_force_configure': False, 'cmake_target': None, 'cmake_target_skip_unavailable': False, 'install_base': '/home/orhan/ros2_ws/install/cift_sayi', 'merge_install': False, 'path': '/home/orhan/ros2_ws/src/cift_sayi', 'symlink_install': False, 'test_result_base': None}
[0.680s] INFO:colcon.colcon_core.executor:Executing jobs using 'parallel' executor
[0.681s] DEBUG:colcon.colcon_parallel_executor.executor.parallel:run_until_complete
[0.681s] INFO:colcon.colcon_ros.task.ament_python.build:Building ROS package in '/home/orhan/ros2_ws/src/cift_sayi' with build type 'ament_python'
[0.681s] Level 1:colcon.colcon_core.shell:create_environment_hook('cift_sayi', 'ament_prefix_path')
[0.685s] INFO:colcon.colcon_core.plugin_system:Skipping extension 'colcon_core.shell.bat': Not used on non-Windows systems
[0.685s] INFO:colcon.colcon_core.shell:Creating environment hook '/home/orhan/ros2_ws/install/cift_sayi/share/cift_sayi/hook/ament_prefix_path.ps1'
[0.686s] INFO:colcon.colcon_core.shell:Creating environment descriptor '/home/orhan/ros2_ws/install/cift_sayi/share/cift_sayi/hook/ament_prefix_path.dsv'
[0.687s] INFO:colcon.colcon_core.shell:Creating environment hook '/home/orhan/ros2_ws/install/cift_sayi/share/cift_sayi/hook/ament_prefix_path.sh'
[0.688s] INFO:colcon.colcon_core.shell:Skip shell extension 'powershell' for command environment: Not usable outside of PowerShell
[0.688s] DEBUG:colcon.colcon_core.shell:Skip shell extension 'dsv' for command environment
[1.065s] INFO:colcon.colcon_core.task.python.build:Building Python package in '/home/orhan/ros2_ws/src/cift_sayi'
[1.065s] INFO:colcon.colcon_core.shell:Skip shell extension 'powershell' for command environment: Not usable outside of PowerShell
[1.065s] DEBUG:colcon.colcon_core.shell:Skip shell extension 'dsv' for command environment
[1.660s] DEBUG:colcon.colcon_core.event_handler.log_command:Invoking command in '/home/orhan/ros2_ws/src/cift_sayi': PYTHONPATH=/home/orhan/ros2_ws/build/cift_sayi/prefix_override:/usr/lib/python3/dist-packages/colcon_core/task/python/colcon_distutils_commands:/home/orhan/ros2_ws/install/cift_sayi/lib/python3.8/site-packages:${PYTHONPATH} /usr/bin/python3 -W ignore:setup.py install is deprecated -W ignore:easy_install command is deprecated setup.py egg_info --egg-base ../../build/cift_sayi build --build-base /home/orhan/ros2_ws/build/cift_sayi/build install --record /home/orhan/ros2_ws/build/cift_sayi/install.log --install-scripts $base/lib/cift_sayi --single-version-externally-managed install_data
[2.113s] DEBUG:colcon.colcon_core.event_handler.log_command:Invoked command in '/home/orhan/ros2_ws/src/cift_sayi' returned '0': PYTHONPATH=/home/orhan/ros2_ws/build/cift_sayi/prefix_override:/usr/lib/python3/dist-packages/colcon_core/task/python/colcon_distutils_commands:/home/orhan/ros2_ws/install/cift_sayi/lib/python3.8/site-packages:${PYTHONPATH} /usr/bin/python3 -W ignore:setup.py install is deprecated -W ignore:easy_install command is deprecated setup.py egg_info --egg-base ../../build/cift_sayi build --build-base /home/orhan/ros2_ws/build/cift_sayi/build install --record /home/orhan/ros2_ws/build/cift_sayi/install.log --install-scripts $base/lib/cift_sayi --single-version-externally-managed install_data
[2.116s] Level 1:colcon.colcon_core.environment:checking '/home/orhan/ros2_ws/install/cift_sayi' for CMake module files
[2.117s] Level 1:colcon.colcon_core.environment:checking '/home/orhan/ros2_ws/install/cift_sayi' for CMake config files
[2.120s] Level 1:colcon.colcon_core.environment:checking '/home/orhan/ros2_ws/install/cift_sayi/lib'
[2.120s] Level 1:colcon.colcon_core.environment:checking '/home/orhan/ros2_ws/install/cift_sayi/bin'
[2.120s] Level 1:colcon.colcon_core.environment:checking '/home/orhan/ros2_ws/install/cift_sayi/lib/pkgconfig/cift_sayi.pc'
[2.121s] Level 1:colcon.colcon_core.environment:checking '/home/orhan/ros2_ws/install/cift_sayi/lib/python3.8/site-packages'
[2.121s] Level 1:colcon.colcon_core.shell:create_environment_hook('cift_sayi', 'pythonpath')
[2.122s] INFO:colcon.colcon_core.shell:Creating environment hook '/home/orhan/ros2_ws/install/cift_sayi/share/cift_sayi/hook/pythonpath.ps1'
[2.123s] INFO:colcon.colcon_core.shell:Creating environment descriptor '/home/orhan/ros2_ws/install/cift_sayi/share/cift_sayi/hook/pythonpath.dsv'
[2.123s] INFO:colcon.colcon_core.shell:Creating environment hook '/home/orhan/ros2_ws/install/cift_sayi/share/cift_sayi/hook/pythonpath.sh'
[2.124s] Level 1:colcon.colcon_core.environment:checking '/home/orhan/ros2_ws/install/cift_sayi/bin'
[2.125s] Level 1:colcon.colcon_core.environment:create_environment_scripts_only(cift_sayi)
[2.125s] INFO:colcon.colcon_core.shell:Creating package script '/home/orhan/ros2_ws/install/cift_sayi/share/cift_sayi/package.ps1'
[2.127s] INFO:colcon.colcon_core.shell:Creating package descriptor '/home/orhan/ros2_ws/install/cift_sayi/share/cift_sayi/package.dsv'
[2.128s] INFO:colcon.colcon_core.shell:Creating package script '/home/orhan/ros2_ws/install/cift_sayi/share/cift_sayi/package.sh'
[2.129s] INFO:colcon.colcon_core.shell:Creating package script '/home/orhan/ros2_ws/install/cift_sayi/share/cift_sayi/package.bash'
[2.131s] INFO:colcon.colcon_core.shell:Creating package script '/home/orhan/ros2_ws/install/cift_sayi/share/cift_sayi/package.zsh'
[2.132s] Level 1:colcon.colcon_core.environment:create_file_with_runtime_dependencies(/home/orhan/ros2_ws/install/cift_sayi/share/colcon-core/packages/cift_sayi)
[2.132s] DEBUG:colcon.colcon_parallel_executor.executor.parallel:closing loop
[2.133s] DEBUG:colcon.colcon_parallel_executor.executor.parallel:loop closed
[2.133s] DEBUG:colcon.colcon_parallel_executor.executor.parallel:run_until_complete finished with '0'
[2.133s] DEBUG:colcon.colcon_core.event_reactor:joining thread
[2.143s] INFO:colcon.colcon_core.plugin_system:Skipping extension 'colcon_notification.desktop_notification.terminal_notifier': Not used on non-Darwin systems
[2.143s] INFO:colcon.colcon_core.plugin_system:Skipping extension 'colcon_notification.desktop_notification.win32': Not used on non-Windows systems
[2.144s] INFO:colcon.colcon_notification.desktop_notification:Sending desktop notification using 'notify2'
[2.163s] DEBUG:colcon.colcon_core.event_reactor:joined thread
[2.164s] INFO:colcon.colcon_core.shell:Creating prefix script '/home/orhan/ros2_ws/install/local_setup.ps1'
[2.165s] INFO:colcon.colcon_core.shell:Creating prefix util module '/home/orhan/ros2_ws/install/_local_setup_util_ps1.py'
[2.167s] INFO:colcon.colcon_core.shell:Creating prefix chain script '/home/orhan/ros2_ws/install/setup.ps1'
[2.169s] INFO:colcon.colcon_core.shell:Creating prefix script '/home/orhan/ros2_ws/install/local_setup.sh'
[2.172s] INFO:colcon.colcon_core.shell:Creating prefix util module '/home/orhan/ros2_ws/install/_local_setup_util_sh.py'
[2.173s] INFO:colcon.colcon_core.shell:Creating prefix chain script '/home/orhan/ros2_ws/install/setup.sh'
[2.175s] INFO:colcon.colcon_core.shell:Creating prefix script '/home/orhan/ros2_ws/install/local_setup.bash'
[2.176s] INFO:colcon.colcon_core.shell:Creating prefix chain script '/home/orhan/ros2_ws/install/setup.bash'
[2.178s] INFO:colcon.colcon_core.shell:Creating prefix script '/home/orhan/ros2_ws/install/local_setup.zsh'
[2.179s] INFO:colcon.colcon_core.shell:Creating prefix chain script '/home/orhan/ros2_ws/install/setup.zsh'
