[2.013s] Invoking command in '/home/orhan/ros2_ws/src/cift_sayi': PYTHONPATH=/home/orhan/ros2_ws/build/cift_sayi/prefix_override:/usr/lib/python3/dist-packages/colcon_core/task/python/colcon_distutils_commands:/home/orhan/ros2_ws/install/cift_sayi/lib/python3.8/site-packages:${PYTHONPATH} /usr/bin/python3 -W ignore:setup.py install is deprecated -W ignore:easy_install command is deprecated setup.py egg_info --egg-base ../../build/cift_sayi build --build-base /home/orhan/ros2_ws/build/cift_sayi/build install --record /home/orhan/ros2_ws/build/cift_sayi/install.log --install-scripts $base/lib/cift_sayi --single-version-externally-managed install_data
[2.811s] running egg_info
[2.812s] writing ../../build/cift_sayi/cift_sayi.egg-info/PKG-INFO
[2.813s] writing dependency_links to ../../build/cift_sayi/cift_sayi.egg-info/dependency_links.txt
[2.813s] writing entry points to ../../build/cift_sayi/cift_sayi.egg-info/entry_points.txt
[2.815s] writing requirements to ../../build/cift_sayi/cift_sayi.egg-info/requires.txt
[2.816s] writing top-level names to ../../build/cift_sayi/cift_sayi.egg-info/top_level.txt
[2.907s] reading manifest file '../../build/cift_sayi/cift_sayi.egg-info/SOURCES.txt'
[2.909s] writing manifest file '../../build/cift_sayi/cift_sayi.egg-info/SOURCES.txt'
[2.910s] running build
[2.911s] running build_py
[2.911s] running install
[2.913s] running install_lib
[2.919s] running install_data
[2.921s] running install_egg_info
[2.934s] removing '/home/orhan/ros2_ws/install/cift_sayi/lib/python3.8/site-packages/cift_sayi-0.0.0-py3.8.egg-info' (and everything under it)
[2.934s] Copying ../../build/cift_sayi/cift_sayi.egg-info to /home/orhan/ros2_ws/install/cift_sayi/lib/python3.8/site-packages/cift_sayi-0.0.0-py3.8.egg-info
[2.941s] running install_scripts
[3.011s] Installing listener script to /home/orhan/ros2_ws/install/cift_sayi/lib/cift_sayi
[3.012s] Installing talker script to /home/orhan/ros2_ws/install/cift_sayi/lib/cift_sayi
[3.012s] writing list of installed files to '/home/orhan/ros2_ws/build/cift_sayi/install.log'
[3.102s] Invoked command in '/home/orhan/ros2_ws/src/cift_sayi' returned '0': PYTHONPATH=/home/orhan/ros2_ws/build/cift_sayi/prefix_override:/usr/lib/python3/dist-packages/colcon_core/task/python/colcon_distutils_commands:/home/orhan/ros2_ws/install/cift_sayi/lib/python3.8/site-packages:${PYTHONPATH} /usr/bin/python3 -W ignore:setup.py install is deprecated -W ignore:easy_install command is deprecated setup.py egg_info --egg-base ../../build/cift_sayi build --build-base /home/orhan/ros2_ws/build/cift_sayi/build install --record /home/orhan/ros2_ws/build/cift_sayi/install.log --install-scripts $base/lib/cift_sayi --single-version-externally-managed install_data
