running egg_info
creating ../../build/cift_sayi/cift_sayi.egg-info
writing ../../build/cift_sayi/cift_sayi.egg-info/PKG-INFO
writing dependency_links to ../../build/cift_sayi/cift_sayi.egg-info/dependency_links.txt
writing entry points to ../../build/cift_sayi/cift_sayi.egg-info/entry_points.txt
writing requirements to ../../build/cift_sayi/cift_sayi.egg-info/requires.txt
writing top-level names to ../../build/cift_sayi/cift_sayi.egg-info/top_level.txt
writing manifest file '../../build/cift_sayi/cift_sayi.egg-info/SOURCES.txt'
reading manifest file '../../build/cift_sayi/cift_sayi.egg-info/SOURCES.txt'
writing manifest file '../../build/cift_sayi/cift_sayi.egg-info/SOURCES.txt'
running build
running build_py
creating /home/orhan/ros2_ws/build/cift_sayi/build
creating /home/orhan/ros2_ws/build/cift_sayi/build/lib
creating /home/orhan/ros2_ws/build/cift_sayi/build/lib/cift_sayi
copying cift_sayi/__init__.py -> /home/orhan/ros2_ws/build/cift_sayi/build/lib/cift_sayi
running install
running install_lib
creating /home/orhan/ros2_ws/install/cift_sayi/lib/python3.8/site-packages/cift_sayi
copying /home/orhan/ros2_ws/build/cift_sayi/build/lib/cift_sayi/__init__.py -> /home/orhan/ros2_ws/install/cift_sayi/lib/python3.8/site-packages/cift_sayi
byte-compiling /home/orhan/ros2_ws/install/cift_sayi/lib/python3.8/site-packages/cift_sayi/__init__.py to __init__.cpython-38.pyc
running install_data
creating /home/orhan/ros2_ws/install/cift_sayi/share/ament_index
creating /home/orhan/ros2_ws/install/cift_sayi/share/ament_index/resource_index
creating /home/orhan/ros2_ws/install/cift_sayi/share/ament_index/resource_index/packages
copying resource/cift_sayi -> /home/orhan/ros2_ws/install/cift_sayi/share/ament_index/resource_index/packages
copying package.xml -> /home/orhan/ros2_ws/install/cift_sayi/share/cift_sayi
running install_egg_info
Copying ../../build/cift_sayi/cift_sayi.egg-info to /home/orhan/ros2_ws/install/cift_sayi/lib/python3.8/site-packages/cift_sayi-0.0.0-py3.8.egg-info
running install_scripts
writing list of installed files to '/home/orhan/ros2_ws/build/cift_sayi/install.log'
