[1.488s] Invoking command in '/home/orhan/ros2_ws/src/cift_sayi': PYTHONPATH=/home/orhan/ros2_ws/build/cift_sayi/prefix_override:/usr/lib/python3/dist-packages/colcon_core/task/python/colcon_distutils_commands:/home/orhan/ros2_ws/install/cift_sayi/lib/python3.8/site-packages:${PYTHONPATH} /usr/bin/python3 -W ignore:setup.py install is deprecated setup.py egg_info --egg-base ../../build/cift_sayi build --build-base /home/orhan/ros2_ws/build/cift_sayi/build install --record /home/orhan/ros2_ws/build/cift_sayi/install.log --install-scripts $base/lib/cift_sayi --single-version-externally-managed install_data
[2.093s] running egg_info
[2.094s] creating ../../build/cift_sayi/cift_sayi.egg-info
[2.095s] writing ../../build/cift_sayi/cift_sayi.egg-info/PKG-INFO
[2.096s] writing dependency_links to ../../build/cift_sayi/cift_sayi.egg-info/dependency_links.txt
[2.097s] writing entry points to ../../build/cift_sayi/cift_sayi.egg-info/entry_points.txt
[2.097s] writing requirements to ../../build/cift_sayi/cift_sayi.egg-info/requires.txt
[2.097s] writing top-level names to ../../build/cift_sayi/cift_sayi.egg-info/top_level.txt
[2.105s] writing manifest file '../../build/cift_sayi/cift_sayi.egg-info/SOURCES.txt'
[2.154s] reading manifest file '../../build/cift_sayi/cift_sayi.egg-info/SOURCES.txt'
[2.155s] writing manifest file '../../build/cift_sayi/cift_sayi.egg-info/SOURCES.txt'
[2.156s] running build
[2.156s] running build_py
[2.156s] creating /home/orhan/ros2_ws/build/cift_sayi/build
[2.157s] creating /home/orhan/ros2_ws/build/cift_sayi/build/lib
[2.157s] creating /home/orhan/ros2_ws/build/cift_sayi/build/lib/cift_sayi
[2.157s] copying cift_sayi/__init__.py -> /home/orhan/ros2_ws/build/cift_sayi/build/lib/cift_sayi
[2.157s] running install
[2.158s] running install_lib
[2.160s] creating /home/orhan/ros2_ws/install/cift_sayi/lib/python3.8/site-packages/cift_sayi
[2.160s] copying /home/orhan/ros2_ws/build/cift_sayi/build/lib/cift_sayi/__init__.py -> /home/orhan/ros2_ws/install/cift_sayi/lib/python3.8/site-packages/cift_sayi
[2.161s] byte-compiling /home/orhan/ros2_ws/install/cift_sayi/lib/python3.8/site-packages/cift_sayi/__init__.py to __init__.cpython-38.pyc
[2.163s] running install_data
[2.163s] creating /home/orhan/ros2_ws/install/cift_sayi/share/ament_index
[2.164s] creating /home/orhan/ros2_ws/install/cift_sayi/share/ament_index/resource_index
[2.164s] creating /home/orhan/ros2_ws/install/cift_sayi/share/ament_index/resource_index/packages
[2.164s] copying resource/cift_sayi -> /home/orhan/ros2_ws/install/cift_sayi/share/ament_index/resource_index/packages
[2.164s] copying package.xml -> /home/orhan/ros2_ws/install/cift_sayi/share/cift_sayi
[2.165s] running install_egg_info
[2.167s] Copying ../../build/cift_sayi/cift_sayi.egg-info to /home/orhan/ros2_ws/install/cift_sayi/lib/python3.8/site-packages/cift_sayi-0.0.0-py3.8.egg-info
[2.168s] running install_scripts
[2.194s] writing list of installed files to '/home/orhan/ros2_ws/build/cift_sayi/install.log'
[2.796s] Invoked command in '/home/orhan/ros2_ws/src/cift_sayi' returned '0': PYTHONPATH=/home/orhan/ros2_ws/build/cift_sayi/prefix_override:/usr/lib/python3/dist-packages/colcon_core/task/python/colcon_distutils_commands:/home/orhan/ros2_ws/install/cift_sayi/lib/python3.8/site-packages:${PYTHONPATH} /usr/bin/python3 -W ignore:setup.py install is deprecated setup.py egg_info --egg-base ../../build/cift_sayi build --build-base /home/orhan/ros2_ws/build/cift_sayi/build install --record /home/orhan/ros2_ws/build/cift_sayi/install.log --install-scripts $base/lib/cift_sayi --single-version-externally-managed install_data
