[1.928s] Invoking command in '/home/orhan/ros2_ws/src/examples/rclpy/services/minimal_client': PYTHONPATH=/home/orhan/ros2_ws/build/examples_rclpy_minimal_client/prefix_override:/usr/lib/python3/dist-packages/colcon_core/task/python/colcon_distutils_commands:/home/orhan/ros2_ws/install/examples_rclpy_minimal_client/lib/python3.8/site-packages:${PYTHONPATH} /usr/bin/python3 -W ignore:setup.py install is deprecated -W ignore:easy_install command is deprecated setup.py egg_info --egg-base ../../../../../build/examples_rclpy_minimal_client build --build-base /home/orhan/ros2_ws/build/examples_rclpy_minimal_client/build install --record /home/orhan/ros2_ws/build/examples_rclpy_minimal_client/install.log --install-scripts $base/lib/examples_rclpy_minimal_client --single-version-externally-managed install_data
[2.616s] running egg_info
[2.618s] writing ../../../../../build/examples_rclpy_minimal_client/examples_rclpy_minimal_client.egg-info/PKG-INFO
[2.619s] writing dependency_links to ../../../../../build/examples_rclpy_minimal_client/examples_rclpy_minimal_client.egg-info/dependency_links.txt
[2.619s] writing entry points to ../../../../../build/examples_rclpy_minimal_client/examples_rclpy_minimal_client.egg-info/entry_points.txt
[2.619s] writing requirements to ../../../../../build/examples_rclpy_minimal_client/examples_rclpy_minimal_client.egg-info/requires.txt
[2.620s] writing top-level names to ../../../../../build/examples_rclpy_minimal_client/examples_rclpy_minimal_client.egg-info/top_level.txt
[2.708s] reading manifest file '../../../../../build/examples_rclpy_minimal_client/examples_rclpy_minimal_client.egg-info/SOURCES.txt'
[2.711s] writing manifest file '../../../../../build/examples_rclpy_minimal_client/examples_rclpy_minimal_client.egg-info/SOURCES.txt'
[2.711s] running build
[2.711s] running build_py
[2.712s] running install
[2.714s] running install_lib
[2.718s] running install_data
[2.718s] running install_egg_info
[2.723s] removing '/home/orhan/ros2_ws/install/examples_rclpy_minimal_client/lib/python3.8/site-packages/examples_rclpy_minimal_client-0.9.4-py3.8.egg-info' (and everything under it)
[2.723s] Copying ../../../../../build/examples_rclpy_minimal_client/examples_rclpy_minimal_client.egg-info to /home/orhan/ros2_ws/install/examples_rclpy_minimal_client/lib/python3.8/site-packages/examples_rclpy_minimal_client-0.9.4-py3.8.egg-info
[2.726s] running install_scripts
[2.787s] Installing client script to /home/orhan/ros2_ws/install/examples_rclpy_minimal_client/lib/examples_rclpy_minimal_client
[2.787s] Installing client_async script to /home/orhan/ros2_ws/install/examples_rclpy_minimal_client/lib/examples_rclpy_minimal_client
[2.788s] Installing client_async_callback script to /home/orhan/ros2_ws/install/examples_rclpy_minimal_client/lib/examples_rclpy_minimal_client
[2.788s] Installing client_async_member_function script to /home/orhan/ros2_ws/install/examples_rclpy_minimal_client/lib/examples_rclpy_minimal_client
[2.789s] writing list of installed files to '/home/orhan/ros2_ws/build/examples_rclpy_minimal_client/install.log'
[2.910s] Invoked command in '/home/orhan/ros2_ws/src/examples/rclpy/services/minimal_client' returned '0': PYTHONPATH=/home/orhan/ros2_ws/build/examples_rclpy_minimal_client/prefix_override:/usr/lib/python3/dist-packages/colcon_core/task/python/colcon_distutils_commands:/home/orhan/ros2_ws/install/examples_rclpy_minimal_client/lib/python3.8/site-packages:${PYTHONPATH} /usr/bin/python3 -W ignore:setup.py install is deprecated -W ignore:easy_install command is deprecated setup.py egg_info --egg-base ../../../../../build/examples_rclpy_minimal_client build --build-base /home/orhan/ros2_ws/build/examples_rclpy_minimal_client/build install --record /home/orhan/ros2_ws/build/examples_rclpy_minimal_client/install.log --install-scripts $base/lib/examples_rclpy_minimal_client --single-version-externally-managed install_data
