[0.043s] Invoking command in '/home/orhan/ros2_ws/build/examples_rclcpp_minimal_client': CMAKE_PREFIX_PATH=/opt/ros/foxy /usr/bin/cmake /home/orhan/ros2_ws/src/examples/rclcpp/services/minimal_client -DAMENT_CMAKE_SYMLINK_INSTALL=1 -DCMAKE_INSTALL_PREFIX=/home/orhan/ros2_ws/install/examples_rclcpp_minimal_client
[0.267s] -- The C compiler identification is GNU 9.4.0
[0.453s] -- The CXX compiler identification is GNU 9.4.0
[0.467s] -- Check for working C compiler: /usr/bin/cc
[0.618s] -- Check for working C compiler: /usr/bin/cc -- works
[0.619s] -- Detecting C compiler ABI info
[0.761s] -- Detecting C compiler ABI info - done
[0.794s] -- Detecting C compile features
[0.796s] -- Detecting C compile features - done
[0.805s] -- Check for working CXX compiler: /usr/bin/c++
[0.986s] -- Check for working CXX compiler: /usr/bin/c++ -- works
[0.987s] -- Detecting CXX compiler ABI info
[1.156s] -- Detecting CXX compiler ABI info - done
[1.187s] -- Detecting CXX compile features
[1.189s] -- Detecting CXX compile features - done
[1.192s] -- Found ament_cmake: 0.9.12 (/opt/ros/foxy/share/ament_cmake/cmake)
[1.247s] -- Found PythonInterp: /usr/bin/python3 (found suitable version "3.8.10", minimum required is "3") 
[1.247s] -- Using PYTHON_EXECUTABLE: /usr/bin/python3
[1.688s] -- Override CMake install command with custom implementation using symlinks instead of copying resources
[1.745s] -- Found example_interfaces: 0.9.1 (/opt/ros/foxy/share/example_interfaces/cmake)
[1.820s] -- Using all available rosidl_typesupport_c: rosidl_typesupport_fastrtps_c;rosidl_typesupport_introspection_c
[1.836s] -- Found rosidl_adapter: 1.3.1 (/opt/ros/foxy/share/rosidl_adapter/cmake)
[2.015s] -- Found OpenSSL: /usr/lib/x86_64-linux-gnu/libcrypto.so (found version "1.1.1f")  
[2.077s] -- Found FastRTPS: /opt/ros/foxy/include  
[2.267s] -- Using all available rosidl_typesupport_cpp: rosidl_typesupport_fastrtps_cpp;rosidl_typesupport_introspection_cpp
[2.646s] -- Found rclcpp: 2.4.3 (/opt/ros/foxy/share/rclcpp/cmake)
[2.753s] -- Found rmw_implementation_cmake: 1.0.4 (/opt/ros/foxy/share/rmw_implementation_cmake/cmake)
[2.757s] -- Using RMW implementation 'rmw_fastrtps_cpp' as default
[2.759s] -- Looking for pthread.h
[2.916s] -- Looking for pthread.h - found
[2.917s] -- Performing Test CMAKE_HAVE_LIBC_PTHREAD
[3.073s] -- Performing Test CMAKE_HAVE_LIBC_PTHREAD - Failed
[3.073s] -- Looking for pthread_create in pthreads
[3.198s] -- Looking for pthread_create in pthreads - not found
[3.198s] -- Looking for pthread_create in pthread
[3.347s] -- Looking for pthread_create in pthread - found
[3.349s] -- Found Threads: TRUE  
[3.746s] -- Found ament_lint_auto: 0.9.8 (/opt/ros/foxy/share/ament_lint_auto/cmake)
[3.919s] -- Added test 'copyright' to check source files copyright and LICENSE
[3.921s] -- Added test 'cppcheck' to perform static code analysis on C / C++ code
[3.922s] -- Configured cppcheck include dirs: 
[3.922s] -- Configured cppcheck exclude dirs and/or files: 
[3.924s] -- Added test 'cpplint' to check C / C++ code against the Google style
[3.924s] -- Configured cpplint exclude dirs and/or files: 
[3.927s] -- Added test 'lint_cmake' to check CMake code style
[3.928s] -- Added test 'uncrustify' to check C / C++ code style
[3.929s] -- Configured uncrustify additional arguments: 
[3.931s] -- Added test 'xmllint' to check XML markup files
[3.938s] -- Configuring done
[3.959s] -- Generating done
[3.963s] -- Build files have been written to: /home/orhan/ros2_ws/build/examples_rclcpp_minimal_client
[3.986s] Invoked command in '/home/orhan/ros2_ws/build/examples_rclcpp_minimal_client' returned '0': CMAKE_PREFIX_PATH=/opt/ros/foxy /usr/bin/cmake /home/orhan/ros2_ws/src/examples/rclcpp/services/minimal_client -DAMENT_CMAKE_SYMLINK_INSTALL=1 -DCMAKE_INSTALL_PREFIX=/home/orhan/ros2_ws/install/examples_rclcpp_minimal_client
[3.989s] Invoking command in '/home/orhan/ros2_ws/build/examples_rclcpp_minimal_client': CMAKE_PREFIX_PATH=/opt/ros/foxy /usr/bin/cmake --build /home/orhan/ros2_ws/build/examples_rclcpp_minimal_client -- -j4 -l4
[4.084s] [35m[1mScanning dependencies of target client_main[0m
[4.176s] [ 50%] [32mBuilding CXX object CMakeFiles/client_main.dir/main.cpp.o[0m
[16.479s] [100%] [32m[1mLinking CXX executable client_main[0m
[17.417s] [100%] Built target client_main
[17.470s] Invoked command in '/home/orhan/ros2_ws/build/examples_rclcpp_minimal_client' returned '0': CMAKE_PREFIX_PATH=/opt/ros/foxy /usr/bin/cmake --build /home/orhan/ros2_ws/build/examples_rclcpp_minimal_client -- -j4 -l4
[17.865s] Invoking command in '/home/orhan/ros2_ws/build/examples_rclcpp_minimal_client': CMAKE_PREFIX_PATH=/opt/ros/foxy /usr/bin/cmake --install /home/orhan/ros2_ws/build/examples_rclcpp_minimal_client
[17.929s] -- Install configuration: ""
[17.951s] -- Execute custom install script
[17.952s] -- Symlinking: /home/orhan/ros2_ws/install/examples_rclcpp_minimal_client/lib/examples_rclcpp_minimal_client/client_main
[18.016s] -- Symlinking: /home/orhan/ros2_ws/install/examples_rclcpp_minimal_client/share/ament_index/resource_index/package_run_dependencies/examples_rclcpp_minimal_client
[18.086s] -- Symlinking: /home/orhan/ros2_ws/install/examples_rclcpp_minimal_client/share/ament_index/resource_index/parent_prefix_path/examples_rclcpp_minimal_client
[18.144s] -- Symlinking: /home/orhan/ros2_ws/install/examples_rclcpp_minimal_client/share/examples_rclcpp_minimal_client/environment/ament_prefix_path.sh
[18.203s] -- Symlinking: /home/orhan/ros2_ws/install/examples_rclcpp_minimal_client/share/examples_rclcpp_minimal_client/environment/ament_prefix_path.dsv
[18.251s] -- Symlinking: /home/orhan/ros2_ws/install/examples_rclcpp_minimal_client/share/examples_rclcpp_minimal_client/environment/path.sh
[18.297s] -- Symlinking: /home/orhan/ros2_ws/install/examples_rclcpp_minimal_client/share/examples_rclcpp_minimal_client/environment/path.dsv
[18.347s] -- Symlinking: /home/orhan/ros2_ws/install/examples_rclcpp_minimal_client/share/examples_rclcpp_minimal_client/local_setup.bash
[18.392s] -- Symlinking: /home/orhan/ros2_ws/install/examples_rclcpp_minimal_client/share/examples_rclcpp_minimal_client/local_setup.sh
[18.433s] -- Symlinking: /home/orhan/ros2_ws/install/examples_rclcpp_minimal_client/share/examples_rclcpp_minimal_client/local_setup.zsh
[18.477s] -- Symlinking: /home/orhan/ros2_ws/install/examples_rclcpp_minimal_client/share/examples_rclcpp_minimal_client/local_setup.dsv
[18.527s] -- Symlinking: /home/orhan/ros2_ws/install/examples_rclcpp_minimal_client/share/examples_rclcpp_minimal_client/package.dsv
[18.571s] -- Symlinking: /home/orhan/ros2_ws/install/examples_rclcpp_minimal_client/share/ament_index/resource_index/packages/examples_rclcpp_minimal_client
[18.619s] -- Symlinking: /home/orhan/ros2_ws/install/examples_rclcpp_minimal_client/share/examples_rclcpp_minimal_client/cmake/examples_rclcpp_minimal_clientConfig.cmake
[18.663s] -- Symlinking: /home/orhan/ros2_ws/install/examples_rclcpp_minimal_client/share/examples_rclcpp_minimal_client/cmake/examples_rclcpp_minimal_clientConfig-version.cmake
[18.739s] -- Symlinking: /home/orhan/ros2_ws/install/examples_rclcpp_minimal_client/share/examples_rclcpp_minimal_client/package.xml
[18.807s] Invoked command in '/home/orhan/ros2_ws/build/examples_rclcpp_minimal_client' returned '0': CMAKE_PREFIX_PATH=/opt/ros/foxy /usr/bin/cmake --install /home/orhan/ros2_ws/build/examples_rclcpp_minimal_client
