[0.025s] Invoking command in '/home/orhan/ros2_ws/build/bringup': AMENT_PREFIX_PATH=/home/orhan/ros2_ws/install/triangle:/home/orhan/ros2_ws/install/custom_interfaces:/home/orhan/ros2_ws/install/cift_sayi:${AMENT_PREFIX_PATH} CMAKE_PREFIX_PATH=/home/orhan/ros2_ws/install/custom_interfaces:/home/orhan/udemy_ros/install/simple_interfaces:/home/orhan/udemy_ros/install/bringup:/home/orhan/udemy_ros/install/rand_two_int:/home/orhan/udemy_ros/install/py_deneme:/home/orhan/udemy_ros/install/add_two_ints_srv:/opt/ros/foxy LD_LIBRARY_PATH=/home/orhan/ros2_ws/install/custom_interfaces/lib:${LD_LIBRARY_PATH} PYTHONPATH=/home/orhan/ros2_ws/install/triangle/lib/python3.8/site-packages:/home/orhan/ros2_ws/install/custom_interfaces/lib/python3.8/site-packages:/home/orhan/ros2_ws/install/cift_sayi/lib/python3.8/site-packages:${PYTHONPATH} /usr/bin/cmake --build /home/orhan/ros2_ws/build/bringup -- -j4 -l4
[0.083s] Invoked command in '/home/orhan/ros2_ws/build/bringup' returned '0': AMENT_PREFIX_PATH=/home/orhan/ros2_ws/install/triangle:/home/orhan/ros2_ws/install/custom_interfaces:/home/orhan/ros2_ws/install/cift_sayi:${AMENT_PREFIX_PATH} CMAKE_PREFIX_PATH=/home/orhan/ros2_ws/install/custom_interfaces:/home/orhan/udemy_ros/install/simple_interfaces:/home/orhan/udemy_ros/install/bringup:/home/orhan/udemy_ros/install/rand_two_int:/home/orhan/udemy_ros/install/py_deneme:/home/orhan/udemy_ros/install/add_two_ints_srv:/opt/ros/foxy LD_LIBRARY_PATH=/home/orhan/ros2_ws/install/custom_interfaces/lib:${LD_LIBRARY_PATH} PYTHONPATH=/home/orhan/ros2_ws/install/triangle/lib/python3.8/site-packages:/home/orhan/ros2_ws/install/custom_interfaces/lib/python3.8/site-packages:/home/orhan/ros2_ws/install/cift_sayi/lib/python3.8/site-packages:${PYTHONPATH} /usr/bin/cmake --build /home/orhan/ros2_ws/build/bringup -- -j4 -l4
[0.102s] Invoking command in '/home/orhan/ros2_ws/build/bringup': AMENT_PREFIX_PATH=/home/orhan/ros2_ws/install/triangle:/home/orhan/ros2_ws/install/custom_interfaces:/home/orhan/ros2_ws/install/cift_sayi:${AMENT_PREFIX_PATH} CMAKE_PREFIX_PATH=/home/orhan/ros2_ws/install/custom_interfaces:/home/orhan/udemy_ros/install/simple_interfaces:/home/orhan/udemy_ros/install/bringup:/home/orhan/udemy_ros/install/rand_two_int:/home/orhan/udemy_ros/install/py_deneme:/home/orhan/udemy_ros/install/add_two_ints_srv:/opt/ros/foxy LD_LIBRARY_PATH=/home/orhan/ros2_ws/install/custom_interfaces/lib:${LD_LIBRARY_PATH} PYTHONPATH=/home/orhan/ros2_ws/install/triangle/lib/python3.8/site-packages:/home/orhan/ros2_ws/install/custom_interfaces/lib/python3.8/site-packages:/home/orhan/ros2_ws/install/cift_sayi/lib/python3.8/site-packages:${PYTHONPATH} /usr/bin/cmake --install /home/orhan/ros2_ws/build/bringup
[0.118s] -- Install configuration: ""
[0.118s] -- Up-to-date: /home/orhan/ros2_ws/install/bringup/share/bringup/launch
[0.118s] -- Up-to-date: /home/orhan/ros2_ws/install/bringup/share/bringup/launch/homework.launch.py
[0.119s] -- Up-to-date: /home/orhan/ros2_ws/install/bringup/share/ament_index/resource_index/package_run_dependencies/bringup
[0.119s] -- Up-to-date: /home/orhan/ros2_ws/install/bringup/share/ament_index/resource_index/parent_prefix_path/bringup
[0.119s] -- Up-to-date: /home/orhan/ros2_ws/install/bringup/share/bringup/environment/ament_prefix_path.sh
[0.120s] -- Up-to-date: /home/orhan/ros2_ws/install/bringup/share/bringup/environment/ament_prefix_path.dsv
[0.120s] -- Up-to-date: /home/orhan/ros2_ws/install/bringup/share/bringup/environment/path.sh
[0.120s] -- Up-to-date: /home/orhan/ros2_ws/install/bringup/share/bringup/environment/path.dsv
[0.120s] -- Up-to-date: /home/orhan/ros2_ws/install/bringup/share/bringup/local_setup.bash
[0.120s] -- Up-to-date: /home/orhan/ros2_ws/install/bringup/share/bringup/local_setup.sh
[0.120s] -- Up-to-date: /home/orhan/ros2_ws/install/bringup/share/bringup/local_setup.zsh
[0.121s] -- Up-to-date: /home/orhan/ros2_ws/install/bringup/share/bringup/local_setup.dsv
[0.121s] -- Up-to-date: /home/orhan/ros2_ws/install/bringup/share/bringup/package.dsv
[0.121s] -- Up-to-date: /home/orhan/ros2_ws/install/bringup/share/ament_index/resource_index/packages/bringup
[0.121s] -- Up-to-date: /home/orhan/ros2_ws/install/bringup/share/bringup/cmake/bringupConfig.cmake
[0.121s] -- Up-to-date: /home/orhan/ros2_ws/install/bringup/share/bringup/cmake/bringupConfig-version.cmake
[0.121s] -- Up-to-date: /home/orhan/ros2_ws/install/bringup/share/bringup/package.xml
[0.123s] Invoked command in '/home/orhan/ros2_ws/build/bringup' returned '0': AMENT_PREFIX_PATH=/home/orhan/ros2_ws/install/triangle:/home/orhan/ros2_ws/install/custom_interfaces:/home/orhan/ros2_ws/install/cift_sayi:${AMENT_PREFIX_PATH} CMAKE_PREFIX_PATH=/home/orhan/ros2_ws/install/custom_interfaces:/home/orhan/udemy_ros/install/simple_interfaces:/home/orhan/udemy_ros/install/bringup:/home/orhan/udemy_ros/install/rand_two_int:/home/orhan/udemy_ros/install/py_deneme:/home/orhan/udemy_ros/install/add_two_ints_srv:/opt/ros/foxy LD_LIBRARY_PATH=/home/orhan/ros2_ws/install/custom_interfaces/lib:${LD_LIBRARY_PATH} PYTHONPATH=/home/orhan/ros2_ws/install/triangle/lib/python3.8/site-packages:/home/orhan/ros2_ws/install/custom_interfaces/lib/python3.8/site-packages:/home/orhan/ros2_ws/install/cift_sayi/lib/python3.8/site-packages:${PYTHONPATH} /usr/bin/cmake --install /home/orhan/ros2_ws/build/bringup
