[2.381s] Invoking command in '/home/orhan/ros2_ws/src/examples/rclpy/executors': PYTHONPATH=/home/orhan/ros2_ws/build/examples_rclpy_executors/prefix_override:/usr/lib/python3/dist-packages/colcon_core/task/python/colcon_distutils_commands:/home/orhan/ros2_ws/install/examples_rclpy_executors/lib/python3.8/site-packages:${PYTHONPATH} /usr/bin/python3 -W ignore:setup.py install is deprecated setup.py egg_info --egg-base ../../../../build/examples_rclpy_executors build --build-base /home/orhan/ros2_ws/build/examples_rclpy_executors/build install --record /home/orhan/ros2_ws/build/examples_rclpy_executors/install.log --install-scripts $base/lib/examples_rclpy_executors --single-version-externally-managed install_data
[3.057s] running egg_info
[3.059s] writing ../../../../build/examples_rclpy_executors/examples_rclpy_executors.egg-info/PKG-INFO
[3.060s] writing dependency_links to ../../../../build/examples_rclpy_executors/examples_rclpy_executors.egg-info/dependency_links.txt
[3.060s] writing entry points to ../../../../build/examples_rclpy_executors/examples_rclpy_executors.egg-info/entry_points.txt
[3.062s] writing requirements to ../../../../build/examples_rclpy_executors/examples_rclpy_executors.egg-info/requires.txt
[3.062s] writing top-level names to ../../../../build/examples_rclpy_executors/examples_rclpy_executors.egg-info/top_level.txt
[3.173s] reading manifest file '../../../../build/examples_rclpy_executors/examples_rclpy_executors.egg-info/SOURCES.txt'
[3.177s] writing manifest file '../../../../build/examples_rclpy_executors/examples_rclpy_executors.egg-info/SOURCES.txt'
[3.177s] running build
[3.178s] running build_py
[3.179s] running install
[3.182s] running install_lib
[3.186s] running install_data
[3.187s] running install_egg_info
[3.196s] removing '/home/orhan/ros2_ws/install/examples_rclpy_executors/lib/python3.8/site-packages/examples_rclpy_executors-0.9.4-py3.8.egg-info' (and everything under it)
[3.197s] Copying ../../../../build/examples_rclpy_executors/examples_rclpy_executors.egg-info to /home/orhan/ros2_ws/install/examples_rclpy_executors/lib/python3.8/site-packages/examples_rclpy_executors-0.9.4-py3.8.egg-info
[3.199s] running install_scripts
[3.264s] Installing callback_group script to /home/orhan/ros2_ws/install/examples_rclpy_executors/lib/examples_rclpy_executors
[3.264s] Installing composed script to /home/orhan/ros2_ws/install/examples_rclpy_executors/lib/examples_rclpy_executors
[3.265s] Installing custom_callback_group script to /home/orhan/ros2_ws/install/examples_rclpy_executors/lib/examples_rclpy_executors
[3.265s] Installing custom_executor script to /home/orhan/ros2_ws/install/examples_rclpy_executors/lib/examples_rclpy_executors
[3.266s] Installing listener script to /home/orhan/ros2_ws/install/examples_rclpy_executors/lib/examples_rclpy_executors
[3.266s] Installing talker script to /home/orhan/ros2_ws/install/examples_rclpy_executors/lib/examples_rclpy_executors
[3.266s] writing list of installed files to '/home/orhan/ros2_ws/build/examples_rclpy_executors/install.log'
[3.321s] Invoked command in '/home/orhan/ros2_ws/src/examples/rclpy/executors' returned '0': PYTHONPATH=/home/orhan/ros2_ws/build/examples_rclpy_executors/prefix_override:/usr/lib/python3/dist-packages/colcon_core/task/python/colcon_distutils_commands:/home/orhan/ros2_ws/install/examples_rclpy_executors/lib/python3.8/site-packages:${PYTHONPATH} /usr/bin/python3 -W ignore:setup.py install is deprecated setup.py egg_info --egg-base ../../../../build/examples_rclpy_executors build --build-base /home/orhan/ros2_ws/build/examples_rclpy_executors/build install --record /home/orhan/ros2_ws/build/examples_rclpy_executors/install.log --install-scripts $base/lib/examples_rclpy_executors --single-version-externally-managed install_data
