[0.942s] Invoking command in '/home/orhan/ros2_ws/build/turtlesim': CMAKE_PREFIX_PATH=/opt/ros/foxy /usr/bin/cmake --build /home/orhan/ros2_ws/build/turtlesim -- -j4 -l4
[1.143s] [  1%] Built target turtlesim__cpp
[1.216s] [ 11%] Built target turtlesim__rosidl_generator_c
[1.267s] [ 21%] Built target turtlesim__rosidl_typesupport_cpp
[1.313s] [ 31%] Built target turtlesim__rosidl_typesupport_introspection_cpp
[1.339s] [ 41%] Built target turtlesim__rosidl_typesupport_c
[1.351s] [ 51%] Built target turtlesim__rosidl_typesupport_fastrtps_cpp
[1.390s] [ 61%] Built target turtlesim__rosidl_typesupport_introspection_c
[1.455s] [ 71%] Built target turtlesim__rosidl_typesupport_fastrtps_c
[1.500s] [ 71%] Built target turtlesim
[1.608s] [ 72%] Built target turtlesim__py
[1.656s] [ 74%] Built target mimic
[1.682s] [ 76%] Built target draw_square
[1.697s] [ 78%] Built target turtle_teleop_key
[1.777s] [ 87%] Built target turtlesim__python
[1.833s] [ 93%] Built target turtlesim_node
[1.877s] [ 95%] Built target turtlesim__rosidl_typesupport_introspection_c__pyext
[1.910s] [ 97%] Built target turtlesim__rosidl_typesupport_c__pyext
[1.930s] [100%] Built target turtlesim__rosidl_typesupport_fastrtps_c__pyext
[2.086s] Invoked command in '/home/orhan/ros2_ws/build/turtlesim' returned '0': CMAKE_PREFIX_PATH=/opt/ros/foxy /usr/bin/cmake --build /home/orhan/ros2_ws/build/turtlesim -- -j4 -l4
[2.092s] Invoking command in '/home/orhan/ros2_ws/build/turtlesim': CMAKE_PREFIX_PATH=/opt/ros/foxy /usr/bin/cmake --install /home/orhan/ros2_ws/build/turtlesim
[2.134s] -- Install configuration: ""
[2.135s] -- Up-to-date: /home/orhan/ros2_ws/install/turtlesim/share/ament_index/resource_index/rosidl_interfaces/turtlesim
[2.135s] -- Up-to-date: /home/orhan/ros2_ws/install/turtlesim/include/turtlesim
[2.135s] -- Up-to-date: /home/orhan/ros2_ws/install/turtlesim/include/turtlesim/action
[2.135s] -- Up-to-date: /home/orhan/ros2_ws/install/turtlesim/include/turtlesim/action/detail
[2.135s] -- Up-to-date: /home/orhan/ros2_ws/install/turtlesim/include/turtlesim/action/detail/rotate_absolute__struct.h
[2.136s] -- Up-to-date: /home/orhan/ros2_ws/install/turtlesim/include/turtlesim/action/detail/rotate_absolute__type_support.h
[2.136s] -- Up-to-date: /home/orhan/ros2_ws/install/turtlesim/include/turtlesim/action/detail/rotate_absolute__functions.c
[2.136s] -- Up-to-date: /home/orhan/ros2_ws/install/turtlesim/include/turtlesim/action/detail/rotate_absolute__functions.h
[2.136s] -- Up-to-date: /home/orhan/ros2_ws/install/turtlesim/include/turtlesim/action/rotate_absolute.h
[2.136s] -- Up-to-date: /home/orhan/ros2_ws/install/turtlesim/include/turtlesim/msg
[2.137s] -- Up-to-date: /home/orhan/ros2_ws/install/turtlesim/include/turtlesim/msg/color.h
[2.137s] -- Up-to-date: /home/orhan/ros2_ws/install/turtlesim/include/turtlesim/msg/pose.h
[2.137s] -- Up-to-date: /home/orhan/ros2_ws/install/turtlesim/include/turtlesim/msg/rosidl_generator_c__visibility_control.h
[2.137s] -- Up-to-date: /home/orhan/ros2_ws/install/turtlesim/include/turtlesim/msg/detail
[2.137s] -- Up-to-date: /home/orhan/ros2_ws/install/turtlesim/include/turtlesim/msg/detail/color__struct.h
[2.137s] -- Up-to-date: /home/orhan/ros2_ws/install/turtlesim/include/turtlesim/msg/detail/pose__functions.c
[2.138s] -- Up-to-date: /home/orhan/ros2_ws/install/turtlesim/include/turtlesim/msg/detail/pose__functions.h
[2.138s] -- Up-to-date: /home/orhan/ros2_ws/install/turtlesim/include/turtlesim/msg/detail/color__type_support.h
[2.138s] -- Up-to-date: /home/orhan/ros2_ws/install/turtlesim/include/turtlesim/msg/detail/color__functions.h
[2.138s] -- Up-to-date: /home/orhan/ros2_ws/install/turtlesim/include/turtlesim/msg/detail/color__functions.c
[2.139s] -- Up-to-date: /home/orhan/ros2_ws/install/turtlesim/include/turtlesim/msg/detail/pose__type_support.h
[2.139s] -- Up-to-date: /home/orhan/ros2_ws/install/turtlesim/include/turtlesim/msg/detail/pose__struct.h
[2.139s] -- Up-to-date: /home/orhan/ros2_ws/install/turtlesim/include/turtlesim/srv
[2.139s] -- Up-to-date: /home/orhan/ros2_ws/install/turtlesim/include/turtlesim/srv/spawn.h
[2.139s] -- Up-to-date: /home/orhan/ros2_ws/install/turtlesim/include/turtlesim/srv/kill.h
[2.140s] -- Up-to-date: /home/orhan/ros2_ws/install/turtlesim/include/turtlesim/srv/teleport_absolute.h
[2.140s] -- Up-to-date: /home/orhan/ros2_ws/install/turtlesim/include/turtlesim/srv/detail
[2.140s] -- Up-to-date: /home/orhan/ros2_ws/install/turtlesim/include/turtlesim/srv/detail/teleport_absolute__type_support.h
[2.140s] -- Up-to-date: /home/orhan/ros2_ws/install/turtlesim/include/turtlesim/srv/detail/kill__type_support.h
[2.140s] -- Up-to-date: /home/orhan/ros2_ws/install/turtlesim/include/turtlesim/srv/detail/spawn__functions.c
[2.140s] -- Up-to-date: /home/orhan/ros2_ws/install/turtlesim/include/turtlesim/srv/detail/spawn__type_support.h
[2.141s] -- Up-to-date: /home/orhan/ros2_ws/install/turtlesim/include/turtlesim/srv/detail/spawn__functions.h
[2.141s] -- Up-to-date: /home/orhan/ros2_ws/install/turtlesim/include/turtlesim/srv/detail/kill__functions.c
[2.141s] -- Up-to-date: /home/orhan/ros2_ws/install/turtlesim/include/turtlesim/srv/detail/teleport_relative__type_support.h
[2.141s] -- Up-to-date: /home/orhan/ros2_ws/install/turtlesim/include/turtlesim/srv/detail/set_pen__functions.h
[2.141s] -- Up-to-date: /home/orhan/ros2_ws/install/turtlesim/include/turtlesim/srv/detail/teleport_absolute__functions.c
[2.142s] -- Up-to-date: /home/orhan/ros2_ws/install/turtlesim/include/turtlesim/srv/detail/teleport_relative__functions.c
[2.142s] -- Up-to-date: /home/orhan/ros2_ws/install/turtlesim/include/turtlesim/srv/detail/teleport_absolute__functions.h
[2.142s] -- Up-to-date: /home/orhan/ros2_ws/install/turtlesim/include/turtlesim/srv/detail/set_pen__functions.c
[2.142s] -- Up-to-date: /home/orhan/ros2_ws/install/turtlesim/include/turtlesim/srv/detail/set_pen__struct.h
[2.142s] -- Up-to-date: /home/orhan/ros2_ws/install/turtlesim/include/turtlesim/srv/detail/kill__struct.h
[2.143s] -- Up-to-date: /home/orhan/ros2_ws/install/turtlesim/include/turtlesim/srv/detail/teleport_relative__functions.h
[2.143s] -- Up-to-date: /home/orhan/ros2_ws/install/turtlesim/include/turtlesim/srv/detail/set_pen__type_support.h
[2.143s] -- Up-to-date: /home/orhan/ros2_ws/install/turtlesim/include/turtlesim/srv/detail/spawn__struct.h
[2.143s] -- Up-to-date: /home/orhan/ros2_ws/install/turtlesim/include/turtlesim/srv/detail/teleport_relative__struct.h
[2.143s] -- Up-to-date: /home/orhan/ros2_ws/install/turtlesim/include/turtlesim/srv/detail/kill__functions.h
[2.143s] -- Up-to-date: /home/orhan/ros2_ws/install/turtlesim/include/turtlesim/srv/detail/teleport_absolute__struct.h
[2.144s] -- Up-to-date: /home/orhan/ros2_ws/install/turtlesim/include/turtlesim/srv/set_pen.h
[2.144s] -- Up-to-date: /home/orhan/ros2_ws/install/turtlesim/include/turtlesim/srv/teleport_relative.h
[2.144s] -- Up-to-date: /home/orhan/ros2_ws/install/turtlesim/share/turtlesim/environment/library_path.sh
[2.144s] -- Up-to-date: /home/orhan/ros2_ws/install/turtlesim/share/turtlesim/environment/library_path.dsv
[2.144s] -- Up-to-date: /home/orhan/ros2_ws/install/turtlesim/lib/libturtlesim__rosidl_generator_c.so
[2.145s] -- Up-to-date: /home/orhan/ros2_ws/install/turtlesim/include/turtlesim
[2.149s] -- Up-to-date: /home/orhan/ros2_ws/install/turtlesim/include/turtlesim/action
[2.149s] -- Up-to-date: /home/orhan/ros2_ws/install/turtlesim/include/turtlesim/action/detail
[2.150s] -- Up-to-date: /home/orhan/ros2_ws/install/turtlesim/include/turtlesim/action/detail/rotate_absolute__rosidl_typesupport_fastrtps_c.h
[2.150s] -- Up-to-date: /home/orhan/ros2_ws/install/turtlesim/include/turtlesim/msg
[2.150s] -- Up-to-date: /home/orhan/ros2_ws/install/turtlesim/include/turtlesim/msg/detail
[2.150s] -- Up-to-date: /home/orhan/ros2_ws/install/turtlesim/include/turtlesim/msg/detail/color__rosidl_typesupport_fastrtps_c.h
[2.151s] -- Up-to-date: /home/orhan/ros2_ws/install/turtlesim/include/turtlesim/msg/detail/pose__rosidl_typesupport_fastrtps_c.h
[2.151s] -- Up-to-date: /home/orhan/ros2_ws/install/turtlesim/include/turtlesim/msg/rosidl_typesupport_fastrtps_c__visibility_control.h
[2.151s] -- Up-to-date: /home/orhan/ros2_ws/install/turtlesim/include/turtlesim/srv
[2.151s] -- Up-to-date: /home/orhan/ros2_ws/install/turtlesim/include/turtlesim/srv/detail
[2.151s] -- Up-to-date: /home/orhan/ros2_ws/install/turtlesim/include/turtlesim/srv/detail/teleport_absolute__rosidl_typesupport_fastrtps_c.h
[2.152s] -- Up-to-date: /home/orhan/ros2_ws/install/turtlesim/include/turtlesim/srv/detail/set_pen__rosidl_typesupport_fastrtps_c.h
[2.152s] -- Up-to-date: /home/orhan/ros2_ws/install/turtlesim/include/turtlesim/srv/detail/spawn__rosidl_typesupport_fastrtps_c.h
[2.152s] -- Up-to-date: /home/orhan/ros2_ws/install/turtlesim/include/turtlesim/srv/detail/teleport_relative__rosidl_typesupport_fastrtps_c.h
[2.152s] -- Up-to-date: /home/orhan/ros2_ws/install/turtlesim/include/turtlesim/srv/detail/kill__rosidl_typesupport_fastrtps_c.h
[2.152s] -- Up-to-date: /home/orhan/ros2_ws/install/turtlesim/lib/libturtlesim__rosidl_typesupport_fastrtps_c.so
[2.165s] -- Up-to-date: /home/orhan/ros2_ws/install/turtlesim/include/turtlesim
[2.165s] -- Up-to-date: /home/orhan/ros2_ws/install/turtlesim/include/turtlesim/action
[2.165s] -- Up-to-date: /home/orhan/ros2_ws/install/turtlesim/include/turtlesim/action/detail
[2.166s] -- Up-to-date: /home/orhan/ros2_ws/install/turtlesim/include/turtlesim/action/detail/rotate_absolute__rosidl_typesupport_fastrtps_cpp.hpp
[2.166s] -- Up-to-date: /home/orhan/ros2_ws/install/turtlesim/include/turtlesim/action/detail/dds_fastrtps
[2.166s] -- Up-to-date: /home/orhan/ros2_ws/install/turtlesim/include/turtlesim/msg
[2.166s] -- Up-to-date: /home/orhan/ros2_ws/install/turtlesim/include/turtlesim/msg/rosidl_typesupport_fastrtps_cpp__visibility_control.h
[2.166s] -- Up-to-date: /home/orhan/ros2_ws/install/turtlesim/include/turtlesim/msg/detail
[2.167s] -- Up-to-date: /home/orhan/ros2_ws/install/turtlesim/include/turtlesim/msg/detail/color__rosidl_typesupport_fastrtps_cpp.hpp
[2.167s] -- Up-to-date: /home/orhan/ros2_ws/install/turtlesim/include/turtlesim/msg/detail/pose__rosidl_typesupport_fastrtps_cpp.hpp
[2.167s] -- Up-to-date: /home/orhan/ros2_ws/install/turtlesim/include/turtlesim/msg/detail/dds_fastrtps
[2.167s] -- Up-to-date: /home/orhan/ros2_ws/install/turtlesim/include/turtlesim/srv
[2.167s] -- Up-to-date: /home/orhan/ros2_ws/install/turtlesim/include/turtlesim/srv/detail
[2.168s] -- Up-to-date: /home/orhan/ros2_ws/install/turtlesim/include/turtlesim/srv/detail/set_pen__rosidl_typesupport_fastrtps_cpp.hpp
[2.168s] -- Up-to-date: /home/orhan/ros2_ws/install/turtlesim/include/turtlesim/srv/detail/spawn__rosidl_typesupport_fastrtps_cpp.hpp
[2.168s] -- Up-to-date: /home/orhan/ros2_ws/install/turtlesim/include/turtlesim/srv/detail/kill__rosidl_typesupport_fastrtps_cpp.hpp
[2.168s] -- Up-to-date: /home/orhan/ros2_ws/install/turtlesim/include/turtlesim/srv/detail/teleport_absolute__rosidl_typesupport_fastrtps_cpp.hpp
[2.168s] -- Up-to-date: /home/orhan/ros2_ws/install/turtlesim/include/turtlesim/srv/detail/teleport_relative__rosidl_typesupport_fastrtps_cpp.hpp
[2.168s] -- Up-to-date: /home/orhan/ros2_ws/install/turtlesim/include/turtlesim/srv/detail/dds_fastrtps
[2.169s] -- Up-to-date: /home/orhan/ros2_ws/install/turtlesim/lib/libturtlesim__rosidl_typesupport_fastrtps_cpp.so
[2.169s] -- Up-to-date: /home/orhan/ros2_ws/install/turtlesim/include/turtlesim
[2.169s] -- Up-to-date: /home/orhan/ros2_ws/install/turtlesim/include/turtlesim/action
[2.169s] -- Up-to-date: /home/orhan/ros2_ws/install/turtlesim/include/turtlesim/action/detail
[2.169s] -- Up-to-date: /home/orhan/ros2_ws/install/turtlesim/include/turtlesim/action/detail/rotate_absolute__type_support.c
[2.170s] -- Up-to-date: /home/orhan/ros2_ws/install/turtlesim/include/turtlesim/action/detail/rotate_absolute__rosidl_typesupport_introspection_c.h
[2.170s] -- Up-to-date: /home/orhan/ros2_ws/install/turtlesim/include/turtlesim/msg
[2.170s] -- Up-to-date: /home/orhan/ros2_ws/install/turtlesim/include/turtlesim/msg/detail
[2.170s] -- Up-to-date: /home/orhan/ros2_ws/install/turtlesim/include/turtlesim/msg/detail/pose__type_support.c
[2.170s] -- Up-to-date: /home/orhan/ros2_ws/install/turtlesim/include/turtlesim/msg/detail/color__rosidl_typesupport_introspection_c.h
[2.170s] -- Up-to-date: /home/orhan/ros2_ws/install/turtlesim/include/turtlesim/msg/detail/color__type_support.c
[2.171s] -- Up-to-date: /home/orhan/ros2_ws/install/turtlesim/include/turtlesim/msg/detail/pose__rosidl_typesupport_introspection_c.h
[2.171s] -- Up-to-date: /home/orhan/ros2_ws/install/turtlesim/include/turtlesim/msg/rosidl_typesupport_introspection_c__visibility_control.h
[2.171s] -- Up-to-date: /home/orhan/ros2_ws/install/turtlesim/include/turtlesim/srv
[2.171s] -- Up-to-date: /home/orhan/ros2_ws/install/turtlesim/include/turtlesim/srv/detail
[2.171s] -- Up-to-date: /home/orhan/ros2_ws/install/turtlesim/include/turtlesim/srv/detail/set_pen__type_support.c
[2.171s] -- Up-to-date: /home/orhan/ros2_ws/install/turtlesim/include/turtlesim/srv/detail/kill__rosidl_typesupport_introspection_c.h
[2.172s] -- Up-to-date: /home/orhan/ros2_ws/install/turtlesim/include/turtlesim/srv/detail/kill__type_support.c
[2.172s] -- Up-to-date: /home/orhan/ros2_ws/install/turtlesim/include/turtlesim/srv/detail/teleport_absolute__type_support.c
[2.172s] -- Up-to-date: /home/orhan/ros2_ws/install/turtlesim/include/turtlesim/srv/detail/set_pen__rosidl_typesupport_introspection_c.h
[2.172s] -- Up-to-date: /home/orhan/ros2_ws/install/turtlesim/include/turtlesim/srv/detail/spawn__rosidl_typesupport_introspection_c.h
[2.172s] -- Up-to-date: /home/orhan/ros2_ws/install/turtlesim/include/turtlesim/srv/detail/teleport_relative__rosidl_typesupport_introspection_c.h
[2.173s] -- Up-to-date: /home/orhan/ros2_ws/install/turtlesim/include/turtlesim/srv/detail/spawn__type_support.c
[2.173s] -- Up-to-date: /home/orhan/ros2_ws/install/turtlesim/include/turtlesim/srv/detail/teleport_absolute__rosidl_typesupport_introspection_c.h
[2.173s] -- Up-to-date: /home/orhan/ros2_ws/install/turtlesim/include/turtlesim/srv/detail/teleport_relative__type_support.c
[2.173s] -- Up-to-date: /home/orhan/ros2_ws/install/turtlesim/lib/libturtlesim__rosidl_typesupport_introspection_c.so
[2.173s] -- Up-to-date: /home/orhan/ros2_ws/install/turtlesim/lib/libturtlesim__rosidl_typesupport_c.so
[2.173s] -- Up-to-date: /home/orhan/ros2_ws/install/turtlesim/include/turtlesim
[2.174s] -- Up-to-date: /home/orhan/ros2_ws/install/turtlesim/include/turtlesim/action
[2.174s] -- Up-to-date: /home/orhan/ros2_ws/install/turtlesim/include/turtlesim/action/detail
[2.174s] -- Up-to-date: /home/orhan/ros2_ws/install/turtlesim/include/turtlesim/action/detail/rotate_absolute__builder.hpp
[2.174s] -- Up-to-date: /home/orhan/ros2_ws/install/turtlesim/include/turtlesim/action/detail/rotate_absolute__traits.hpp
[2.174s] -- Up-to-date: /home/orhan/ros2_ws/install/turtlesim/include/turtlesim/action/detail/rotate_absolute__struct.hpp
[2.174s] -- Up-to-date: /home/orhan/ros2_ws/install/turtlesim/include/turtlesim/action/detail/rotate_absolute__type_support.hpp
[2.175s] -- Up-to-date: /home/orhan/ros2_ws/install/turtlesim/include/turtlesim/action/rotate_absolute.hpp
[2.175s] -- Up-to-date: /home/orhan/ros2_ws/install/turtlesim/include/turtlesim/msg
[2.175s] -- Up-to-date: /home/orhan/ros2_ws/install/turtlesim/include/turtlesim/msg/color.hpp
[2.175s] -- Up-to-date: /home/orhan/ros2_ws/install/turtlesim/include/turtlesim/msg/detail
[2.175s] -- Up-to-date: /home/orhan/ros2_ws/install/turtlesim/include/turtlesim/msg/detail/pose__struct.hpp
[2.175s] -- Up-to-date: /home/orhan/ros2_ws/install/turtlesim/include/turtlesim/msg/detail/pose__builder.hpp
[2.176s] -- Up-to-date: /home/orhan/ros2_ws/install/turtlesim/include/turtlesim/msg/detail/color__type_support.hpp
[2.176s] -- Up-to-date: /home/orhan/ros2_ws/install/turtlesim/include/turtlesim/msg/detail/color__builder.hpp
[2.176s] -- Up-to-date: /home/orhan/ros2_ws/install/turtlesim/include/turtlesim/msg/detail/color__traits.hpp
[2.176s] -- Up-to-date: /home/orhan/ros2_ws/install/turtlesim/include/turtlesim/msg/detail/color__struct.hpp
[2.176s] -- Up-to-date: /home/orhan/ros2_ws/install/turtlesim/include/turtlesim/msg/detail/pose__type_support.hpp
[2.176s] -- Up-to-date: /home/orhan/ros2_ws/install/turtlesim/include/turtlesim/msg/detail/pose__traits.hpp
[2.177s] -- Up-to-date: /home/orhan/ros2_ws/install/turtlesim/include/turtlesim/msg/rosidl_generator_cpp__visibility_control.hpp
[2.177s] -- Up-to-date: /home/orhan/ros2_ws/install/turtlesim/include/turtlesim/msg/pose.hpp
[2.177s] -- Up-to-date: /home/orhan/ros2_ws/install/turtlesim/include/turtlesim/srv
[2.177s] -- Up-to-date: /home/orhan/ros2_ws/install/turtlesim/include/turtlesim/srv/teleport_relative.hpp
[2.177s] -- Up-to-date: /home/orhan/ros2_ws/install/turtlesim/include/turtlesim/srv/teleport_absolute.hpp
[2.177s] -- Up-to-date: /home/orhan/ros2_ws/install/turtlesim/include/turtlesim/srv/kill.hpp
[2.178s] -- Up-to-date: /home/orhan/ros2_ws/install/turtlesim/include/turtlesim/srv/detail
[2.178s] -- Up-to-date: /home/orhan/ros2_ws/install/turtlesim/include/turtlesim/srv/detail/set_pen__struct.hpp
[2.178s] -- Up-to-date: /home/orhan/ros2_ws/install/turtlesim/include/turtlesim/srv/detail/teleport_absolute__struct.hpp
[2.178s] -- Up-to-date: /home/orhan/ros2_ws/install/turtlesim/include/turtlesim/srv/detail/spawn__builder.hpp
[2.178s] -- Up-to-date: /home/orhan/ros2_ws/install/turtlesim/include/turtlesim/srv/detail/teleport_relative__builder.hpp
[2.178s] -- Up-to-date: /home/orhan/ros2_ws/install/turtlesim/include/turtlesim/srv/detail/spawn__type_support.hpp
[2.179s] -- Up-to-date: /home/orhan/ros2_ws/install/turtlesim/include/turtlesim/srv/detail/kill__struct.hpp
[2.179s] -- Up-to-date: /home/orhan/ros2_ws/install/turtlesim/include/turtlesim/srv/detail/teleport_absolute__type_support.hpp
[2.179s] -- Up-to-date: /home/orhan/ros2_ws/install/turtlesim/include/turtlesim/srv/detail/kill__type_support.hpp
[2.180s] -- Up-to-date: /home/orhan/ros2_ws/install/turtlesim/include/turtlesim/srv/detail/kill__builder.hpp
[2.180s] -- Up-to-date: /home/orhan/ros2_ws/install/turtlesim/include/turtlesim/srv/detail/set_pen__traits.hpp
[2.180s] -- Up-to-date: /home/orhan/ros2_ws/install/turtlesim/include/turtlesim/srv/detail/teleport_absolute__builder.hpp
[2.180s] -- Up-to-date: /home/orhan/ros2_ws/install/turtlesim/include/turtlesim/srv/detail/kill__traits.hpp
[2.180s] -- Up-to-date: /home/orhan/ros2_ws/install/turtlesim/include/turtlesim/srv/detail/set_pen__type_support.hpp
[2.180s] -- Up-to-date: /home/orhan/ros2_ws/install/turtlesim/include/turtlesim/srv/detail/spawn__traits.hpp
[2.181s] -- Up-to-date: /home/orhan/ros2_ws/install/turtlesim/include/turtlesim/srv/detail/teleport_relative__traits.hpp
[2.181s] -- Up-to-date: /home/orhan/ros2_ws/install/turtlesim/include/turtlesim/srv/detail/spawn__struct.hpp
[2.181s] -- Up-to-date: /home/orhan/ros2_ws/install/turtlesim/include/turtlesim/srv/detail/teleport_relative__struct.hpp
[2.181s] -- Up-to-date: /home/orhan/ros2_ws/install/turtlesim/include/turtlesim/srv/detail/teleport_relative__type_support.hpp
[2.181s] -- Up-to-date: /home/orhan/ros2_ws/install/turtlesim/include/turtlesim/srv/detail/teleport_absolute__traits.hpp
[2.182s] -- Up-to-date: /home/orhan/ros2_ws/install/turtlesim/include/turtlesim/srv/detail/set_pen__builder.hpp
[2.182s] -- Up-to-date: /home/orhan/ros2_ws/install/turtlesim/include/turtlesim/srv/spawn.hpp
[2.182s] -- Up-to-date: /home/orhan/ros2_ws/install/turtlesim/include/turtlesim/srv/set_pen.hpp
[2.182s] -- Up-to-date: /home/orhan/ros2_ws/install/turtlesim/include/turtlesim
[2.182s] -- Up-to-date: /home/orhan/ros2_ws/install/turtlesim/include/turtlesim/action
[2.182s] -- Up-to-date: /home/orhan/ros2_ws/install/turtlesim/include/turtlesim/action/detail
[2.183s] -- Up-to-date: /home/orhan/ros2_ws/install/turtlesim/include/turtlesim/action/detail/rotate_absolute__type_support.cpp
[2.183s] -- Up-to-date: /home/orhan/ros2_ws/install/turtlesim/include/turtlesim/action/detail/rotate_absolute__rosidl_typesupport_introspection_cpp.hpp
[2.183s] -- Up-to-date: /home/orhan/ros2_ws/install/turtlesim/include/turtlesim/msg
[2.183s] -- Up-to-date: /home/orhan/ros2_ws/install/turtlesim/include/turtlesim/msg/detail
[2.183s] -- Up-to-date: /home/orhan/ros2_ws/install/turtlesim/include/turtlesim/msg/detail/pose__rosidl_typesupport_introspection_cpp.hpp
[2.183s] -- Up-to-date: /home/orhan/ros2_ws/install/turtlesim/include/turtlesim/msg/detail/color__rosidl_typesupport_introspection_cpp.hpp
[2.184s] -- Up-to-date: /home/orhan/ros2_ws/install/turtlesim/include/turtlesim/msg/detail/color__type_support.cpp
[2.184s] -- Up-to-date: /home/orhan/ros2_ws/install/turtlesim/include/turtlesim/msg/detail/pose__type_support.cpp
[2.184s] -- Up-to-date: /home/orhan/ros2_ws/install/turtlesim/include/turtlesim/srv
[2.184s] -- Up-to-date: /home/orhan/ros2_ws/install/turtlesim/include/turtlesim/srv/detail
[2.184s] -- Up-to-date: /home/orhan/ros2_ws/install/turtlesim/include/turtlesim/srv/detail/kill__rosidl_typesupport_introspection_cpp.hpp
[2.184s] -- Up-to-date: /home/orhan/ros2_ws/install/turtlesim/include/turtlesim/srv/detail/teleport_absolute__rosidl_typesupport_introspection_cpp.hpp
[2.184s] -- Up-to-date: /home/orhan/ros2_ws/install/turtlesim/include/turtlesim/srv/detail/teleport_relative__type_support.cpp
[2.185s] -- Up-to-date: /home/orhan/ros2_ws/install/turtlesim/include/turtlesim/srv/detail/teleport_absolute__type_support.cpp
[2.185s] -- Up-to-date: /home/orhan/ros2_ws/install/turtlesim/include/turtlesim/srv/detail/teleport_relative__rosidl_typesupport_introspection_cpp.hpp
[2.185s] -- Up-to-date: /home/orhan/ros2_ws/install/turtlesim/include/turtlesim/srv/detail/set_pen__rosidl_typesupport_introspection_cpp.hpp
[2.185s] -- Up-to-date: /home/orhan/ros2_ws/install/turtlesim/include/turtlesim/srv/detail/spawn__type_support.cpp
[2.185s] -- Up-to-date: /home/orhan/ros2_ws/install/turtlesim/include/turtlesim/srv/detail/spawn__rosidl_typesupport_introspection_cpp.hpp
[2.185s] -- Up-to-date: /home/orhan/ros2_ws/install/turtlesim/include/turtlesim/srv/detail/kill__type_support.cpp
[2.186s] -- Up-to-date: /home/orhan/ros2_ws/install/turtlesim/include/turtlesim/srv/detail/set_pen__type_support.cpp
[2.186s] -- Up-to-date: /home/orhan/ros2_ws/install/turtlesim/lib/libturtlesim__rosidl_typesupport_introspection_cpp.so
[2.186s] -- Up-to-date: /home/orhan/ros2_ws/install/turtlesim/lib/libturtlesim__rosidl_typesupport_cpp.so
[2.186s] -- Up-to-date: /home/orhan/ros2_ws/install/turtlesim/share/turtlesim/environment/pythonpath.sh
[2.186s] -- Up-to-date: /home/orhan/ros2_ws/install/turtlesim/share/turtlesim/environment/pythonpath.dsv
[2.186s] -- Up-to-date: /home/orhan/ros2_ws/install/turtlesim/lib/python3.8/site-packages/turtlesim/__init__.py
[2.290s] -- Up-to-date: /home/orhan/ros2_ws/install/turtlesim/lib/python3.8/site-packages/turtlesim/action
[2.290s] -- Up-to-date: /home/orhan/ros2_ws/install/turtlesim/lib/python3.8/site-packages/turtlesim/action/_rotate_absolute_s.c
[2.290s] -- Up-to-date: /home/orhan/ros2_ws/install/turtlesim/lib/python3.8/site-packages/turtlesim/action/_rotate_absolute.py
[2.291s] -- Up-to-date: /home/orhan/ros2_ws/install/turtlesim/lib/python3.8/site-packages/turtlesim/action/__init__.py
[2.291s] -- Up-to-date: /home/orhan/ros2_ws/install/turtlesim/lib/python3.8/site-packages/turtlesim/msg
[2.291s] -- Up-to-date: /home/orhan/ros2_ws/install/turtlesim/lib/python3.8/site-packages/turtlesim/msg/_pose_s.c
[2.291s] -- Up-to-date: /home/orhan/ros2_ws/install/turtlesim/lib/python3.8/site-packages/turtlesim/msg/_color_s.c
[2.293s] -- Up-to-date: /home/orhan/ros2_ws/install/turtlesim/lib/python3.8/site-packages/turtlesim/msg/_color.py
[2.293s] -- Up-to-date: /home/orhan/ros2_ws/install/turtlesim/lib/python3.8/site-packages/turtlesim/msg/_pose.py
[2.293s] -- Up-to-date: /home/orhan/ros2_ws/install/turtlesim/lib/python3.8/site-packages/turtlesim/msg/__init__.py
[2.294s] -- Up-to-date: /home/orhan/ros2_ws/install/turtlesim/lib/python3.8/site-packages/turtlesim/srv
[2.294s] -- Up-to-date: /home/orhan/ros2_ws/install/turtlesim/lib/python3.8/site-packages/turtlesim/srv/_spawn_s.c
[2.294s] -- Up-to-date: /home/orhan/ros2_ws/install/turtlesim/lib/python3.8/site-packages/turtlesim/srv/_teleport_absolute.py
[2.295s] -- Up-to-date: /home/orhan/ros2_ws/install/turtlesim/lib/python3.8/site-packages/turtlesim/srv/_spawn.py
[2.295s] -- Up-to-date: /home/orhan/ros2_ws/install/turtlesim/lib/python3.8/site-packages/turtlesim/srv/_kill.py
[2.295s] -- Up-to-date: /home/orhan/ros2_ws/install/turtlesim/lib/python3.8/site-packages/turtlesim/srv/_set_pen.py
[2.295s] -- Up-to-date: /home/orhan/ros2_ws/install/turtlesim/lib/python3.8/site-packages/turtlesim/srv/_teleport_absolute_s.c
[2.296s] -- Up-to-date: /home/orhan/ros2_ws/install/turtlesim/lib/python3.8/site-packages/turtlesim/srv/_teleport_relative_s.c
[2.296s] -- Up-to-date: /home/orhan/ros2_ws/install/turtlesim/lib/python3.8/site-packages/turtlesim/srv/_kill_s.c
[2.296s] -- Up-to-date: /home/orhan/ros2_ws/install/turtlesim/lib/python3.8/site-packages/turtlesim/srv/_teleport_relative.py
[2.296s] -- Up-to-date: /home/orhan/ros2_ws/install/turtlesim/lib/python3.8/site-packages/turtlesim/srv/_set_pen_s.c
[2.296s] -- Up-to-date: /home/orhan/ros2_ws/install/turtlesim/lib/python3.8/site-packages/turtlesim/srv/__init__.py
[2.297s] -- Up-to-date: /home/orhan/ros2_ws/install/turtlesim/lib/python3.8/site-packages/turtlesim/turtlesim_s__rosidl_typesupport_fastrtps_c.cpython-38-x86_64-linux-gnu.so
[2.297s] -- Up-to-date: /home/orhan/ros2_ws/install/turtlesim/lib/python3.8/site-packages/turtlesim/turtlesim_s__rosidl_typesupport_introspection_c.cpython-38-x86_64-linux-gnu.so
[2.297s] -- Up-to-date: /home/orhan/ros2_ws/install/turtlesim/lib/python3.8/site-packages/turtlesim/turtlesim_s__rosidl_typesupport_c.cpython-38-x86_64-linux-gnu.so
[2.297s] -- Up-to-date: /home/orhan/ros2_ws/install/turtlesim/lib/libturtlesim__python.so
[2.297s] -- Up-to-date: /home/orhan/ros2_ws/install/turtlesim/share/turtlesim/action/RotateAbsolute.idl
[2.298s] -- Up-to-date: /home/orhan/ros2_ws/install/turtlesim/share/turtlesim/msg/Color.idl
[2.298s] -- Up-to-date: /home/orhan/ros2_ws/install/turtlesim/share/turtlesim/msg/Pose.idl
[2.298s] -- Up-to-date: /home/orhan/ros2_ws/install/turtlesim/share/turtlesim/srv/Kill.idl
[2.298s] -- Up-to-date: /home/orhan/ros2_ws/install/turtlesim/share/turtlesim/srv/SetPen.idl
[2.298s] -- Up-to-date: /home/orhan/ros2_ws/install/turtlesim/share/turtlesim/srv/Spawn.idl
[2.299s] -- Up-to-date: /home/orhan/ros2_ws/install/turtlesim/share/turtlesim/srv/TeleportAbsolute.idl
[2.299s] -- Up-to-date: /home/orhan/ros2_ws/install/turtlesim/share/turtlesim/srv/TeleportRelative.idl
[2.299s] -- Up-to-date: /home/orhan/ros2_ws/install/turtlesim/share/turtlesim/action/RotateAbsolute.action
[2.300s] -- Up-to-date: /home/orhan/ros2_ws/install/turtlesim/share/turtlesim/msg/Color.msg
[2.300s] -- Up-to-date: /home/orhan/ros2_ws/install/turtlesim/share/turtlesim/msg/Pose.msg
[2.300s] -- Up-to-date: /home/orhan/ros2_ws/install/turtlesim/share/turtlesim/srv/Kill.srv
[2.301s] -- Up-to-date: /home/orhan/ros2_ws/install/turtlesim/share/turtlesim/srv/Kill_Request.msg
[2.301s] -- Up-to-date: /home/orhan/ros2_ws/install/turtlesim/share/turtlesim/srv/Kill_Response.msg
[2.301s] -- Up-to-date: /home/orhan/ros2_ws/install/turtlesim/share/turtlesim/srv/SetPen.srv
[2.302s] -- Up-to-date: /home/orhan/ros2_ws/install/turtlesim/share/turtlesim/srv/SetPen_Request.msg
[2.302s] -- Up-to-date: /home/orhan/ros2_ws/install/turtlesim/share/turtlesim/srv/SetPen_Response.msg
[2.302s] -- Up-to-date: /home/orhan/ros2_ws/install/turtlesim/share/turtlesim/srv/Spawn.srv
[2.302s] -- Up-to-date: /home/orhan/ros2_ws/install/turtlesim/share/turtlesim/srv/Spawn_Request.msg
[2.303s] -- Up-to-date: /home/orhan/ros2_ws/install/turtlesim/share/turtlesim/srv/Spawn_Response.msg
[2.303s] -- Up-to-date: /home/orhan/ros2_ws/install/turtlesim/share/turtlesim/srv/TeleportAbsolute.srv
[2.303s] -- Up-to-date: /home/orhan/ros2_ws/install/turtlesim/share/turtlesim/srv/TeleportAbsolute_Request.msg
[2.303s] -- Up-to-date: /home/orhan/ros2_ws/install/turtlesim/share/turtlesim/srv/TeleportAbsolute_Response.msg
[2.304s] -- Up-to-date: /home/orhan/ros2_ws/install/turtlesim/share/turtlesim/srv/TeleportRelative.srv
[2.304s] -- Up-to-date: /home/orhan/ros2_ws/install/turtlesim/share/turtlesim/srv/TeleportRelative_Request.msg
[2.304s] -- Up-to-date: /home/orhan/ros2_ws/install/turtlesim/share/turtlesim/srv/TeleportRelative_Response.msg
[2.305s] -- Up-to-date: /home/orhan/ros2_ws/install/turtlesim/lib/turtlesim/turtlesim_node
[2.305s] -- Up-to-date: /home/orhan/ros2_ws/install/turtlesim/lib/turtlesim/turtle_teleop_key
[2.306s] -- Up-to-date: /home/orhan/ros2_ws/install/turtlesim/lib/turtlesim/draw_square
[2.306s] -- Up-to-date: /home/orhan/ros2_ws/install/turtlesim/lib/turtlesim/mimic
[2.306s] -- Up-to-date: /home/orhan/ros2_ws/install/turtlesim/share/turtlesim/images
[2.306s] -- Up-to-date: /home/orhan/ros2_ws/install/turtlesim/share/turtlesim/images/eloquent.png
[2.306s] -- Up-to-date: /home/orhan/ros2_ws/install/turtlesim/share/turtlesim/images/ardent.png
[2.307s] -- Up-to-date: /home/orhan/ros2_ws/install/turtlesim/share/turtlesim/images/foxy.png
[2.307s] -- Up-to-date: /home/orhan/ros2_ws/install/turtlesim/share/turtlesim/images/bouncy.png
[2.307s] -- Up-to-date: /home/orhan/ros2_ws/install/turtlesim/share/turtlesim/images/dashing.png
[2.308s] -- Up-to-date: /home/orhan/ros2_ws/install/turtlesim/share/turtlesim/images/crystal.png
[2.309s] -- Up-to-date: /home/orhan/ros2_ws/install/turtlesim/share/turtlesim/launch
[2.309s] -- Up-to-date: /home/orhan/ros2_ws/install/turtlesim/share/turtlesim/launch/multisim.launch.py
[2.310s] -- Up-to-date: /home/orhan/ros2_ws/install/turtlesim/share/ament_index/resource_index/package_run_dependencies/turtlesim
[2.310s] -- Up-to-date: /home/orhan/ros2_ws/install/turtlesim/share/ament_index/resource_index/parent_prefix_path/turtlesim
[2.310s] -- Up-to-date: /home/orhan/ros2_ws/install/turtlesim/share/turtlesim/environment/ament_prefix_path.sh
[2.310s] -- Up-to-date: /home/orhan/ros2_ws/install/turtlesim/share/turtlesim/environment/ament_prefix_path.dsv
[2.310s] -- Up-to-date: /home/orhan/ros2_ws/install/turtlesim/share/turtlesim/environment/path.sh
[2.311s] -- Up-to-date: /home/orhan/ros2_ws/install/turtlesim/share/turtlesim/environment/path.dsv
[2.311s] -- Up-to-date: /home/orhan/ros2_ws/install/turtlesim/share/turtlesim/local_setup.bash
[2.311s] -- Up-to-date: /home/orhan/ros2_ws/install/turtlesim/share/turtlesim/local_setup.sh
[2.311s] -- Up-to-date: /home/orhan/ros2_ws/install/turtlesim/share/turtlesim/local_setup.zsh
[2.311s] -- Up-to-date: /home/orhan/ros2_ws/install/turtlesim/share/turtlesim/local_setup.dsv
[2.312s] -- Installing: /home/orhan/ros2_ws/install/turtlesim/share/turtlesim/package.dsv
[2.312s] -- Up-to-date: /home/orhan/ros2_ws/install/turtlesim/share/ament_index/resource_index/packages/turtlesim
[2.312s] -- Up-to-date: /home/orhan/ros2_ws/install/turtlesim/share/turtlesim/cmake/turtlesim__rosidl_generator_cExport.cmake
[2.312s] -- Up-to-date: /home/orhan/ros2_ws/install/turtlesim/share/turtlesim/cmake/turtlesim__rosidl_generator_cExport-noconfig.cmake
[2.312s] -- Up-to-date: /home/orhan/ros2_ws/install/turtlesim/share/turtlesim/cmake/turtlesim__rosidl_typesupport_introspection_cExport.cmake
[2.313s] -- Up-to-date: /home/orhan/ros2_ws/install/turtlesim/share/turtlesim/cmake/turtlesim__rosidl_typesupport_introspection_cExport-noconfig.cmake
[2.325s] -- Up-to-date: /home/orhan/ros2_ws/install/turtlesim/share/turtlesim/cmake/turtlesim__rosidl_typesupport_cExport.cmake
[2.325s] -- Up-to-date: /home/orhan/ros2_ws/install/turtlesim/share/turtlesim/cmake/turtlesim__rosidl_typesupport_cExport-noconfig.cmake
[2.326s] -- Up-to-date: /home/orhan/ros2_ws/install/turtlesim/share/turtlesim/cmake/turtlesim__rosidl_generator_cppExport.cmake
[2.326s] -- Up-to-date: /home/orhan/ros2_ws/install/turtlesim/share/turtlesim/cmake/turtlesim__rosidl_typesupport_introspection_cppExport.cmake
[2.326s] -- Up-to-date: /home/orhan/ros2_ws/install/turtlesim/share/turtlesim/cmake/turtlesim__rosidl_typesupport_introspection_cppExport-noconfig.cmake
[2.326s] -- Up-to-date: /home/orhan/ros2_ws/install/turtlesim/share/turtlesim/cmake/turtlesim__rosidl_typesupport_cppExport.cmake
[2.326s] -- Up-to-date: /home/orhan/ros2_ws/install/turtlesim/share/turtlesim/cmake/turtlesim__rosidl_typesupport_cppExport-noconfig.cmake
[2.327s] -- Up-to-date: /home/orhan/ros2_ws/install/turtlesim/share/turtlesim/cmake/rosidl_cmake-extras.cmake
[2.327s] -- Up-to-date: /home/orhan/ros2_ws/install/turtlesim/share/turtlesim/cmake/ament_cmake_export_dependencies-extras.cmake
[2.328s] -- Up-to-date: /home/orhan/ros2_ws/install/turtlesim/share/turtlesim/cmake/ament_cmake_export_libraries-extras.cmake
[2.328s] -- Up-to-date: /home/orhan/ros2_ws/install/turtlesim/share/turtlesim/cmake/ament_cmake_export_targets-extras.cmake
[2.328s] -- Up-to-date: /home/orhan/ros2_ws/install/turtlesim/share/turtlesim/cmake/ament_cmake_export_include_directories-extras.cmake
[2.328s] -- Up-to-date: /home/orhan/ros2_ws/install/turtlesim/share/turtlesim/cmake/rosidl_cmake_export_typesupport_libraries-extras.cmake
[2.328s] -- Up-to-date: /home/orhan/ros2_ws/install/turtlesim/share/turtlesim/cmake/rosidl_cmake_export_typesupport_targets-extras.cmake
[2.328s] -- Up-to-date: /home/orhan/ros2_ws/install/turtlesim/share/turtlesim/cmake/turtlesimConfig.cmake
[2.331s] -- Up-to-date: /home/orhan/ros2_ws/install/turtlesim/share/turtlesim/cmake/turtlesimConfig-version.cmake
[2.331s] -- Up-to-date: /home/orhan/ros2_ws/install/turtlesim/share/turtlesim/package.xml
[2.356s] Invoked command in '/home/orhan/ros2_ws/build/turtlesim' returned '0': CMAKE_PREFIX_PATH=/opt/ros/foxy /usr/bin/cmake --install /home/orhan/ros2_ws/build/turtlesim
