[0.019s] Invoking command in '/home/orhan/ros2_ws/build/more_interfaces': CMAKE_PREFIX_PATH=${CMAKE_PREFIX_PATH}:/home/orhan/ros2_ws/install/tti_deneme:/home/orhan/ros2_ws/install/py_srvcli:/home/orhan/ros2_ws/install/iki:/home/orhan/ros2_ws/install/first_package:/home/orhan/ros2_ws/install/examples_rclpy_minimal_subscriber:/home/orhan/ros2_ws/install/examples_rclpy_minimal_service:/home/orhan/ros2_ws/install/examples_rclpy_minimal_publisher:/home/orhan/ros2_ws/install/examples_rclpy_minimal_client:/home/orhan/ros2_ws/install/examples_rclpy_minimal_action_server:/home/orhan/ros2_ws/install/examples_rclpy_minimal_action_client:/home/orhan/ros2_ws/install/examples_rclpy_executors:/home/orhan/ros2_ws/install/cift_sayi:/opt/ros/foxy /usr/bin/cmake --build /home/orhan/ros2_ws/build/more_interfaces -- -j4 -l4
[0.058s] -- Found ament_cmake: 0.9.12 (/opt/ros/foxy/share/ament_cmake/cmake)
[0.105s] -- Using PYTHON_EXECUTABLE: /usr/bin/python3
[0.398s] -- Found rosidl_default_generators: 1.0.1 (/opt/ros/foxy/share/rosidl_default_generators/cmake)
[0.407s] -- Using all available rosidl_typesupport_c: rosidl_typesupport_fastrtps_c;rosidl_typesupport_introspection_c
[0.412s] -- Found rosidl_adapter: 1.3.1 (/opt/ros/foxy/share/rosidl_adapter/cmake)
[0.615s] -- Using all available rosidl_typesupport_cpp: rosidl_typesupport_fastrtps_cpp;rosidl_typesupport_introspection_cpp
[0.651s] -- Found rclcpp: 2.4.3 (/opt/ros/foxy/share/rclcpp/cmake)
[0.725s] -- Found rmw_implementation_cmake: 1.0.4 (/opt/ros/foxy/share/rmw_implementation_cmake/cmake)
[0.728s] -- Using RMW implementation 'rmw_fastrtps_cpp' as default
[0.934s] CMake Error at /opt/ros/foxy/share/rosidl_cmake/cmake/rosidl_target_interfaces.cmake:44 (message):
[0.934s]   rosidl_target_interfaces() the second argument 'publish_address_book'
[0.934s]   concatenated with the third argument 'rosidl_typesupport_cpp' using double
[0.934s]   underscores must be a valid target name
[0.935s] Call Stack (most recent call first):
[0.935s]   CMakeLists.txt:38 (rosidl_target_interfaces)
[0.935s] 
[0.935s] 
[0.936s] -- Configuring incomplete, errors occurred!
[0.936s] See also "/home/orhan/ros2_ws/build/more_interfaces/CMakeFiles/CMakeOutput.log".
[0.936s] See also "/home/orhan/ros2_ws/build/more_interfaces/CMakeFiles/CMakeError.log".
[0.943s] make: *** [Makefile:222: cmake_check_build_system] Error 1
[0.946s] Invoked command in '/home/orhan/ros2_ws/build/more_interfaces' returned '2': CMAKE_PREFIX_PATH=${CMAKE_PREFIX_PATH}:/home/orhan/ros2_ws/install/tti_deneme:/home/orhan/ros2_ws/install/py_srvcli:/home/orhan/ros2_ws/install/iki:/home/orhan/ros2_ws/install/first_package:/home/orhan/ros2_ws/install/examples_rclpy_minimal_subscriber:/home/orhan/ros2_ws/install/examples_rclpy_minimal_service:/home/orhan/ros2_ws/install/examples_rclpy_minimal_publisher:/home/orhan/ros2_ws/install/examples_rclpy_minimal_client:/home/orhan/ros2_ws/install/examples_rclpy_minimal_action_server:/home/orhan/ros2_ws/install/examples_rclpy_minimal_action_client:/home/orhan/ros2_ws/install/examples_rclpy_executors:/home/orhan/ros2_ws/install/cift_sayi:/opt/ros/foxy /usr/bin/cmake --build /home/orhan/ros2_ws/build/more_interfaces -- -j4 -l4
