[2.067s] Invoking command in '/home/orhan/ros2_ws/src/examples/rclpy/services/minimal_service': PYTHONPATH=/home/orhan/ros2_ws/build/examples_rclpy_minimal_service/prefix_override:/usr/lib/python3/dist-packages/colcon_core/task/python/colcon_distutils_commands:/home/orhan/ros2_ws/install/examples_rclpy_minimal_service/lib/python3.8/site-packages:${PYTHONPATH} /usr/bin/python3 -W ignore:setup.py install is deprecated -W ignore:easy_install command is deprecated setup.py egg_info --egg-base ../../../../../build/examples_rclpy_minimal_service build --build-base /home/orhan/ros2_ws/build/examples_rclpy_minimal_service/build install --record /home/orhan/ros2_ws/build/examples_rclpy_minimal_service/install.log --install-scripts $base/lib/examples_rclpy_minimal_service --single-version-externally-managed install_data
[2.687s] running egg_info
[2.688s] writing ../../../../../build/examples_rclpy_minimal_service/examples_rclpy_minimal_service.egg-info/PKG-INFO
[2.690s] writing dependency_links to ../../../../../build/examples_rclpy_minimal_service/examples_rclpy_minimal_service.egg-info/dependency_links.txt
[2.691s] writing entry points to ../../../../../build/examples_rclpy_minimal_service/examples_rclpy_minimal_service.egg-info/entry_points.txt
[2.691s] writing requirements to ../../../../../build/examples_rclpy_minimal_service/examples_rclpy_minimal_service.egg-info/requires.txt
[2.691s] writing top-level names to ../../../../../build/examples_rclpy_minimal_service/examples_rclpy_minimal_service.egg-info/top_level.txt
[2.777s] reading manifest file '../../../../../build/examples_rclpy_minimal_service/examples_rclpy_minimal_service.egg-info/SOURCES.txt'
[2.779s] writing manifest file '../../../../../build/examples_rclpy_minimal_service/examples_rclpy_minimal_service.egg-info/SOURCES.txt'
[2.779s] running build
[2.780s] running build_py
[2.781s] running install
[2.783s] running install_lib
[2.786s] running install_data
[2.787s] running install_egg_info
[2.791s] removing '/home/orhan/ros2_ws/install/examples_rclpy_minimal_service/lib/python3.8/site-packages/examples_rclpy_minimal_service-0.9.4-py3.8.egg-info' (and everything under it)
[2.791s] Copying ../../../../../build/examples_rclpy_minimal_service/examples_rclpy_minimal_service.egg-info to /home/orhan/ros2_ws/install/examples_rclpy_minimal_service/lib/python3.8/site-packages/examples_rclpy_minimal_service-0.9.4-py3.8.egg-info
[2.793s] running install_scripts
[2.830s] Installing service script to /home/orhan/ros2_ws/install/examples_rclpy_minimal_service/lib/examples_rclpy_minimal_service
[2.830s] Installing service_member_function script to /home/orhan/ros2_ws/install/examples_rclpy_minimal_service/lib/examples_rclpy_minimal_service
[2.831s] writing list of installed files to '/home/orhan/ros2_ws/build/examples_rclpy_minimal_service/install.log'
[3.000s] Invoked command in '/home/orhan/ros2_ws/src/examples/rclpy/services/minimal_service' returned '0': PYTHONPATH=/home/orhan/ros2_ws/build/examples_rclpy_minimal_service/prefix_override:/usr/lib/python3/dist-packages/colcon_core/task/python/colcon_distutils_commands:/home/orhan/ros2_ws/install/examples_rclpy_minimal_service/lib/python3.8/site-packages:${PYTHONPATH} /usr/bin/python3 -W ignore:setup.py install is deprecated -W ignore:easy_install command is deprecated setup.py egg_info --egg-base ../../../../../build/examples_rclpy_minimal_service build --build-base /home/orhan/ros2_ws/build/examples_rclpy_minimal_service/build install --record /home/orhan/ros2_ws/build/examples_rclpy_minimal_service/install.log --install-scripts $base/lib/examples_rclpy_minimal_service --single-version-externally-managed install_data
