running egg_info
writing ../../build/iki/iki.egg-info/PKG-INFO
writing dependency_links to ../../build/iki/iki.egg-info/dependency_links.txt
writing entry points to ../../build/iki/iki.egg-info/entry_points.txt
writing requirements to ../../build/iki/iki.egg-info/requires.txt
writing top-level names to ../../build/iki/iki.egg-info/top_level.txt
reading manifest file '../../build/iki/iki.egg-info/SOURCES.txt'
writing manifest file '../../build/iki/iki.egg-info/SOURCES.txt'
running build
running build_py
copying iki/subscriber_member_function.py -> /home/orhan/ros2_ws/build/iki/build/lib/iki
copying iki/publisher_member_function.py -> /home/orhan/ros2_ws/build/iki/build/lib/iki
running install
running install_lib
copying /home/orhan/ros2_ws/build/iki/build/lib/iki/subscriber_member_function.py -> /home/orhan/ros2_ws/install/iki/lib/python3.8/site-packages/iki
copying /home/orhan/ros2_ws/build/iki/build/lib/iki/publisher_member_function.py -> /home/orhan/ros2_ws/install/iki/lib/python3.8/site-packages/iki
byte-compiling /home/orhan/ros2_ws/install/iki/lib/python3.8/site-packages/iki/subscriber_member_function.py to subscriber_member_function.cpython-38.pyc
byte-compiling /home/orhan/ros2_ws/install/iki/lib/python3.8/site-packages/iki/publisher_member_function.py to publisher_member_function.cpython-38.pyc
running install_data
running install_egg_info
removing '/home/orhan/ros2_ws/install/iki/lib/python3.8/site-packages/iki-0.0.0-py3.8.egg-info' (and everything under it)
Copying ../../build/iki/iki.egg-info to /home/orhan/ros2_ws/install/iki/lib/python3.8/site-packages/iki-0.0.0-py3.8.egg-info
running install_scripts
Installing listener script to /home/orhan/ros2_ws/install/iki/lib/iki
Installing talker script to /home/orhan/ros2_ws/install/iki/lib/iki
writing list of installed files to '/home/orhan/ros2_ws/build/iki/install.log'
