[0.894s] Invoking command in '/home/orhan/ros2_ws/src/iki': PYTHONPATH=/home/orhan/ros2_ws/build/iki/prefix_override:/usr/lib/python3/dist-packages/colcon_core/task/python/colcon_distutils_commands:/home/orhan/ros2_ws/install/iki/lib/python3.8/site-packages:${PYTHONPATH} /usr/bin/python3 -W ignore:setup.py install is deprecated setup.py egg_info --egg-base ../../build/iki build --build-base /home/orhan/ros2_ws/build/iki/build install --record /home/orhan/ros2_ws/build/iki/install.log --install-scripts $base/lib/iki --single-version-externally-managed install_data
[1.207s] running egg_info
[1.207s] writing ../../build/iki/iki.egg-info/PKG-INFO
[1.208s] writing dependency_links to ../../build/iki/iki.egg-info/dependency_links.txt
[1.208s] writing entry points to ../../build/iki/iki.egg-info/entry_points.txt
[1.209s] writing requirements to ../../build/iki/iki.egg-info/requires.txt
[1.209s] writing top-level names to ../../build/iki/iki.egg-info/top_level.txt
[1.258s] reading manifest file '../../build/iki/iki.egg-info/SOURCES.txt'
[1.259s] writing manifest file '../../build/iki/iki.egg-info/SOURCES.txt'
[1.259s] running build
[1.260s] running build_py
[1.260s] copying iki/subscriber_member_function.py -> /home/orhan/ros2_ws/build/iki/build/lib/iki
[1.260s] copying iki/publisher_member_function.py -> /home/orhan/ros2_ws/build/iki/build/lib/iki
[1.260s] running install
[1.261s] running install_lib
[1.263s] copying /home/orhan/ros2_ws/build/iki/build/lib/iki/subscriber_member_function.py -> /home/orhan/ros2_ws/install/iki/lib/python3.8/site-packages/iki
[1.263s] copying /home/orhan/ros2_ws/build/iki/build/lib/iki/publisher_member_function.py -> /home/orhan/ros2_ws/install/iki/lib/python3.8/site-packages/iki
[1.264s] byte-compiling /home/orhan/ros2_ws/install/iki/lib/python3.8/site-packages/iki/subscriber_member_function.py to subscriber_member_function.cpython-38.pyc
[1.266s] byte-compiling /home/orhan/ros2_ws/install/iki/lib/python3.8/site-packages/iki/publisher_member_function.py to publisher_member_function.cpython-38.pyc
[1.267s] running install_data
[1.267s] running install_egg_info
[1.269s] removing '/home/orhan/ros2_ws/install/iki/lib/python3.8/site-packages/iki-0.0.0-py3.8.egg-info' (and everything under it)
[1.270s] Copying ../../build/iki/iki.egg-info to /home/orhan/ros2_ws/install/iki/lib/python3.8/site-packages/iki-0.0.0-py3.8.egg-info
[1.271s] running install_scripts
[1.294s] Installing listener script to /home/orhan/ros2_ws/install/iki/lib/iki
[1.294s] Installing talker script to /home/orhan/ros2_ws/install/iki/lib/iki
[1.295s] writing list of installed files to '/home/orhan/ros2_ws/build/iki/install.log'
[1.325s] Invoked command in '/home/orhan/ros2_ws/src/iki' returned '0': PYTHONPATH=/home/orhan/ros2_ws/build/iki/prefix_override:/usr/lib/python3/dist-packages/colcon_core/task/python/colcon_distutils_commands:/home/orhan/ros2_ws/install/iki/lib/python3.8/site-packages:${PYTHONPATH} /usr/bin/python3 -W ignore:setup.py install is deprecated setup.py egg_info --egg-base ../../build/iki build --build-base /home/orhan/ros2_ws/build/iki/build install --record /home/orhan/ros2_ws/build/iki/install.log --install-scripts $base/lib/iki --single-version-externally-managed install_data
