[0.057s] Invoking command in '/home/orhan/ros2_ws/build/tutorial_interfaces': CMAKE_PREFIX_PATH=${CMAKE_PREFIX_PATH}:/home/orhan/ros2_ws/install/py_srvcli:/home/orhan/ros2_ws/install/iki:/home/orhan/ros2_ws/install/first_package:/home/orhan/ros2_ws/install/examples_rclpy_minimal_subscriber:/home/orhan/ros2_ws/install/examples_rclpy_minimal_service:/home/orhan/ros2_ws/install/examples_rclpy_minimal_publisher:/home/orhan/ros2_ws/install/examples_rclpy_minimal_client:/home/orhan/ros2_ws/install/examples_rclpy_minimal_action_server:/home/orhan/ros2_ws/install/examples_rclpy_minimal_action_client:/home/orhan/ros2_ws/install/examples_rclpy_executors:/home/orhan/ros2_ws/install/cift_sayi:/opt/ros/foxy /usr/bin/cmake /home/orhan/ros2_ws/src/tutorial_interfaces -Wno-dev -DCMAKE_INSTALL_PREFIX=/home/orhan/ros2_ws/install/tutorial_interfaces
[0.111s] -- Found geometry_msgs: 2.0.5 (/opt/ros/foxy/share/geometry_msgs/cmake)
[0.228s] -- Found PythonInterp: /usr/bin/python3 (found suitable version "3.8.10", minimum required is "3") 
[0.228s] -- Using PYTHON_EXECUTABLE: /usr/bin/python3
[0.942s] CMake Warning at /opt/ros/foxy/share/rcutils/cmake/ament_cmake_export_libraries-extras.cmake:116 (message):
[0.942s]   Package 'rcutils' exports library 'dl' which couldn't be found
[0.942s] Call Stack (most recent call first):
[0.942s]   /opt/ros/foxy/share/rcutils/cmake/rcutilsConfig.cmake:41 (include)
[0.942s]   /opt/ros/foxy/share/rosidl_runtime_c/cmake/ament_cmake_export_dependencies-extras.cmake:21 (find_package)
[0.943s]   /opt/ros/foxy/share/rosidl_runtime_c/cmake/rosidl_runtime_cConfig.cmake:41 (include)
[0.943s]   /opt/ros/foxy/share/builtin_interfaces/cmake/ament_cmake_export_dependencies-extras.cmake:21 (find_package)
[0.943s]   /opt/ros/foxy/share/builtin_interfaces/cmake/builtin_interfacesConfig.cmake:41 (include)
[0.943s]   /opt/ros/foxy/share/std_msgs/cmake/ament_cmake_export_dependencies-extras.cmake:21 (find_package)
[0.943s]   /opt/ros/foxy/share/std_msgs/cmake/std_msgsConfig.cmake:41 (include)
[0.944s]   /opt/ros/foxy/share/geometry_msgs/cmake/ament_cmake_export_dependencies-extras.cmake:21 (find_package)
[0.944s]   /opt/ros/foxy/share/geometry_msgs/cmake/geometry_msgsConfig.cmake:41 (include)
[0.944s]   CMakeLists.txt:2 (find_package)
[0.944s] 
[0.944s] 
[0.981s] -- Using all available rosidl_typesupport_c: rosidl_typesupport_fastrtps_c;rosidl_typesupport_introspection_c
[0.983s] -- Found rosidl_adapter: 1.3.1 (/opt/ros/foxy/share/rosidl_adapter/cmake)
[1.200s] -- Using all available rosidl_typesupport_cpp: rosidl_typesupport_fastrtps_cpp;rosidl_typesupport_introspection_cpp
[1.562s] -- Found rosidl_default_generators: 1.0.1 (/opt/ros/foxy/share/rosidl_default_generators/cmake)
[1.694s] -- Found PythonInterp: /usr/bin/python3 (found version "3.8.10") 
[2.079s] CMake Error at /opt/ros/foxy/share/ament_cmake_core/cmake/core/ament_package_xml.cmake:53 (message):
[2.079s]   ament_package_xml() package name 'tutorial_interfaces' in '/package.xml'
[2.079s]   does not match current PROJECT_NAME 'ament_cmake_internal'.  You must call
[2.079s]   project() with the same package name before.
[2.080s] Call Stack (most recent call first):
[2.080s]   /opt/ros/foxy/share/rosidl_cmake/cmake/rosidl_generate_interfaces.cmake:226 (ament_package_xml)
[2.080s]   CMakeLists.txt:5 (rosidl_generate_interfaces)
[2.080s] 
[2.080s] 
[2.081s] -- Configuring incomplete, errors occurred!
[2.081s] See also "/home/orhan/ros2_ws/build/tutorial_interfaces/CMakeFiles/CMakeOutput.log".
[2.088s] Invoked command in '/home/orhan/ros2_ws/build/tutorial_interfaces' returned '1': CMAKE_PREFIX_PATH=${CMAKE_PREFIX_PATH}:/home/orhan/ros2_ws/install/py_srvcli:/home/orhan/ros2_ws/install/iki:/home/orhan/ros2_ws/install/first_package:/home/orhan/ros2_ws/install/examples_rclpy_minimal_subscriber:/home/orhan/ros2_ws/install/examples_rclpy_minimal_service:/home/orhan/ros2_ws/install/examples_rclpy_minimal_publisher:/home/orhan/ros2_ws/install/examples_rclpy_minimal_client:/home/orhan/ros2_ws/install/examples_rclpy_minimal_action_server:/home/orhan/ros2_ws/install/examples_rclpy_minimal_action_client:/home/orhan/ros2_ws/install/examples_rclpy_executors:/home/orhan/ros2_ws/install/cift_sayi:/opt/ros/foxy /usr/bin/cmake /home/orhan/ros2_ws/src/tutorial_interfaces -Wno-dev -DCMAKE_INSTALL_PREFIX=/home/orhan/ros2_ws/install/tutorial_interfaces
