[0.046s] Invoking command in '/home/orhan/ros2_ws/build/examples_rclcpp_minimal_action_server': CMAKE_PREFIX_PATH=/opt/ros/foxy /usr/bin/cmake --build /home/orhan/ros2_ws/build/examples_rclcpp_minimal_action_server -- -j4 -l4
[0.204s] [ 50%] Built target action_server_member_functions
[0.236s] [100%] Built target action_server_not_composable
[0.264s] Invoked command in '/home/orhan/ros2_ws/build/examples_rclcpp_minimal_action_server' returned '0': CMAKE_PREFIX_PATH=/opt/ros/foxy /usr/bin/cmake --build /home/orhan/ros2_ws/build/examples_rclcpp_minimal_action_server -- -j4 -l4
[0.376s] Invoking command in '/home/orhan/ros2_ws/build/examples_rclcpp_minimal_action_server': CMAKE_PREFIX_PATH=/opt/ros/foxy /usr/bin/cmake --install /home/orhan/ros2_ws/build/examples_rclcpp_minimal_action_server
[0.391s] -- Install configuration: ""
[0.391s] -- Execute custom install script
[0.399s] -- Up-to-date symlink: /home/orhan/ros2_ws/install/examples_rclcpp_minimal_action_server/lib/examples_rclcpp_minimal_action_server/action_server_not_composable
[0.400s] -- Up-to-date symlink: /home/orhan/ros2_ws/install/examples_rclcpp_minimal_action_server/lib/examples_rclcpp_minimal_action_server/action_server_member_functions
[0.400s] -- Up-to-date symlink: /home/orhan/ros2_ws/install/examples_rclcpp_minimal_action_server/share/ament_index/resource_index/package_run_dependencies/examples_rclcpp_minimal_action_server
[0.400s] -- Up-to-date symlink: /home/orhan/ros2_ws/install/examples_rclcpp_minimal_action_server/share/ament_index/resource_index/parent_prefix_path/examples_rclcpp_minimal_action_server
[0.400s] -- Up-to-date symlink: /home/orhan/ros2_ws/install/examples_rclcpp_minimal_action_server/share/examples_rclcpp_minimal_action_server/environment/ament_prefix_path.sh
[0.401s] -- Up-to-date symlink: /home/orhan/ros2_ws/install/examples_rclcpp_minimal_action_server/share/examples_rclcpp_minimal_action_server/environment/ament_prefix_path.dsv
[0.401s] -- Up-to-date symlink: /home/orhan/ros2_ws/install/examples_rclcpp_minimal_action_server/share/examples_rclcpp_minimal_action_server/environment/path.sh
[0.401s] -- Up-to-date symlink: /home/orhan/ros2_ws/install/examples_rclcpp_minimal_action_server/share/examples_rclcpp_minimal_action_server/environment/path.dsv
[0.401s] -- Up-to-date symlink: /home/orhan/ros2_ws/install/examples_rclcpp_minimal_action_server/share/examples_rclcpp_minimal_action_server/local_setup.bash
[0.403s] -- Up-to-date symlink: /home/orhan/ros2_ws/install/examples_rclcpp_minimal_action_server/share/examples_rclcpp_minimal_action_server/local_setup.sh
[0.403s] -- Up-to-date symlink: /home/orhan/ros2_ws/install/examples_rclcpp_minimal_action_server/share/examples_rclcpp_minimal_action_server/local_setup.zsh
[0.403s] -- Up-to-date symlink: /home/orhan/ros2_ws/install/examples_rclcpp_minimal_action_server/share/examples_rclcpp_minimal_action_server/local_setup.dsv
[0.403s] -- Symlinking: /home/orhan/ros2_ws/install/examples_rclcpp_minimal_action_server/share/examples_rclcpp_minimal_action_server/package.dsv
[0.419s] -- Up-to-date symlink: /home/orhan/ros2_ws/install/examples_rclcpp_minimal_action_server/share/ament_index/resource_index/packages/examples_rclcpp_minimal_action_server
[0.420s] -- Up-to-date symlink: /home/orhan/ros2_ws/install/examples_rclcpp_minimal_action_server/share/examples_rclcpp_minimal_action_server/cmake/examples_rclcpp_minimal_action_serverConfig.cmake
[0.420s] -- Up-to-date symlink: /home/orhan/ros2_ws/install/examples_rclcpp_minimal_action_server/share/examples_rclcpp_minimal_action_server/cmake/examples_rclcpp_minimal_action_serverConfig-version.cmake
[0.422s] -- Up-to-date symlink: /home/orhan/ros2_ws/install/examples_rclcpp_minimal_action_server/share/examples_rclcpp_minimal_action_server/package.xml
[0.433s] Invoked command in '/home/orhan/ros2_ws/build/examples_rclcpp_minimal_action_server' returned '0': CMAKE_PREFIX_PATH=/opt/ros/foxy /usr/bin/cmake --install /home/orhan/ros2_ws/build/examples_rclcpp_minimal_action_server
