[3.066s] Invoking command in '/home/orhan/ros2_ws/build/examples_rclpy_minimal_action_client': PYTHONPATH=/home/orhan/ros2_ws/build/examples_rclpy_minimal_action_client/prefix_override:/usr/lib/python3/dist-packages/colcon_core/task/python/colcon_distutils_commands:/home/orhan/ros2_ws/install/examples_rclpy_minimal_action_client/lib/python3.8/site-packages:${PYTHONPATH} /usr/bin/python3 -W ignore:setup.py install is deprecated setup.py develop --editable --build-directory /home/orhan/ros2_ws/build/examples_rclpy_minimal_action_client/build --no-deps symlink_data
[3.826s] running develop
[4.367s] running egg_info
[4.368s] creating examples_rclpy_minimal_action_client.egg-info
[4.369s] writing examples_rclpy_minimal_action_client.egg-info/PKG-INFO
[4.369s] writing dependency_links to examples_rclpy_minimal_action_client.egg-info/dependency_links.txt
[4.369s] writing entry points to examples_rclpy_minimal_action_client.egg-info/entry_points.txt
[4.370s] writing requirements to examples_rclpy_minimal_action_client.egg-info/requires.txt
[4.370s] writing top-level names to examples_rclpy_minimal_action_client.egg-info/top_level.txt
[4.372s] writing manifest file 'examples_rclpy_minimal_action_client.egg-info/SOURCES.txt'
[4.457s] reading manifest file 'examples_rclpy_minimal_action_client.egg-info/SOURCES.txt'
[4.459s] writing manifest file 'examples_rclpy_minimal_action_client.egg-info/SOURCES.txt'
[4.550s] running build_ext
[4.551s] Creating /home/orhan/ros2_ws/install/examples_rclpy_minimal_action_client/lib/python3.8/site-packages/site.py
[4.555s] Creating /home/orhan/ros2_ws/install/examples_rclpy_minimal_action_client/lib/python3.8/site-packages/examples-rclpy-minimal-action-client.egg-link (link to .)
[4.557s] Installing client script to /home/orhan/ros2_ws/install/examples_rclpy_minimal_action_client/lib/examples_rclpy_minimal_action_client
[4.558s] Installing client_cancel script to /home/orhan/ros2_ws/install/examples_rclpy_minimal_action_client/lib/examples_rclpy_minimal_action_client
[4.558s] Installing client_not_composable script to /home/orhan/ros2_ws/install/examples_rclpy_minimal_action_client/lib/examples_rclpy_minimal_action_client
[4.559s] 
[4.559s] Installed /home/orhan/ros2_ws/build/examples_rclpy_minimal_action_client
[4.559s] running symlink_data
[4.560s] creating /home/orhan/ros2_ws/install/examples_rclpy_minimal_action_client/share/ament_index
[4.560s] creating /home/orhan/ros2_ws/install/examples_rclpy_minimal_action_client/share/ament_index/resource_index
[4.560s] creating /home/orhan/ros2_ws/install/examples_rclpy_minimal_action_client/share/ament_index/resource_index/packages
[4.561s] symbolically linking /home/orhan/ros2_ws/build/examples_rclpy_minimal_action_client/resource/examples_rclpy_minimal_action_client -> /home/orhan/ros2_ws/install/examples_rclpy_minimal_action_client/share/ament_index/resource_index/packages
[4.561s] symbolically linking /home/orhan/ros2_ws/build/examples_rclpy_minimal_action_client/package.xml -> /home/orhan/ros2_ws/install/examples_rclpy_minimal_action_client/share/examples_rclpy_minimal_action_client
[4.630s] Invoked command in '/home/orhan/ros2_ws/build/examples_rclpy_minimal_action_client' returned '0': PYTHONPATH=/home/orhan/ros2_ws/build/examples_rclpy_minimal_action_client/prefix_override:/usr/lib/python3/dist-packages/colcon_core/task/python/colcon_distutils_commands:/home/orhan/ros2_ws/install/examples_rclpy_minimal_action_client/lib/python3.8/site-packages:${PYTHONPATH} /usr/bin/python3 -W ignore:setup.py install is deprecated setup.py develop --editable --build-directory /home/orhan/ros2_ws/build/examples_rclpy_minimal_action_client/build --no-deps symlink_data
