[0.017s] Invoking command in '/home/orhan/ros2_ws/build/more_interfaces': CMAKE_PREFIX_PATH=${CMAKE_PREFIX_PATH}:/home/orhan/ros2_ws/install/tti_deneme:/home/orhan/ros2_ws/install/py_srvcli:/home/orhan/ros2_ws/install/iki:/home/orhan/ros2_ws/install/first_package:/home/orhan/ros2_ws/install/examples_rclpy_minimal_subscriber:/home/orhan/ros2_ws/install/examples_rclpy_minimal_service:/home/orhan/ros2_ws/install/examples_rclpy_minimal_publisher:/home/orhan/ros2_ws/install/examples_rclpy_minimal_client:/home/orhan/ros2_ws/install/examples_rclpy_minimal_action_server:/home/orhan/ros2_ws/install/examples_rclpy_minimal_action_client:/home/orhan/ros2_ws/install/examples_rclpy_executors:/home/orhan/ros2_ws/install/cift_sayi:/opt/ros/foxy /usr/bin/cmake --build /home/orhan/ros2_ws/build/more_interfaces -- -j4 -l4
[0.054s] -- Found ament_cmake: 0.9.12 (/opt/ros/foxy/share/ament_cmake/cmake)
[0.103s] -- Using PYTHON_EXECUTABLE: /usr/bin/python3
[0.388s] -- Found rosidl_default_generators: 1.0.1 (/opt/ros/foxy/share/rosidl_default_generators/cmake)
[0.396s] -- Using all available rosidl_typesupport_c: rosidl_typesupport_fastrtps_c;rosidl_typesupport_introspection_c
[0.401s] -- Found rosidl_adapter: 1.3.1 (/opt/ros/foxy/share/rosidl_adapter/cmake)
[0.588s] -- Using all available rosidl_typesupport_cpp: rosidl_typesupport_fastrtps_cpp;rosidl_typesupport_introspection_cpp
[0.626s] -- Found rclcpp: 2.4.3 (/opt/ros/foxy/share/rclcpp/cmake)
[0.755s] -- Found rmw_implementation_cmake: 1.0.4 (/opt/ros/foxy/share/rmw_implementation_cmake/cmake)
[0.760s] -- Using RMW implementation 'rmw_fastrtps_cpp' as default
[0.762s] -- Looking for pthread.h
[0.872s] -- Looking for pthread.h - found
[0.872s] -- Performing Test CMAKE_HAVE_LIBC_PTHREAD
[0.979s] -- Performing Test CMAKE_HAVE_LIBC_PTHREAD - Failed
[0.979s] -- Looking for pthread_create in pthreads
[1.065s] -- Looking for pthread_create in pthreads - not found
[1.066s] -- Looking for pthread_create in pthread
[1.171s] -- Looking for pthread_create in pthread - found
[1.173s] -- Found Threads: TRUE  
[1.415s] CMake Error at /opt/ros/foxy/share/rosidl_cmake/cmake/rosidl_target_interfaces.cmake:40 (message):
[1.416s]   rosidl_target_interfaces() the second argument 'more_interfaces' must be a
[1.416s]   valid target name
[1.416s] Call Stack (most recent call first):
[1.416s]   CMakeLists.txt:39 (rosidl_target_interfaces)
[1.416s] 
[1.416s] 
[1.417s] -- Configuring incomplete, errors occurred!
[1.417s] See also "/home/orhan/ros2_ws/build/more_interfaces/CMakeFiles/CMakeOutput.log".
[1.418s] See also "/home/orhan/ros2_ws/build/more_interfaces/CMakeFiles/CMakeError.log".
[1.425s] make: *** [Makefile:222: cmake_check_build_system] Error 1
[1.428s] Invoked command in '/home/orhan/ros2_ws/build/more_interfaces' returned '2': CMAKE_PREFIX_PATH=${CMAKE_PREFIX_PATH}:/home/orhan/ros2_ws/install/tti_deneme:/home/orhan/ros2_ws/install/py_srvcli:/home/orhan/ros2_ws/install/iki:/home/orhan/ros2_ws/install/first_package:/home/orhan/ros2_ws/install/examples_rclpy_minimal_subscriber:/home/orhan/ros2_ws/install/examples_rclpy_minimal_service:/home/orhan/ros2_ws/install/examples_rclpy_minimal_publisher:/home/orhan/ros2_ws/install/examples_rclpy_minimal_client:/home/orhan/ros2_ws/install/examples_rclpy_minimal_action_server:/home/orhan/ros2_ws/install/examples_rclpy_minimal_action_client:/home/orhan/ros2_ws/install/examples_rclpy_executors:/home/orhan/ros2_ws/install/cift_sayi:/opt/ros/foxy /usr/bin/cmake --build /home/orhan/ros2_ws/build/more_interfaces -- -j4 -l4
