running egg_info
writing ../../build/tti_deneme/tti_deneme.egg-info/PKG-INFO
writing dependency_links to ../../build/tti_deneme/tti_deneme.egg-info/dependency_links.txt
writing entry points to ../../build/tti_deneme/tti_deneme.egg-info/entry_points.txt
writing requirements to ../../build/tti_deneme/tti_deneme.egg-info/requires.txt
writing top-level names to ../../build/tti_deneme/tti_deneme.egg-info/top_level.txt
reading manifest file '../../build/tti_deneme/tti_deneme.egg-info/SOURCES.txt'
writing manifest file '../../build/tti_deneme/tti_deneme.egg-info/SOURCES.txt'
running build
running build_py
running install
running install_lib
running install_data
running install_egg_info
removing '/home/orhan/ros2_ws/install/tti_deneme/lib/python3.8/site-packages/tti_deneme-0.0.0-py3.8.egg-info' (and everything under it)
Copying ../../build/tti_deneme/tti_deneme.egg-info to /home/orhan/ros2_ws/install/tti_deneme/lib/python3.8/site-packages/tti_deneme-0.0.0-py3.8.egg-info
running install_scripts
Installing listener script to /home/orhan/ros2_ws/install/tti_deneme/lib/tti_deneme
Installing talker script to /home/orhan/ros2_ws/install/tti_deneme/lib/tti_deneme
writing list of installed files to '/home/orhan/ros2_ws/build/tti_deneme/install.log'
