[0.020s] Invoking command in '/home/orhan/ros2_ws/build/custom_interfaces': CMAKE_PREFIX_PATH=${CMAKE_PREFIX_PATH}:/home/orhan/udemy_ros/install/rand_two_int:/home/orhan/udemy_ros/install/py_deneme:/home/orhan/udemy_ros/install/add_two_ints_srv:/opt/ros/foxy /usr/bin/cmake --build /home/orhan/ros2_ws/build/custom_interfaces -- -j4 -l4
[0.061s] -- Found ament_cmake: 0.9.12 (/opt/ros/foxy/share/ament_cmake/cmake)
[0.091s] -- Found PythonInterp: /usr/bin/python3 (found suitable version "3.8.10", minimum required is "3") 
[0.091s] -- Using PYTHON_EXECUTABLE: /usr/bin/python3
[0.417s] -- Found rosidl_default_generators: 1.0.1 (/opt/ros/foxy/share/rosidl_default_generators/cmake)
[0.420s] -- Using all available rosidl_typesupport_c: rosidl_typesupport_fastrtps_c;rosidl_typesupport_introspection_c
[0.426s] -- Found rosidl_adapter: 1.3.1 (/opt/ros/foxy/share/rosidl_adapter/cmake)
[0.607s] -- Using all available rosidl_typesupport_cpp: rosidl_typesupport_fastrtps_cpp;rosidl_typesupport_introspection_cpp
[0.670s] -- Found PythonInterp: /usr/bin/python3 (found version "3.8.10") 
[0.846s] -- Found ament_cmake_ros: 0.9.2 (/opt/ros/foxy/share/ament_cmake_ros/cmake)
[0.968s] -- Using all available rosidl_typesupport_c: rosidl_typesupport_fastrtps_c;rosidl_typesupport_introspection_c
[0.979s] -- Using all available rosidl_typesupport_cpp: rosidl_typesupport_fastrtps_cpp;rosidl_typesupport_introspection_cpp
[1.015s] -- Found PythonInterp: /usr/bin/python3 (found suitable version "3.8.10", minimum required is "3.5") 
[1.016s] -- Found python_cmake_module: 0.8.1 (/opt/ros/foxy/share/python_cmake_module/cmake)
[1.049s] -- Using PYTHON_EXECUTABLE: /usr/bin/python3
[1.050s] -- Using PYTHON_INCLUDE_DIRS: /usr/include/python3.8
[1.050s] -- Using PYTHON_LIBRARIES: /usr/lib/x86_64-linux-gnu/libpython3.8.so
[1.068s] -- Found ament_lint_auto: 0.9.8 (/opt/ros/foxy/share/ament_lint_auto/cmake)
[1.087s] -- Added test 'copyright' to check source files copyright and LICENSE
[1.091s] -- Added test 'lint_cmake' to check CMake code style
[1.093s] -- Added test 'xmllint' to check XML markup files
[1.099s] -- Configuring done
[1.157s] -- Generating done
[1.181s] -- Build files have been written to: /home/orhan/ros2_ws/build/custom_interfaces
[1.220s] [  3%] [34m[1mGenerating C code for ROS interfaces[0m
[1.240s] [  6%] [34m[1mGenerating C++ code for ROS interfaces[0m
[1.633s] [35m[1mScanning dependencies of target custom_interfaces__rosidl_generator_c[0m
[1.636s] [  6%] Built target custom_interfaces__cpp
[1.655s] [  9%] [34m[1mGenerating C++ type support dispatch for ROS interfaces[0m
[1.656s] [ 12%] [32mBuilding C object CMakeFiles/custom_interfaces__rosidl_generator_c.dir/rosidl_generator_c/custom_interfaces/srv/detail/triangle__functions.c.o[0m
[1.663s] [ 16%] [34m[1mGenerating C++ type support for eProsima Fast-RTPS[0m
[1.666s] [ 19%] [34m[1mGenerating C++ introspection for ROS interfaces[0m
[1.805s] [ 22%] [32m[1mLinking C shared library libcustom_interfaces__rosidl_generator_c.so[0m
[1.888s] [ 22%] Built target custom_interfaces__rosidl_generator_c
[1.911s] [ 25%] [34m[1mGenerating C type support dispatch for ROS interfaces[0m
[2.233s] [35m[1mScanning dependencies of target custom_interfaces__rosidl_typesupport_cpp[0m
[2.274s] [ 29%] [32mBuilding CXX object CMakeFiles/custom_interfaces__rosidl_typesupport_cpp.dir/rosidl_typesupport_cpp/custom_interfaces/srv/triangle__type_support.cpp.o[0m
[2.277s] [35m[1mScanning dependencies of target custom_interfaces__rosidl_typesupport_introspection_cpp[0m
[2.292s] [35m[1mScanning dependencies of target custom_interfaces__rosidl_typesupport_fastrtps_cpp[0m
[2.308s] [ 32%] [32mBuilding CXX object CMakeFiles/custom_interfaces__rosidl_typesupport_introspection_cpp.dir/rosidl_typesupport_introspection_cpp/custom_interfaces/srv/detail/triangle__type_support.cpp.o[0m
[2.358s] [ 35%] [32mBuilding CXX object CMakeFiles/custom_interfaces__rosidl_typesupport_fastrtps_cpp.dir/rosidl_typesupport_fastrtps_cpp/custom_interfaces/srv/detail/dds_fastrtps/triangle__type_support.cpp.o[0m
[2.527s] [35m[1mScanning dependencies of target custom_interfaces__rosidl_typesupport_c[0m
[2.595s] [ 38%] [32mBuilding CXX object CMakeFiles/custom_interfaces__rosidl_typesupport_c.dir/rosidl_typesupport_c/custom_interfaces/srv/triangle__type_support.cpp.o[0m
[2.786s] [ 41%] [32m[1mLinking CXX shared library libcustom_interfaces__rosidl_typesupport_c.so[0m
[3.033s] [ 41%] Built target custom_interfaces__rosidl_typesupport_c
[3.085s] [ 45%] [34m[1mGenerating C introspection for ROS interfaces[0m
[3.097s] [ 48%] [32m[1mLinking CXX shared library libcustom_interfaces__rosidl_typesupport_cpp.so[0m
[3.108s] [ 51%] [32m[1mLinking CXX shared library libcustom_interfaces__rosidl_typesupport_introspection_cpp.so[0m
[3.197s] [ 51%] Built target custom_interfaces__rosidl_typesupport_cpp
[3.321s] [ 51%] Built target custom_interfaces__rosidl_typesupport_introspection_cpp
[3.480s] [ 54%] [32m[1mLinking CXX shared library libcustom_interfaces__rosidl_typesupport_fastrtps_cpp.so[0m
[3.609s] [ 54%] Built target custom_interfaces__rosidl_typesupport_fastrtps_cpp
[3.625s] [ 58%] [34m[1mGenerating C type support for eProsima Fast-RTPS[0m
[3.754s] [35m[1mScanning dependencies of target custom_interfaces__rosidl_typesupport_introspection_c[0m
[3.777s] [ 61%] [32mBuilding C object CMakeFiles/custom_interfaces__rosidl_typesupport_introspection_c.dir/rosidl_typesupport_introspection_c/custom_interfaces/srv/detail/triangle__type_support.c.o[0m
[3.827s] [ 64%] [32m[1mLinking C shared library libcustom_interfaces__rosidl_typesupport_introspection_c.so[0m
[3.868s] [ 64%] Built target custom_interfaces__rosidl_typesupport_introspection_c
[4.116s] [35m[1mScanning dependencies of target custom_interfaces__rosidl_typesupport_fastrtps_c[0m
[4.138s] [ 67%] [32mBuilding CXX object CMakeFiles/custom_interfaces__rosidl_typesupport_fastrtps_c.dir/rosidl_typesupport_fastrtps_c/custom_interfaces/srv/detail/triangle__type_support_c.cpp.o[0m
[4.651s] [ 70%] [32m[1mLinking CXX shared library libcustom_interfaces__rosidl_typesupport_fastrtps_c.so[0m
[4.773s] [ 70%] Built target custom_interfaces__rosidl_typesupport_fastrtps_c
[4.802s] [ 70%] Built target custom_interfaces
[4.830s] [ 74%] [34m[1mGenerating Python code for ROS interfaces[0m
[5.451s] [ 74%] Built target custom_interfaces__py
[5.468s] [35m[1mScanning dependencies of target custom_interfaces__python[0m
[5.491s] [ 77%] [32mBuilding C object CMakeFiles/custom_interfaces__python.dir/rosidl_generator_py/custom_interfaces/srv/_triangle_s.c.o[0m
[5.620s] [ 80%] [32m[1mLinking C shared library rosidl_generator_py/custom_interfaces/libcustom_interfaces__python.so[0m
[5.683s] [ 80%] Built target custom_interfaces__python
[5.703s] [35m[1mScanning dependencies of target custom_interfaces__rosidl_typesupport_fastrtps_c__pyext[0m
[5.709s] [35m[1mScanning dependencies of target custom_interfaces__rosidl_typesupport_introspection_c__pyext[0m
[5.709s] [35m[1mScanning dependencies of target custom_interfaces__rosidl_typesupport_c__pyext[0m
[5.728s] [ 83%] [32mBuilding C object CMakeFiles/custom_interfaces__rosidl_typesupport_fastrtps_c__pyext.dir/rosidl_generator_py/custom_interfaces/_custom_interfaces_s.ep.rosidl_typesupport_fastrtps_c.c.o[0m
[5.739s] [ 87%] [32mBuilding C object CMakeFiles/custom_interfaces__rosidl_typesupport_c__pyext.dir/rosidl_generator_py/custom_interfaces/_custom_interfaces_s.ep.rosidl_typesupport_c.c.o[0m
[5.760s] [ 90%] [32mBuilding C object CMakeFiles/custom_interfaces__rosidl_typesupport_introspection_c__pyext.dir/rosidl_generator_py/custom_interfaces/_custom_interfaces_s.ep.rosidl_typesupport_introspection_c.c.o[0m
[5.929s] [ 93%] [32m[1mLinking C shared library rosidl_generator_py/custom_interfaces/custom_interfaces_s__rosidl_typesupport_c.cpython-38-x86_64-linux-gnu.so[0m
[5.936s] [ 96%] [32m[1mLinking CXX shared library rosidl_generator_py/custom_interfaces/custom_interfaces_s__rosidl_typesupport_fastrtps_c.cpython-38-x86_64-linux-gnu.so[0m
[5.941s] [100%] [32m[1mLinking C shared library rosidl_generator_py/custom_interfaces/custom_interfaces_s__rosidl_typesupport_introspection_c.cpython-38-x86_64-linux-gnu.so[0m
[6.003s] [100%] Built target custom_interfaces__rosidl_typesupport_c__pyext
[6.009s] [100%] Built target custom_interfaces__rosidl_typesupport_introspection_c__pyext
[6.048s] [100%] Built target custom_interfaces__rosidl_typesupport_fastrtps_c__pyext
[6.065s] Invoked command in '/home/orhan/ros2_ws/build/custom_interfaces' returned '0': CMAKE_PREFIX_PATH=${CMAKE_PREFIX_PATH}:/home/orhan/udemy_ros/install/rand_two_int:/home/orhan/udemy_ros/install/py_deneme:/home/orhan/udemy_ros/install/add_two_ints_srv:/opt/ros/foxy /usr/bin/cmake --build /home/orhan/ros2_ws/build/custom_interfaces -- -j4 -l4
[6.082s] Invoking command in '/home/orhan/ros2_ws/build/custom_interfaces': CMAKE_PREFIX_PATH=${CMAKE_PREFIX_PATH}:/home/orhan/udemy_ros/install/rand_two_int:/home/orhan/udemy_ros/install/py_deneme:/home/orhan/udemy_ros/install/add_two_ints_srv:/opt/ros/foxy /usr/bin/cmake --install /home/orhan/ros2_ws/build/custom_interfaces
[6.099s] -- Install configuration: ""
[6.099s] -- Up-to-date: /home/orhan/ros2_ws/install/custom_interfaces/share/ament_index/resource_index/rosidl_interfaces/custom_interfaces
[6.099s] -- Up-to-date: /home/orhan/ros2_ws/install/custom_interfaces/include/custom_interfaces
[6.099s] -- Up-to-date: /home/orhan/ros2_ws/install/custom_interfaces/include/custom_interfaces/msg
[6.100s] -- Up-to-date: /home/orhan/ros2_ws/install/custom_interfaces/include/custom_interfaces/msg/rosidl_generator_c__visibility_control.h
[6.100s] -- Up-to-date: /home/orhan/ros2_ws/install/custom_interfaces/include/custom_interfaces/srv
[6.100s] -- Up-to-date: /home/orhan/ros2_ws/install/custom_interfaces/include/custom_interfaces/srv/detail
[6.100s] -- Installing: /home/orhan/ros2_ws/install/custom_interfaces/include/custom_interfaces/srv/detail/triangle__struct.h
[6.100s] -- Installing: /home/orhan/ros2_ws/install/custom_interfaces/include/custom_interfaces/srv/detail/triangle__functions.c
[6.101s] -- Installing: /home/orhan/ros2_ws/install/custom_interfaces/include/custom_interfaces/srv/detail/triangle__functions.h
[6.101s] -- Installing: /home/orhan/ros2_ws/install/custom_interfaces/include/custom_interfaces/srv/detail/triangle__type_support.h
[6.101s] -- Installing: /home/orhan/ros2_ws/install/custom_interfaces/include/custom_interfaces/srv/triangle.h
[6.101s] -- Up-to-date: /home/orhan/ros2_ws/install/custom_interfaces/share/custom_interfaces/environment/library_path.sh
[6.101s] -- Installing: /home/orhan/ros2_ws/install/custom_interfaces/share/custom_interfaces/environment/library_path.dsv
[6.102s] -- Installing: /home/orhan/ros2_ws/install/custom_interfaces/lib/libcustom_interfaces__rosidl_generator_c.so
[6.102s] -- Set runtime path of "/home/orhan/ros2_ws/install/custom_interfaces/lib/libcustom_interfaces__rosidl_generator_c.so" to ""
[6.103s] -- Up-to-date: /home/orhan/ros2_ws/install/custom_interfaces/include/custom_interfaces
[6.103s] -- Up-to-date: /home/orhan/ros2_ws/install/custom_interfaces/include/custom_interfaces/msg
[6.103s] -- Up-to-date: /home/orhan/ros2_ws/install/custom_interfaces/include/custom_interfaces/msg/rosidl_typesupport_fastrtps_c__visibility_control.h
[6.103s] -- Up-to-date: /home/orhan/ros2_ws/install/custom_interfaces/include/custom_interfaces/srv
[6.103s] -- Up-to-date: /home/orhan/ros2_ws/install/custom_interfaces/include/custom_interfaces/srv/detail
[6.104s] -- Installing: /home/orhan/ros2_ws/install/custom_interfaces/include/custom_interfaces/srv/detail/triangle__rosidl_typesupport_fastrtps_c.h
[6.104s] -- Installing: /home/orhan/ros2_ws/install/custom_interfaces/lib/libcustom_interfaces__rosidl_typesupport_fastrtps_c.so
[6.105s] -- Set runtime path of "/home/orhan/ros2_ws/install/custom_interfaces/lib/libcustom_interfaces__rosidl_typesupport_fastrtps_c.so" to ""
[6.105s] -- Up-to-date: /home/orhan/ros2_ws/install/custom_interfaces/include/custom_interfaces
[6.105s] -- Up-to-date: /home/orhan/ros2_ws/install/custom_interfaces/include/custom_interfaces/msg
[6.105s] -- Up-to-date: /home/orhan/ros2_ws/install/custom_interfaces/include/custom_interfaces/msg/rosidl_typesupport_fastrtps_cpp__visibility_control.h
[6.106s] -- Up-to-date: /home/orhan/ros2_ws/install/custom_interfaces/include/custom_interfaces/srv
[6.106s] -- Up-to-date: /home/orhan/ros2_ws/install/custom_interfaces/include/custom_interfaces/srv/detail
[6.106s] -- Installing: /home/orhan/ros2_ws/install/custom_interfaces/include/custom_interfaces/srv/detail/triangle__rosidl_typesupport_fastrtps_cpp.hpp
[6.106s] -- Up-to-date: /home/orhan/ros2_ws/install/custom_interfaces/include/custom_interfaces/srv/detail/dds_fastrtps
[6.106s] -- Installing: /home/orhan/ros2_ws/install/custom_interfaces/lib/libcustom_interfaces__rosidl_typesupport_fastrtps_cpp.so
[6.107s] -- Set runtime path of "/home/orhan/ros2_ws/install/custom_interfaces/lib/libcustom_interfaces__rosidl_typesupport_fastrtps_cpp.so" to ""
[6.107s] -- Up-to-date: /home/orhan/ros2_ws/install/custom_interfaces/include/custom_interfaces
[6.107s] -- Up-to-date: /home/orhan/ros2_ws/install/custom_interfaces/include/custom_interfaces/msg
[6.108s] -- Up-to-date: /home/orhan/ros2_ws/install/custom_interfaces/include/custom_interfaces/msg/rosidl_typesupport_introspection_c__visibility_control.h
[6.108s] -- Up-to-date: /home/orhan/ros2_ws/install/custom_interfaces/include/custom_interfaces/srv
[6.108s] -- Up-to-date: /home/orhan/ros2_ws/install/custom_interfaces/include/custom_interfaces/srv/detail
[6.108s] -- Installing: /home/orhan/ros2_ws/install/custom_interfaces/include/custom_interfaces/srv/detail/triangle__type_support.c
[6.108s] -- Installing: /home/orhan/ros2_ws/install/custom_interfaces/include/custom_interfaces/srv/detail/triangle__rosidl_typesupport_introspection_c.h
[6.108s] -- Installing: /home/orhan/ros2_ws/install/custom_interfaces/lib/libcustom_interfaces__rosidl_typesupport_introspection_c.so
[6.109s] -- Set runtime path of "/home/orhan/ros2_ws/install/custom_interfaces/lib/libcustom_interfaces__rosidl_typesupport_introspection_c.so" to ""
[6.110s] -- Installing: /home/orhan/ros2_ws/install/custom_interfaces/lib/libcustom_interfaces__rosidl_typesupport_c.so
[6.111s] -- Set runtime path of "/home/orhan/ros2_ws/install/custom_interfaces/lib/libcustom_interfaces__rosidl_typesupport_c.so" to ""
[6.111s] -- Up-to-date: /home/orhan/ros2_ws/install/custom_interfaces/include/custom_interfaces
[6.111s] -- Up-to-date: /home/orhan/ros2_ws/install/custom_interfaces/include/custom_interfaces/msg
[6.111s] -- Up-to-date: /home/orhan/ros2_ws/install/custom_interfaces/include/custom_interfaces/msg/rosidl_generator_cpp__visibility_control.hpp
[6.112s] -- Up-to-date: /home/orhan/ros2_ws/install/custom_interfaces/include/custom_interfaces/srv
[6.112s] -- Up-to-date: /home/orhan/ros2_ws/install/custom_interfaces/include/custom_interfaces/srv/detail
[6.112s] -- Installing: /home/orhan/ros2_ws/install/custom_interfaces/include/custom_interfaces/srv/detail/triangle__struct.hpp
[6.113s] -- Installing: /home/orhan/ros2_ws/install/custom_interfaces/include/custom_interfaces/srv/detail/triangle__traits.hpp
[6.113s] -- Installing: /home/orhan/ros2_ws/install/custom_interfaces/include/custom_interfaces/srv/detail/triangle__type_support.hpp
[6.113s] -- Installing: /home/orhan/ros2_ws/install/custom_interfaces/include/custom_interfaces/srv/detail/triangle__builder.hpp
[6.113s] -- Installing: /home/orhan/ros2_ws/install/custom_interfaces/include/custom_interfaces/srv/triangle.hpp
[6.113s] -- Up-to-date: /home/orhan/ros2_ws/install/custom_interfaces/include/custom_interfaces
[6.113s] -- Up-to-date: /home/orhan/ros2_ws/install/custom_interfaces/include/custom_interfaces/srv
[6.118s] -- Up-to-date: /home/orhan/ros2_ws/install/custom_interfaces/include/custom_interfaces/srv/detail
[6.118s] -- Installing: /home/orhan/ros2_ws/install/custom_interfaces/include/custom_interfaces/srv/detail/triangle__rosidl_typesupport_introspection_cpp.hpp
[6.118s] -- Installing: /home/orhan/ros2_ws/install/custom_interfaces/include/custom_interfaces/srv/detail/triangle__type_support.cpp
[6.118s] -- Installing: /home/orhan/ros2_ws/install/custom_interfaces/lib/libcustom_interfaces__rosidl_typesupport_introspection_cpp.so
[6.118s] -- Set runtime path of "/home/orhan/ros2_ws/install/custom_interfaces/lib/libcustom_interfaces__rosidl_typesupport_introspection_cpp.so" to ""
[6.118s] -- Installing: /home/orhan/ros2_ws/install/custom_interfaces/lib/libcustom_interfaces__rosidl_typesupport_cpp.so
[6.119s] -- Set runtime path of "/home/orhan/ros2_ws/install/custom_interfaces/lib/libcustom_interfaces__rosidl_typesupport_cpp.so" to ""
[6.119s] -- Up-to-date: /home/orhan/ros2_ws/install/custom_interfaces/share/custom_interfaces/environment/pythonpath.sh
[6.119s] -- Installing: /home/orhan/ros2_ws/install/custom_interfaces/share/custom_interfaces/environment/pythonpath.dsv
[6.119s] -- Installing: /home/orhan/ros2_ws/install/custom_interfaces/lib/python3.8/site-packages/custom_interfaces/__init__.py
[6.165s] Compiling '/home/orhan/ros2_ws/install/custom_interfaces/lib/python3.8/site-packages/custom_interfaces/__init__.py'...
[6.171s] -- Up-to-date: /home/orhan/ros2_ws/install/custom_interfaces/lib/python3.8/site-packages/custom_interfaces/srv
[6.171s] -- Installing: /home/orhan/ros2_ws/install/custom_interfaces/lib/python3.8/site-packages/custom_interfaces/srv/_triangle.py
[6.171s] -- Installing: /home/orhan/ros2_ws/install/custom_interfaces/lib/python3.8/site-packages/custom_interfaces/srv/__init__.py
[6.171s] -- Installing: /home/orhan/ros2_ws/install/custom_interfaces/lib/python3.8/site-packages/custom_interfaces/srv/_triangle_s.c
[6.172s] -- Installing: /home/orhan/ros2_ws/install/custom_interfaces/lib/python3.8/site-packages/custom_interfaces/custom_interfaces_s__rosidl_typesupport_fastrtps_c.cpython-38-x86_64-linux-gnu.so
[6.173s] -- Set runtime path of "/home/orhan/ros2_ws/install/custom_interfaces/lib/python3.8/site-packages/custom_interfaces/custom_interfaces_s__rosidl_typesupport_fastrtps_c.cpython-38-x86_64-linux-gnu.so" to ""
[6.174s] -- Installing: /home/orhan/ros2_ws/install/custom_interfaces/lib/python3.8/site-packages/custom_interfaces/custom_interfaces_s__rosidl_typesupport_introspection_c.cpython-38-x86_64-linux-gnu.so
[6.175s] -- Set runtime path of "/home/orhan/ros2_ws/install/custom_interfaces/lib/python3.8/site-packages/custom_interfaces/custom_interfaces_s__rosidl_typesupport_introspection_c.cpython-38-x86_64-linux-gnu.so" to ""
[6.176s] -- Installing: /home/orhan/ros2_ws/install/custom_interfaces/lib/python3.8/site-packages/custom_interfaces/custom_interfaces_s__rosidl_typesupport_c.cpython-38-x86_64-linux-gnu.so
[6.176s] -- Set runtime path of "/home/orhan/ros2_ws/install/custom_interfaces/lib/python3.8/site-packages/custom_interfaces/custom_interfaces_s__rosidl_typesupport_c.cpython-38-x86_64-linux-gnu.so" to ""
[6.177s] -- Installing: /home/orhan/ros2_ws/install/custom_interfaces/lib/libcustom_interfaces__python.so
[6.178s] -- Set runtime path of "/home/orhan/ros2_ws/install/custom_interfaces/lib/libcustom_interfaces__python.so" to ""
[6.178s] -- Installing: /home/orhan/ros2_ws/install/custom_interfaces/share/custom_interfaces/srv/Triangle.idl
[6.178s] -- Installing: /home/orhan/ros2_ws/install/custom_interfaces/share/custom_interfaces/srv/Triangle.srv
[6.178s] -- Installing: /home/orhan/ros2_ws/install/custom_interfaces/share/custom_interfaces/srv/Triangle_Request.msg
[6.179s] -- Installing: /home/orhan/ros2_ws/install/custom_interfaces/share/custom_interfaces/srv/Triangle_Response.msg
[6.179s] -- Up-to-date: /home/orhan/ros2_ws/install/custom_interfaces/share/ament_index/resource_index/package_run_dependencies/custom_interfaces
[6.179s] -- Up-to-date: /home/orhan/ros2_ws/install/custom_interfaces/share/ament_index/resource_index/parent_prefix_path/custom_interfaces
[6.179s] -- Up-to-date: /home/orhan/ros2_ws/install/custom_interfaces/share/custom_interfaces/environment/ament_prefix_path.sh
[6.179s] -- Installing: /home/orhan/ros2_ws/install/custom_interfaces/share/custom_interfaces/environment/ament_prefix_path.dsv
[6.180s] -- Up-to-date: /home/orhan/ros2_ws/install/custom_interfaces/share/custom_interfaces/environment/path.sh
[6.180s] -- Installing: /home/orhan/ros2_ws/install/custom_interfaces/share/custom_interfaces/environment/path.dsv
[6.180s] -- Up-to-date: /home/orhan/ros2_ws/install/custom_interfaces/share/custom_interfaces/local_setup.bash
[6.180s] -- Up-to-date: /home/orhan/ros2_ws/install/custom_interfaces/share/custom_interfaces/local_setup.sh
[6.180s] -- Up-to-date: /home/orhan/ros2_ws/install/custom_interfaces/share/custom_interfaces/local_setup.zsh
[6.180s] -- Installing: /home/orhan/ros2_ws/install/custom_interfaces/share/custom_interfaces/local_setup.dsv
[6.181s] -- Installing: /home/orhan/ros2_ws/install/custom_interfaces/share/custom_interfaces/package.dsv
[6.181s] -- Up-to-date: /home/orhan/ros2_ws/install/custom_interfaces/share/ament_index/resource_index/packages/custom_interfaces
[6.181s] -- Up-to-date: /home/orhan/ros2_ws/install/custom_interfaces/share/custom_interfaces/cmake/custom_interfaces__rosidl_generator_cExport.cmake
[6.181s] -- Installing: /home/orhan/ros2_ws/install/custom_interfaces/share/custom_interfaces/cmake/custom_interfaces__rosidl_generator_cExport-noconfig.cmake
[6.182s] -- Up-to-date: /home/orhan/ros2_ws/install/custom_interfaces/share/custom_interfaces/cmake/custom_interfaces__rosidl_typesupport_introspection_cExport.cmake
[6.182s] -- Installing: /home/orhan/ros2_ws/install/custom_interfaces/share/custom_interfaces/cmake/custom_interfaces__rosidl_typesupport_introspection_cExport-noconfig.cmake
[6.183s] -- Up-to-date: /home/orhan/ros2_ws/install/custom_interfaces/share/custom_interfaces/cmake/custom_interfaces__rosidl_typesupport_cExport.cmake
[6.183s] -- Installing: /home/orhan/ros2_ws/install/custom_interfaces/share/custom_interfaces/cmake/custom_interfaces__rosidl_typesupport_cExport-noconfig.cmake
[6.183s] -- Up-to-date: /home/orhan/ros2_ws/install/custom_interfaces/share/custom_interfaces/cmake/custom_interfaces__rosidl_generator_cppExport.cmake
[6.184s] -- Up-to-date: /home/orhan/ros2_ws/install/custom_interfaces/share/custom_interfaces/cmake/custom_interfaces__rosidl_typesupport_introspection_cppExport.cmake
[6.184s] -- Installing: /home/orhan/ros2_ws/install/custom_interfaces/share/custom_interfaces/cmake/custom_interfaces__rosidl_typesupport_introspection_cppExport-noconfig.cmake
[6.184s] -- Up-to-date: /home/orhan/ros2_ws/install/custom_interfaces/share/custom_interfaces/cmake/custom_interfaces__rosidl_typesupport_cppExport.cmake
[6.184s] -- Installing: /home/orhan/ros2_ws/install/custom_interfaces/share/custom_interfaces/cmake/custom_interfaces__rosidl_typesupport_cppExport-noconfig.cmake
[6.185s] -- Up-to-date: /home/orhan/ros2_ws/install/custom_interfaces/share/custom_interfaces/cmake/rosidl_cmake-extras.cmake
[6.185s] -- Up-to-date: /home/orhan/ros2_ws/install/custom_interfaces/share/custom_interfaces/cmake/ament_cmake_export_dependencies-extras.cmake
[6.185s] -- Up-to-date: /home/orhan/ros2_ws/install/custom_interfaces/share/custom_interfaces/cmake/ament_cmake_export_libraries-extras.cmake
[6.185s] -- Up-to-date: /home/orhan/ros2_ws/install/custom_interfaces/share/custom_interfaces/cmake/ament_cmake_export_targets-extras.cmake
[6.185s] -- Up-to-date: /home/orhan/ros2_ws/install/custom_interfaces/share/custom_interfaces/cmake/ament_cmake_export_include_directories-extras.cmake
[6.186s] -- Up-to-date: /home/orhan/ros2_ws/install/custom_interfaces/share/custom_interfaces/cmake/rosidl_cmake_export_typesupport_libraries-extras.cmake
[6.186s] -- Up-to-date: /home/orhan/ros2_ws/install/custom_interfaces/share/custom_interfaces/cmake/rosidl_cmake_export_typesupport_targets-extras.cmake
[6.186s] -- Up-to-date: /home/orhan/ros2_ws/install/custom_interfaces/share/custom_interfaces/cmake/custom_interfacesConfig.cmake
[6.186s] -- Up-to-date: /home/orhan/ros2_ws/install/custom_interfaces/share/custom_interfaces/cmake/custom_interfacesConfig-version.cmake
[6.186s] -- Up-to-date: /home/orhan/ros2_ws/install/custom_interfaces/share/custom_interfaces/package.xml
[6.190s] Invoked command in '/home/orhan/ros2_ws/build/custom_interfaces' returned '0': CMAKE_PREFIX_PATH=${CMAKE_PREFIX_PATH}:/home/orhan/udemy_ros/install/rand_two_int:/home/orhan/udemy_ros/install/py_deneme:/home/orhan/udemy_ros/install/add_two_ints_srv:/opt/ros/foxy /usr/bin/cmake --install /home/orhan/ros2_ws/build/custom_interfaces
