/home/orhan/ros2_ws/install/triangle/lib/python3.8/site-packages/triangle/tri_all.py
/home/orhan/ros2_ws/install/triangle/lib/python3.8/site-packages/triangle/tri_client.py
/home/orhan/ros2_ws/install/triangle/lib/python3.8/site-packages/triangle/tri_service.py
/home/orhan/ros2_ws/install/triangle/lib/python3.8/site-packages/triangle/__init__.py
/home/orhan/ros2_ws/install/triangle/lib/python3.8/site-packages/triangle/__pycache__/tri_all.cpython-38.pyc
/home/orhan/ros2_ws/install/triangle/lib/python3.8/site-packages/triangle/__pycache__/tri_client.cpython-38.pyc
/home/orhan/ros2_ws/install/triangle/lib/python3.8/site-packages/triangle/__pycache__/tri_service.cpython-38.pyc
/home/orhan/ros2_ws/install/triangle/lib/python3.8/site-packages/triangle/__pycache__/__init__.cpython-38.pyc
/home/orhan/ros2_ws/install/triangle/share/ament_index/resource_index/packages/triangle
/home/orhan/ros2_ws/install/triangle/share/triangle/package.xml
/home/orhan/ros2_ws/install/triangle/lib/python3.8/site-packages/triangle-0.0.0-py3.8.egg-info/dependency_links.txt
/home/orhan/ros2_ws/install/triangle/lib/python3.8/site-packages/triangle-0.0.0-py3.8.egg-info/requires.txt
/home/orhan/ros2_ws/install/triangle/lib/python3.8/site-packages/triangle-0.0.0-py3.8.egg-info/zip-safe
/home/orhan/ros2_ws/install/triangle/lib/python3.8/site-packages/triangle-0.0.0-py3.8.egg-info/SOURCES.txt
/home/orhan/ros2_ws/install/triangle/lib/python3.8/site-packages/triangle-0.0.0-py3.8.egg-info/entry_points.txt
/home/orhan/ros2_ws/install/triangle/lib/python3.8/site-packages/triangle-0.0.0-py3.8.egg-info/top_level.txt
/home/orhan/ros2_ws/install/triangle/lib/python3.8/site-packages/triangle-0.0.0-py3.8.egg-info/PKG-INFO
/home/orhan/ros2_ws/install/triangle/lib/triangle/triall
/home/orhan/ros2_ws/install/triangle/lib/triangle/tricli
/home/orhan/ros2_ws/install/triangle/lib/triangle/trisrv
