[0.047s] Invoking command in '/home/orhan/ros2_ws/build/examples_rclcpp_multithreaded_executor': CMAKE_PREFIX_PATH=${CMAKE_PREFIX_PATH}:/home/orhan/ros2_ws/install/py_srvcli:/home/orhan/ros2_ws/install/iki:/home/orhan/ros2_ws/install/first_package:/home/orhan/ros2_ws/install/examples_rclpy_minimal_subscriber:/home/orhan/ros2_ws/install/examples_rclpy_minimal_service:/home/orhan/ros2_ws/install/examples_rclpy_minimal_publisher:/home/orhan/ros2_ws/install/examples_rclpy_minimal_client:/home/orhan/ros2_ws/install/examples_rclpy_minimal_action_server:/home/orhan/ros2_ws/install/examples_rclpy_minimal_action_client:/home/orhan/ros2_ws/install/examples_rclpy_executors:/home/orhan/ros2_ws/install/cift_sayi:/opt/ros/foxy /usr/bin/cmake --build /home/orhan/ros2_ws/build/examples_rclcpp_multithreaded_executor -- -j4 -l4
[0.251s] [100%] Built target multithreaded_executor
[0.278s] Invoked command in '/home/orhan/ros2_ws/build/examples_rclcpp_multithreaded_executor' returned '0': CMAKE_PREFIX_PATH=${CMAKE_PREFIX_PATH}:/home/orhan/ros2_ws/install/py_srvcli:/home/orhan/ros2_ws/install/iki:/home/orhan/ros2_ws/install/first_package:/home/orhan/ros2_ws/install/examples_rclpy_minimal_subscriber:/home/orhan/ros2_ws/install/examples_rclpy_minimal_service:/home/orhan/ros2_ws/install/examples_rclpy_minimal_publisher:/home/orhan/ros2_ws/install/examples_rclpy_minimal_client:/home/orhan/ros2_ws/install/examples_rclpy_minimal_action_server:/home/orhan/ros2_ws/install/examples_rclpy_minimal_action_client:/home/orhan/ros2_ws/install/examples_rclpy_executors:/home/orhan/ros2_ws/install/cift_sayi:/opt/ros/foxy /usr/bin/cmake --build /home/orhan/ros2_ws/build/examples_rclcpp_multithreaded_executor -- -j4 -l4
[0.348s] Invoking command in '/home/orhan/ros2_ws/build/examples_rclcpp_multithreaded_executor': CMAKE_PREFIX_PATH=${CMAKE_PREFIX_PATH}:/home/orhan/ros2_ws/install/py_srvcli:/home/orhan/ros2_ws/install/iki:/home/orhan/ros2_ws/install/first_package:/home/orhan/ros2_ws/install/examples_rclpy_minimal_subscriber:/home/orhan/ros2_ws/install/examples_rclpy_minimal_service:/home/orhan/ros2_ws/install/examples_rclpy_minimal_publisher:/home/orhan/ros2_ws/install/examples_rclpy_minimal_client:/home/orhan/ros2_ws/install/examples_rclpy_minimal_action_server:/home/orhan/ros2_ws/install/examples_rclpy_minimal_action_client:/home/orhan/ros2_ws/install/examples_rclpy_executors:/home/orhan/ros2_ws/install/cift_sayi:/opt/ros/foxy /usr/bin/cmake --install /home/orhan/ros2_ws/build/examples_rclcpp_multithreaded_executor
[0.367s] -- Install configuration: ""
[0.369s] -- Execute custom install script
[0.371s] -- Up-to-date symlink: /home/orhan/ros2_ws/install/examples_rclcpp_multithreaded_executor/lib/examples_rclcpp_multithreaded_executor/multithreaded_executor
[0.371s] -- Up-to-date symlink: /home/orhan/ros2_ws/install/examples_rclcpp_multithreaded_executor/share/ament_index/resource_index/package_run_dependencies/examples_rclcpp_multithreaded_executor
[0.372s] -- Up-to-date symlink: /home/orhan/ros2_ws/install/examples_rclcpp_multithreaded_executor/share/ament_index/resource_index/parent_prefix_path/examples_rclcpp_multithreaded_executor
[0.373s] -- Up-to-date symlink: /home/orhan/ros2_ws/install/examples_rclcpp_multithreaded_executor/share/examples_rclcpp_multithreaded_executor/environment/ament_prefix_path.sh
[0.374s] -- Up-to-date symlink: /home/orhan/ros2_ws/install/examples_rclcpp_multithreaded_executor/share/examples_rclcpp_multithreaded_executor/environment/ament_prefix_path.dsv
[0.375s] -- Up-to-date symlink: /home/orhan/ros2_ws/install/examples_rclcpp_multithreaded_executor/share/examples_rclcpp_multithreaded_executor/environment/path.sh
[0.375s] -- Up-to-date symlink: /home/orhan/ros2_ws/install/examples_rclcpp_multithreaded_executor/share/examples_rclcpp_multithreaded_executor/environment/path.dsv
[0.377s] -- Up-to-date symlink: /home/orhan/ros2_ws/install/examples_rclcpp_multithreaded_executor/share/examples_rclcpp_multithreaded_executor/local_setup.bash
[0.379s] -- Up-to-date symlink: /home/orhan/ros2_ws/install/examples_rclcpp_multithreaded_executor/share/examples_rclcpp_multithreaded_executor/local_setup.sh
[0.380s] -- Up-to-date symlink: /home/orhan/ros2_ws/install/examples_rclcpp_multithreaded_executor/share/examples_rclcpp_multithreaded_executor/local_setup.zsh
[0.382s] -- Up-to-date symlink: /home/orhan/ros2_ws/install/examples_rclcpp_multithreaded_executor/share/examples_rclcpp_multithreaded_executor/local_setup.dsv
[0.382s] -- Symlinking: /home/orhan/ros2_ws/install/examples_rclcpp_multithreaded_executor/share/examples_rclcpp_multithreaded_executor/package.dsv
[0.410s] -- Up-to-date symlink: /home/orhan/ros2_ws/install/examples_rclcpp_multithreaded_executor/share/ament_index/resource_index/packages/examples_rclcpp_multithreaded_executor
[0.411s] -- Up-to-date symlink: /home/orhan/ros2_ws/install/examples_rclcpp_multithreaded_executor/share/examples_rclcpp_multithreaded_executor/cmake/examples_rclcpp_multithreaded_executorConfig.cmake
[0.412s] -- Up-to-date symlink: /home/orhan/ros2_ws/install/examples_rclcpp_multithreaded_executor/share/examples_rclcpp_multithreaded_executor/cmake/examples_rclcpp_multithreaded_executorConfig-version.cmake
[0.414s] -- Up-to-date symlink: /home/orhan/ros2_ws/install/examples_rclcpp_multithreaded_executor/share/examples_rclcpp_multithreaded_executor/package.xml
[0.434s] Invoked command in '/home/orhan/ros2_ws/build/examples_rclcpp_multithreaded_executor' returned '0': CMAKE_PREFIX_PATH=${CMAKE_PREFIX_PATH}:/home/orhan/ros2_ws/install/py_srvcli:/home/orhan/ros2_ws/install/iki:/home/orhan/ros2_ws/install/first_package:/home/orhan/ros2_ws/install/examples_rclpy_minimal_subscriber:/home/orhan/ros2_ws/install/examples_rclpy_minimal_service:/home/orhan/ros2_ws/install/examples_rclpy_minimal_publisher:/home/orhan/ros2_ws/install/examples_rclpy_minimal_client:/home/orhan/ros2_ws/install/examples_rclpy_minimal_action_server:/home/orhan/ros2_ws/install/examples_rclpy_minimal_action_client:/home/orhan/ros2_ws/install/examples_rclpy_executors:/home/orhan/ros2_ws/install/cift_sayi:/opt/ros/foxy /usr/bin/cmake --install /home/orhan/ros2_ws/build/examples_rclcpp_multithreaded_executor
