[0.563s] Invoking command in '/home/orhan/ros2_ws/build/turtlesim': CMAKE_PREFIX_PATH=/opt/ros/foxy /usr/bin/cmake /home/orhan/ros2_ws/src/ros_tutorials/turtlesim -DCMAKE_INSTALL_PREFIX=/home/orhan/ros2_ws/install/turtlesim
[0.591s] -- Found ament_cmake: 0.9.12 (/opt/ros/foxy/share/ament_cmake/cmake)
[0.637s] -- Found PythonInterp: /usr/bin/python3 (found suitable version "3.8.10", minimum required is "3") 
[0.637s] -- Using PYTHON_EXECUTABLE: /usr/bin/python3
[1.084s] -- Found ament_index_cpp: 1.1.0 (/opt/ros/foxy/share/ament_index_cpp/cmake)
[1.089s] -- Found geometry_msgs: 2.0.5 (/opt/ros/foxy/share/geometry_msgs/cmake)
[1.129s] -- Using all available rosidl_typesupport_c: rosidl_typesupport_fastrtps_c;rosidl_typesupport_introspection_c
[1.136s] -- Found rosidl_adapter: 1.3.1 (/opt/ros/foxy/share/rosidl_adapter/cmake)
[1.369s] -- Using all available rosidl_typesupport_cpp: rosidl_typesupport_fastrtps_cpp;rosidl_typesupport_introspection_cpp
[1.567s] -- Found rclcpp: 2.4.3 (/opt/ros/foxy/share/rclcpp/cmake)
[1.681s] -- Found rmw_implementation_cmake: 1.0.4 (/opt/ros/foxy/share/rmw_implementation_cmake/cmake)
[1.687s] -- Using RMW implementation 'rmw_fastrtps_cpp' as default
[2.016s] -- Found rclcpp_action: 2.4.3 (/opt/ros/foxy/share/rclcpp_action/cmake)
[2.213s] -- Found rosidl_default_generators: 1.0.1 (/opt/ros/foxy/share/rosidl_default_generators/cmake)
[2.238s] -- Found std_srvs: 2.0.5 (/opt/ros/foxy/share/std_srvs/cmake)
[2.335s] -- Found PythonInterp: /usr/bin/python3 (found version "3.8.10") 
[2.675s] -- Found ament_cmake_ros: 0.9.2 (/opt/ros/foxy/share/ament_cmake_ros/cmake)
[2.892s] -- Using all available rosidl_typesupport_c: rosidl_typesupport_fastrtps_c;rosidl_typesupport_introspection_c
[2.957s] -- Using all available rosidl_typesupport_cpp: rosidl_typesupport_fastrtps_cpp;rosidl_typesupport_introspection_cpp
[3.017s] -- Found PythonInterp: /usr/bin/python3 (found suitable version "3.8.10", minimum required is "3.5") 
[3.018s] -- Found python_cmake_module: 0.8.1 (/opt/ros/foxy/share/python_cmake_module/cmake)
[3.077s] -- Using PYTHON_EXECUTABLE: /usr/bin/python3
[3.078s] -- Using PYTHON_INCLUDE_DIRS: /usr/include/python3.8
[3.078s] -- Using PYTHON_LIBRARIES: /usr/lib/x86_64-linux-gnu/libpython3.8.so
[3.204s] -- Configuring done
[3.518s] -- Generating done
[3.649s] -- Build files have been written to: /home/orhan/ros2_ws/build/turtlesim
[3.698s] Invoked command in '/home/orhan/ros2_ws/build/turtlesim' returned '0': CMAKE_PREFIX_PATH=/opt/ros/foxy /usr/bin/cmake /home/orhan/ros2_ws/src/ros_tutorials/turtlesim -DCMAKE_INSTALL_PREFIX=/home/orhan/ros2_ws/install/turtlesim
[3.708s] Invoking command in '/home/orhan/ros2_ws/build/turtlesim': CMAKE_PREFIX_PATH=/opt/ros/foxy /usr/bin/cmake --build /home/orhan/ros2_ws/build/turtlesim -- -j4 -l4
[3.912s] [ 10%] Built target turtlesim__rosidl_generator_c
[3.913s] [ 11%] Built target turtlesim__cpp
[4.097s] [ 22%] Built target turtlesim__rosidl_typesupport_cpp
[4.098s] [ 31%] Built target turtlesim__rosidl_typesupport_c
[4.130s] [ 41%] Built target turtlesim__rosidl_typesupport_introspection_cpp
[4.165s] [ 51%] Built target turtlesim__rosidl_typesupport_introspection_c
[4.239s] [ 61%] Built target turtlesim__rosidl_typesupport_fastrtps_cpp
[4.352s] [ 71%] Built target turtlesim__rosidl_typesupport_fastrtps_c
[4.440s] [ 71%] Built target turtlesim
[4.556s] [ 72%] Built target turtlesim__py
[4.581s] [ 74%] Built target mimic
[4.649s] [ 76%] Built target draw_square
[4.665s] [ 78%] Built target turtle_teleop_key
[4.774s] [ 87%] Built target turtlesim__python
[4.775s] [ 93%] Built target turtlesim_node
[4.912s] [ 96%] Built target turtlesim__rosidl_typesupport_introspection_c__pyext
[4.914s] [ 97%] Built target turtlesim__rosidl_typesupport_fastrtps_c__pyext
[4.949s] [100%] Built target turtlesim__rosidl_typesupport_c__pyext
[4.990s] Invoked command in '/home/orhan/ros2_ws/build/turtlesim' returned '0': CMAKE_PREFIX_PATH=/opt/ros/foxy /usr/bin/cmake --build /home/orhan/ros2_ws/build/turtlesim -- -j4 -l4
[5.001s] Invoking command in '/home/orhan/ros2_ws/build/turtlesim': CMAKE_PREFIX_PATH=/opt/ros/foxy /usr/bin/cmake --install /home/orhan/ros2_ws/build/turtlesim
[5.027s] -- Install configuration: ""
[5.027s] -- Up-to-date: /home/orhan/ros2_ws/install/turtlesim/share/ament_index/resource_index/rosidl_interfaces/turtlesim
[5.028s] -- Up-to-date: /home/orhan/ros2_ws/install/turtlesim/include/turtlesim
[5.029s] -- Up-to-date: /home/orhan/ros2_ws/install/turtlesim/include/turtlesim/action
[5.029s] -- Up-to-date: /home/orhan/ros2_ws/install/turtlesim/include/turtlesim/action/detail
[5.030s] -- Up-to-date: /home/orhan/ros2_ws/install/turtlesim/include/turtlesim/action/detail/rotate_absolute__struct.h
[5.030s] -- Up-to-date: /home/orhan/ros2_ws/install/turtlesim/include/turtlesim/action/detail/rotate_absolute__type_support.h
[5.030s] -- Up-to-date: /home/orhan/ros2_ws/install/turtlesim/include/turtlesim/action/detail/rotate_absolute__functions.c
[5.031s] -- Up-to-date: /home/orhan/ros2_ws/install/turtlesim/include/turtlesim/action/detail/rotate_absolute__functions.h
[5.033s] -- Up-to-date: /home/orhan/ros2_ws/install/turtlesim/include/turtlesim/action/rotate_absolute.h
[5.034s] -- Up-to-date: /home/orhan/ros2_ws/install/turtlesim/include/turtlesim/msg
[5.035s] -- Up-to-date: /home/orhan/ros2_ws/install/turtlesim/include/turtlesim/msg/color.h
[5.035s] -- Up-to-date: /home/orhan/ros2_ws/install/turtlesim/include/turtlesim/msg/pose.h
[5.036s] -- Up-to-date: /home/orhan/ros2_ws/install/turtlesim/include/turtlesim/msg/rosidl_generator_c__visibility_control.h
[5.038s] -- Up-to-date: /home/orhan/ros2_ws/install/turtlesim/include/turtlesim/msg/detail
[5.038s] -- Up-to-date: /home/orhan/ros2_ws/install/turtlesim/include/turtlesim/msg/detail/color__struct.h
[5.039s] -- Up-to-date: /home/orhan/ros2_ws/install/turtlesim/include/turtlesim/msg/detail/pose__functions.c
[5.040s] -- Up-to-date: /home/orhan/ros2_ws/install/turtlesim/include/turtlesim/msg/detail/pose__functions.h
[5.041s] -- Up-to-date: /home/orhan/ros2_ws/install/turtlesim/include/turtlesim/msg/detail/color__type_support.h
[5.042s] -- Up-to-date: /home/orhan/ros2_ws/install/turtlesim/include/turtlesim/msg/detail/color__functions.h
[5.042s] -- Up-to-date: /home/orhan/ros2_ws/install/turtlesim/include/turtlesim/msg/detail/color__functions.c
[5.044s] -- Up-to-date: /home/orhan/ros2_ws/install/turtlesim/include/turtlesim/msg/detail/pose__type_support.h
[5.044s] -- Up-to-date: /home/orhan/ros2_ws/install/turtlesim/include/turtlesim/msg/detail/pose__struct.h
[5.046s] -- Up-to-date: /home/orhan/ros2_ws/install/turtlesim/include/turtlesim/srv
[5.046s] -- Up-to-date: /home/orhan/ros2_ws/install/turtlesim/include/turtlesim/srv/spawn.h
[5.046s] -- Up-to-date: /home/orhan/ros2_ws/install/turtlesim/include/turtlesim/srv/kill.h
[5.046s] -- Up-to-date: /home/orhan/ros2_ws/install/turtlesim/include/turtlesim/srv/teleport_absolute.h
[5.047s] -- Up-to-date: /home/orhan/ros2_ws/install/turtlesim/include/turtlesim/srv/detail
[5.047s] -- Up-to-date: /home/orhan/ros2_ws/install/turtlesim/include/turtlesim/srv/detail/teleport_absolute__type_support.h
[5.047s] -- Up-to-date: /home/orhan/ros2_ws/install/turtlesim/include/turtlesim/srv/detail/kill__type_support.h
[5.047s] -- Up-to-date: /home/orhan/ros2_ws/install/turtlesim/include/turtlesim/srv/detail/spawn__functions.c
[5.048s] -- Up-to-date: /home/orhan/ros2_ws/install/turtlesim/include/turtlesim/srv/detail/spawn__type_support.h
[5.048s] -- Up-to-date: /home/orhan/ros2_ws/install/turtlesim/include/turtlesim/srv/detail/spawn__functions.h
[5.049s] -- Up-to-date: /home/orhan/ros2_ws/install/turtlesim/include/turtlesim/srv/detail/kill__functions.c
[5.049s] -- Up-to-date: /home/orhan/ros2_ws/install/turtlesim/include/turtlesim/srv/detail/teleport_relative__type_support.h
[5.050s] -- Up-to-date: /home/orhan/ros2_ws/install/turtlesim/include/turtlesim/srv/detail/set_pen__functions.h
[5.050s] -- Up-to-date: /home/orhan/ros2_ws/install/turtlesim/include/turtlesim/srv/detail/teleport_absolute__functions.c
[5.051s] -- Up-to-date: /home/orhan/ros2_ws/install/turtlesim/include/turtlesim/srv/detail/teleport_relative__functions.c
[5.051s] -- Up-to-date: /home/orhan/ros2_ws/install/turtlesim/include/turtlesim/srv/detail/teleport_absolute__functions.h
[5.060s] -- Up-to-date: /home/orhan/ros2_ws/install/turtlesim/include/turtlesim/srv/detail/set_pen__functions.c
[5.060s] -- Up-to-date: /home/orhan/ros2_ws/install/turtlesim/include/turtlesim/srv/detail/set_pen__struct.h
[5.060s] -- Up-to-date: /home/orhan/ros2_ws/install/turtlesim/include/turtlesim/srv/detail/kill__struct.h
[5.061s] -- Up-to-date: /home/orhan/ros2_ws/install/turtlesim/include/turtlesim/srv/detail/teleport_relative__functions.h
[5.061s] -- Up-to-date: /home/orhan/ros2_ws/install/turtlesim/include/turtlesim/srv/detail/set_pen__type_support.h
[5.061s] -- Up-to-date: /home/orhan/ros2_ws/install/turtlesim/include/turtlesim/srv/detail/spawn__struct.h
[5.061s] -- Up-to-date: /home/orhan/ros2_ws/install/turtlesim/include/turtlesim/srv/detail/teleport_relative__struct.h
[5.062s] -- Up-to-date: /home/orhan/ros2_ws/install/turtlesim/include/turtlesim/srv/detail/kill__functions.h
[5.062s] -- Up-to-date: /home/orhan/ros2_ws/install/turtlesim/include/turtlesim/srv/detail/teleport_absolute__struct.h
[5.062s] -- Up-to-date: /home/orhan/ros2_ws/install/turtlesim/include/turtlesim/srv/set_pen.h
[5.062s] -- Up-to-date: /home/orhan/ros2_ws/install/turtlesim/include/turtlesim/srv/teleport_relative.h
[5.063s] -- Up-to-date: /home/orhan/ros2_ws/install/turtlesim/share/turtlesim/environment/library_path.sh
[5.063s] -- Installing: /home/orhan/ros2_ws/install/turtlesim/share/turtlesim/environment/library_path.dsv
[5.063s] -- Up-to-date: /home/orhan/ros2_ws/install/turtlesim/lib/libturtlesim__rosidl_generator_c.so
[5.063s] -- Up-to-date: /home/orhan/ros2_ws/install/turtlesim/include/turtlesim
[5.063s] -- Up-to-date: /home/orhan/ros2_ws/install/turtlesim/include/turtlesim/action
[5.064s] -- Up-to-date: /home/orhan/ros2_ws/install/turtlesim/include/turtlesim/action/detail
[5.064s] -- Up-to-date: /home/orhan/ros2_ws/install/turtlesim/include/turtlesim/action/detail/rotate_absolute__rosidl_typesupport_fastrtps_c.h
[5.064s] -- Up-to-date: /home/orhan/ros2_ws/install/turtlesim/include/turtlesim/msg
[5.064s] -- Up-to-date: /home/orhan/ros2_ws/install/turtlesim/include/turtlesim/msg/detail
[5.065s] -- Up-to-date: /home/orhan/ros2_ws/install/turtlesim/include/turtlesim/msg/detail/color__rosidl_typesupport_fastrtps_c.h
[5.066s] -- Up-to-date: /home/orhan/ros2_ws/install/turtlesim/include/turtlesim/msg/detail/pose__rosidl_typesupport_fastrtps_c.h
[5.066s] -- Up-to-date: /home/orhan/ros2_ws/install/turtlesim/include/turtlesim/msg/rosidl_typesupport_fastrtps_c__visibility_control.h
[5.067s] -- Up-to-date: /home/orhan/ros2_ws/install/turtlesim/include/turtlesim/srv
[5.067s] -- Up-to-date: /home/orhan/ros2_ws/install/turtlesim/include/turtlesim/srv/detail
[5.068s] -- Up-to-date: /home/orhan/ros2_ws/install/turtlesim/include/turtlesim/srv/detail/teleport_absolute__rosidl_typesupport_fastrtps_c.h
[5.068s] -- Up-to-date: /home/orhan/ros2_ws/install/turtlesim/include/turtlesim/srv/detail/set_pen__rosidl_typesupport_fastrtps_c.h
[5.068s] -- Up-to-date: /home/orhan/ros2_ws/install/turtlesim/include/turtlesim/srv/detail/spawn__rosidl_typesupport_fastrtps_c.h
[5.071s] -- Up-to-date: /home/orhan/ros2_ws/install/turtlesim/include/turtlesim/srv/detail/teleport_relative__rosidl_typesupport_fastrtps_c.h
[5.071s] -- Up-to-date: /home/orhan/ros2_ws/install/turtlesim/include/turtlesim/srv/detail/kill__rosidl_typesupport_fastrtps_c.h
[5.075s] -- Up-to-date: /home/orhan/ros2_ws/install/turtlesim/lib/libturtlesim__rosidl_typesupport_fastrtps_c.so
[5.075s] -- Up-to-date: /home/orhan/ros2_ws/install/turtlesim/include/turtlesim
[5.075s] -- Up-to-date: /home/orhan/ros2_ws/install/turtlesim/include/turtlesim/action
[5.075s] -- Up-to-date: /home/orhan/ros2_ws/install/turtlesim/include/turtlesim/action/detail
[5.075s] -- Up-to-date: /home/orhan/ros2_ws/install/turtlesim/include/turtlesim/action/detail/rotate_absolute__rosidl_typesupport_fastrtps_cpp.hpp
[5.076s] -- Up-to-date: /home/orhan/ros2_ws/install/turtlesim/include/turtlesim/action/detail/dds_fastrtps
[5.076s] -- Up-to-date: /home/orhan/ros2_ws/install/turtlesim/include/turtlesim/msg
[5.076s] -- Up-to-date: /home/orhan/ros2_ws/install/turtlesim/include/turtlesim/msg/rosidl_typesupport_fastrtps_cpp__visibility_control.h
[5.076s] -- Up-to-date: /home/orhan/ros2_ws/install/turtlesim/include/turtlesim/msg/detail
[5.076s] -- Up-to-date: /home/orhan/ros2_ws/install/turtlesim/include/turtlesim/msg/detail/color__rosidl_typesupport_fastrtps_cpp.hpp
[5.077s] -- Up-to-date: /home/orhan/ros2_ws/install/turtlesim/include/turtlesim/msg/detail/pose__rosidl_typesupport_fastrtps_cpp.hpp
[5.077s] -- Up-to-date: /home/orhan/ros2_ws/install/turtlesim/include/turtlesim/msg/detail/dds_fastrtps
[5.077s] -- Up-to-date: /home/orhan/ros2_ws/install/turtlesim/include/turtlesim/srv
[5.077s] -- Up-to-date: /home/orhan/ros2_ws/install/turtlesim/include/turtlesim/srv/detail
[5.077s] -- Up-to-date: /home/orhan/ros2_ws/install/turtlesim/include/turtlesim/srv/detail/set_pen__rosidl_typesupport_fastrtps_cpp.hpp
[5.078s] -- Up-to-date: /home/orhan/ros2_ws/install/turtlesim/include/turtlesim/srv/detail/spawn__rosidl_typesupport_fastrtps_cpp.hpp
[5.078s] -- Up-to-date: /home/orhan/ros2_ws/install/turtlesim/include/turtlesim/srv/detail/kill__rosidl_typesupport_fastrtps_cpp.hpp
[5.078s] -- Up-to-date: /home/orhan/ros2_ws/install/turtlesim/include/turtlesim/srv/detail/teleport_absolute__rosidl_typesupport_fastrtps_cpp.hpp
[5.079s] -- Up-to-date: /home/orhan/ros2_ws/install/turtlesim/include/turtlesim/srv/detail/teleport_relative__rosidl_typesupport_fastrtps_cpp.hpp
[5.079s] -- Up-to-date: /home/orhan/ros2_ws/install/turtlesim/include/turtlesim/srv/detail/dds_fastrtps
[5.087s] -- Up-to-date: /home/orhan/ros2_ws/install/turtlesim/lib/libturtlesim__rosidl_typesupport_fastrtps_cpp.so
[5.088s] -- Up-to-date: /home/orhan/ros2_ws/install/turtlesim/include/turtlesim
[5.089s] -- Up-to-date: /home/orhan/ros2_ws/install/turtlesim/include/turtlesim/action
[5.089s] -- Up-to-date: /home/orhan/ros2_ws/install/turtlesim/include/turtlesim/action/detail
[5.090s] -- Up-to-date: /home/orhan/ros2_ws/install/turtlesim/include/turtlesim/action/detail/rotate_absolute__type_support.c
[5.090s] -- Up-to-date: /home/orhan/ros2_ws/install/turtlesim/include/turtlesim/action/detail/rotate_absolute__rosidl_typesupport_introspection_c.h
[5.091s] -- Up-to-date: /home/orhan/ros2_ws/install/turtlesim/include/turtlesim/msg
[5.091s] -- Up-to-date: /home/orhan/ros2_ws/install/turtlesim/include/turtlesim/msg/detail
[5.091s] -- Up-to-date: /home/orhan/ros2_ws/install/turtlesim/include/turtlesim/msg/detail/pose__type_support.c
[5.091s] -- Up-to-date: /home/orhan/ros2_ws/install/turtlesim/include/turtlesim/msg/detail/color__rosidl_typesupport_introspection_c.h
[5.091s] -- Up-to-date: /home/orhan/ros2_ws/install/turtlesim/include/turtlesim/msg/detail/color__type_support.c
[5.092s] -- Up-to-date: /home/orhan/ros2_ws/install/turtlesim/include/turtlesim/msg/detail/pose__rosidl_typesupport_introspection_c.h
[5.092s] -- Up-to-date: /home/orhan/ros2_ws/install/turtlesim/include/turtlesim/msg/rosidl_typesupport_introspection_c__visibility_control.h
[5.092s] -- Up-to-date: /home/orhan/ros2_ws/install/turtlesim/include/turtlesim/srv
[5.092s] -- Up-to-date: /home/orhan/ros2_ws/install/turtlesim/include/turtlesim/srv/detail
[5.092s] -- Up-to-date: /home/orhan/ros2_ws/install/turtlesim/include/turtlesim/srv/detail/set_pen__type_support.c
[5.092s] -- Up-to-date: /home/orhan/ros2_ws/install/turtlesim/include/turtlesim/srv/detail/kill__rosidl_typesupport_introspection_c.h
[5.093s] -- Up-to-date: /home/orhan/ros2_ws/install/turtlesim/include/turtlesim/srv/detail/kill__type_support.c
[5.093s] -- Up-to-date: /home/orhan/ros2_ws/install/turtlesim/include/turtlesim/srv/detail/teleport_absolute__type_support.c
[5.093s] -- Up-to-date: /home/orhan/ros2_ws/install/turtlesim/include/turtlesim/srv/detail/set_pen__rosidl_typesupport_introspection_c.h
[5.093s] -- Up-to-date: /home/orhan/ros2_ws/install/turtlesim/include/turtlesim/srv/detail/spawn__rosidl_typesupport_introspection_c.h
[5.093s] -- Up-to-date: /home/orhan/ros2_ws/install/turtlesim/include/turtlesim/srv/detail/teleport_relative__rosidl_typesupport_introspection_c.h
[5.094s] -- Up-to-date: /home/orhan/ros2_ws/install/turtlesim/include/turtlesim/srv/detail/spawn__type_support.c
[5.095s] -- Up-to-date: /home/orhan/ros2_ws/install/turtlesim/include/turtlesim/srv/detail/teleport_absolute__rosidl_typesupport_introspection_c.h
[5.096s] -- Up-to-date: /home/orhan/ros2_ws/install/turtlesim/include/turtlesim/srv/detail/teleport_relative__type_support.c
[5.109s] -- Up-to-date: /home/orhan/ros2_ws/install/turtlesim/lib/libturtlesim__rosidl_typesupport_introspection_c.so
[5.109s] -- Up-to-date: /home/orhan/ros2_ws/install/turtlesim/lib/libturtlesim__rosidl_typesupport_c.so
[5.110s] -- Up-to-date: /home/orhan/ros2_ws/install/turtlesim/include/turtlesim
[5.110s] -- Up-to-date: /home/orhan/ros2_ws/install/turtlesim/include/turtlesim/action
[5.110s] -- Up-to-date: /home/orhan/ros2_ws/install/turtlesim/include/turtlesim/action/detail
[5.110s] -- Up-to-date: /home/orhan/ros2_ws/install/turtlesim/include/turtlesim/action/detail/rotate_absolute__builder.hpp
[5.110s] -- Up-to-date: /home/orhan/ros2_ws/install/turtlesim/include/turtlesim/action/detail/rotate_absolute__traits.hpp
[5.111s] -- Up-to-date: /home/orhan/ros2_ws/install/turtlesim/include/turtlesim/action/detail/rotate_absolute__struct.hpp
[5.111s] -- Up-to-date: /home/orhan/ros2_ws/install/turtlesim/include/turtlesim/action/detail/rotate_absolute__type_support.hpp
[5.111s] -- Up-to-date: /home/orhan/ros2_ws/install/turtlesim/include/turtlesim/action/rotate_absolute.hpp
[5.112s] -- Up-to-date: /home/orhan/ros2_ws/install/turtlesim/include/turtlesim/msg
[5.112s] -- Up-to-date: /home/orhan/ros2_ws/install/turtlesim/include/turtlesim/msg/color.hpp
[5.112s] -- Up-to-date: /home/orhan/ros2_ws/install/turtlesim/include/turtlesim/msg/detail
[5.112s] -- Up-to-date: /home/orhan/ros2_ws/install/turtlesim/include/turtlesim/msg/detail/pose__struct.hpp
[5.113s] -- Up-to-date: /home/orhan/ros2_ws/install/turtlesim/include/turtlesim/msg/detail/pose__builder.hpp
[5.113s] -- Up-to-date: /home/orhan/ros2_ws/install/turtlesim/include/turtlesim/msg/detail/color__type_support.hpp
[5.113s] -- Up-to-date: /home/orhan/ros2_ws/install/turtlesim/include/turtlesim/msg/detail/color__builder.hpp
[5.113s] -- Up-to-date: /home/orhan/ros2_ws/install/turtlesim/include/turtlesim/msg/detail/color__traits.hpp
[5.113s] -- Up-to-date: /home/orhan/ros2_ws/install/turtlesim/include/turtlesim/msg/detail/color__struct.hpp
[5.114s] -- Up-to-date: /home/orhan/ros2_ws/install/turtlesim/include/turtlesim/msg/detail/pose__type_support.hpp
[5.114s] -- Up-to-date: /home/orhan/ros2_ws/install/turtlesim/include/turtlesim/msg/detail/pose__traits.hpp
[5.122s] -- Up-to-date: /home/orhan/ros2_ws/install/turtlesim/include/turtlesim/msg/rosidl_generator_cpp__visibility_control.hpp
[5.123s] -- Up-to-date: /home/orhan/ros2_ws/install/turtlesim/include/turtlesim/msg/pose.hpp
[5.124s] -- Up-to-date: /home/orhan/ros2_ws/install/turtlesim/include/turtlesim/srv
[5.124s] -- Up-to-date: /home/orhan/ros2_ws/install/turtlesim/include/turtlesim/srv/teleport_relative.hpp
[5.124s] -- Up-to-date: /home/orhan/ros2_ws/install/turtlesim/include/turtlesim/srv/teleport_absolute.hpp
[5.125s] -- Up-to-date: /home/orhan/ros2_ws/install/turtlesim/include/turtlesim/srv/kill.hpp
[5.125s] -- Up-to-date: /home/orhan/ros2_ws/install/turtlesim/include/turtlesim/srv/detail
[5.125s] -- Up-to-date: /home/orhan/ros2_ws/install/turtlesim/include/turtlesim/srv/detail/set_pen__struct.hpp
[5.125s] -- Up-to-date: /home/orhan/ros2_ws/install/turtlesim/include/turtlesim/srv/detail/teleport_absolute__struct.hpp
[5.127s] -- Up-to-date: /home/orhan/ros2_ws/install/turtlesim/include/turtlesim/srv/detail/spawn__builder.hpp
[5.127s] -- Up-to-date: /home/orhan/ros2_ws/install/turtlesim/include/turtlesim/srv/detail/teleport_relative__builder.hpp
[5.127s] -- Up-to-date: /home/orhan/ros2_ws/install/turtlesim/include/turtlesim/srv/detail/spawn__type_support.hpp
[5.137s] -- Up-to-date: /home/orhan/ros2_ws/install/turtlesim/include/turtlesim/srv/detail/kill__struct.hpp
[5.144s] -- Up-to-date: /home/orhan/ros2_ws/install/turtlesim/include/turtlesim/srv/detail/teleport_absolute__type_support.hpp
[5.145s] -- Up-to-date: /home/orhan/ros2_ws/install/turtlesim/include/turtlesim/srv/detail/kill__type_support.hpp
[5.145s] -- Up-to-date: /home/orhan/ros2_ws/install/turtlesim/include/turtlesim/srv/detail/kill__builder.hpp
[5.145s] -- Up-to-date: /home/orhan/ros2_ws/install/turtlesim/include/turtlesim/srv/detail/set_pen__traits.hpp
[5.145s] -- Up-to-date: /home/orhan/ros2_ws/install/turtlesim/include/turtlesim/srv/detail/teleport_absolute__builder.hpp
[5.145s] -- Up-to-date: /home/orhan/ros2_ws/install/turtlesim/include/turtlesim/srv/detail/kill__traits.hpp
[5.146s] -- Up-to-date: /home/orhan/ros2_ws/install/turtlesim/include/turtlesim/srv/detail/set_pen__type_support.hpp
[5.146s] -- Up-to-date: /home/orhan/ros2_ws/install/turtlesim/include/turtlesim/srv/detail/spawn__traits.hpp
[5.146s] -- Up-to-date: /home/orhan/ros2_ws/install/turtlesim/include/turtlesim/srv/detail/teleport_relative__traits.hpp
[5.146s] -- Up-to-date: /home/orhan/ros2_ws/install/turtlesim/include/turtlesim/srv/detail/spawn__struct.hpp
[5.146s] -- Up-to-date: /home/orhan/ros2_ws/install/turtlesim/include/turtlesim/srv/detail/teleport_relative__struct.hpp
[5.147s] -- Up-to-date: /home/orhan/ros2_ws/install/turtlesim/include/turtlesim/srv/detail/teleport_relative__type_support.hpp
[5.147s] -- Up-to-date: /home/orhan/ros2_ws/install/turtlesim/include/turtlesim/srv/detail/teleport_absolute__traits.hpp
[5.147s] -- Up-to-date: /home/orhan/ros2_ws/install/turtlesim/include/turtlesim/srv/detail/set_pen__builder.hpp
[5.152s] -- Up-to-date: /home/orhan/ros2_ws/install/turtlesim/include/turtlesim/srv/spawn.hpp
[5.152s] -- Up-to-date: /home/orhan/ros2_ws/install/turtlesim/include/turtlesim/srv/set_pen.hpp
[5.155s] -- Up-to-date: /home/orhan/ros2_ws/install/turtlesim/include/turtlesim
[5.160s] -- Up-to-date: /home/orhan/ros2_ws/install/turtlesim/include/turtlesim/action
[5.161s] -- Up-to-date: /home/orhan/ros2_ws/install/turtlesim/include/turtlesim/action/detail
[5.161s] -- Up-to-date: /home/orhan/ros2_ws/install/turtlesim/include/turtlesim/action/detail/rotate_absolute__type_support.cpp
[5.161s] -- Up-to-date: /home/orhan/ros2_ws/install/turtlesim/include/turtlesim/action/detail/rotate_absolute__rosidl_typesupport_introspection_cpp.hpp
[5.161s] -- Up-to-date: /home/orhan/ros2_ws/install/turtlesim/include/turtlesim/msg
[5.162s] -- Up-to-date: /home/orhan/ros2_ws/install/turtlesim/include/turtlesim/msg/detail
[5.162s] -- Up-to-date: /home/orhan/ros2_ws/install/turtlesim/include/turtlesim/msg/detail/pose__rosidl_typesupport_introspection_cpp.hpp
[5.162s] -- Up-to-date: /home/orhan/ros2_ws/install/turtlesim/include/turtlesim/msg/detail/color__rosidl_typesupport_introspection_cpp.hpp
[5.162s] -- Up-to-date: /home/orhan/ros2_ws/install/turtlesim/include/turtlesim/msg/detail/color__type_support.cpp
[5.167s] -- Up-to-date: /home/orhan/ros2_ws/install/turtlesim/include/turtlesim/msg/detail/pose__type_support.cpp
[5.170s] -- Up-to-date: /home/orhan/ros2_ws/install/turtlesim/include/turtlesim/srv
[5.170s] -- Up-to-date: /home/orhan/ros2_ws/install/turtlesim/include/turtlesim/srv/detail
[5.176s] -- Up-to-date: /home/orhan/ros2_ws/install/turtlesim/include/turtlesim/srv/detail/kill__rosidl_typesupport_introspection_cpp.hpp
[5.177s] -- Up-to-date: /home/orhan/ros2_ws/install/turtlesim/include/turtlesim/srv/detail/teleport_absolute__rosidl_typesupport_introspection_cpp.hpp
[5.177s] -- Up-to-date: /home/orhan/ros2_ws/install/turtlesim/include/turtlesim/srv/detail/teleport_relative__type_support.cpp
[5.177s] -- Up-to-date: /home/orhan/ros2_ws/install/turtlesim/include/turtlesim/srv/detail/teleport_absolute__type_support.cpp
[5.178s] -- Up-to-date: /home/orhan/ros2_ws/install/turtlesim/include/turtlesim/srv/detail/teleport_relative__rosidl_typesupport_introspection_cpp.hpp
[5.178s] -- Up-to-date: /home/orhan/ros2_ws/install/turtlesim/include/turtlesim/srv/detail/set_pen__rosidl_typesupport_introspection_cpp.hpp
[5.179s] -- Up-to-date: /home/orhan/ros2_ws/install/turtlesim/include/turtlesim/srv/detail/spawn__type_support.cpp
[5.179s] -- Up-to-date: /home/orhan/ros2_ws/install/turtlesim/include/turtlesim/srv/detail/spawn__rosidl_typesupport_introspection_cpp.hpp
[5.179s] -- Up-to-date: /home/orhan/ros2_ws/install/turtlesim/include/turtlesim/srv/detail/kill__type_support.cpp
[5.179s] -- Up-to-date: /home/orhan/ros2_ws/install/turtlesim/include/turtlesim/srv/detail/set_pen__type_support.cpp
[5.180s] -- Up-to-date: /home/orhan/ros2_ws/install/turtlesim/lib/libturtlesim__rosidl_typesupport_introspection_cpp.so
[5.180s] -- Up-to-date: /home/orhan/ros2_ws/install/turtlesim/lib/libturtlesim__rosidl_typesupport_cpp.so
[5.180s] -- Up-to-date: /home/orhan/ros2_ws/install/turtlesim/share/turtlesim/environment/pythonpath.sh
[5.180s] -- Installing: /home/orhan/ros2_ws/install/turtlesim/share/turtlesim/environment/pythonpath.dsv
[5.182s] -- Installing: /home/orhan/ros2_ws/install/turtlesim/lib/python3.8/site-packages/turtlesim/__init__.py
[5.250s] Compiling '/home/orhan/ros2_ws/install/turtlesim/lib/python3.8/site-packages/turtlesim/__init__.py'...
[5.275s] -- Up-to-date: /home/orhan/ros2_ws/install/turtlesim/lib/python3.8/site-packages/turtlesim/action
[5.275s] -- Up-to-date: /home/orhan/ros2_ws/install/turtlesim/lib/python3.8/site-packages/turtlesim/action/_rotate_absolute_s.c
[5.275s] -- Up-to-date: /home/orhan/ros2_ws/install/turtlesim/lib/python3.8/site-packages/turtlesim/action/_rotate_absolute.py
[5.275s] -- Up-to-date: /home/orhan/ros2_ws/install/turtlesim/lib/python3.8/site-packages/turtlesim/action/__init__.py
[5.276s] -- Up-to-date: /home/orhan/ros2_ws/install/turtlesim/lib/python3.8/site-packages/turtlesim/msg
[5.276s] -- Up-to-date: /home/orhan/ros2_ws/install/turtlesim/lib/python3.8/site-packages/turtlesim/msg/_pose_s.c
[5.276s] -- Up-to-date: /home/orhan/ros2_ws/install/turtlesim/lib/python3.8/site-packages/turtlesim/msg/_color_s.c
[5.276s] -- Up-to-date: /home/orhan/ros2_ws/install/turtlesim/lib/python3.8/site-packages/turtlesim/msg/_color.py
[5.276s] -- Up-to-date: /home/orhan/ros2_ws/install/turtlesim/lib/python3.8/site-packages/turtlesim/msg/_pose.py
[5.277s] -- Up-to-date: /home/orhan/ros2_ws/install/turtlesim/lib/python3.8/site-packages/turtlesim/msg/__init__.py
[5.277s] -- Up-to-date: /home/orhan/ros2_ws/install/turtlesim/lib/python3.8/site-packages/turtlesim/srv
[5.277s] -- Up-to-date: /home/orhan/ros2_ws/install/turtlesim/lib/python3.8/site-packages/turtlesim/srv/_spawn_s.c
[5.277s] -- Up-to-date: /home/orhan/ros2_ws/install/turtlesim/lib/python3.8/site-packages/turtlesim/srv/_teleport_absolute.py
[5.277s] -- Up-to-date: /home/orhan/ros2_ws/install/turtlesim/lib/python3.8/site-packages/turtlesim/srv/_spawn.py
[5.278s] -- Up-to-date: /home/orhan/ros2_ws/install/turtlesim/lib/python3.8/site-packages/turtlesim/srv/_kill.py
[5.278s] -- Up-to-date: /home/orhan/ros2_ws/install/turtlesim/lib/python3.8/site-packages/turtlesim/srv/_set_pen.py
[5.278s] -- Up-to-date: /home/orhan/ros2_ws/install/turtlesim/lib/python3.8/site-packages/turtlesim/srv/_teleport_absolute_s.c
[5.279s] -- Up-to-date: /home/orhan/ros2_ws/install/turtlesim/lib/python3.8/site-packages/turtlesim/srv/_teleport_relative_s.c
[5.279s] -- Up-to-date: /home/orhan/ros2_ws/install/turtlesim/lib/python3.8/site-packages/turtlesim/srv/_kill_s.c
[5.279s] -- Up-to-date: /home/orhan/ros2_ws/install/turtlesim/lib/python3.8/site-packages/turtlesim/srv/_teleport_relative.py
[5.279s] -- Up-to-date: /home/orhan/ros2_ws/install/turtlesim/lib/python3.8/site-packages/turtlesim/srv/_set_pen_s.c
[5.279s] -- Up-to-date: /home/orhan/ros2_ws/install/turtlesim/lib/python3.8/site-packages/turtlesim/srv/__init__.py
[5.288s] -- Up-to-date: /home/orhan/ros2_ws/install/turtlesim/lib/python3.8/site-packages/turtlesim/turtlesim_s__rosidl_typesupport_fastrtps_c.cpython-38-x86_64-linux-gnu.so
[5.290s] -- Up-to-date: /home/orhan/ros2_ws/install/turtlesim/lib/python3.8/site-packages/turtlesim/turtlesim_s__rosidl_typesupport_introspection_c.cpython-38-x86_64-linux-gnu.so
[5.295s] -- Up-to-date: /home/orhan/ros2_ws/install/turtlesim/lib/python3.8/site-packages/turtlesim/turtlesim_s__rosidl_typesupport_c.cpython-38-x86_64-linux-gnu.so
[5.301s] -- Up-to-date: /home/orhan/ros2_ws/install/turtlesim/lib/libturtlesim__python.so
[5.302s] -- Up-to-date: /home/orhan/ros2_ws/install/turtlesim/share/turtlesim/action/RotateAbsolute.idl
[5.304s] -- Up-to-date: /home/orhan/ros2_ws/install/turtlesim/share/turtlesim/msg/Color.idl
[5.305s] -- Up-to-date: /home/orhan/ros2_ws/install/turtlesim/share/turtlesim/msg/Pose.idl
[5.309s] -- Up-to-date: /home/orhan/ros2_ws/install/turtlesim/share/turtlesim/srv/Kill.idl
[5.309s] -- Up-to-date: /home/orhan/ros2_ws/install/turtlesim/share/turtlesim/srv/SetPen.idl
[5.310s] -- Up-to-date: /home/orhan/ros2_ws/install/turtlesim/share/turtlesim/srv/Spawn.idl
[5.311s] -- Up-to-date: /home/orhan/ros2_ws/install/turtlesim/share/turtlesim/srv/TeleportAbsolute.idl
[5.311s] -- Up-to-date: /home/orhan/ros2_ws/install/turtlesim/share/turtlesim/srv/TeleportRelative.idl
[5.312s] -- Up-to-date: /home/orhan/ros2_ws/install/turtlesim/share/turtlesim/action/RotateAbsolute.action
[5.312s] -- Up-to-date: /home/orhan/ros2_ws/install/turtlesim/share/turtlesim/msg/Color.msg
[5.313s] -- Up-to-date: /home/orhan/ros2_ws/install/turtlesim/share/turtlesim/msg/Pose.msg
[5.313s] -- Up-to-date: /home/orhan/ros2_ws/install/turtlesim/share/turtlesim/srv/Kill.srv
[5.313s] -- Up-to-date: /home/orhan/ros2_ws/install/turtlesim/share/turtlesim/srv/Kill_Request.msg
[5.314s] -- Up-to-date: /home/orhan/ros2_ws/install/turtlesim/share/turtlesim/srv/Kill_Response.msg
[5.315s] -- Up-to-date: /home/orhan/ros2_ws/install/turtlesim/share/turtlesim/srv/SetPen.srv
[5.319s] -- Up-to-date: /home/orhan/ros2_ws/install/turtlesim/share/turtlesim/srv/SetPen_Request.msg
[5.319s] -- Up-to-date: /home/orhan/ros2_ws/install/turtlesim/share/turtlesim/srv/SetPen_Response.msg
[5.324s] -- Up-to-date: /home/orhan/ros2_ws/install/turtlesim/share/turtlesim/srv/Spawn.srv
[5.324s] -- Up-to-date: /home/orhan/ros2_ws/install/turtlesim/share/turtlesim/srv/Spawn_Request.msg
[5.324s] -- Up-to-date: /home/orhan/ros2_ws/install/turtlesim/share/turtlesim/srv/Spawn_Response.msg
[5.325s] -- Up-to-date: /home/orhan/ros2_ws/install/turtlesim/share/turtlesim/srv/TeleportAbsolute.srv
[5.325s] -- Up-to-date: /home/orhan/ros2_ws/install/turtlesim/share/turtlesim/srv/TeleportAbsolute_Request.msg
[5.325s] -- Up-to-date: /home/orhan/ros2_ws/install/turtlesim/share/turtlesim/srv/TeleportAbsolute_Response.msg
[5.325s] -- Up-to-date: /home/orhan/ros2_ws/install/turtlesim/share/turtlesim/srv/TeleportRelative.srv
[5.326s] -- Up-to-date: /home/orhan/ros2_ws/install/turtlesim/share/turtlesim/srv/TeleportRelative_Request.msg
[5.326s] -- Up-to-date: /home/orhan/ros2_ws/install/turtlesim/share/turtlesim/srv/TeleportRelative_Response.msg
[5.326s] -- Up-to-date: /home/orhan/ros2_ws/install/turtlesim/lib/turtlesim/turtlesim_node
[5.333s] -- Up-to-date: /home/orhan/ros2_ws/install/turtlesim/lib/turtlesim/turtle_teleop_key
[5.336s] -- Up-to-date: /home/orhan/ros2_ws/install/turtlesim/lib/turtlesim/draw_square
[5.341s] -- Up-to-date: /home/orhan/ros2_ws/install/turtlesim/lib/turtlesim/mimic
[5.344s] -- Up-to-date: /home/orhan/ros2_ws/install/turtlesim/share/turtlesim/images
[5.345s] -- Up-to-date: /home/orhan/ros2_ws/install/turtlesim/share/turtlesim/images/eloquent.png
[5.345s] -- Up-to-date: /home/orhan/ros2_ws/install/turtlesim/share/turtlesim/images/ardent.png
[5.345s] -- Up-to-date: /home/orhan/ros2_ws/install/turtlesim/share/turtlesim/images/foxy.png
[5.345s] -- Up-to-date: /home/orhan/ros2_ws/install/turtlesim/share/turtlesim/images/bouncy.png
[5.346s] -- Up-to-date: /home/orhan/ros2_ws/install/turtlesim/share/turtlesim/images/dashing.png
[5.346s] -- Up-to-date: /home/orhan/ros2_ws/install/turtlesim/share/turtlesim/images/crystal.png
[5.346s] -- Up-to-date: /home/orhan/ros2_ws/install/turtlesim/share/turtlesim/launch
[5.346s] -- Up-to-date: /home/orhan/ros2_ws/install/turtlesim/share/turtlesim/launch/multisim.launch.py
[5.347s] -- Up-to-date: /home/orhan/ros2_ws/install/turtlesim/share/ament_index/resource_index/package_run_dependencies/turtlesim
[5.347s] -- Installing: /home/orhan/ros2_ws/install/turtlesim/share/ament_index/resource_index/parent_prefix_path/turtlesim
[5.347s] -- Up-to-date: /home/orhan/ros2_ws/install/turtlesim/share/turtlesim/environment/ament_prefix_path.sh
[5.347s] -- Installing: /home/orhan/ros2_ws/install/turtlesim/share/turtlesim/environment/ament_prefix_path.dsv
[5.348s] -- Up-to-date: /home/orhan/ros2_ws/install/turtlesim/share/turtlesim/environment/path.sh
[5.348s] -- Installing: /home/orhan/ros2_ws/install/turtlesim/share/turtlesim/environment/path.dsv
[5.348s] -- Up-to-date: /home/orhan/ros2_ws/install/turtlesim/share/turtlesim/local_setup.bash
[5.348s] -- Up-to-date: /home/orhan/ros2_ws/install/turtlesim/share/turtlesim/local_setup.sh
[5.349s] -- Up-to-date: /home/orhan/ros2_ws/install/turtlesim/share/turtlesim/local_setup.zsh
[5.349s] -- Installing: /home/orhan/ros2_ws/install/turtlesim/share/turtlesim/local_setup.dsv
[5.352s] -- Installing: /home/orhan/ros2_ws/install/turtlesim/share/turtlesim/package.dsv
[5.357s] -- Up-to-date: /home/orhan/ros2_ws/install/turtlesim/share/ament_index/resource_index/packages/turtlesim
[5.358s] -- Up-to-date: /home/orhan/ros2_ws/install/turtlesim/share/turtlesim/cmake/turtlesim__rosidl_generator_cExport.cmake
[5.358s] -- Installing: /home/orhan/ros2_ws/install/turtlesim/share/turtlesim/cmake/turtlesim__rosidl_generator_cExport-noconfig.cmake
[5.364s] -- Up-to-date: /home/orhan/ros2_ws/install/turtlesim/share/turtlesim/cmake/turtlesim__rosidl_typesupport_introspection_cExport.cmake
[5.364s] -- Installing: /home/orhan/ros2_ws/install/turtlesim/share/turtlesim/cmake/turtlesim__rosidl_typesupport_introspection_cExport-noconfig.cmake
[5.369s] -- Up-to-date: /home/orhan/ros2_ws/install/turtlesim/share/turtlesim/cmake/turtlesim__rosidl_typesupport_cExport.cmake
[5.370s] -- Installing: /home/orhan/ros2_ws/install/turtlesim/share/turtlesim/cmake/turtlesim__rosidl_typesupport_cExport-noconfig.cmake
[5.370s] -- Up-to-date: /home/orhan/ros2_ws/install/turtlesim/share/turtlesim/cmake/turtlesim__rosidl_generator_cppExport.cmake
[5.371s] -- Up-to-date: /home/orhan/ros2_ws/install/turtlesim/share/turtlesim/cmake/turtlesim__rosidl_typesupport_introspection_cppExport.cmake
[5.371s] -- Installing: /home/orhan/ros2_ws/install/turtlesim/share/turtlesim/cmake/turtlesim__rosidl_typesupport_introspection_cppExport-noconfig.cmake
[5.371s] -- Up-to-date: /home/orhan/ros2_ws/install/turtlesim/share/turtlesim/cmake/turtlesim__rosidl_typesupport_cppExport.cmake
[5.371s] -- Installing: /home/orhan/ros2_ws/install/turtlesim/share/turtlesim/cmake/turtlesim__rosidl_typesupport_cppExport-noconfig.cmake
[5.372s] -- Up-to-date: /home/orhan/ros2_ws/install/turtlesim/share/turtlesim/cmake/rosidl_cmake-extras.cmake
[5.372s] -- Up-to-date: /home/orhan/ros2_ws/install/turtlesim/share/turtlesim/cmake/ament_cmake_export_dependencies-extras.cmake
[5.372s] -- Up-to-date: /home/orhan/ros2_ws/install/turtlesim/share/turtlesim/cmake/ament_cmake_export_libraries-extras.cmake
[5.372s] -- Up-to-date: /home/orhan/ros2_ws/install/turtlesim/share/turtlesim/cmake/ament_cmake_export_targets-extras.cmake
[5.372s] -- Up-to-date: /home/orhan/ros2_ws/install/turtlesim/share/turtlesim/cmake/ament_cmake_export_include_directories-extras.cmake
[5.373s] -- Up-to-date: /home/orhan/ros2_ws/install/turtlesim/share/turtlesim/cmake/rosidl_cmake_export_typesupport_libraries-extras.cmake
[5.373s] -- Up-to-date: /home/orhan/ros2_ws/install/turtlesim/share/turtlesim/cmake/rosidl_cmake_export_typesupport_targets-extras.cmake
[5.373s] -- Up-to-date: /home/orhan/ros2_ws/install/turtlesim/share/turtlesim/cmake/turtlesimConfig.cmake
[5.373s] -- Up-to-date: /home/orhan/ros2_ws/install/turtlesim/share/turtlesim/cmake/turtlesimConfig-version.cmake
[5.373s] -- Up-to-date: /home/orhan/ros2_ws/install/turtlesim/share/turtlesim/package.xml
[5.396s] Invoked command in '/home/orhan/ros2_ws/build/turtlesim' returned '0': CMAKE_PREFIX_PATH=/opt/ros/foxy /usr/bin/cmake --install /home/orhan/ros2_ws/build/turtlesim
