[1.726s] Invoking command in '/home/orhan/ros2_ws/src/first_package': PYTHONPATH=/home/orhan/ros2_ws/build/first_package/prefix_override:/usr/lib/python3/dist-packages/colcon_core/task/python/colcon_distutils_commands:/home/orhan/ros2_ws/install/first_package/lib/python3.8/site-packages:${PYTHONPATH} /usr/bin/python3 -W ignore:setup.py install is deprecated setup.py egg_info --egg-base ../../build/first_package build --build-base /home/orhan/ros2_ws/build/first_package/build install --record /home/orhan/ros2_ws/build/first_package/install.log --install-scripts $base/lib/first_package --single-version-externally-managed install_data
[2.215s] running egg_info
[2.217s] creating ../../build/first_package/first_package.egg-info
[2.218s] writing ../../build/first_package/first_package.egg-info/PKG-INFO
[2.219s] writing dependency_links to ../../build/first_package/first_package.egg-info/dependency_links.txt
[2.219s] writing entry points to ../../build/first_package/first_package.egg-info/entry_points.txt
[2.220s] writing requirements to ../../build/first_package/first_package.egg-info/requires.txt
[2.220s] writing top-level names to ../../build/first_package/first_package.egg-info/top_level.txt
[2.222s] writing manifest file '../../build/first_package/first_package.egg-info/SOURCES.txt'
[2.279s] reading manifest file '../../build/first_package/first_package.egg-info/SOURCES.txt'
[2.281s] writing manifest file '../../build/first_package/first_package.egg-info/SOURCES.txt'
[2.281s] running build
[2.281s] running build_py
[2.282s] creating /home/orhan/ros2_ws/build/first_package/build
[2.282s] creating /home/orhan/ros2_ws/build/first_package/build/lib
[2.282s] creating /home/orhan/ros2_ws/build/first_package/build/lib/first_package
[2.283s] copying first_package/my_node.py -> /home/orhan/ros2_ws/build/first_package/build/lib/first_package
[2.283s] copying first_package/__init__.py -> /home/orhan/ros2_ws/build/first_package/build/lib/first_package
[2.283s] running install
[2.283s] running install_lib
[2.285s] creating /home/orhan/ros2_ws/install/first_package/lib/python3.8/site-packages/first_package
[2.286s] copying /home/orhan/ros2_ws/build/first_package/build/lib/first_package/my_node.py -> /home/orhan/ros2_ws/install/first_package/lib/python3.8/site-packages/first_package
[2.286s] copying /home/orhan/ros2_ws/build/first_package/build/lib/first_package/__init__.py -> /home/orhan/ros2_ws/install/first_package/lib/python3.8/site-packages/first_package
[2.286s] byte-compiling /home/orhan/ros2_ws/install/first_package/lib/python3.8/site-packages/first_package/my_node.py to my_node.cpython-38.pyc
[2.289s] byte-compiling /home/orhan/ros2_ws/install/first_package/lib/python3.8/site-packages/first_package/__init__.py to __init__.cpython-38.pyc
[2.290s] running install_data
[2.290s] creating /home/orhan/ros2_ws/install/first_package/share/ament_index
[2.290s] creating /home/orhan/ros2_ws/install/first_package/share/ament_index/resource_index
[2.290s] creating /home/orhan/ros2_ws/install/first_package/share/ament_index/resource_index/packages
[2.291s] copying resource/first_package -> /home/orhan/ros2_ws/install/first_package/share/ament_index/resource_index/packages
[2.291s] copying package.xml -> /home/orhan/ros2_ws/install/first_package/share/first_package
[2.291s] running install_egg_info
[2.293s] Copying ../../build/first_package/first_package.egg-info to /home/orhan/ros2_ws/install/first_package/lib/python3.8/site-packages/first_package-0.0.0-py3.8.egg-info
[2.295s] running install_scripts
[2.326s] Installing my_node script to /home/orhan/ros2_ws/install/first_package/lib/first_package
[2.327s] writing list of installed files to '/home/orhan/ros2_ws/build/first_package/install.log'
[2.369s] Invoked command in '/home/orhan/ros2_ws/src/first_package' returned '0': PYTHONPATH=/home/orhan/ros2_ws/build/first_package/prefix_override:/usr/lib/python3/dist-packages/colcon_core/task/python/colcon_distutils_commands:/home/orhan/ros2_ws/install/first_package/lib/python3.8/site-packages:${PYTHONPATH} /usr/bin/python3 -W ignore:setup.py install is deprecated setup.py egg_info --egg-base ../../build/first_package build --build-base /home/orhan/ros2_ws/build/first_package/build install --record /home/orhan/ros2_ws/build/first_package/install.log --install-scripts $base/lib/first_package --single-version-externally-managed install_data
