[2.161s] Invoking command in '/home/orhan/ros2_ws/src/first_package': PYTHONPATH=/home/orhan/ros2_ws/build/first_package/prefix_override:/usr/lib/python3/dist-packages/colcon_core/task/python/colcon_distutils_commands:/home/orhan/ros2_ws/install/first_package/lib/python3.8/site-packages:${PYTHONPATH} /usr/bin/python3 -W ignore:setup.py install is deprecated -W ignore:easy_install command is deprecated setup.py egg_info --egg-base ../../build/first_package build --build-base /home/orhan/ros2_ws/build/first_package/build install --record /home/orhan/ros2_ws/build/first_package/install.log --install-scripts $base/lib/first_package --single-version-externally-managed install_data
[2.986s] running egg_info
[2.989s] writing ../../build/first_package/first_package.egg-info/PKG-INFO
[2.990s] writing dependency_links to ../../build/first_package/first_package.egg-info/dependency_links.txt
[2.992s] writing entry points to ../../build/first_package/first_package.egg-info/entry_points.txt
[2.993s] writing requirements to ../../build/first_package/first_package.egg-info/requires.txt
[2.994s] writing top-level names to ../../build/first_package/first_package.egg-info/top_level.txt
[3.087s] reading manifest file '../../build/first_package/first_package.egg-info/SOURCES.txt'
[3.089s] writing manifest file '../../build/first_package/first_package.egg-info/SOURCES.txt'
[3.090s] running build
[3.090s] running build_py
[3.090s] running install
[3.093s] running install_lib
[3.096s] running install_data
[3.097s] running install_egg_info
[3.101s] removing '/home/orhan/ros2_ws/install/first_package/lib/python3.8/site-packages/first_package-0.0.0-py3.8.egg-info' (and everything under it)
[3.102s] Copying ../../build/first_package/first_package.egg-info to /home/orhan/ros2_ws/install/first_package/lib/python3.8/site-packages/first_package-0.0.0-py3.8.egg-info
[3.104s] running install_scripts
[3.147s] Installing my_node script to /home/orhan/ros2_ws/install/first_package/lib/first_package
[3.148s] writing list of installed files to '/home/orhan/ros2_ws/build/first_package/install.log'
[3.224s] Invoked command in '/home/orhan/ros2_ws/src/first_package' returned '0': PYTHONPATH=/home/orhan/ros2_ws/build/first_package/prefix_override:/usr/lib/python3/dist-packages/colcon_core/task/python/colcon_distutils_commands:/home/orhan/ros2_ws/install/first_package/lib/python3.8/site-packages:${PYTHONPATH} /usr/bin/python3 -W ignore:setup.py install is deprecated -W ignore:easy_install command is deprecated setup.py egg_info --egg-base ../../build/first_package build --build-base /home/orhan/ros2_ws/build/first_package/build install --record /home/orhan/ros2_ws/build/first_package/install.log --install-scripts $base/lib/first_package --single-version-externally-managed install_data
