[1.770s] Invoking command in '/home/orhan/ros2_ws/build/examples_rclpy_minimal_action_server': PYTHONPATH=/home/orhan/ros2_ws/build/examples_rclpy_minimal_action_server/prefix_override:/usr/lib/python3/dist-packages/colcon_core/task/python/colcon_distutils_commands:/home/orhan/ros2_ws/install/examples_rclpy_minimal_action_server/lib/python3.8/site-packages:${PYTHONPATH} /usr/bin/python3 -W ignore:setup.py install is deprecated setup.py develop --editable --build-directory /home/orhan/ros2_ws/build/examples_rclpy_minimal_action_server/build --no-deps symlink_data
[2.396s] running develop
[2.745s] running egg_info
[2.745s] creating examples_rclpy_minimal_action_server.egg-info
[2.746s] writing examples_rclpy_minimal_action_server.egg-info/PKG-INFO
[2.746s] writing dependency_links to examples_rclpy_minimal_action_server.egg-info/dependency_links.txt
[2.747s] writing entry points to examples_rclpy_minimal_action_server.egg-info/entry_points.txt
[2.750s] writing requirements to examples_rclpy_minimal_action_server.egg-info/requires.txt
[2.750s] writing top-level names to examples_rclpy_minimal_action_server.egg-info/top_level.txt
[2.751s] writing manifest file 'examples_rclpy_minimal_action_server.egg-info/SOURCES.txt'
[2.840s] reading manifest file 'examples_rclpy_minimal_action_server.egg-info/SOURCES.txt'
[2.842s] writing manifest file 'examples_rclpy_minimal_action_server.egg-info/SOURCES.txt'
[2.950s] running build_ext
[2.951s] Creating /home/orhan/ros2_ws/install/examples_rclpy_minimal_action_server/lib/python3.8/site-packages/site.py
[2.956s] Creating /home/orhan/ros2_ws/install/examples_rclpy_minimal_action_server/lib/python3.8/site-packages/examples-rclpy-minimal-action-server.egg-link (link to .)
[2.958s] Installing server script to /home/orhan/ros2_ws/install/examples_rclpy_minimal_action_server/lib/examples_rclpy_minimal_action_server
[2.959s] Installing server_defer script to /home/orhan/ros2_ws/install/examples_rclpy_minimal_action_server/lib/examples_rclpy_minimal_action_server
[2.959s] Installing server_not_composable script to /home/orhan/ros2_ws/install/examples_rclpy_minimal_action_server/lib/examples_rclpy_minimal_action_server
[2.960s] Installing server_queue_goals script to /home/orhan/ros2_ws/install/examples_rclpy_minimal_action_server/lib/examples_rclpy_minimal_action_server
[2.960s] Installing server_single_goal script to /home/orhan/ros2_ws/install/examples_rclpy_minimal_action_server/lib/examples_rclpy_minimal_action_server
[2.961s] 
[2.961s] Installed /home/orhan/ros2_ws/build/examples_rclpy_minimal_action_server
[2.962s] running symlink_data
[2.962s] creating /home/orhan/ros2_ws/install/examples_rclpy_minimal_action_server/share/ament_index
[2.962s] creating /home/orhan/ros2_ws/install/examples_rclpy_minimal_action_server/share/ament_index/resource_index
[2.963s] creating /home/orhan/ros2_ws/install/examples_rclpy_minimal_action_server/share/ament_index/resource_index/packages
[2.963s] symbolically linking /home/orhan/ros2_ws/build/examples_rclpy_minimal_action_server/resource/examples_rclpy_minimal_action_server -> /home/orhan/ros2_ws/install/examples_rclpy_minimal_action_server/share/ament_index/resource_index/packages
[2.963s] symbolically linking /home/orhan/ros2_ws/build/examples_rclpy_minimal_action_server/package.xml -> /home/orhan/ros2_ws/install/examples_rclpy_minimal_action_server/share/examples_rclpy_minimal_action_server
[3.034s] Invoked command in '/home/orhan/ros2_ws/build/examples_rclpy_minimal_action_server' returned '0': PYTHONPATH=/home/orhan/ros2_ws/build/examples_rclpy_minimal_action_server/prefix_override:/usr/lib/python3/dist-packages/colcon_core/task/python/colcon_distutils_commands:/home/orhan/ros2_ws/install/examples_rclpy_minimal_action_server/lib/python3.8/site-packages:${PYTHONPATH} /usr/bin/python3 -W ignore:setup.py install is deprecated setup.py develop --editable --build-directory /home/orhan/ros2_ws/build/examples_rclpy_minimal_action_server/build --no-deps symlink_data
