[2.142s] Invoking command in '/home/orhan/ros2_ws/src/examples/rclpy/executors': PYTHONPATH=/home/orhan/ros2_ws/build/examples_rclpy_executors/prefix_override:/usr/lib/python3/dist-packages/colcon_core/task/python/colcon_distutils_commands:/home/orhan/ros2_ws/install/examples_rclpy_executors/lib/python3.8/site-packages:${PYTHONPATH} /usr/bin/python3 -W ignore:setup.py install is deprecated -W ignore:easy_install command is deprecated setup.py egg_info --egg-base ../../../../build/examples_rclpy_executors build --build-base /home/orhan/ros2_ws/build/examples_rclpy_executors/build install --record /home/orhan/ros2_ws/build/examples_rclpy_executors/install.log --install-scripts $base/lib/examples_rclpy_executors --single-version-externally-managed install_data
[2.733s] running egg_info
[2.735s] writing ../../../../build/examples_rclpy_executors/examples_rclpy_executors.egg-info/PKG-INFO
[2.737s] writing dependency_links to ../../../../build/examples_rclpy_executors/examples_rclpy_executors.egg-info/dependency_links.txt
[2.738s] writing entry points to ../../../../build/examples_rclpy_executors/examples_rclpy_executors.egg-info/entry_points.txt
[2.739s] writing requirements to ../../../../build/examples_rclpy_executors/examples_rclpy_executors.egg-info/requires.txt
[2.740s] writing top-level names to ../../../../build/examples_rclpy_executors/examples_rclpy_executors.egg-info/top_level.txt
[2.837s] reading manifest file '../../../../build/examples_rclpy_executors/examples_rclpy_executors.egg-info/SOURCES.txt'
[2.842s] writing manifest file '../../../../build/examples_rclpy_executors/examples_rclpy_executors.egg-info/SOURCES.txt'
[2.842s] running build
[2.843s] running build_py
[2.846s] running install
[2.855s] running install_lib
[2.858s] running install_data
[2.858s] running install_egg_info
[2.858s] removing '/home/orhan/ros2_ws/install/examples_rclpy_executors/lib/python3.8/site-packages/examples_rclpy_executors-0.9.4-py3.8.egg-info' (and everything under it)
[2.859s] Copying ../../../../build/examples_rclpy_executors/examples_rclpy_executors.egg-info to /home/orhan/ros2_ws/install/examples_rclpy_executors/lib/python3.8/site-packages/examples_rclpy_executors-0.9.4-py3.8.egg-info
[2.860s] running install_scripts
[2.904s] Installing callback_group script to /home/orhan/ros2_ws/install/examples_rclpy_executors/lib/examples_rclpy_executors
[2.904s] Installing composed script to /home/orhan/ros2_ws/install/examples_rclpy_executors/lib/examples_rclpy_executors
[2.905s] Installing custom_callback_group script to /home/orhan/ros2_ws/install/examples_rclpy_executors/lib/examples_rclpy_executors
[2.905s] Installing custom_executor script to /home/orhan/ros2_ws/install/examples_rclpy_executors/lib/examples_rclpy_executors
[2.906s] Installing listener script to /home/orhan/ros2_ws/install/examples_rclpy_executors/lib/examples_rclpy_executors
[2.906s] Installing talker script to /home/orhan/ros2_ws/install/examples_rclpy_executors/lib/examples_rclpy_executors
[2.907s] writing list of installed files to '/home/orhan/ros2_ws/build/examples_rclpy_executors/install.log'
[3.006s] Invoked command in '/home/orhan/ros2_ws/src/examples/rclpy/executors' returned '0': PYTHONPATH=/home/orhan/ros2_ws/build/examples_rclpy_executors/prefix_override:/usr/lib/python3/dist-packages/colcon_core/task/python/colcon_distutils_commands:/home/orhan/ros2_ws/install/examples_rclpy_executors/lib/python3.8/site-packages:${PYTHONPATH} /usr/bin/python3 -W ignore:setup.py install is deprecated -W ignore:easy_install command is deprecated setup.py egg_info --egg-base ../../../../build/examples_rclpy_executors build --build-base /home/orhan/ros2_ws/build/examples_rclpy_executors/build install --record /home/orhan/ros2_ws/build/examples_rclpy_executors/install.log --install-scripts $base/lib/examples_rclpy_executors --single-version-externally-managed install_data
