running egg_info
writing ../../build/triangle/triangle.egg-info/PKG-INFO
writing dependency_links to ../../build/triangle/triangle.egg-info/dependency_links.txt
writing entry points to ../../build/triangle/triangle.egg-info/entry_points.txt
writing requirements to ../../build/triangle/triangle.egg-info/requires.txt
writing top-level names to ../../build/triangle/triangle.egg-info/top_level.txt
reading manifest file '../../build/triangle/triangle.egg-info/SOURCES.txt'
writing manifest file '../../build/triangle/triangle.egg-info/SOURCES.txt'
running build
running build_py
copying triangle/tri_all.py -> /home/orhan/ros2_ws/build/triangle/build/lib/triangle
copying triangle/tri_client.py -> /home/orhan/ros2_ws/build/triangle/build/lib/triangle
running install
running install_lib
copying /home/orhan/ros2_ws/build/triangle/build/lib/triangle/tri_all.py -> /home/orhan/ros2_ws/install/triangle/lib/python3.8/site-packages/triangle
copying /home/orhan/ros2_ws/build/triangle/build/lib/triangle/tri_client.py -> /home/orhan/ros2_ws/install/triangle/lib/python3.8/site-packages/triangle
byte-compiling /home/orhan/ros2_ws/install/triangle/lib/python3.8/site-packages/triangle/tri_all.py to tri_all.cpython-38.pyc
byte-compiling /home/orhan/ros2_ws/install/triangle/lib/python3.8/site-packages/triangle/tri_client.py to tri_client.cpython-38.pyc
running install_data
running install_egg_info
removing '/home/orhan/ros2_ws/install/triangle/lib/python3.8/site-packages/triangle-0.0.0-py3.8.egg-info' (and everything under it)
Copying ../../build/triangle/triangle.egg-info to /home/orhan/ros2_ws/install/triangle/lib/python3.8/site-packages/triangle-0.0.0-py3.8.egg-info
running install_scripts
Installing triall script to /home/orhan/ros2_ws/install/triangle/lib/triangle
Installing tricli script to /home/orhan/ros2_ws/install/triangle/lib/triangle
Installing trisrv script to /home/orhan/ros2_ws/install/triangle/lib/triangle
writing list of installed files to '/home/orhan/ros2_ws/build/triangle/install.log'
